[1.078s] DEBUG:colcon:Command line arguments: ['/usr/bin/colcon', 'build']
[1.079s] DEBUG:colcon:Parsed command line arguments: Namespace(allow_overriding=[], ament_cmake_args=None, base_paths=['.'], build_base='build', catkin_cmake_args=None, catkin_skip_building_tests=False, cmake_args=None, cmake_clean_cache=False, cmake_clean_first=False, cmake_force_configure=False, cmake_target=None, cmake_target_skip_unavailable=False, continue_on_error=False, event_handlers=None, executor='parallel', ignore_user_meta=False, install_base='install', log_base=None, log_level=None, main=<bound method BuildVerb.main of <colcon_core.verb.build.BuildVerb object at 0x7fe7d3c02760>>, merge_install=False, metas=['./colcon.meta'], packages_above=None, packages_above_and_dependencies=None, packages_above_depth=None, packages_end=None, packages_ignore=None, packages_ignore_regex=None, packages_select=None, packages_select_build_failed=False, packages_select_by_dep=None, packages_select_regex=None, packages_select_test_failures=False, packages_skip=None, packages_skip_build_finished=False, packages_skip_by_dep=None, packages_skip_regex=None, packages_skip_test_passed=False, packages_skip_up_to=None, packages_start=None, packages_up_to=None, packages_up_to_regex=None, parallel_workers=8, paths=None, symlink_install=False, test_result_base=None, verb_extension=<colcon_core.verb.build.BuildVerb object at 0x7fe7d3c02760>, verb_name='build', verb_parser=<colcon_defaults.argument_parser.defaults.DefaultArgumentsDecorator object at 0x7fe7d3c02cd0>)
[1.219s] Level 1:colcon.colcon_core.package_discovery:discover_packages(colcon_meta) check parameters
[1.220s] Level 1:colcon.colcon_core.package_discovery:discover_packages(recursive) check parameters
[1.220s] Level 1:colcon.colcon_core.package_discovery:discover_packages(ignore) check parameters
[1.220s] Level 1:colcon.colcon_core.package_discovery:discover_packages(path) check parameters
[1.220s] Level 1:colcon.colcon_core.package_discovery:discover_packages(colcon_meta) discover
[1.220s] Level 1:colcon.colcon_core.package_discovery:discover_packages(recursive) discover
[1.220s] INFO:colcon.colcon_core.package_discovery:Crawling recursively for packages in '/home/entity014/roboInno_ws'
[1.221s] Level 1:colcon.colcon_core.package_identification:_identify(.) by extensions ['ignore', 'ignore_ament_install']
[1.221s] Level 1:colcon.colcon_core.package_identification:_identify(.) by extension 'ignore'
[1.222s] Level 1:colcon.colcon_core.package_identification:_identify(.) by extension 'ignore_ament_install'
[1.222s] Level 1:colcon.colcon_core.package_identification:_identify(.) by extensions ['colcon_pkg']
[1.223s] Level 1:colcon.colcon_core.package_identification:_identify(.) by extension 'colcon_pkg'
[1.223s] Level 1:colcon.colcon_core.package_identification:_identify(.) by extensions ['colcon_meta']
[1.223s] Level 1:colcon.colcon_core.package_identification:_identify(.) by extension 'colcon_meta'
[1.223s] Level 1:colcon.colcon_core.package_identification:_identify(.) by extensions ['ros']
[1.223s] Level 1:colcon.colcon_core.package_identification:_identify(.) by extension 'ros'
[1.296s] Level 1:colcon.colcon_core.package_identification:_identify(.) by extensions ['cmake', 'python']
[1.296s] Level 1:colcon.colcon_core.package_identification:_identify(.) by extension 'cmake'
[1.296s] Level 1:colcon.colcon_core.package_identification:_identify(.) by extension 'python'
[1.297s] Level 1:colcon.colcon_core.package_identification:_identify(.) by extensions ['python_setup_py']
[1.297s] Level 1:colcon.colcon_core.package_identification:_identify(.) by extension 'python_setup_py'
[1.297s] Level 1:colcon.colcon_core.package_identification:_identify(build) by extensions ['ignore', 'ignore_ament_install']
[1.297s] Level 1:colcon.colcon_core.package_identification:_identify(build) by extension 'ignore'
[1.298s] Level 1:colcon.colcon_core.package_identification:_identify(build) ignored
[1.298s] Level 1:colcon.colcon_core.package_identification:_identify(extension) by extensions ['ignore', 'ignore_ament_install']
[1.299s] Level 1:colcon.colcon_core.package_identification:_identify(extension) by extension 'ignore'
[1.299s] Level 1:colcon.colcon_core.package_identification:_identify(extension) by extension 'ignore_ament_install'
[1.299s] Level 1:colcon.colcon_core.package_identification:_identify(extension) by extensions ['colcon_pkg']
[1.299s] Level 1:colcon.colcon_core.package_identification:_identify(extension) by extension 'colcon_pkg'
[1.299s] Level 1:colcon.colcon_core.package_identification:_identify(extension) by extensions ['colcon_meta']
[1.300s] Level 1:colcon.colcon_core.package_identification:_identify(extension) by extension 'colcon_meta'
[1.300s] Level 1:colcon.colcon_core.package_identification:_identify(extension) by extensions ['ros']
[1.300s] Level 1:colcon.colcon_core.package_identification:_identify(extension) by extension 'ros'
[1.300s] Level 1:colcon.colcon_core.package_identification:_identify(extension) by extensions ['cmake', 'python']
[1.300s] Level 1:colcon.colcon_core.package_identification:_identify(extension) by extension 'cmake'
[1.301s] Level 1:colcon.colcon_core.package_identification:_identify(extension) by extension 'python'
[1.301s] Level 1:colcon.colcon_core.package_identification:_identify(extension) by extensions ['python_setup_py']
[1.301s] Level 1:colcon.colcon_core.package_identification:_identify(extension) by extension 'python_setup_py'
[1.301s] Level 1:colcon.colcon_core.package_identification:_identify(install) by extensions ['ignore', 'ignore_ament_install']
[1.302s] Level 1:colcon.colcon_core.package_identification:_identify(install) by extension 'ignore'
[1.302s] Level 1:colcon.colcon_core.package_identification:_identify(install) ignored
[1.303s] Level 1:colcon.colcon_core.package_identification:_identify(log) by extensions ['ignore', 'ignore_ament_install']
[1.303s] Level 1:colcon.colcon_core.package_identification:_identify(log) by extension 'ignore'
[1.303s] Level 1:colcon.colcon_core.package_identification:_identify(log) ignored
[1.303s] Level 1:colcon.colcon_core.package_identification:_identify(map) by extensions ['ignore', 'ignore_ament_install']
[1.304s] Level 1:colcon.colcon_core.package_identification:_identify(map) by extension 'ignore'
[1.304s] Level 1:colcon.colcon_core.package_identification:_identify(map) by extension 'ignore_ament_install'
[1.304s] Level 1:colcon.colcon_core.package_identification:_identify(map) by extensions ['colcon_pkg']
[1.304s] Level 1:colcon.colcon_core.package_identification:_identify(map) by extension 'colcon_pkg'
[1.304s] Level 1:colcon.colcon_core.package_identification:_identify(map) by extensions ['colcon_meta']
[1.304s] Level 1:colcon.colcon_core.package_identification:_identify(map) by extension 'colcon_meta'
[1.305s] Level 1:colcon.colcon_core.package_identification:_identify(map) by extensions ['ros']
[1.305s] Level 1:colcon.colcon_core.package_identification:_identify(map) by extension 'ros'
[1.305s] Level 1:colcon.colcon_core.package_identification:_identify(map) by extensions ['cmake', 'python']
[1.305s] Level 1:colcon.colcon_core.package_identification:_identify(map) by extension 'cmake'
[1.305s] Level 1:colcon.colcon_core.package_identification:_identify(map) by extension 'python'
[1.305s] Level 1:colcon.colcon_core.package_identification:_identify(map) by extensions ['python_setup_py']
[1.305s] Level 1:colcon.colcon_core.package_identification:_identify(map) by extension 'python_setup_py'
[1.306s] Level 1:colcon.colcon_core.package_identification:_identify(robo_hardware) by extensions ['ignore', 'ignore_ament_install']
[1.306s] Level 1:colcon.colcon_core.package_identification:_identify(robo_hardware) by extension 'ignore'
[1.306s] Level 1:colcon.colcon_core.package_identification:_identify(robo_hardware) by extension 'ignore_ament_install'
[1.307s] Level 1:colcon.colcon_core.package_identification:_identify(robo_hardware) by extensions ['colcon_pkg']
[1.307s] Level 1:colcon.colcon_core.package_identification:_identify(robo_hardware) by extension 'colcon_pkg'
[1.307s] Level 1:colcon.colcon_core.package_identification:_identify(robo_hardware) by extensions ['colcon_meta']
[1.307s] Level 1:colcon.colcon_core.package_identification:_identify(robo_hardware) by extension 'colcon_meta'
[1.307s] Level 1:colcon.colcon_core.package_identification:_identify(robo_hardware) by extensions ['ros']
[1.307s] Level 1:colcon.colcon_core.package_identification:_identify(robo_hardware) by extension 'ros'
[1.308s] Level 1:colcon.colcon_core.package_identification:_identify(robo_hardware) by extensions ['cmake', 'python']
[1.308s] Level 1:colcon.colcon_core.package_identification:_identify(robo_hardware) by extension 'cmake'
[1.308s] Level 1:colcon.colcon_core.package_identification:_identify(robo_hardware) by extension 'python'
[1.308s] Level 1:colcon.colcon_core.package_identification:_identify(robo_hardware) by extensions ['python_setup_py']
[1.308s] Level 1:colcon.colcon_core.package_identification:_identify(robo_hardware) by extension 'python_setup_py'
[1.309s] Level 1:colcon.colcon_core.package_identification:_identify(robo_hardware/roboCore) by extensions ['ignore', 'ignore_ament_install']
[1.309s] Level 1:colcon.colcon_core.package_identification:_identify(robo_hardware/roboCore) by extension 'ignore'
[1.309s] Level 1:colcon.colcon_core.package_identification:_identify(robo_hardware/roboCore) by extension 'ignore_ament_install'
[1.310s] Level 1:colcon.colcon_core.package_identification:_identify(robo_hardware/roboCore) by extensions ['colcon_pkg']
[1.310s] Level 1:colcon.colcon_core.package_identification:_identify(robo_hardware/roboCore) by extension 'colcon_pkg'
[1.310s] Level 1:colcon.colcon_core.package_identification:_identify(robo_hardware/roboCore) by extensions ['colcon_meta']
[1.310s] Level 1:colcon.colcon_core.package_identification:_identify(robo_hardware/roboCore) by extension 'colcon_meta'
[1.310s] Level 1:colcon.colcon_core.package_identification:_identify(robo_hardware/roboCore) by extensions ['ros']
[1.311s] Level 1:colcon.colcon_core.package_identification:_identify(robo_hardware/roboCore) by extension 'ros'
[1.311s] Level 1:colcon.colcon_core.package_identification:_identify(robo_hardware/roboCore) by extensions ['cmake', 'python']
[1.311s] Level 1:colcon.colcon_core.package_identification:_identify(robo_hardware/roboCore) by extension 'cmake'
[1.311s] Level 1:colcon.colcon_core.package_identification:_identify(robo_hardware/roboCore) by extension 'python'
[1.311s] Level 1:colcon.colcon_core.package_identification:_identify(robo_hardware/roboCore) by extensions ['python_setup_py']
[1.311s] Level 1:colcon.colcon_core.package_identification:_identify(robo_hardware/roboCore) by extension 'python_setup_py'
[1.312s] Level 1:colcon.colcon_core.package_identification:_identify(robo_hardware/roboCore/config) by extensions ['ignore', 'ignore_ament_install']
[1.312s] Level 1:colcon.colcon_core.package_identification:_identify(robo_hardware/roboCore/config) by extension 'ignore'
[1.312s] Level 1:colcon.colcon_core.package_identification:_identify(robo_hardware/roboCore/config) by extension 'ignore_ament_install'
[1.313s] Level 1:colcon.colcon_core.package_identification:_identify(robo_hardware/roboCore/config) by extensions ['colcon_pkg']
[1.313s] Level 1:colcon.colcon_core.package_identification:_identify(robo_hardware/roboCore/config) by extension 'colcon_pkg'
[1.313s] Level 1:colcon.colcon_core.package_identification:_identify(robo_hardware/roboCore/config) by extensions ['colcon_meta']
[1.313s] Level 1:colcon.colcon_core.package_identification:_identify(robo_hardware/roboCore/config) by extension 'colcon_meta'
[1.313s] Level 1:colcon.colcon_core.package_identification:_identify(robo_hardware/roboCore/config) by extensions ['ros']
[1.313s] Level 1:colcon.colcon_core.package_identification:_identify(robo_hardware/roboCore/config) by extension 'ros'
[1.314s] Level 1:colcon.colcon_core.package_identification:_identify(robo_hardware/roboCore/config) by extensions ['cmake', 'python']
[1.314s] Level 1:colcon.colcon_core.package_identification:_identify(robo_hardware/roboCore/config) by extension 'cmake'
[1.314s] Level 1:colcon.colcon_core.package_identification:_identify(robo_hardware/roboCore/config) by extension 'python'
[1.314s] Level 1:colcon.colcon_core.package_identification:_identify(robo_hardware/roboCore/config) by extensions ['python_setup_py']
[1.314s] Level 1:colcon.colcon_core.package_identification:_identify(robo_hardware/roboCore/config) by extension 'python_setup_py'
[1.315s] Level 1:colcon.colcon_core.package_identification:_identify(src) by extensions ['ignore', 'ignore_ament_install']
[1.315s] Level 1:colcon.colcon_core.package_identification:_identify(src) by extension 'ignore'
[1.315s] Level 1:colcon.colcon_core.package_identification:_identify(src) by extension 'ignore_ament_install'
[1.315s] Level 1:colcon.colcon_core.package_identification:_identify(src) by extensions ['colcon_pkg']
[1.316s] Level 1:colcon.colcon_core.package_identification:_identify(src) by extension 'colcon_pkg'
[1.316s] Level 1:colcon.colcon_core.package_identification:_identify(src) by extensions ['colcon_meta']
[1.316s] Level 1:colcon.colcon_core.package_identification:_identify(src) by extension 'colcon_meta'
[1.316s] Level 1:colcon.colcon_core.package_identification:_identify(src) by extensions ['ros']
[1.316s] Level 1:colcon.colcon_core.package_identification:_identify(src) by extension 'ros'
[1.316s] Level 1:colcon.colcon_core.package_identification:_identify(src) by extensions ['cmake', 'python']
[1.317s] Level 1:colcon.colcon_core.package_identification:_identify(src) by extension 'cmake'
[1.317s] Level 1:colcon.colcon_core.package_identification:_identify(src) by extension 'python'
[1.317s] Level 1:colcon.colcon_core.package_identification:_identify(src) by extensions ['python_setup_py']
[1.317s] Level 1:colcon.colcon_core.package_identification:_identify(src) by extension 'python_setup_py'
[1.317s] Level 1:colcon.colcon_core.package_identification:_identify(src/robo_core) by extensions ['ignore', 'ignore_ament_install']
[1.318s] Level 1:colcon.colcon_core.package_identification:_identify(src/robo_core) by extension 'ignore'
[1.318s] Level 1:colcon.colcon_core.package_identification:_identify(src/robo_core) by extension 'ignore_ament_install'
[1.318s] Level 1:colcon.colcon_core.package_identification:_identify(src/robo_core) by extensions ['colcon_pkg']
[1.318s] Level 1:colcon.colcon_core.package_identification:_identify(src/robo_core) by extension 'colcon_pkg'
[1.319s] Level 1:colcon.colcon_core.package_identification:_identify(src/robo_core) by extensions ['colcon_meta']
[1.319s] Level 1:colcon.colcon_core.package_identification:_identify(src/robo_core) by extension 'colcon_meta'
[1.319s] Level 1:colcon.colcon_core.package_identification:_identify(src/robo_core) by extensions ['ros']
[1.319s] Level 1:colcon.colcon_core.package_identification:_identify(src/robo_core) by extension 'ros'
[1.328s] DEBUG:colcon.colcon_core.package_identification:Package 'src/robo_core' with type 'ros.ament_python' and name 'robo_core'
[1.329s] Level 1:colcon.colcon_core.package_identification:_identify(src/robo_description) by extensions ['ignore', 'ignore_ament_install']
[1.329s] Level 1:colcon.colcon_core.package_identification:_identify(src/robo_description) by extension 'ignore'
[1.329s] Level 1:colcon.colcon_core.package_identification:_identify(src/robo_description) by extension 'ignore_ament_install'
[1.329s] Level 1:colcon.colcon_core.package_identification:_identify(src/robo_description) by extensions ['colcon_pkg']
[1.330s] Level 1:colcon.colcon_core.package_identification:_identify(src/robo_description) by extension 'colcon_pkg'
[1.330s] Level 1:colcon.colcon_core.package_identification:_identify(src/robo_description) by extensions ['colcon_meta']
[1.330s] Level 1:colcon.colcon_core.package_identification:_identify(src/robo_description) by extension 'colcon_meta'
[1.330s] Level 1:colcon.colcon_core.package_identification:_identify(src/robo_description) by extensions ['ros']
[1.330s] Level 1:colcon.colcon_core.package_identification:_identify(src/robo_description) by extension 'ros'
[1.332s] DEBUG:colcon.colcon_core.package_identification:Package 'src/robo_description' with type 'ros.ament_cmake' and name 'robo_description'
[1.333s] Level 1:colcon.colcon_core.package_identification:_identify(src/robo_interfaces) by extensions ['ignore', 'ignore_ament_install']
[1.333s] Level 1:colcon.colcon_core.package_identification:_identify(src/robo_interfaces) by extension 'ignore'
[1.334s] Level 1:colcon.colcon_core.package_identification:_identify(src/robo_interfaces) by extension 'ignore_ament_install'
[1.334s] Level 1:colcon.colcon_core.package_identification:_identify(src/robo_interfaces) by extensions ['colcon_pkg']
[1.334s] Level 1:colcon.colcon_core.package_identification:_identify(src/robo_interfaces) by extension 'colcon_pkg'
[1.334s] Level 1:colcon.colcon_core.package_identification:_identify(src/robo_interfaces) by extensions ['colcon_meta']
[1.334s] Level 1:colcon.colcon_core.package_identification:_identify(src/robo_interfaces) by extension 'colcon_meta'
[1.334s] Level 1:colcon.colcon_core.package_identification:_identify(src/robo_interfaces) by extensions ['ros']
[1.335s] Level 1:colcon.colcon_core.package_identification:_identify(src/robo_interfaces) by extension 'ros'
[1.337s] DEBUG:colcon.colcon_core.package_identification:Package 'src/robo_interfaces' with type 'ros.ament_cmake' and name 'robo_interfaces'
[1.337s] Level 1:colcon.colcon_core.package_discovery:discover_packages(recursive) using defaults
[1.337s] Level 1:colcon.colcon_core.package_discovery:discover_packages(ignore) discover
[1.337s] Level 1:colcon.colcon_core.package_discovery:discover_packages(ignore) using defaults
[1.337s] Level 1:colcon.colcon_core.package_discovery:discover_packages(path) discover
[1.337s] Level 1:colcon.colcon_core.package_discovery:discover_packages(path) using defaults
[1.407s] Level 1:colcon.colcon_core.package_discovery:discover_packages(prefix_path) check parameters
[1.407s] Level 1:colcon.colcon_core.package_discovery:discover_packages(prefix_path) discover
[1.416s] DEBUG:colcon.colcon_installed_package_information.package_discovery:Found 3 installed packages in /home/entity014/roboInno_ws/install
[1.420s] DEBUG:colcon.colcon_installed_package_information.package_discovery:Found 6 installed packages in /home/entity014/ros2_ws/install
[1.427s] DEBUG:colcon.colcon_installed_package_information.package_discovery:Found 388 installed packages in /opt/ros/foxy
[1.434s] Level 1:colcon.colcon_core.package_discovery:discover_packages(prefix_path) using defaults
[1.712s] Level 5:colcon.colcon_core.verb:set package 'robo_description' build argument 'cmake_args' from command line to 'None'
[1.712s] Level 5:colcon.colcon_core.verb:set package 'robo_description' build argument 'cmake_target' from command line to 'None'
[1.713s] Level 5:colcon.colcon_core.verb:set package 'robo_description' build argument 'cmake_target_skip_unavailable' from command line to 'False'
[1.713s] Level 5:colcon.colcon_core.verb:set package 'robo_description' build argument 'cmake_clean_cache' from command line to 'False'
[1.713s] Level 5:colcon.colcon_core.verb:set package 'robo_description' build argument 'cmake_clean_first' from command line to 'False'
[1.713s] Level 5:colcon.colcon_core.verb:set package 'robo_description' build argument 'cmake_force_configure' from command line to 'False'
[1.713s] Level 5:colcon.colcon_core.verb:set package 'robo_description' build argument 'ament_cmake_args' from command line to 'None'
[1.713s] Level 5:colcon.colcon_core.verb:set package 'robo_description' build argument 'catkin_cmake_args' from command line to 'None'
[1.713s] Level 5:colcon.colcon_core.verb:set package 'robo_description' build argument 'catkin_skip_building_tests' from command line to 'False'
[1.713s] DEBUG:colcon.colcon_core.verb:Building package 'robo_description' with the following arguments: {'ament_cmake_args': None, 'build_base': '/home/entity014/roboInno_ws/build/robo_description', 'catkin_cmake_args': None, 'catkin_skip_building_tests': False, 'cmake_args': None, 'cmake_clean_cache': False, 'cmake_clean_first': False, 'cmake_force_configure': False, 'cmake_target': None, 'cmake_target_skip_unavailable': False, 'install_base': '/home/entity014/roboInno_ws/install/robo_description', 'merge_install': False, 'path': '/home/entity014/roboInno_ws/src/robo_description', 'symlink_install': False, 'test_result_base': None}
[1.719s] Level 5:colcon.colcon_core.verb:set package 'robo_interfaces' build argument 'cmake_args' from command line to 'None'
[1.719s] Level 5:colcon.colcon_core.verb:set package 'robo_interfaces' build argument 'cmake_target' from command line to 'None'
[1.719s] Level 5:colcon.colcon_core.verb:set package 'robo_interfaces' build argument 'cmake_target_skip_unavailable' from command line to 'False'
[1.719s] Level 5:colcon.colcon_core.verb:set package 'robo_interfaces' build argument 'cmake_clean_cache' from command line to 'False'
[1.719s] Level 5:colcon.colcon_core.verb:set package 'robo_interfaces' build argument 'cmake_clean_first' from command line to 'False'
[1.719s] Level 5:colcon.colcon_core.verb:set package 'robo_interfaces' build argument 'cmake_force_configure' from command line to 'False'
[1.719s] Level 5:colcon.colcon_core.verb:set package 'robo_interfaces' build argument 'ament_cmake_args' from command line to 'None'
[1.719s] Level 5:colcon.colcon_core.verb:set package 'robo_interfaces' build argument 'catkin_cmake_args' from command line to 'None'
[1.719s] Level 5:colcon.colcon_core.verb:set package 'robo_interfaces' build argument 'catkin_skip_building_tests' from command line to 'False'
[1.720s] DEBUG:colcon.colcon_core.verb:Building package 'robo_interfaces' with the following arguments: {'ament_cmake_args': None, 'build_base': '/home/entity014/roboInno_ws/build/robo_interfaces', 'catkin_cmake_args': None, 'catkin_skip_building_tests': False, 'cmake_args': None, 'cmake_clean_cache': False, 'cmake_clean_first': False, 'cmake_force_configure': False, 'cmake_target': None, 'cmake_target_skip_unavailable': False, 'install_base': '/home/entity014/roboInno_ws/install/robo_interfaces', 'merge_install': False, 'path': '/home/entity014/roboInno_ws/src/robo_interfaces', 'symlink_install': False, 'test_result_base': None}
[1.725s] Level 5:colcon.colcon_core.verb:set package 'robo_core' build argument 'cmake_args' from command line to 'None'
[1.725s] Level 5:colcon.colcon_core.verb:set package 'robo_core' build argument 'cmake_target' from command line to 'None'
[1.725s] Level 5:colcon.colcon_core.verb:set package 'robo_core' build argument 'cmake_target_skip_unavailable' from command line to 'False'
[1.725s] Level 5:colcon.colcon_core.verb:set package 'robo_core' build argument 'cmake_clean_cache' from command line to 'False'
[1.725s] Level 5:colcon.colcon_core.verb:set package 'robo_core' build argument 'cmake_clean_first' from command line to 'False'
[1.725s] Level 5:colcon.colcon_core.verb:set package 'robo_core' build argument 'cmake_force_configure' from command line to 'False'
[1.726s] Level 5:colcon.colcon_core.verb:set package 'robo_core' build argument 'ament_cmake_args' from command line to 'None'
[1.726s] Level 5:colcon.colcon_core.verb:set package 'robo_core' build argument 'catkin_cmake_args' from command line to 'None'
[1.726s] Level 5:colcon.colcon_core.verb:set package 'robo_core' build argument 'catkin_skip_building_tests' from command line to 'False'
[1.726s] DEBUG:colcon.colcon_core.verb:Building package 'robo_core' with the following arguments: {'ament_cmake_args': None, 'build_base': '/home/entity014/roboInno_ws/build/robo_core', 'catkin_cmake_args': None, 'catkin_skip_building_tests': False, 'cmake_args': None, 'cmake_clean_cache': False, 'cmake_clean_first': False, 'cmake_force_configure': False, 'cmake_target': None, 'cmake_target_skip_unavailable': False, 'install_base': '/home/entity014/roboInno_ws/install/robo_core', 'merge_install': False, 'path': '/home/entity014/roboInno_ws/src/robo_core', 'symlink_install': False, 'test_result_base': None}
[1.730s] INFO:colcon.colcon_core.executor:Executing jobs using 'parallel' executor
[1.747s] DEBUG:colcon.colcon_parallel_executor.executor.parallel:run_until_complete
[1.748s] INFO:colcon.colcon_ros.task.ament_cmake.build:Building ROS package in '/home/entity014/roboInno_ws/src/robo_interfaces' with build type 'ament_cmake'
[1.749s] INFO:colcon.colcon_cmake.task.cmake.build:Building CMake package in '/home/entity014/roboInno_ws/src/robo_interfaces'
[1.766s] INFO:colcon.colcon_core.plugin_system:Skipping extension 'colcon_core.shell.bat': Not used on non-Windows systems
[1.766s] INFO:colcon.colcon_core.shell:Skip shell extension 'powershell' for command environment: Not usable outside of PowerShell
[1.766s] DEBUG:colcon.colcon_core.shell:Skip shell extension 'dsv' for command environment
[1.792s] INFO:colcon.colcon_ros.task.ament_cmake.build:Building ROS package in '/home/entity014/roboInno_ws/src/robo_description' with build type 'ament_cmake'
[1.793s] INFO:colcon.colcon_cmake.task.cmake.build:Building CMake package in '/home/entity014/roboInno_ws/src/robo_description'
[1.798s] INFO:colcon.colcon_core.shell:Skip shell extension 'powershell' for command environment: Not usable outside of PowerShell
[1.799s] DEBUG:colcon.colcon_core.shell:Skip shell extension 'dsv' for command environment
[1.845s] DEBUG:colcon.colcon_core.event_handler.log_command:Invoking command in '/home/entity014/roboInno_ws/build/robo_interfaces': CMAKE_PREFIX_PATH=${CMAKE_PREFIX_PATH}:/home/entity014/roboInno_ws/install/robo_core:/home/entity014/ros2_ws/install/swap_pillar:/opt/ros/foxy /home/entity014/.local/bin/cmake --build /home/entity014/roboInno_ws/build/robo_interfaces -- -j8 -l8
[1.877s] DEBUG:colcon.colcon_core.event_handler.log_command:Invoking command in '/home/entity014/roboInno_ws/build/robo_description': CMAKE_PREFIX_PATH=${CMAKE_PREFIX_PATH}:/home/entity014/roboInno_ws/install/robo_core:/home/entity014/ros2_ws/install/swap_pillar:/opt/ros/foxy /home/entity014/.local/bin/cmake --build /home/entity014/roboInno_ws/build/robo_description -- -j8 -l8
[2.101s] DEBUG:colcon.colcon_core.event_handler.log_command:Invoked command in '/home/entity014/roboInno_ws/build/robo_description' returned '0': CMAKE_PREFIX_PATH=${CMAKE_PREFIX_PATH}:/home/entity014/roboInno_ws/install/robo_core:/home/entity014/ros2_ws/install/swap_pillar:/opt/ros/foxy /home/entity014/.local/bin/cmake --build /home/entity014/roboInno_ws/build/robo_description -- -j8 -l8
[2.484s] DEBUG:colcon.colcon_core.event_handler.log_command:Invoking command in '/home/entity014/roboInno_ws/build/robo_description': CMAKE_PREFIX_PATH=${CMAKE_PREFIX_PATH}:/home/entity014/roboInno_ws/install/robo_core:/home/entity014/ros2_ws/install/swap_pillar:/opt/ros/foxy /home/entity014/.local/bin/cmake --install /home/entity014/roboInno_ws/build/robo_description
[2.498s] DEBUG:colcon.colcon_core.event_handler.log_command:Invoked command in '/home/entity014/roboInno_ws/build/robo_interfaces' returned '0': CMAKE_PREFIX_PATH=${CMAKE_PREFIX_PATH}:/home/entity014/roboInno_ws/install/robo_core:/home/entity014/ros2_ws/install/swap_pillar:/opt/ros/foxy /home/entity014/.local/bin/cmake --build /home/entity014/roboInno_ws/build/robo_interfaces -- -j8 -l8
[2.639s] Level 1:colcon.colcon_core.environment:create_environment_scripts_only(robo_description)
[2.657s] DEBUG:colcon.colcon_core.event_handler.log_command:Invoked command in '/home/entity014/roboInno_ws/build/robo_description' returned '0': CMAKE_PREFIX_PATH=${CMAKE_PREFIX_PATH}:/home/entity014/roboInno_ws/install/robo_core:/home/entity014/ros2_ws/install/swap_pillar:/opt/ros/foxy /home/entity014/.local/bin/cmake --install /home/entity014/roboInno_ws/build/robo_description
[2.668s] Level 1:colcon.colcon_core.environment:checking '/home/entity014/roboInno_ws/install/robo_description' for CMake module files
[2.669s] Level 1:colcon.colcon_core.environment:checking '/home/entity014/roboInno_ws/install/robo_description' for CMake config files
[2.670s] Level 1:colcon.colcon_core.shell:create_environment_hook('robo_description', 'cmake_prefix_path')
[2.674s] INFO:colcon.colcon_core.shell:Creating environment hook '/home/entity014/roboInno_ws/install/robo_description/share/robo_description/hook/cmake_prefix_path.ps1'
[2.676s] INFO:colcon.colcon_core.shell:Creating environment descriptor '/home/entity014/roboInno_ws/install/robo_description/share/robo_description/hook/cmake_prefix_path.dsv'
[2.677s] INFO:colcon.colcon_core.shell:Creating environment hook '/home/entity014/roboInno_ws/install/robo_description/share/robo_description/hook/cmake_prefix_path.sh'
[2.681s] Level 1:colcon.colcon_core.environment:checking '/home/entity014/roboInno_ws/install/robo_description/bin'
[2.682s] Level 1:colcon.colcon_core.environment:checking '/home/entity014/roboInno_ws/install/robo_description/lib/pkgconfig/robo_description.pc'
[2.684s] Level 1:colcon.colcon_core.environment:checking '/home/entity014/roboInno_ws/install/robo_description/lib/python3.8/site-packages'
[2.685s] Level 1:colcon.colcon_core.environment:checking '/home/entity014/roboInno_ws/install/robo_description/bin'
[2.691s] INFO:colcon.colcon_core.shell:Creating package script '/home/entity014/roboInno_ws/install/robo_description/share/robo_description/package.ps1'
[2.694s] INFO:colcon.colcon_core.shell:Creating package descriptor '/home/entity014/roboInno_ws/install/robo_description/share/robo_description/package.dsv'
[2.696s] INFO:colcon.colcon_core.shell:Creating package script '/home/entity014/roboInno_ws/install/robo_description/share/robo_description/package.sh'
[2.698s] INFO:colcon.colcon_core.shell:Creating package script '/home/entity014/roboInno_ws/install/robo_description/share/robo_description/package.bash'
[2.701s] INFO:colcon.colcon_core.shell:Creating package script '/home/entity014/roboInno_ws/install/robo_description/share/robo_description/package.zsh'
[2.704s] Level 1:colcon.colcon_core.environment:create_file_with_runtime_dependencies(/home/entity014/roboInno_ws/install/robo_description/share/colcon-core/packages/robo_description)
[2.816s] DEBUG:colcon.colcon_core.event_handler.log_command:Invoking command in '/home/entity014/roboInno_ws/build/robo_interfaces': CMAKE_PREFIX_PATH=${CMAKE_PREFIX_PATH}:/home/entity014/roboInno_ws/install/robo_core:/home/entity014/ros2_ws/install/swap_pillar:/opt/ros/foxy /home/entity014/.local/bin/cmake --install /home/entity014/roboInno_ws/build/robo_interfaces
[2.862s] Level 1:colcon.colcon_core.environment:create_environment_scripts_only(robo_description)
[2.872s] Level 1:colcon.colcon_core.environment:checking '/home/entity014/roboInno_ws/install/robo_description' for CMake module files
[2.874s] Level 1:colcon.colcon_core.environment:checking '/home/entity014/roboInno_ws/install/robo_description' for CMake config files
[2.875s] Level 1:colcon.colcon_core.shell:create_environment_hook('robo_description', 'cmake_prefix_path')
[2.878s] INFO:colcon.colcon_core.shell:Creating environment hook '/home/entity014/roboInno_ws/install/robo_description/share/robo_description/hook/cmake_prefix_path.ps1'
[2.880s] INFO:colcon.colcon_core.shell:Creating environment descriptor '/home/entity014/roboInno_ws/install/robo_description/share/robo_description/hook/cmake_prefix_path.dsv'
[2.881s] INFO:colcon.colcon_core.shell:Creating environment hook '/home/entity014/roboInno_ws/install/robo_description/share/robo_description/hook/cmake_prefix_path.sh'
[2.882s] Level 1:colcon.colcon_core.environment:checking '/home/entity014/roboInno_ws/install/robo_description/bin'
[2.883s] Level 1:colcon.colcon_core.environment:checking '/home/entity014/roboInno_ws/install/robo_description/lib/pkgconfig/robo_description.pc'
[2.883s] Level 1:colcon.colcon_core.environment:checking '/home/entity014/roboInno_ws/install/robo_description/lib/python3.8/site-packages'
[2.883s] Level 1:colcon.colcon_core.environment:checking '/home/entity014/roboInno_ws/install/robo_description/bin'
[2.888s] INFO:colcon.colcon_core.shell:Creating package script '/home/entity014/roboInno_ws/install/robo_description/share/robo_description/package.ps1'
[2.890s] INFO:colcon.colcon_core.shell:Creating package descriptor '/home/entity014/roboInno_ws/install/robo_description/share/robo_description/package.dsv'
[2.891s] INFO:colcon.colcon_core.shell:Creating package script '/home/entity014/roboInno_ws/install/robo_description/share/robo_description/package.sh'
[2.892s] INFO:colcon.colcon_core.shell:Creating package script '/home/entity014/roboInno_ws/install/robo_description/share/robo_description/package.bash'
[2.893s] INFO:colcon.colcon_core.shell:Creating package script '/home/entity014/roboInno_ws/install/robo_description/share/robo_description/package.zsh'
[2.894s] Level 1:colcon.colcon_core.environment:create_file_with_runtime_dependencies(/home/entity014/roboInno_ws/install/robo_description/share/colcon-core/packages/robo_description)
[3.098s] Level 1:colcon.colcon_core.environment:create_environment_scripts_only(robo_interfaces)
[3.107s] Level 1:colcon.colcon_core.environment:checking '/home/entity014/roboInno_ws/install/robo_interfaces' for CMake module files
[3.109s] Level 1:colcon.colcon_core.environment:checking '/home/entity014/roboInno_ws/install/robo_interfaces' for CMake config files
[3.112s] Level 1:colcon.colcon_core.shell:create_environment_hook('robo_interfaces', 'cmake_prefix_path')
[3.118s] INFO:colcon.colcon_core.shell:Creating environment hook '/home/entity014/roboInno_ws/install/robo_interfaces/share/robo_interfaces/hook/cmake_prefix_path.ps1'
[3.119s] DEBUG:colcon.colcon_core.event_handler.log_command:Invoked command in '/home/entity014/roboInno_ws/build/robo_interfaces' returned '0': CMAKE_PREFIX_PATH=${CMAKE_PREFIX_PATH}:/home/entity014/roboInno_ws/install/robo_core:/home/entity014/ros2_ws/install/swap_pillar:/opt/ros/foxy /home/entity014/.local/bin/cmake --install /home/entity014/roboInno_ws/build/robo_interfaces
[3.121s] INFO:colcon.colcon_core.shell:Creating environment descriptor '/home/entity014/roboInno_ws/install/robo_interfaces/share/robo_interfaces/hook/cmake_prefix_path.dsv'
[3.123s] INFO:colcon.colcon_core.shell:Creating environment hook '/home/entity014/roboInno_ws/install/robo_interfaces/share/robo_interfaces/hook/cmake_prefix_path.sh'
[3.126s] Level 1:colcon.colcon_core.environment:checking '/home/entity014/roboInno_ws/install/robo_interfaces/lib'
[3.127s] Level 1:colcon.colcon_core.shell:create_environment_hook('robo_interfaces', 'ld_library_path_lib')
[3.135s] INFO:colcon.colcon_core.shell:Creating environment hook '/home/entity014/roboInno_ws/install/robo_interfaces/share/robo_interfaces/hook/ld_library_path_lib.ps1'
[3.136s] INFO:colcon.colcon_core.shell:Creating environment descriptor '/home/entity014/roboInno_ws/install/robo_interfaces/share/robo_interfaces/hook/ld_library_path_lib.dsv'
[3.138s] INFO:colcon.colcon_core.shell:Creating environment hook '/home/entity014/roboInno_ws/install/robo_interfaces/share/robo_interfaces/hook/ld_library_path_lib.sh'
[3.139s] Level 1:colcon.colcon_core.environment:checking '/home/entity014/roboInno_ws/install/robo_interfaces/bin'
[3.140s] Level 1:colcon.colcon_core.environment:checking '/home/entity014/roboInno_ws/install/robo_interfaces/lib/pkgconfig/robo_interfaces.pc'
[3.141s] Level 1:colcon.colcon_core.environment:checking '/home/entity014/roboInno_ws/install/robo_interfaces/lib/python3.8/site-packages'
[3.142s] Level 1:colcon.colcon_core.shell:create_environment_hook('robo_interfaces', 'pythonpath')
[3.146s] INFO:colcon.colcon_core.shell:Creating environment hook '/home/entity014/roboInno_ws/install/robo_interfaces/share/robo_interfaces/hook/pythonpath.ps1'
[3.148s] INFO:colcon.colcon_core.shell:Creating environment descriptor '/home/entity014/roboInno_ws/install/robo_interfaces/share/robo_interfaces/hook/pythonpath.dsv'
[3.149s] INFO:colcon.colcon_core.shell:Creating environment hook '/home/entity014/roboInno_ws/install/robo_interfaces/share/robo_interfaces/hook/pythonpath.sh'
[3.150s] Level 1:colcon.colcon_core.environment:checking '/home/entity014/roboInno_ws/install/robo_interfaces/bin'
[3.156s] INFO:colcon.colcon_core.shell:Creating package script '/home/entity014/roboInno_ws/install/robo_interfaces/share/robo_interfaces/package.ps1'
[3.157s] INFO:colcon.colcon_core.shell:Creating package descriptor '/home/entity014/roboInno_ws/install/robo_interfaces/share/robo_interfaces/package.dsv'
[3.160s] INFO:colcon.colcon_core.shell:Creating package script '/home/entity014/roboInno_ws/install/robo_interfaces/share/robo_interfaces/package.sh'
[3.162s] INFO:colcon.colcon_core.shell:Creating package script '/home/entity014/roboInno_ws/install/robo_interfaces/share/robo_interfaces/package.bash'
[3.165s] INFO:colcon.colcon_core.shell:Creating package script '/home/entity014/roboInno_ws/install/robo_interfaces/share/robo_interfaces/package.zsh'
[3.166s] Level 1:colcon.colcon_core.environment:create_file_with_runtime_dependencies(/home/entity014/roboInno_ws/install/robo_interfaces/share/colcon-core/packages/robo_interfaces)
[3.491s] Level 1:colcon.colcon_core.environment:create_environment_scripts_only(robo_interfaces)
[3.506s] Level 1:colcon.colcon_core.environment:checking '/home/entity014/roboInno_ws/install/robo_interfaces' for CMake module files
[3.508s] Level 1:colcon.colcon_core.environment:checking '/home/entity014/roboInno_ws/install/robo_interfaces' for CMake config files
[3.510s] Level 1:colcon.colcon_core.shell:create_environment_hook('robo_interfaces', 'cmake_prefix_path')
[3.516s] INFO:colcon.colcon_core.shell:Creating environment hook '/home/entity014/roboInno_ws/install/robo_interfaces/share/robo_interfaces/hook/cmake_prefix_path.ps1'
[3.517s] INFO:colcon.colcon_core.shell:Creating environment descriptor '/home/entity014/roboInno_ws/install/robo_interfaces/share/robo_interfaces/hook/cmake_prefix_path.dsv'
[3.518s] INFO:colcon.colcon_core.shell:Creating environment hook '/home/entity014/roboInno_ws/install/robo_interfaces/share/robo_interfaces/hook/cmake_prefix_path.sh'
[3.520s] Level 1:colcon.colcon_core.environment:checking '/home/entity014/roboInno_ws/install/robo_interfaces/lib'
[3.521s] Level 1:colcon.colcon_core.shell:create_environment_hook('robo_interfaces', 'ld_library_path_lib')
[3.526s] INFO:colcon.colcon_core.shell:Creating environment hook '/home/entity014/roboInno_ws/install/robo_interfaces/share/robo_interfaces/hook/ld_library_path_lib.ps1'
[3.527s] INFO:colcon.colcon_core.shell:Creating environment descriptor '/home/entity014/roboInno_ws/install/robo_interfaces/share/robo_interfaces/hook/ld_library_path_lib.dsv'
[3.530s] INFO:colcon.colcon_core.shell:Creating environment hook '/home/entity014/roboInno_ws/install/robo_interfaces/share/robo_interfaces/hook/ld_library_path_lib.sh'
[3.532s] Level 1:colcon.colcon_core.environment:checking '/home/entity014/roboInno_ws/install/robo_interfaces/bin'
[3.533s] Level 1:colcon.colcon_core.environment:checking '/home/entity014/roboInno_ws/install/robo_interfaces/lib/pkgconfig/robo_interfaces.pc'
[3.534s] Level 1:colcon.colcon_core.environment:checking '/home/entity014/roboInno_ws/install/robo_interfaces/lib/python3.8/site-packages'
[3.534s] Level 1:colcon.colcon_core.shell:create_environment_hook('robo_interfaces', 'pythonpath')
[3.539s] INFO:colcon.colcon_core.shell:Creating environment hook '/home/entity014/roboInno_ws/install/robo_interfaces/share/robo_interfaces/hook/pythonpath.ps1'
[3.541s] INFO:colcon.colcon_core.shell:Creating environment descriptor '/home/entity014/roboInno_ws/install/robo_interfaces/share/robo_interfaces/hook/pythonpath.dsv'
[3.543s] INFO:colcon.colcon_core.shell:Creating environment hook '/home/entity014/roboInno_ws/install/robo_interfaces/share/robo_interfaces/hook/pythonpath.sh'
[3.545s] Level 1:colcon.colcon_core.environment:checking '/home/entity014/roboInno_ws/install/robo_interfaces/bin'
[3.549s] INFO:colcon.colcon_core.shell:Creating package script '/home/entity014/roboInno_ws/install/robo_interfaces/share/robo_interfaces/package.ps1'
[3.551s] INFO:colcon.colcon_core.shell:Creating package descriptor '/home/entity014/roboInno_ws/install/robo_interfaces/share/robo_interfaces/package.dsv'
[3.552s] INFO:colcon.colcon_core.shell:Creating package script '/home/entity014/roboInno_ws/install/robo_interfaces/share/robo_interfaces/package.sh'
[3.554s] INFO:colcon.colcon_core.shell:Creating package script '/home/entity014/roboInno_ws/install/robo_interfaces/share/robo_interfaces/package.bash'
[3.556s] INFO:colcon.colcon_core.shell:Creating package script '/home/entity014/roboInno_ws/install/robo_interfaces/share/robo_interfaces/package.zsh'
[3.558s] Level 1:colcon.colcon_core.environment:create_file_with_runtime_dependencies(/home/entity014/roboInno_ws/install/robo_interfaces/share/colcon-core/packages/robo_interfaces)
[3.559s] INFO:colcon.colcon_ros.task.ament_python.build:Building ROS package in '/home/entity014/roboInno_ws/src/robo_core' with build type 'ament_python'
[3.559s] Level 1:colcon.colcon_core.shell:create_environment_hook('robo_core', 'ament_prefix_path')
[3.564s] INFO:colcon.colcon_core.shell:Creating environment hook '/home/entity014/roboInno_ws/install/robo_core/share/robo_core/hook/ament_prefix_path.ps1'
[3.566s] INFO:colcon.colcon_core.shell:Creating environment descriptor '/home/entity014/roboInno_ws/install/robo_core/share/robo_core/hook/ament_prefix_path.dsv'
[3.567s] INFO:colcon.colcon_core.shell:Creating environment hook '/home/entity014/roboInno_ws/install/robo_core/share/robo_core/hook/ament_prefix_path.sh'
[3.575s] INFO:colcon.colcon_core.shell:Skip shell extension 'powershell' for command environment: Not usable outside of PowerShell
[3.575s] DEBUG:colcon.colcon_core.shell:Skip shell extension 'dsv' for command environment
[4.535s] INFO:colcon.colcon_core.task.python.build:Building Python package in '/home/entity014/roboInno_ws/src/robo_core'
[4.542s] INFO:colcon.colcon_core.shell:Skip shell extension 'powershell' for command environment: Not usable outside of PowerShell
[4.542s] DEBUG:colcon.colcon_core.shell:Skip shell extension 'dsv' for command environment
[6.103s] DEBUG:colcon.colcon_core.event_handler.log_command:Invoking command in '/home/entity014/roboInno_ws/src/robo_core': PYTHONPATH=/home/entity014/roboInno_ws/build/robo_core/prefix_override:/home/entity014/roboInno_ws/install/robo_core/lib/python3.8/site-packages:/home/entity014/roboInno_ws/install/robo_interfaces/lib/python3.8/site-packages:/home/entity014/roboInno_ws/install/robo_core/lib/python3.8/site-packages:/home/entity014/ros2_ws/build/swap_pillar:/home/entity014/ros2_ws/install/swap_pillar/lib/python3.8/site-packages:/home/entity014/ros2_ws/install/micro_ros_msgs/lib/python3.8/site-packages:/home/entity014/ros2_ws/install/drive_base_msgs/lib/python3.8/site-packages:/opt/ros/foxy/lib/python3.8/site-packages /usr/bin/python3 setup.py egg_info --egg-base ../../build/robo_core build --build-base /home/entity014/roboInno_ws/build/robo_core/build install --record /home/entity014/roboInno_ws/build/robo_core/install.log --install-scripts $base/lib/robo_core --single-version-externally-managed
[7.401s] DEBUG:colcon.colcon_core.event_handler.log_command:Invoked command in '/home/entity014/roboInno_ws/src/robo_core' returned '0': PYTHONPATH=/home/entity014/roboInno_ws/build/robo_core/prefix_override:/home/entity014/roboInno_ws/install/robo_core/lib/python3.8/site-packages:/home/entity014/roboInno_ws/install/robo_interfaces/lib/python3.8/site-packages:/home/entity014/roboInno_ws/install/robo_core/lib/python3.8/site-packages:/home/entity014/ros2_ws/build/swap_pillar:/home/entity014/ros2_ws/install/swap_pillar/lib/python3.8/site-packages:/home/entity014/ros2_ws/install/micro_ros_msgs/lib/python3.8/site-packages:/home/entity014/ros2_ws/install/drive_base_msgs/lib/python3.8/site-packages:/opt/ros/foxy/lib/python3.8/site-packages /usr/bin/python3 setup.py egg_info --egg-base ../../build/robo_core build --build-base /home/entity014/roboInno_ws/build/robo_core/build install --record /home/entity014/roboInno_ws/build/robo_core/install.log --install-scripts $base/lib/robo_core --single-version-externally-managed
[7.407s] Level 1:colcon.colcon_core.environment:checking '/home/entity014/roboInno_ws/install/robo_core' for CMake module files
[7.408s] Level 1:colcon.colcon_core.environment:checking '/home/entity014/roboInno_ws/install/robo_core' for CMake config files
[7.411s] Level 1:colcon.colcon_core.environment:checking '/home/entity014/roboInno_ws/install/robo_core/lib'
[7.412s] Level 1:colcon.colcon_core.environment:checking '/home/entity014/roboInno_ws/install/robo_core/bin'
[7.412s] Level 1:colcon.colcon_core.environment:checking '/home/entity014/roboInno_ws/install/robo_core/lib/pkgconfig/robo_core.pc'
[7.413s] Level 1:colcon.colcon_core.environment:checking '/home/entity014/roboInno_ws/install/robo_core/lib/python3.8/site-packages'
[7.413s] Level 1:colcon.colcon_core.shell:create_environment_hook('robo_core', 'pythonpath')
[7.421s] INFO:colcon.colcon_core.shell:Creating environment hook '/home/entity014/roboInno_ws/install/robo_core/share/robo_core/hook/pythonpath.ps1'
[7.423s] INFO:colcon.colcon_core.shell:Creating environment descriptor '/home/entity014/roboInno_ws/install/robo_core/share/robo_core/hook/pythonpath.dsv'
[7.425s] INFO:colcon.colcon_core.shell:Creating environment hook '/home/entity014/roboInno_ws/install/robo_core/share/robo_core/hook/pythonpath.sh'
[7.428s] Level 1:colcon.colcon_core.environment:checking '/home/entity014/roboInno_ws/install/robo_core/bin'
[7.429s] Level 1:colcon.colcon_core.environment:create_environment_scripts_only(robo_core)
[7.436s] INFO:colcon.colcon_core.shell:Creating package script '/home/entity014/roboInno_ws/install/robo_core/share/robo_core/package.ps1'
[7.438s] INFO:colcon.colcon_core.shell:Creating package descriptor '/home/entity014/roboInno_ws/install/robo_core/share/robo_core/package.dsv'
[7.441s] INFO:colcon.colcon_core.shell:Creating package script '/home/entity014/roboInno_ws/install/robo_core/share/robo_core/package.sh'
[7.442s] INFO:colcon.colcon_core.shell:Creating package script '/home/entity014/roboInno_ws/install/robo_core/share/robo_core/package.bash'
[7.444s] INFO:colcon.colcon_core.shell:Creating package script '/home/entity014/roboInno_ws/install/robo_core/share/robo_core/package.zsh'
[7.447s] Level 1:colcon.colcon_core.environment:create_file_with_runtime_dependencies(/home/entity014/roboInno_ws/install/robo_core/share/colcon-core/packages/robo_core)
[7.448s] DEBUG:colcon.colcon_parallel_executor.executor.parallel:closing loop
[7.451s] DEBUG:colcon.colcon_parallel_executor.executor.parallel:loop closed
[7.451s] DEBUG:colcon.colcon_parallel_executor.executor.parallel:run_until_complete finished with '0'
[7.452s] DEBUG:colcon.colcon_core.event_reactor:joining thread
[7.480s] INFO:colcon.colcon_core.plugin_system:Skipping extension 'colcon_notification.desktop_notification.terminal_notifier': Not used on non-Darwin systems
[7.480s] INFO:colcon.colcon_core.plugin_system:Skipping extension 'colcon_notification.desktop_notification.win32': Not used on non-Windows systems
[7.480s] INFO:colcon.colcon_notification.desktop_notification:Sending desktop notification using 'notify2'
[7.550s] DEBUG:colcon.colcon_core.event_reactor:joined thread
[7.557s] INFO:colcon.colcon_core.shell:Creating prefix script '/home/entity014/roboInno_ws/install/local_setup.ps1'
[7.562s] INFO:colcon.colcon_core.shell:Creating prefix util module '/home/entity014/roboInno_ws/install/_local_setup_util_ps1.py'
[7.567s] INFO:colcon.colcon_core.shell:Creating prefix chain script '/home/entity014/roboInno_ws/install/setup.ps1'
[7.572s] INFO:colcon.colcon_core.shell:Creating prefix script '/home/entity014/roboInno_ws/install/local_setup.sh'
[7.573s] INFO:colcon.colcon_core.shell:Creating prefix util module '/home/entity014/roboInno_ws/install/_local_setup_util_sh.py'
[7.576s] INFO:colcon.colcon_core.shell:Creating prefix chain script '/home/entity014/roboInno_ws/install/setup.sh'
[7.581s] INFO:colcon.colcon_core.shell:Creating prefix script '/home/entity014/roboInno_ws/install/local_setup.bash'
[7.581s] INFO:colcon.colcon_core.shell:Creating prefix chain script '/home/entity014/roboInno_ws/install/setup.bash'
[7.587s] INFO:colcon.colcon_core.shell:Creating prefix script '/home/entity014/roboInno_ws/install/local_setup.zsh'
[7.589s] INFO:colcon.colcon_core.shell:Creating prefix chain script '/home/entity014/roboInno_ws/install/setup.zsh'
