[0.069s] Invoking command in '/home/entity014/roboInno_ws/build/robo_interfaces': CMAKE_PREFIX_PATH=${CMAKE_PREFIX_PATH}:/home/entity014/roboInno_ws/install/robo_core:/home/entity014/ros2_ws/install/swap_pillar:/opt/ros/foxy /home/entity014/.local/bin/cmake --build /home/entity014/roboInno_ws/build/robo_interfaces -- -j8 -l8
[0.184s] [  3%] Built target robo_interfaces__cpp
[0.191s] [ 12%] Built target robo_interfaces__rosidl_generator_c
[0.215s] [ 22%] Built target robo_interfaces__rosidl_typesupport_introspection_cpp
[0.222s] [ 32%] Built target robo_interfaces__rosidl_typesupport_fastrtps_cpp
[0.227s] [ 41%] Built target robo_interfaces__rosidl_typesupport_cpp
[0.228s] [ 51%] Built target robo_interfaces__rosidl_typesupport_introspection_c
[0.261s] [ 61%] Built target robo_interfaces__rosidl_typesupport_fastrtps_c
[0.261s] [ 70%] Built target robo_interfaces__rosidl_typesupport_c
[0.278s] [ 70%] Built target robo_interfaces
[0.298s] [ 74%] Built target robo_interfaces__py
[0.325s] [ 80%] Built target robo_interfaces__python
[0.355s] [ 90%] Built target robo_interfaces__rosidl_typesupport_introspection_c__pyext
[0.356s] [ 93%] Built target robo_interfaces__rosidl_typesupport_fastrtps_c__pyext
[0.362s] [100%] Built target robo_interfaces__rosidl_typesupport_c__pyext
[0.468s] Invoked command in '/home/entity014/roboInno_ws/build/robo_interfaces' returned '0': CMAKE_PREFIX_PATH=${CMAKE_PREFIX_PATH}:/home/entity014/roboInno_ws/install/robo_core:/home/entity014/ros2_ws/install/swap_pillar:/opt/ros/foxy /home/entity014/.local/bin/cmake --build /home/entity014/roboInno_ws/build/robo_interfaces -- -j8 -l8
[0.656s] Invoking command in '/home/entity014/roboInno_ws/build/robo_interfaces': CMAKE_PREFIX_PATH=${CMAKE_PREFIX_PATH}:/home/entity014/roboInno_ws/install/robo_core:/home/entity014/ros2_ws/install/swap_pillar:/opt/ros/foxy /home/entity014/.local/bin/cmake --install /home/entity014/roboInno_ws/build/robo_interfaces
[0.725s] -- Install configuration: ""
[0.725s] -- Up-to-date: /home/entity014/roboInno_ws/install/robo_interfaces/share/ament_index/resource_index/rosidl_interfaces/robo_interfaces
[0.727s] -- Up-to-date: /home/entity014/roboInno_ws/install/robo_interfaces/include/robo_interfaces
[0.729s] -- Up-to-date: /home/entity014/roboInno_ws/install/robo_interfaces/include/robo_interfaces/msg
[0.729s] -- Up-to-date: /home/entity014/roboInno_ws/install/robo_interfaces/include/robo_interfaces/msg/dict.h
[0.730s] -- Up-to-date: /home/entity014/roboInno_ws/install/robo_interfaces/include/robo_interfaces/msg/detail
[0.730s] -- Up-to-date: /home/entity014/roboInno_ws/install/robo_interfaces/include/robo_interfaces/msg/detail/dict__struct.h
[0.731s] -- Up-to-date: /home/entity014/roboInno_ws/install/robo_interfaces/include/robo_interfaces/msg/detail/dict__functions.h
[0.731s] -- Up-to-date: /home/entity014/roboInno_ws/install/robo_interfaces/include/robo_interfaces/msg/detail/dict__type_support.h
[0.732s] -- Up-to-date: /home/entity014/roboInno_ws/install/robo_interfaces/include/robo_interfaces/msg/detail/dict__functions.c
[0.732s] -- Up-to-date: /home/entity014/roboInno_ws/install/robo_interfaces/include/robo_interfaces/msg/rosidl_generator_c__visibility_control.h
[0.732s] -- Up-to-date: /home/entity014/roboInno_ws/install/robo_interfaces/share/robo_interfaces/environment/library_path.sh
[0.733s] -- Up-to-date: /home/entity014/roboInno_ws/install/robo_interfaces/share/robo_interfaces/environment/library_path.dsv
[0.733s] -- Up-to-date: /home/entity014/roboInno_ws/install/robo_interfaces/lib/librobo_interfaces__rosidl_generator_c.so
[0.733s] -- Up-to-date: /home/entity014/roboInno_ws/install/robo_interfaces/include/robo_interfaces
[0.733s] -- Up-to-date: /home/entity014/roboInno_ws/install/robo_interfaces/include/robo_interfaces/msg
[0.734s] -- Up-to-date: /home/entity014/roboInno_ws/install/robo_interfaces/include/robo_interfaces/msg/rosidl_typesupport_fastrtps_c__visibility_control.h
[0.734s] -- Up-to-date: /home/entity014/roboInno_ws/install/robo_interfaces/include/robo_interfaces/msg/detail
[0.734s] -- Up-to-date: /home/entity014/roboInno_ws/install/robo_interfaces/include/robo_interfaces/msg/detail/dict__rosidl_typesupport_fastrtps_c.h
[0.734s] -- Up-to-date: /home/entity014/roboInno_ws/install/robo_interfaces/lib/librobo_interfaces__rosidl_typesupport_fastrtps_c.so
[0.734s] -- Up-to-date: /home/entity014/roboInno_ws/install/robo_interfaces/include/robo_interfaces
[0.735s] -- Up-to-date: /home/entity014/roboInno_ws/install/robo_interfaces/include/robo_interfaces/msg
[0.735s] -- Up-to-date: /home/entity014/roboInno_ws/install/robo_interfaces/include/robo_interfaces/msg/rosidl_typesupport_fastrtps_cpp__visibility_control.h
[0.736s] -- Up-to-date: /home/entity014/roboInno_ws/install/robo_interfaces/include/robo_interfaces/msg/detail
[0.736s] -- Up-to-date: /home/entity014/roboInno_ws/install/robo_interfaces/include/robo_interfaces/msg/detail/dds_fastrtps
[0.737s] -- Up-to-date: /home/entity014/roboInno_ws/install/robo_interfaces/include/robo_interfaces/msg/detail/dict__rosidl_typesupport_fastrtps_cpp.hpp
[0.738s] -- Up-to-date: /home/entity014/roboInno_ws/install/robo_interfaces/lib/librobo_interfaces__rosidl_typesupport_fastrtps_cpp.so
[0.738s] -- Up-to-date: /home/entity014/roboInno_ws/install/robo_interfaces/include/robo_interfaces
[0.739s] -- Up-to-date: /home/entity014/roboInno_ws/install/robo_interfaces/include/robo_interfaces/msg
[0.739s] -- Up-to-date: /home/entity014/roboInno_ws/install/robo_interfaces/include/robo_interfaces/msg/rosidl_typesupport_introspection_c__visibility_control.h
[0.739s] -- Up-to-date: /home/entity014/roboInno_ws/install/robo_interfaces/include/robo_interfaces/msg/detail
[0.740s] -- Up-to-date: /home/entity014/roboInno_ws/install/robo_interfaces/include/robo_interfaces/msg/detail/dict__type_support.c
[0.740s] -- Up-to-date: /home/entity014/roboInno_ws/install/robo_interfaces/include/robo_interfaces/msg/detail/dict__rosidl_typesupport_introspection_c.h
[0.740s] -- Up-to-date: /home/entity014/roboInno_ws/install/robo_interfaces/lib/librobo_interfaces__rosidl_typesupport_introspection_c.so
[0.740s] -- Up-to-date: /home/entity014/roboInno_ws/install/robo_interfaces/lib/librobo_interfaces__rosidl_typesupport_c.so
[0.740s] -- Up-to-date: /home/entity014/roboInno_ws/install/robo_interfaces/include/robo_interfaces
[0.740s] -- Up-to-date: /home/entity014/roboInno_ws/install/robo_interfaces/include/robo_interfaces/msg
[0.741s] -- Up-to-date: /home/entity014/roboInno_ws/install/robo_interfaces/include/robo_interfaces/msg/dict.hpp
[0.741s] -- Up-to-date: /home/entity014/roboInno_ws/install/robo_interfaces/include/robo_interfaces/msg/rosidl_generator_cpp__visibility_control.hpp
[0.741s] -- Up-to-date: /home/entity014/roboInno_ws/install/robo_interfaces/include/robo_interfaces/msg/detail
[0.741s] -- Up-to-date: /home/entity014/roboInno_ws/install/robo_interfaces/include/robo_interfaces/msg/detail/dict__builder.hpp
[0.741s] -- Up-to-date: /home/entity014/roboInno_ws/install/robo_interfaces/include/robo_interfaces/msg/detail/dict__struct.hpp
[0.741s] -- Up-to-date: /home/entity014/roboInno_ws/install/robo_interfaces/include/robo_interfaces/msg/detail/dict__traits.hpp
[0.742s] -- Up-to-date: /home/entity014/roboInno_ws/install/robo_interfaces/include/robo_interfaces/msg/detail/dict__type_support.hpp
[0.742s] -- Up-to-date: /home/entity014/roboInno_ws/install/robo_interfaces/include/robo_interfaces
[0.742s] -- Up-to-date: /home/entity014/roboInno_ws/install/robo_interfaces/include/robo_interfaces/msg
[0.742s] -- Up-to-date: /home/entity014/roboInno_ws/install/robo_interfaces/include/robo_interfaces/msg/detail
[0.742s] -- Up-to-date: /home/entity014/roboInno_ws/install/robo_interfaces/include/robo_interfaces/msg/detail/dict__rosidl_typesupport_introspection_cpp.hpp
[0.743s] -- Up-to-date: /home/entity014/roboInno_ws/install/robo_interfaces/include/robo_interfaces/msg/detail/dict__type_support.cpp
[0.743s] -- Up-to-date: /home/entity014/roboInno_ws/install/robo_interfaces/lib/librobo_interfaces__rosidl_typesupport_introspection_cpp.so
[0.743s] -- Up-to-date: /home/entity014/roboInno_ws/install/robo_interfaces/lib/librobo_interfaces__rosidl_typesupport_cpp.so
[0.743s] -- Up-to-date: /home/entity014/roboInno_ws/install/robo_interfaces/share/robo_interfaces/environment/pythonpath.sh
[0.743s] -- Up-to-date: /home/entity014/roboInno_ws/install/robo_interfaces/share/robo_interfaces/environment/pythonpath.dsv
[0.744s] -- Up-to-date: /home/entity014/roboInno_ws/install/robo_interfaces/lib/python3.8/site-packages/robo_interfaces/__init__.py
[0.808s] -- Up-to-date: /home/entity014/roboInno_ws/install/robo_interfaces/lib/python3.8/site-packages/robo_interfaces/msg
[0.808s] -- Up-to-date: /home/entity014/roboInno_ws/install/robo_interfaces/lib/python3.8/site-packages/robo_interfaces/msg/_dict.py
[0.808s] -- Up-to-date: /home/entity014/roboInno_ws/install/robo_interfaces/lib/python3.8/site-packages/robo_interfaces/msg/_dict_s.c
[0.808s] -- Up-to-date: /home/entity014/roboInno_ws/install/robo_interfaces/lib/python3.8/site-packages/robo_interfaces/msg/__init__.py
[0.809s] -- Up-to-date: /home/entity014/roboInno_ws/install/robo_interfaces/lib/python3.8/site-packages/robo_interfaces/robo_interfaces_s__rosidl_typesupport_fastrtps_c.cpython-38-x86_64-linux-gnu.so
[0.809s] -- Up-to-date: /home/entity014/roboInno_ws/install/robo_interfaces/lib/python3.8/site-packages/robo_interfaces/robo_interfaces_s__rosidl_typesupport_introspection_c.cpython-38-x86_64-linux-gnu.so
[0.809s] -- Up-to-date: /home/entity014/roboInno_ws/install/robo_interfaces/lib/python3.8/site-packages/robo_interfaces/robo_interfaces_s__rosidl_typesupport_c.cpython-38-x86_64-linux-gnu.so
[0.810s] -- Up-to-date: /home/entity014/roboInno_ws/install/robo_interfaces/lib/librobo_interfaces__python.so
[0.811s] -- Up-to-date: /home/entity014/roboInno_ws/install/robo_interfaces/share/robo_interfaces/msg/Dict.idl
[0.811s] -- Up-to-date: /home/entity014/roboInno_ws/install/robo_interfaces/share/robo_interfaces/msg/Dict.msg
[0.811s] -- Up-to-date: /home/entity014/roboInno_ws/install/robo_interfaces/share/ament_index/resource_index/package_run_dependencies/robo_interfaces
[0.812s] -- Up-to-date: /home/entity014/roboInno_ws/install/robo_interfaces/share/ament_index/resource_index/parent_prefix_path/robo_interfaces
[0.812s] -- Up-to-date: /home/entity014/roboInno_ws/install/robo_interfaces/share/robo_interfaces/environment/ament_prefix_path.sh
[0.812s] -- Up-to-date: /home/entity014/roboInno_ws/install/robo_interfaces/share/robo_interfaces/environment/ament_prefix_path.dsv
[0.813s] -- Up-to-date: /home/entity014/roboInno_ws/install/robo_interfaces/share/robo_interfaces/environment/path.sh
[0.813s] -- Up-to-date: /home/entity014/roboInno_ws/install/robo_interfaces/share/robo_interfaces/environment/path.dsv
[0.813s] -- Up-to-date: /home/entity014/roboInno_ws/install/robo_interfaces/share/robo_interfaces/local_setup.bash
[0.813s] -- Up-to-date: /home/entity014/roboInno_ws/install/robo_interfaces/share/robo_interfaces/local_setup.sh
[0.814s] -- Up-to-date: /home/entity014/roboInno_ws/install/robo_interfaces/share/robo_interfaces/local_setup.zsh
[0.814s] -- Up-to-date: /home/entity014/roboInno_ws/install/robo_interfaces/share/robo_interfaces/local_setup.dsv
[0.814s] -- Installing: /home/entity014/roboInno_ws/install/robo_interfaces/share/robo_interfaces/package.dsv
[0.815s] -- Up-to-date: /home/entity014/roboInno_ws/install/robo_interfaces/share/ament_index/resource_index/packages/robo_interfaces
[0.815s] -- Up-to-date: /home/entity014/roboInno_ws/install/robo_interfaces/share/robo_interfaces/cmake/robo_interfaces__rosidl_generator_cExport.cmake
[0.815s] -- Up-to-date: /home/entity014/roboInno_ws/install/robo_interfaces/share/robo_interfaces/cmake/robo_interfaces__rosidl_generator_cExport-noconfig.cmake
[0.816s] -- Up-to-date: /home/entity014/roboInno_ws/install/robo_interfaces/share/robo_interfaces/cmake/robo_interfaces__rosidl_typesupport_introspection_cExport.cmake
[0.816s] -- Up-to-date: /home/entity014/roboInno_ws/install/robo_interfaces/share/robo_interfaces/cmake/robo_interfaces__rosidl_typesupport_introspection_cExport-noconfig.cmake
[0.816s] -- Up-to-date: /home/entity014/roboInno_ws/install/robo_interfaces/share/robo_interfaces/cmake/robo_interfaces__rosidl_typesupport_cExport.cmake
[0.816s] -- Up-to-date: /home/entity014/roboInno_ws/install/robo_interfaces/share/robo_interfaces/cmake/robo_interfaces__rosidl_typesupport_cExport-noconfig.cmake
[0.816s] -- Up-to-date: /home/entity014/roboInno_ws/install/robo_interfaces/share/robo_interfaces/cmake/robo_interfaces__rosidl_generator_cppExport.cmake
[0.817s] -- Up-to-date: /home/entity014/roboInno_ws/install/robo_interfaces/share/robo_interfaces/cmake/robo_interfaces__rosidl_typesupport_introspection_cppExport.cmake
[0.817s] -- Up-to-date: /home/entity014/roboInno_ws/install/robo_interfaces/share/robo_interfaces/cmake/robo_interfaces__rosidl_typesupport_introspection_cppExport-noconfig.cmake
[0.817s] -- Up-to-date: /home/entity014/roboInno_ws/install/robo_interfaces/share/robo_interfaces/cmake/robo_interfaces__rosidl_typesupport_cppExport.cmake
[0.817s] -- Up-to-date: /home/entity014/roboInno_ws/install/robo_interfaces/share/robo_interfaces/cmake/robo_interfaces__rosidl_typesupport_cppExport-noconfig.cmake
[0.817s] -- Up-to-date: /home/entity014/roboInno_ws/install/robo_interfaces/share/robo_interfaces/cmake/rosidl_cmake-extras.cmake
[0.818s] -- Up-to-date: /home/entity014/roboInno_ws/install/robo_interfaces/share/robo_interfaces/cmake/ament_cmake_export_dependencies-extras.cmake
[0.818s] -- Up-to-date: /home/entity014/roboInno_ws/install/robo_interfaces/share/robo_interfaces/cmake/ament_cmake_export_libraries-extras.cmake
[0.818s] -- Up-to-date: /home/entity014/roboInno_ws/install/robo_interfaces/share/robo_interfaces/cmake/ament_cmake_export_targets-extras.cmake
[0.818s] -- Up-to-date: /home/entity014/roboInno_ws/install/robo_interfaces/share/robo_interfaces/cmake/ament_cmake_export_include_directories-extras.cmake
[0.818s] -- Up-to-date: /home/entity014/roboInno_ws/install/robo_interfaces/share/robo_interfaces/cmake/rosidl_cmake_export_typesupport_libraries-extras.cmake
[0.819s] -- Up-to-date: /home/entity014/roboInno_ws/install/robo_interfaces/share/robo_interfaces/cmake/rosidl_cmake_export_typesupport_targets-extras.cmake
[0.819s] -- Up-to-date: /home/entity014/roboInno_ws/install/robo_interfaces/share/robo_interfaces/cmake/robo_interfacesConfig.cmake
[0.819s] -- Up-to-date: /home/entity014/roboInno_ws/install/robo_interfaces/share/robo_interfaces/cmake/robo_interfacesConfig-version.cmake
[0.819s] -- Up-to-date: /home/entity014/roboInno_ws/install/robo_interfaces/share/robo_interfaces/package.xml
[0.831s] Invoked command in '/home/entity014/roboInno_ws/build/robo_interfaces' returned '0': CMAKE_PREFIX_PATH=${CMAKE_PREFIX_PATH}:/home/entity014/roboInno_ws/install/robo_core:/home/entity014/ros2_ws/install/swap_pillar:/opt/ros/foxy /home/entity014/.local/bin/cmake --install /home/entity014/roboInno_ws/build/robo_interfaces
