[0.087s] Invoking command in '/home/entity014/roboInno_ws/build/robo_interfaces': CMAKE_PREFIX_PATH=${CMAKE_PREFIX_PATH}:/home/entity014/roboInno_ws/install/robo_core:/home/entity014/ros2_ws/install/swap_pillar:/opt/ros/foxy /home/entity014/.local/bin/cmake --build /home/entity014/roboInno_ws/build/robo_interfaces -- -j8 -l8
[0.220s] [  3%] Built target robo_interfaces__cpp
[0.246s] [ 12%] Built target robo_interfaces__rosidl_generator_c
[0.279s] [ 22%] Built target robo_interfaces__rosidl_typesupport_introspection_cpp
[0.322s] [ 32%] Built target robo_interfaces__rosidl_typesupport_c
[0.361s] [ 41%] Built target robo_interfaces__rosidl_typesupport_introspection_c
[0.407s] [ 51%] Built target robo_interfaces__rosidl_typesupport_fastrtps_cpp
[0.432s] [ 61%] Built target robo_interfaces__rosidl_typesupport_cpp
[0.462s] [ 70%] Built target robo_interfaces__rosidl_typesupport_fastrtps_c
[0.483s] [ 70%] Built target robo_interfaces
[0.506s] [ 74%] Built target robo_interfaces__py
[0.535s] [ 80%] Built target robo_interfaces__python
[0.559s] [ 87%] Built target robo_interfaces__rosidl_typesupport_fastrtps_c__pyext
[0.579s] [ 93%] Built target robo_interfaces__rosidl_typesupport_c__pyext
[0.605s] [100%] Built target robo_interfaces__rosidl_typesupport_introspection_c__pyext
[0.664s] Invoked command in '/home/entity014/roboInno_ws/build/robo_interfaces' returned '0': CMAKE_PREFIX_PATH=${CMAKE_PREFIX_PATH}:/home/entity014/roboInno_ws/install/robo_core:/home/entity014/ros2_ws/install/swap_pillar:/opt/ros/foxy /home/entity014/.local/bin/cmake --build /home/entity014/roboInno_ws/build/robo_interfaces -- -j8 -l8
[0.868s] Invoking command in '/home/entity014/roboInno_ws/build/robo_interfaces': CMAKE_PREFIX_PATH=${CMAKE_PREFIX_PATH}:/home/entity014/roboInno_ws/install/robo_core:/home/entity014/ros2_ws/install/swap_pillar:/opt/ros/foxy /home/entity014/.local/bin/cmake --install /home/entity014/roboInno_ws/build/robo_interfaces
[0.964s] -- Install configuration: ""
[0.970s] -- Up-to-date: /home/entity014/roboInno_ws/install/robo_interfaces/share/ament_index/resource_index/rosidl_interfaces/robo_interfaces
[0.970s] -- Up-to-date: /home/entity014/roboInno_ws/install/robo_interfaces/include/robo_interfaces
[0.971s] -- Up-to-date: /home/entity014/roboInno_ws/install/robo_interfaces/include/robo_interfaces/msg
[0.971s] -- Up-to-date: /home/entity014/roboInno_ws/install/robo_interfaces/include/robo_interfaces/msg/dict.h
[0.971s] -- Up-to-date: /home/entity014/roboInno_ws/install/robo_interfaces/include/robo_interfaces/msg/detail
[0.971s] -- Up-to-date: /home/entity014/roboInno_ws/install/robo_interfaces/include/robo_interfaces/msg/detail/dict__struct.h
[0.972s] -- Up-to-date: /home/entity014/roboInno_ws/install/robo_interfaces/include/robo_interfaces/msg/detail/dict__functions.h
[0.972s] -- Up-to-date: /home/entity014/roboInno_ws/install/robo_interfaces/include/robo_interfaces/msg/detail/dict__type_support.h
[0.972s] -- Up-to-date: /home/entity014/roboInno_ws/install/robo_interfaces/include/robo_interfaces/msg/detail/dict__functions.c
[0.972s] -- Up-to-date: /home/entity014/roboInno_ws/install/robo_interfaces/include/robo_interfaces/msg/rosidl_generator_c__visibility_control.h
[0.973s] -- Up-to-date: /home/entity014/roboInno_ws/install/robo_interfaces/share/robo_interfaces/environment/library_path.sh
[0.973s] -- Up-to-date: /home/entity014/roboInno_ws/install/robo_interfaces/share/robo_interfaces/environment/library_path.dsv
[0.973s] -- Up-to-date: /home/entity014/roboInno_ws/install/robo_interfaces/lib/librobo_interfaces__rosidl_generator_c.so
[0.973s] -- Up-to-date: /home/entity014/roboInno_ws/install/robo_interfaces/include/robo_interfaces
[0.973s] -- Up-to-date: /home/entity014/roboInno_ws/install/robo_interfaces/include/robo_interfaces/msg
[0.974s] -- Up-to-date: /home/entity014/roboInno_ws/install/robo_interfaces/include/robo_interfaces/msg/rosidl_typesupport_fastrtps_c__visibility_control.h
[0.974s] -- Up-to-date: /home/entity014/roboInno_ws/install/robo_interfaces/include/robo_interfaces/msg/detail
[0.974s] -- Up-to-date: /home/entity014/roboInno_ws/install/robo_interfaces/include/robo_interfaces/msg/detail/dict__rosidl_typesupport_fastrtps_c.h
[0.974s] -- Up-to-date: /home/entity014/roboInno_ws/install/robo_interfaces/lib/librobo_interfaces__rosidl_typesupport_fastrtps_c.so
[0.974s] -- Up-to-date: /home/entity014/roboInno_ws/install/robo_interfaces/include/robo_interfaces
[0.975s] -- Up-to-date: /home/entity014/roboInno_ws/install/robo_interfaces/include/robo_interfaces/msg
[0.975s] -- Up-to-date: /home/entity014/roboInno_ws/install/robo_interfaces/include/robo_interfaces/msg/rosidl_typesupport_fastrtps_cpp__visibility_control.h
[0.975s] -- Up-to-date: /home/entity014/roboInno_ws/install/robo_interfaces/include/robo_interfaces/msg/detail
[0.975s] -- Up-to-date: /home/entity014/roboInno_ws/install/robo_interfaces/include/robo_interfaces/msg/detail/dds_fastrtps
[0.975s] -- Up-to-date: /home/entity014/roboInno_ws/install/robo_interfaces/include/robo_interfaces/msg/detail/dict__rosidl_typesupport_fastrtps_cpp.hpp
[0.976s] -- Up-to-date: /home/entity014/roboInno_ws/install/robo_interfaces/lib/librobo_interfaces__rosidl_typesupport_fastrtps_cpp.so
[0.976s] -- Up-to-date: /home/entity014/roboInno_ws/install/robo_interfaces/include/robo_interfaces
[0.976s] -- Up-to-date: /home/entity014/roboInno_ws/install/robo_interfaces/include/robo_interfaces/msg
[0.976s] -- Up-to-date: /home/entity014/roboInno_ws/install/robo_interfaces/include/robo_interfaces/msg/rosidl_typesupport_introspection_c__visibility_control.h
[0.977s] -- Up-to-date: /home/entity014/roboInno_ws/install/robo_interfaces/include/robo_interfaces/msg/detail
[0.977s] -- Up-to-date: /home/entity014/roboInno_ws/install/robo_interfaces/include/robo_interfaces/msg/detail/dict__type_support.c
[0.977s] -- Up-to-date: /home/entity014/roboInno_ws/install/robo_interfaces/include/robo_interfaces/msg/detail/dict__rosidl_typesupport_introspection_c.h
[0.977s] -- Up-to-date: /home/entity014/roboInno_ws/install/robo_interfaces/lib/librobo_interfaces__rosidl_typesupport_introspection_c.so
[0.978s] -- Up-to-date: /home/entity014/roboInno_ws/install/robo_interfaces/lib/librobo_interfaces__rosidl_typesupport_c.so
[0.978s] -- Up-to-date: /home/entity014/roboInno_ws/install/robo_interfaces/include/robo_interfaces
[0.978s] -- Up-to-date: /home/entity014/roboInno_ws/install/robo_interfaces/include/robo_interfaces/msg
[0.979s] -- Up-to-date: /home/entity014/roboInno_ws/install/robo_interfaces/include/robo_interfaces/msg/dict.hpp
[0.979s] -- Up-to-date: /home/entity014/roboInno_ws/install/robo_interfaces/include/robo_interfaces/msg/rosidl_generator_cpp__visibility_control.hpp
[0.979s] -- Up-to-date: /home/entity014/roboInno_ws/install/robo_interfaces/include/robo_interfaces/msg/detail
[0.979s] -- Up-to-date: /home/entity014/roboInno_ws/install/robo_interfaces/include/robo_interfaces/msg/detail/dict__builder.hpp
[0.979s] -- Up-to-date: /home/entity014/roboInno_ws/install/robo_interfaces/include/robo_interfaces/msg/detail/dict__struct.hpp
[0.980s] -- Up-to-date: /home/entity014/roboInno_ws/install/robo_interfaces/include/robo_interfaces/msg/detail/dict__traits.hpp
[0.980s] -- Up-to-date: /home/entity014/roboInno_ws/install/robo_interfaces/include/robo_interfaces/msg/detail/dict__type_support.hpp
[0.980s] -- Up-to-date: /home/entity014/roboInno_ws/install/robo_interfaces/include/robo_interfaces
[0.980s] -- Up-to-date: /home/entity014/roboInno_ws/install/robo_interfaces/include/robo_interfaces/msg
[0.980s] -- Up-to-date: /home/entity014/roboInno_ws/install/robo_interfaces/include/robo_interfaces/msg/detail
[0.980s] -- Up-to-date: /home/entity014/roboInno_ws/install/robo_interfaces/include/robo_interfaces/msg/detail/dict__rosidl_typesupport_introspection_cpp.hpp
[0.981s] -- Up-to-date: /home/entity014/roboInno_ws/install/robo_interfaces/include/robo_interfaces/msg/detail/dict__type_support.cpp
[0.981s] -- Up-to-date: /home/entity014/roboInno_ws/install/robo_interfaces/lib/librobo_interfaces__rosidl_typesupport_introspection_cpp.so
[0.981s] -- Up-to-date: /home/entity014/roboInno_ws/install/robo_interfaces/lib/librobo_interfaces__rosidl_typesupport_cpp.so
[0.981s] -- Up-to-date: /home/entity014/roboInno_ws/install/robo_interfaces/share/robo_interfaces/environment/pythonpath.sh
[0.981s] -- Up-to-date: /home/entity014/roboInno_ws/install/robo_interfaces/share/robo_interfaces/environment/pythonpath.dsv
[0.981s] -- Up-to-date: /home/entity014/roboInno_ws/install/robo_interfaces/lib/python3.8/site-packages/robo_interfaces/__init__.py
[1.080s] -- Up-to-date: /home/entity014/roboInno_ws/install/robo_interfaces/lib/python3.8/site-packages/robo_interfaces/msg
[1.080s] -- Up-to-date: /home/entity014/roboInno_ws/install/robo_interfaces/lib/python3.8/site-packages/robo_interfaces/msg/_dict.py
[1.080s] -- Up-to-date: /home/entity014/roboInno_ws/install/robo_interfaces/lib/python3.8/site-packages/robo_interfaces/msg/_dict_s.c
[1.081s] -- Up-to-date: /home/entity014/roboInno_ws/install/robo_interfaces/lib/python3.8/site-packages/robo_interfaces/msg/__init__.py
[1.081s] -- Up-to-date: /home/entity014/roboInno_ws/install/robo_interfaces/lib/python3.8/site-packages/robo_interfaces/robo_interfaces_s__rosidl_typesupport_fastrtps_c.cpython-38-x86_64-linux-gnu.so
[1.081s] -- Up-to-date: /home/entity014/roboInno_ws/install/robo_interfaces/lib/python3.8/site-packages/robo_interfaces/robo_interfaces_s__rosidl_typesupport_introspection_c.cpython-38-x86_64-linux-gnu.so
[1.082s] -- Up-to-date: /home/entity014/roboInno_ws/install/robo_interfaces/lib/python3.8/site-packages/robo_interfaces/robo_interfaces_s__rosidl_typesupport_c.cpython-38-x86_64-linux-gnu.so
[1.082s] -- Up-to-date: /home/entity014/roboInno_ws/install/robo_interfaces/lib/librobo_interfaces__python.so
[1.083s] -- Up-to-date: /home/entity014/roboInno_ws/install/robo_interfaces/share/robo_interfaces/msg/Dict.idl
[1.083s] -- Up-to-date: /home/entity014/roboInno_ws/install/robo_interfaces/share/robo_interfaces/msg/Dict.msg
[1.084s] -- Up-to-date: /home/entity014/roboInno_ws/install/robo_interfaces/share/ament_index/resource_index/package_run_dependencies/robo_interfaces
[1.084s] -- Up-to-date: /home/entity014/roboInno_ws/install/robo_interfaces/share/ament_index/resource_index/parent_prefix_path/robo_interfaces
[1.084s] -- Up-to-date: /home/entity014/roboInno_ws/install/robo_interfaces/share/robo_interfaces/environment/ament_prefix_path.sh
[1.084s] -- Up-to-date: /home/entity014/roboInno_ws/install/robo_interfaces/share/robo_interfaces/environment/ament_prefix_path.dsv
[1.085s] -- Up-to-date: /home/entity014/roboInno_ws/install/robo_interfaces/share/robo_interfaces/environment/path.sh
[1.085s] -- Up-to-date: /home/entity014/roboInno_ws/install/robo_interfaces/share/robo_interfaces/environment/path.dsv
[1.085s] -- Up-to-date: /home/entity014/roboInno_ws/install/robo_interfaces/share/robo_interfaces/local_setup.bash
[1.085s] -- Up-to-date: /home/entity014/roboInno_ws/install/robo_interfaces/share/robo_interfaces/local_setup.sh
[1.085s] -- Up-to-date: /home/entity014/roboInno_ws/install/robo_interfaces/share/robo_interfaces/local_setup.zsh
[1.086s] -- Up-to-date: /home/entity014/roboInno_ws/install/robo_interfaces/share/robo_interfaces/local_setup.dsv
[1.086s] -- Installing: /home/entity014/roboInno_ws/install/robo_interfaces/share/robo_interfaces/package.dsv
[1.086s] -- Up-to-date: /home/entity014/roboInno_ws/install/robo_interfaces/share/ament_index/resource_index/packages/robo_interfaces
[1.086s] -- Up-to-date: /home/entity014/roboInno_ws/install/robo_interfaces/share/robo_interfaces/cmake/robo_interfaces__rosidl_generator_cExport.cmake
[1.087s] -- Up-to-date: /home/entity014/roboInno_ws/install/robo_interfaces/share/robo_interfaces/cmake/robo_interfaces__rosidl_generator_cExport-noconfig.cmake
[1.087s] -- Up-to-date: /home/entity014/roboInno_ws/install/robo_interfaces/share/robo_interfaces/cmake/robo_interfaces__rosidl_typesupport_introspection_cExport.cmake
[1.087s] -- Up-to-date: /home/entity014/roboInno_ws/install/robo_interfaces/share/robo_interfaces/cmake/robo_interfaces__rosidl_typesupport_introspection_cExport-noconfig.cmake
[1.087s] -- Up-to-date: /home/entity014/roboInno_ws/install/robo_interfaces/share/robo_interfaces/cmake/robo_interfaces__rosidl_typesupport_cExport.cmake
[1.088s] -- Up-to-date: /home/entity014/roboInno_ws/install/robo_interfaces/share/robo_interfaces/cmake/robo_interfaces__rosidl_typesupport_cExport-noconfig.cmake
[1.088s] -- Up-to-date: /home/entity014/roboInno_ws/install/robo_interfaces/share/robo_interfaces/cmake/robo_interfaces__rosidl_generator_cppExport.cmake
[1.088s] -- Up-to-date: /home/entity014/roboInno_ws/install/robo_interfaces/share/robo_interfaces/cmake/robo_interfaces__rosidl_typesupport_introspection_cppExport.cmake
[1.088s] -- Up-to-date: /home/entity014/roboInno_ws/install/robo_interfaces/share/robo_interfaces/cmake/robo_interfaces__rosidl_typesupport_introspection_cppExport-noconfig.cmake
[1.088s] -- Up-to-date: /home/entity014/roboInno_ws/install/robo_interfaces/share/robo_interfaces/cmake/robo_interfaces__rosidl_typesupport_cppExport.cmake
[1.088s] -- Up-to-date: /home/entity014/roboInno_ws/install/robo_interfaces/share/robo_interfaces/cmake/robo_interfaces__rosidl_typesupport_cppExport-noconfig.cmake
[1.089s] -- Up-to-date: /home/entity014/roboInno_ws/install/robo_interfaces/share/robo_interfaces/cmake/rosidl_cmake-extras.cmake
[1.089s] -- Up-to-date: /home/entity014/roboInno_ws/install/robo_interfaces/share/robo_interfaces/cmake/ament_cmake_export_dependencies-extras.cmake
[1.089s] -- Up-to-date: /home/entity014/roboInno_ws/install/robo_interfaces/share/robo_interfaces/cmake/ament_cmake_export_libraries-extras.cmake
[1.089s] -- Up-to-date: /home/entity014/roboInno_ws/install/robo_interfaces/share/robo_interfaces/cmake/ament_cmake_export_targets-extras.cmake
[1.089s] -- Up-to-date: /home/entity014/roboInno_ws/install/robo_interfaces/share/robo_interfaces/cmake/ament_cmake_export_include_directories-extras.cmake
[1.090s] -- Up-to-date: /home/entity014/roboInno_ws/install/robo_interfaces/share/robo_interfaces/cmake/rosidl_cmake_export_typesupport_libraries-extras.cmake
[1.090s] -- Up-to-date: /home/entity014/roboInno_ws/install/robo_interfaces/share/robo_interfaces/cmake/rosidl_cmake_export_typesupport_targets-extras.cmake
[1.090s] -- Up-to-date: /home/entity014/roboInno_ws/install/robo_interfaces/share/robo_interfaces/cmake/robo_interfacesConfig.cmake
[1.090s] -- Up-to-date: /home/entity014/roboInno_ws/install/robo_interfaces/share/robo_interfaces/cmake/robo_interfacesConfig-version.cmake
[1.091s] -- Up-to-date: /home/entity014/roboInno_ws/install/robo_interfaces/share/robo_interfaces/package.xml
[1.106s] Invoked command in '/home/entity014/roboInno_ws/build/robo_interfaces' returned '0': CMAKE_PREFIX_PATH=${CMAKE_PREFIX_PATH}:/home/entity014/roboInno_ws/install/robo_core:/home/entity014/ros2_ws/install/swap_pillar:/opt/ros/foxy /home/entity014/.local/bin/cmake --install /home/entity014/roboInno_ws/build/robo_interfaces
