[0.556s] DEBUG:colcon:Command line arguments: ['/usr/bin/colcon', 'build']
[0.556s] DEBUG:colcon:Parsed command line arguments: Namespace(allow_overriding=[], ament_cmake_args=None, base_paths=['.'], build_base='build', catkin_cmake_args=None, catkin_skip_building_tests=False, cmake_args=None, cmake_clean_cache=False, cmake_clean_first=False, cmake_force_configure=False, cmake_target=None, cmake_target_skip_unavailable=False, continue_on_error=False, event_handlers=None, executor='parallel', ignore_user_meta=False, install_base='install', log_base=None, log_level=None, main=<bound method BuildVerb.main of <colcon_core.verb.build.BuildVerb object at 0x7f718ffd5760>>, merge_install=False, metas=['./colcon.meta'], packages_above=None, packages_above_and_dependencies=None, packages_above_depth=None, packages_end=None, packages_ignore=None, packages_ignore_regex=None, packages_select=None, packages_select_build_failed=False, packages_select_by_dep=None, packages_select_regex=None, packages_select_test_failures=False, packages_skip=None, packages_skip_build_finished=False, packages_skip_by_dep=None, packages_skip_regex=None, packages_skip_test_passed=False, packages_skip_up_to=None, packages_start=None, packages_up_to=None, packages_up_to_regex=None, parallel_workers=8, paths=None, symlink_install=False, test_result_base=None, verb_extension=<colcon_core.verb.build.BuildVerb object at 0x7f718ffd5760>, verb_name='build', verb_parser=<colcon_defaults.argument_parser.defaults.DefaultArgumentsDecorator object at 0x7f718ffd5ca0>)
[0.605s] Level 1:colcon.colcon_core.package_discovery:discover_packages(colcon_meta) check parameters
[0.606s] Level 1:colcon.colcon_core.package_discovery:discover_packages(recursive) check parameters
[0.606s] Level 1:colcon.colcon_core.package_discovery:discover_packages(ignore) check parameters
[0.606s] Level 1:colcon.colcon_core.package_discovery:discover_packages(path) check parameters
[0.606s] Level 1:colcon.colcon_core.package_discovery:discover_packages(colcon_meta) discover
[0.606s] Level 1:colcon.colcon_core.package_discovery:discover_packages(recursive) discover
[0.606s] INFO:colcon.colcon_core.package_discovery:Crawling recursively for packages in '/home/entity014/roboInno_ws'
[0.606s] Level 1:colcon.colcon_core.package_identification:_identify(.) by extensions ['ignore', 'ignore_ament_install']
[0.606s] Level 1:colcon.colcon_core.package_identification:_identify(.) by extension 'ignore'
[0.606s] Level 1:colcon.colcon_core.package_identification:_identify(.) by extension 'ignore_ament_install'
[0.606s] Level 1:colcon.colcon_core.package_identification:_identify(.) by extensions ['colcon_pkg']
[0.606s] Level 1:colcon.colcon_core.package_identification:_identify(.) by extension 'colcon_pkg'
[0.606s] Level 1:colcon.colcon_core.package_identification:_identify(.) by extensions ['colcon_meta']
[0.606s] Level 1:colcon.colcon_core.package_identification:_identify(.) by extension 'colcon_meta'
[0.607s] Level 1:colcon.colcon_core.package_identification:_identify(.) by extensions ['ros']
[0.607s] Level 1:colcon.colcon_core.package_identification:_identify(.) by extension 'ros'
[0.636s] Level 1:colcon.colcon_core.package_identification:_identify(.) by extensions ['cmake', 'python']
[0.637s] Level 1:colcon.colcon_core.package_identification:_identify(.) by extension 'cmake'
[0.637s] Level 1:colcon.colcon_core.package_identification:_identify(.) by extension 'python'
[0.637s] Level 1:colcon.colcon_core.package_identification:_identify(.) by extensions ['python_setup_py']
[0.637s] Level 1:colcon.colcon_core.package_identification:_identify(.) by extension 'python_setup_py'
[0.637s] Level 1:colcon.colcon_core.package_identification:_identify(build) by extensions ['ignore', 'ignore_ament_install']
[0.637s] Level 1:colcon.colcon_core.package_identification:_identify(build) by extension 'ignore'
[0.637s] Level 1:colcon.colcon_core.package_identification:_identify(build) ignored
[0.637s] Level 1:colcon.colcon_core.package_identification:_identify(extension) by extensions ['ignore', 'ignore_ament_install']
[0.638s] Level 1:colcon.colcon_core.package_identification:_identify(extension) by extension 'ignore'
[0.638s] Level 1:colcon.colcon_core.package_identification:_identify(extension) by extension 'ignore_ament_install'
[0.638s] Level 1:colcon.colcon_core.package_identification:_identify(extension) by extensions ['colcon_pkg']
[0.638s] Level 1:colcon.colcon_core.package_identification:_identify(extension) by extension 'colcon_pkg'
[0.638s] Level 1:colcon.colcon_core.package_identification:_identify(extension) by extensions ['colcon_meta']
[0.638s] Level 1:colcon.colcon_core.package_identification:_identify(extension) by extension 'colcon_meta'
[0.638s] Level 1:colcon.colcon_core.package_identification:_identify(extension) by extensions ['ros']
[0.638s] Level 1:colcon.colcon_core.package_identification:_identify(extension) by extension 'ros'
[0.638s] Level 1:colcon.colcon_core.package_identification:_identify(extension) by extensions ['cmake', 'python']
[0.638s] Level 1:colcon.colcon_core.package_identification:_identify(extension) by extension 'cmake'
[0.638s] Level 1:colcon.colcon_core.package_identification:_identify(extension) by extension 'python'
[0.638s] Level 1:colcon.colcon_core.package_identification:_identify(extension) by extensions ['python_setup_py']
[0.638s] Level 1:colcon.colcon_core.package_identification:_identify(extension) by extension 'python_setup_py'
[0.639s] Level 1:colcon.colcon_core.package_identification:_identify(install) by extensions ['ignore', 'ignore_ament_install']
[0.639s] Level 1:colcon.colcon_core.package_identification:_identify(install) by extension 'ignore'
[0.639s] Level 1:colcon.colcon_core.package_identification:_identify(install) ignored
[0.639s] Level 1:colcon.colcon_core.package_identification:_identify(log) by extensions ['ignore', 'ignore_ament_install']
[0.639s] Level 1:colcon.colcon_core.package_identification:_identify(log) by extension 'ignore'
[0.639s] Level 1:colcon.colcon_core.package_identification:_identify(log) ignored
[0.639s] Level 1:colcon.colcon_core.package_identification:_identify(robo_hardware) by extensions ['ignore', 'ignore_ament_install']
[0.639s] Level 1:colcon.colcon_core.package_identification:_identify(robo_hardware) by extension 'ignore'
[0.639s] Level 1:colcon.colcon_core.package_identification:_identify(robo_hardware) by extension 'ignore_ament_install'
[0.640s] Level 1:colcon.colcon_core.package_identification:_identify(robo_hardware) by extensions ['colcon_pkg']
[0.640s] Level 1:colcon.colcon_core.package_identification:_identify(robo_hardware) by extension 'colcon_pkg'
[0.640s] Level 1:colcon.colcon_core.package_identification:_identify(robo_hardware) by extensions ['colcon_meta']
[0.640s] Level 1:colcon.colcon_core.package_identification:_identify(robo_hardware) by extension 'colcon_meta'
[0.640s] Level 1:colcon.colcon_core.package_identification:_identify(robo_hardware) by extensions ['ros']
[0.640s] Level 1:colcon.colcon_core.package_identification:_identify(robo_hardware) by extension 'ros'
[0.640s] Level 1:colcon.colcon_core.package_identification:_identify(robo_hardware) by extensions ['cmake', 'python']
[0.640s] Level 1:colcon.colcon_core.package_identification:_identify(robo_hardware) by extension 'cmake'
[0.640s] Level 1:colcon.colcon_core.package_identification:_identify(robo_hardware) by extension 'python'
[0.640s] Level 1:colcon.colcon_core.package_identification:_identify(robo_hardware) by extensions ['python_setup_py']
[0.640s] Level 1:colcon.colcon_core.package_identification:_identify(robo_hardware) by extension 'python_setup_py'
[0.640s] Level 1:colcon.colcon_core.package_identification:_identify(robo_hardware/roboCore) by extensions ['ignore', 'ignore_ament_install']
[0.641s] Level 1:colcon.colcon_core.package_identification:_identify(robo_hardware/roboCore) by extension 'ignore'
[0.641s] Level 1:colcon.colcon_core.package_identification:_identify(robo_hardware/roboCore) by extension 'ignore_ament_install'
[0.641s] Level 1:colcon.colcon_core.package_identification:_identify(robo_hardware/roboCore) by extensions ['colcon_pkg']
[0.641s] Level 1:colcon.colcon_core.package_identification:_identify(robo_hardware/roboCore) by extension 'colcon_pkg'
[0.641s] Level 1:colcon.colcon_core.package_identification:_identify(robo_hardware/roboCore) by extensions ['colcon_meta']
[0.641s] Level 1:colcon.colcon_core.package_identification:_identify(robo_hardware/roboCore) by extension 'colcon_meta'
[0.641s] Level 1:colcon.colcon_core.package_identification:_identify(robo_hardware/roboCore) by extensions ['ros']
[0.641s] Level 1:colcon.colcon_core.package_identification:_identify(robo_hardware/roboCore) by extension 'ros'
[0.641s] Level 1:colcon.colcon_core.package_identification:_identify(robo_hardware/roboCore) by extensions ['cmake', 'python']
[0.641s] Level 1:colcon.colcon_core.package_identification:_identify(robo_hardware/roboCore) by extension 'cmake'
[0.641s] Level 1:colcon.colcon_core.package_identification:_identify(robo_hardware/roboCore) by extension 'python'
[0.641s] Level 1:colcon.colcon_core.package_identification:_identify(robo_hardware/roboCore) by extensions ['python_setup_py']
[0.641s] Level 1:colcon.colcon_core.package_identification:_identify(robo_hardware/roboCore) by extension 'python_setup_py'
[0.642s] Level 1:colcon.colcon_core.package_identification:_identify(robo_hardware/roboCore/config) by extensions ['ignore', 'ignore_ament_install']
[0.642s] Level 1:colcon.colcon_core.package_identification:_identify(robo_hardware/roboCore/config) by extension 'ignore'
[0.642s] Level 1:colcon.colcon_core.package_identification:_identify(robo_hardware/roboCore/config) by extension 'ignore_ament_install'
[0.642s] Level 1:colcon.colcon_core.package_identification:_identify(robo_hardware/roboCore/config) by extensions ['colcon_pkg']
[0.642s] Level 1:colcon.colcon_core.package_identification:_identify(robo_hardware/roboCore/config) by extension 'colcon_pkg'
[0.642s] Level 1:colcon.colcon_core.package_identification:_identify(robo_hardware/roboCore/config) by extensions ['colcon_meta']
[0.642s] Level 1:colcon.colcon_core.package_identification:_identify(robo_hardware/roboCore/config) by extension 'colcon_meta'
[0.642s] Level 1:colcon.colcon_core.package_identification:_identify(robo_hardware/roboCore/config) by extensions ['ros']
[0.642s] Level 1:colcon.colcon_core.package_identification:_identify(robo_hardware/roboCore/config) by extension 'ros'
[0.642s] Level 1:colcon.colcon_core.package_identification:_identify(robo_hardware/roboCore/config) by extensions ['cmake', 'python']
[0.642s] Level 1:colcon.colcon_core.package_identification:_identify(robo_hardware/roboCore/config) by extension 'cmake'
[0.642s] Level 1:colcon.colcon_core.package_identification:_identify(robo_hardware/roboCore/config) by extension 'python'
[0.642s] Level 1:colcon.colcon_core.package_identification:_identify(robo_hardware/roboCore/config) by extensions ['python_setup_py']
[0.642s] Level 1:colcon.colcon_core.package_identification:_identify(robo_hardware/roboCore/config) by extension 'python_setup_py'
[0.643s] Level 1:colcon.colcon_core.package_identification:_identify(src) by extensions ['ignore', 'ignore_ament_install']
[0.643s] Level 1:colcon.colcon_core.package_identification:_identify(src) by extension 'ignore'
[0.643s] Level 1:colcon.colcon_core.package_identification:_identify(src) by extension 'ignore_ament_install'
[0.643s] Level 1:colcon.colcon_core.package_identification:_identify(src) by extensions ['colcon_pkg']
[0.643s] Level 1:colcon.colcon_core.package_identification:_identify(src) by extension 'colcon_pkg'
[0.643s] Level 1:colcon.colcon_core.package_identification:_identify(src) by extensions ['colcon_meta']
[0.643s] Level 1:colcon.colcon_core.package_identification:_identify(src) by extension 'colcon_meta'
[0.643s] Level 1:colcon.colcon_core.package_identification:_identify(src) by extensions ['ros']
[0.643s] Level 1:colcon.colcon_core.package_identification:_identify(src) by extension 'ros'
[0.643s] Level 1:colcon.colcon_core.package_identification:_identify(src) by extensions ['cmake', 'python']
[0.643s] Level 1:colcon.colcon_core.package_identification:_identify(src) by extension 'cmake'
[0.643s] Level 1:colcon.colcon_core.package_identification:_identify(src) by extension 'python'
[0.644s] Level 1:colcon.colcon_core.package_identification:_identify(src) by extensions ['python_setup_py']
[0.644s] Level 1:colcon.colcon_core.package_identification:_identify(src) by extension 'python_setup_py'
[0.644s] Level 1:colcon.colcon_core.package_identification:_identify(src/robo_core) by extensions ['ignore', 'ignore_ament_install']
[0.644s] Level 1:colcon.colcon_core.package_identification:_identify(src/robo_core) by extension 'ignore'
[0.644s] Level 1:colcon.colcon_core.package_identification:_identify(src/robo_core) by extension 'ignore_ament_install'
[0.644s] Level 1:colcon.colcon_core.package_identification:_identify(src/robo_core) by extensions ['colcon_pkg']
[0.644s] Level 1:colcon.colcon_core.package_identification:_identify(src/robo_core) by extension 'colcon_pkg'
[0.644s] Level 1:colcon.colcon_core.package_identification:_identify(src/robo_core) by extensions ['colcon_meta']
[0.644s] Level 1:colcon.colcon_core.package_identification:_identify(src/robo_core) by extension 'colcon_meta'
[0.644s] Level 1:colcon.colcon_core.package_identification:_identify(src/robo_core) by extensions ['ros']
[0.644s] Level 1:colcon.colcon_core.package_identification:_identify(src/robo_core) by extension 'ros'
[0.648s] DEBUG:colcon.colcon_core.package_identification:Package 'src/robo_core' with type 'ros.ament_python' and name 'robo_core'
[0.648s] Level 1:colcon.colcon_core.package_identification:_identify(src/robo_description) by extensions ['ignore', 'ignore_ament_install']
[0.648s] Level 1:colcon.colcon_core.package_identification:_identify(src/robo_description) by extension 'ignore'
[0.648s] Level 1:colcon.colcon_core.package_identification:_identify(src/robo_description) by extension 'ignore_ament_install'
[0.648s] Level 1:colcon.colcon_core.package_identification:_identify(src/robo_description) by extensions ['colcon_pkg']
[0.648s] Level 1:colcon.colcon_core.package_identification:_identify(src/robo_description) by extension 'colcon_pkg'
[0.649s] Level 1:colcon.colcon_core.package_identification:_identify(src/robo_description) by extensions ['colcon_meta']
[0.649s] Level 1:colcon.colcon_core.package_identification:_identify(src/robo_description) by extension 'colcon_meta'
[0.649s] Level 1:colcon.colcon_core.package_identification:_identify(src/robo_description) by extensions ['ros']
[0.649s] Level 1:colcon.colcon_core.package_identification:_identify(src/robo_description) by extension 'ros'
[0.649s] DEBUG:colcon.colcon_core.package_identification:Package 'src/robo_description' with type 'ros.ament_cmake' and name 'robo_description'
[0.650s] Level 1:colcon.colcon_core.package_identification:_identify(src/robo_interfaces) by extensions ['ignore', 'ignore_ament_install']
[0.650s] Level 1:colcon.colcon_core.package_identification:_identify(src/robo_interfaces) by extension 'ignore'
[0.650s] Level 1:colcon.colcon_core.package_identification:_identify(src/robo_interfaces) by extension 'ignore_ament_install'
[0.650s] Level 1:colcon.colcon_core.package_identification:_identify(src/robo_interfaces) by extensions ['colcon_pkg']
[0.650s] Level 1:colcon.colcon_core.package_identification:_identify(src/robo_interfaces) by extension 'colcon_pkg'
[0.650s] Level 1:colcon.colcon_core.package_identification:_identify(src/robo_interfaces) by extensions ['colcon_meta']
[0.650s] Level 1:colcon.colcon_core.package_identification:_identify(src/robo_interfaces) by extension 'colcon_meta'
[0.650s] Level 1:colcon.colcon_core.package_identification:_identify(src/robo_interfaces) by extensions ['ros']
[0.650s] Level 1:colcon.colcon_core.package_identification:_identify(src/robo_interfaces) by extension 'ros'
[0.651s] DEBUG:colcon.colcon_core.package_identification:Package 'src/robo_interfaces' with type 'ros.ament_cmake' and name 'robo_interfaces'
[0.651s] Level 1:colcon.colcon_core.package_discovery:discover_packages(recursive) using defaults
[0.651s] Level 1:colcon.colcon_core.package_discovery:discover_packages(ignore) discover
[0.651s] Level 1:colcon.colcon_core.package_discovery:discover_packages(ignore) using defaults
[0.651s] Level 1:colcon.colcon_core.package_discovery:discover_packages(path) discover
[0.651s] Level 1:colcon.colcon_core.package_discovery:discover_packages(path) using defaults
[0.682s] Level 1:colcon.colcon_core.package_discovery:discover_packages(prefix_path) check parameters
[0.682s] Level 1:colcon.colcon_core.package_discovery:discover_packages(prefix_path) discover
[0.687s] DEBUG:colcon.colcon_installed_package_information.package_discovery:Found 3 installed packages in /home/entity014/roboInno_ws/install
[0.689s] DEBUG:colcon.colcon_installed_package_information.package_discovery:Found 6 installed packages in /home/entity014/ros2_ws/install
[0.692s] DEBUG:colcon.colcon_installed_package_information.package_discovery:Found 391 installed packages in /opt/ros/foxy
[0.695s] Level 1:colcon.colcon_core.package_discovery:discover_packages(prefix_path) using defaults
[0.824s] Level 5:colcon.colcon_core.verb:set package 'robo_description' build argument 'cmake_args' from command line to 'None'
[0.824s] Level 5:colcon.colcon_core.verb:set package 'robo_description' build argument 'cmake_target' from command line to 'None'
[0.824s] Level 5:colcon.colcon_core.verb:set package 'robo_description' build argument 'cmake_target_skip_unavailable' from command line to 'False'
[0.824s] Level 5:colcon.colcon_core.verb:set package 'robo_description' build argument 'cmake_clean_cache' from command line to 'False'
[0.824s] Level 5:colcon.colcon_core.verb:set package 'robo_description' build argument 'cmake_clean_first' from command line to 'False'
[0.824s] Level 5:colcon.colcon_core.verb:set package 'robo_description' build argument 'cmake_force_configure' from command line to 'False'
[0.824s] Level 5:colcon.colcon_core.verb:set package 'robo_description' build argument 'ament_cmake_args' from command line to 'None'
[0.824s] Level 5:colcon.colcon_core.verb:set package 'robo_description' build argument 'catkin_cmake_args' from command line to 'None'
[0.824s] Level 5:colcon.colcon_core.verb:set package 'robo_description' build argument 'catkin_skip_building_tests' from command line to 'False'
[0.825s] DEBUG:colcon.colcon_core.verb:Building package 'robo_description' with the following arguments: {'ament_cmake_args': None, 'build_base': '/home/entity014/roboInno_ws/build/robo_description', 'catkin_cmake_args': None, 'catkin_skip_building_tests': False, 'cmake_args': None, 'cmake_clean_cache': False, 'cmake_clean_first': False, 'cmake_force_configure': False, 'cmake_target': None, 'cmake_target_skip_unavailable': False, 'install_base': '/home/entity014/roboInno_ws/install/robo_description', 'merge_install': False, 'path': '/home/entity014/roboInno_ws/src/robo_description', 'symlink_install': False, 'test_result_base': None}
[0.826s] Level 5:colcon.colcon_core.verb:set package 'robo_interfaces' build argument 'cmake_args' from command line to 'None'
[0.827s] Level 5:colcon.colcon_core.verb:set package 'robo_interfaces' build argument 'cmake_target' from command line to 'None'
[0.827s] Level 5:colcon.colcon_core.verb:set package 'robo_interfaces' build argument 'cmake_target_skip_unavailable' from command line to 'False'
[0.827s] Level 5:colcon.colcon_core.verb:set package 'robo_interfaces' build argument 'cmake_clean_cache' from command line to 'False'
[0.827s] Level 5:colcon.colcon_core.verb:set package 'robo_interfaces' build argument 'cmake_clean_first' from command line to 'False'
[0.827s] Level 5:colcon.colcon_core.verb:set package 'robo_interfaces' build argument 'cmake_force_configure' from command line to 'False'
[0.827s] Level 5:colcon.colcon_core.verb:set package 'robo_interfaces' build argument 'ament_cmake_args' from command line to 'None'
[0.827s] Level 5:colcon.colcon_core.verb:set package 'robo_interfaces' build argument 'catkin_cmake_args' from command line to 'None'
[0.827s] Level 5:colcon.colcon_core.verb:set package 'robo_interfaces' build argument 'catkin_skip_building_tests' from command line to 'False'
[0.827s] DEBUG:colcon.colcon_core.verb:Building package 'robo_interfaces' with the following arguments: {'ament_cmake_args': None, 'build_base': '/home/entity014/roboInno_ws/build/robo_interfaces', 'catkin_cmake_args': None, 'catkin_skip_building_tests': False, 'cmake_args': None, 'cmake_clean_cache': False, 'cmake_clean_first': False, 'cmake_force_configure': False, 'cmake_target': None, 'cmake_target_skip_unavailable': False, 'install_base': '/home/entity014/roboInno_ws/install/robo_interfaces', 'merge_install': False, 'path': '/home/entity014/roboInno_ws/src/robo_interfaces', 'symlink_install': False, 'test_result_base': None}
[0.829s] Level 5:colcon.colcon_core.verb:set package 'robo_core' build argument 'cmake_args' from command line to 'None'
[0.829s] Level 5:colcon.colcon_core.verb:set package 'robo_core' build argument 'cmake_target' from command line to 'None'
[0.829s] Level 5:colcon.colcon_core.verb:set package 'robo_core' build argument 'cmake_target_skip_unavailable' from command line to 'False'
[0.829s] Level 5:colcon.colcon_core.verb:set package 'robo_core' build argument 'cmake_clean_cache' from command line to 'False'
[0.829s] Level 5:colcon.colcon_core.verb:set package 'robo_core' build argument 'cmake_clean_first' from command line to 'False'
[0.829s] Level 5:colcon.colcon_core.verb:set package 'robo_core' build argument 'cmake_force_configure' from command line to 'False'
[0.829s] Level 5:colcon.colcon_core.verb:set package 'robo_core' build argument 'ament_cmake_args' from command line to 'None'
[0.829s] Level 5:colcon.colcon_core.verb:set package 'robo_core' build argument 'catkin_cmake_args' from command line to 'None'
[0.829s] Level 5:colcon.colcon_core.verb:set package 'robo_core' build argument 'catkin_skip_building_tests' from command line to 'False'
[0.830s] DEBUG:colcon.colcon_core.verb:Building package 'robo_core' with the following arguments: {'ament_cmake_args': None, 'build_base': '/home/entity014/roboInno_ws/build/robo_core', 'catkin_cmake_args': None, 'catkin_skip_building_tests': False, 'cmake_args': None, 'cmake_clean_cache': False, 'cmake_clean_first': False, 'cmake_force_configure': False, 'cmake_target': None, 'cmake_target_skip_unavailable': False, 'install_base': '/home/entity014/roboInno_ws/install/robo_core', 'merge_install': False, 'path': '/home/entity014/roboInno_ws/src/robo_core', 'symlink_install': False, 'test_result_base': None}
[0.831s] INFO:colcon.colcon_core.executor:Executing jobs using 'parallel' executor
[0.836s] DEBUG:colcon.colcon_parallel_executor.executor.parallel:run_until_complete
[0.836s] INFO:colcon.colcon_ros.task.ament_cmake.build:Building ROS package in '/home/entity014/roboInno_ws/src/robo_interfaces' with build type 'ament_cmake'
[0.837s] INFO:colcon.colcon_cmake.task.cmake.build:Building CMake package in '/home/entity014/roboInno_ws/src/robo_interfaces'
[0.844s] INFO:colcon.colcon_core.plugin_system:Skipping extension 'colcon_core.shell.bat': Not used on non-Windows systems
[0.844s] INFO:colcon.colcon_core.shell:Skip shell extension 'powershell' for command environment: Not usable outside of PowerShell
[0.844s] DEBUG:colcon.colcon_core.shell:Skip shell extension 'dsv' for command environment
[0.857s] INFO:colcon.colcon_ros.task.ament_cmake.build:Building ROS package in '/home/entity014/roboInno_ws/src/robo_description' with build type 'ament_cmake'
[0.858s] INFO:colcon.colcon_cmake.task.cmake.build:Building CMake package in '/home/entity014/roboInno_ws/src/robo_description'
[0.861s] INFO:colcon.colcon_core.shell:Skip shell extension 'powershell' for command environment: Not usable outside of PowerShell
[0.861s] DEBUG:colcon.colcon_core.shell:Skip shell extension 'dsv' for command environment
[0.885s] DEBUG:colcon.colcon_core.event_handler.log_command:Invoking command in '/home/entity014/roboInno_ws/build/robo_interfaces': CMAKE_PREFIX_PATH=${CMAKE_PREFIX_PATH}:/home/entity014/roboInno_ws/install/robo_core:/home/entity014/ros2_ws/install/swap_pillar:/opt/ros/foxy /home/entity014/.local/bin/cmake --build /home/entity014/roboInno_ws/build/robo_interfaces -- -j8 -l8
[0.902s] DEBUG:colcon.colcon_core.event_handler.log_command:Invoking command in '/home/entity014/roboInno_ws/build/robo_description': CMAKE_PREFIX_PATH=${CMAKE_PREFIX_PATH}:/home/entity014/roboInno_ws/install/robo_core:/home/entity014/ros2_ws/install/swap_pillar:/opt/ros/foxy /home/entity014/.local/bin/cmake --build /home/entity014/roboInno_ws/build/robo_description -- -j8 -l8
[0.980s] DEBUG:colcon.colcon_core.event_handler.log_command:Invoked command in '/home/entity014/roboInno_ws/build/robo_description' returned '0': CMAKE_PREFIX_PATH=${CMAKE_PREFIX_PATH}:/home/entity014/roboInno_ws/install/robo_core:/home/entity014/ros2_ws/install/swap_pillar:/opt/ros/foxy /home/entity014/.local/bin/cmake --build /home/entity014/roboInno_ws/build/robo_description -- -j8 -l8
[1.128s] DEBUG:colcon.colcon_core.event_handler.log_command:Invoking command in '/home/entity014/roboInno_ws/build/robo_description': CMAKE_PREFIX_PATH=${CMAKE_PREFIX_PATH}:/home/entity014/roboInno_ws/install/robo_core:/home/entity014/ros2_ws/install/swap_pillar:/opt/ros/foxy /home/entity014/.local/bin/cmake --install /home/entity014/roboInno_ws/build/robo_description
[1.131s] DEBUG:colcon.colcon_core.event_handler.log_command:Invoked command in '/home/entity014/roboInno_ws/build/robo_interfaces' returned '0': CMAKE_PREFIX_PATH=${CMAKE_PREFIX_PATH}:/home/entity014/roboInno_ws/install/robo_core:/home/entity014/ros2_ws/install/swap_pillar:/opt/ros/foxy /home/entity014/.local/bin/cmake --build /home/entity014/roboInno_ws/build/robo_interfaces -- -j8 -l8
[1.213s] Level 1:colcon.colcon_core.environment:create_environment_scripts_only(robo_description)
[1.226s] DEBUG:colcon.colcon_core.event_handler.log_command:Invoked command in '/home/entity014/roboInno_ws/build/robo_description' returned '0': CMAKE_PREFIX_PATH=${CMAKE_PREFIX_PATH}:/home/entity014/roboInno_ws/install/robo_core:/home/entity014/ros2_ws/install/swap_pillar:/opt/ros/foxy /home/entity014/.local/bin/cmake --install /home/entity014/roboInno_ws/build/robo_description
[1.237s] Level 1:colcon.colcon_core.environment:checking '/home/entity014/roboInno_ws/install/robo_description' for CMake module files
[1.239s] Level 1:colcon.colcon_core.environment:checking '/home/entity014/roboInno_ws/install/robo_description' for CMake config files
[1.239s] Level 1:colcon.colcon_core.shell:create_environment_hook('robo_description', 'cmake_prefix_path')
[1.242s] INFO:colcon.colcon_core.shell:Creating environment hook '/home/entity014/roboInno_ws/install/robo_description/share/robo_description/hook/cmake_prefix_path.ps1'
[1.244s] INFO:colcon.colcon_core.shell:Creating environment descriptor '/home/entity014/roboInno_ws/install/robo_description/share/robo_description/hook/cmake_prefix_path.dsv'
[1.245s] INFO:colcon.colcon_core.shell:Creating environment hook '/home/entity014/roboInno_ws/install/robo_description/share/robo_description/hook/cmake_prefix_path.sh'
[1.247s] Level 1:colcon.colcon_core.environment:checking '/home/entity014/roboInno_ws/install/robo_description/bin'
[1.248s] Level 1:colcon.colcon_core.environment:checking '/home/entity014/roboInno_ws/install/robo_description/lib/pkgconfig/robo_description.pc'
[1.249s] Level 1:colcon.colcon_core.environment:checking '/home/entity014/roboInno_ws/install/robo_description/lib/python3.8/site-packages'
[1.249s] Level 1:colcon.colcon_core.environment:checking '/home/entity014/roboInno_ws/install/robo_description/bin'
[1.253s] INFO:colcon.colcon_core.shell:Creating package script '/home/entity014/roboInno_ws/install/robo_description/share/robo_description/package.ps1'
[1.255s] INFO:colcon.colcon_core.shell:Creating package descriptor '/home/entity014/roboInno_ws/install/robo_description/share/robo_description/package.dsv'
[1.256s] INFO:colcon.colcon_core.shell:Creating package script '/home/entity014/roboInno_ws/install/robo_description/share/robo_description/package.sh'
[1.258s] INFO:colcon.colcon_core.shell:Creating package script '/home/entity014/roboInno_ws/install/robo_description/share/robo_description/package.bash'
[1.260s] INFO:colcon.colcon_core.shell:Creating package script '/home/entity014/roboInno_ws/install/robo_description/share/robo_description/package.zsh'
[1.261s] Level 1:colcon.colcon_core.environment:create_file_with_runtime_dependencies(/home/entity014/roboInno_ws/install/robo_description/share/colcon-core/packages/robo_description)
[1.317s] DEBUG:colcon.colcon_core.event_handler.log_command:Invoking command in '/home/entity014/roboInno_ws/build/robo_interfaces': CMAKE_PREFIX_PATH=${CMAKE_PREFIX_PATH}:/home/entity014/roboInno_ws/install/robo_core:/home/entity014/ros2_ws/install/swap_pillar:/opt/ros/foxy /home/entity014/.local/bin/cmake --install /home/entity014/roboInno_ws/build/robo_interfaces
[1.377s] Level 1:colcon.colcon_core.environment:create_environment_scripts_only(robo_description)
[1.382s] Level 1:colcon.colcon_core.environment:checking '/home/entity014/roboInno_ws/install/robo_description' for CMake module files
[1.383s] Level 1:colcon.colcon_core.environment:checking '/home/entity014/roboInno_ws/install/robo_description' for CMake config files
[1.383s] Level 1:colcon.colcon_core.shell:create_environment_hook('robo_description', 'cmake_prefix_path')
[1.388s] INFO:colcon.colcon_core.shell:Creating environment hook '/home/entity014/roboInno_ws/install/robo_description/share/robo_description/hook/cmake_prefix_path.ps1'
[1.389s] INFO:colcon.colcon_core.shell:Creating environment descriptor '/home/entity014/roboInno_ws/install/robo_description/share/robo_description/hook/cmake_prefix_path.dsv'
[1.390s] INFO:colcon.colcon_core.shell:Creating environment hook '/home/entity014/roboInno_ws/install/robo_description/share/robo_description/hook/cmake_prefix_path.sh'
[1.391s] Level 1:colcon.colcon_core.environment:checking '/home/entity014/roboInno_ws/install/robo_description/bin'
[1.391s] Level 1:colcon.colcon_core.environment:checking '/home/entity014/roboInno_ws/install/robo_description/lib/pkgconfig/robo_description.pc'
[1.392s] Level 1:colcon.colcon_core.environment:checking '/home/entity014/roboInno_ws/install/robo_description/lib/python3.8/site-packages'
[1.393s] Level 1:colcon.colcon_core.environment:checking '/home/entity014/roboInno_ws/install/robo_description/bin'
[1.395s] INFO:colcon.colcon_core.shell:Creating package script '/home/entity014/roboInno_ws/install/robo_description/share/robo_description/package.ps1'
[1.396s] INFO:colcon.colcon_core.shell:Creating package descriptor '/home/entity014/roboInno_ws/install/robo_description/share/robo_description/package.dsv'
[1.397s] INFO:colcon.colcon_core.shell:Creating package script '/home/entity014/roboInno_ws/install/robo_description/share/robo_description/package.sh'
[1.398s] INFO:colcon.colcon_core.shell:Creating package script '/home/entity014/roboInno_ws/install/robo_description/share/robo_description/package.bash'
[1.398s] INFO:colcon.colcon_core.shell:Creating package script '/home/entity014/roboInno_ws/install/robo_description/share/robo_description/package.zsh'
[1.399s] Level 1:colcon.colcon_core.environment:create_file_with_runtime_dependencies(/home/entity014/roboInno_ws/install/robo_description/share/colcon-core/packages/robo_description)
[1.489s] Level 1:colcon.colcon_core.environment:create_environment_scripts_only(robo_interfaces)
[1.492s] Level 1:colcon.colcon_core.environment:checking '/home/entity014/roboInno_ws/install/robo_interfaces' for CMake module files
[1.493s] DEBUG:colcon.colcon_core.event_handler.log_command:Invoked command in '/home/entity014/roboInno_ws/build/robo_interfaces' returned '0': CMAKE_PREFIX_PATH=${CMAKE_PREFIX_PATH}:/home/entity014/roboInno_ws/install/robo_core:/home/entity014/ros2_ws/install/swap_pillar:/opt/ros/foxy /home/entity014/.local/bin/cmake --install /home/entity014/roboInno_ws/build/robo_interfaces
[1.494s] Level 1:colcon.colcon_core.environment:checking '/home/entity014/roboInno_ws/install/robo_interfaces' for CMake config files
[1.495s] Level 1:colcon.colcon_core.shell:create_environment_hook('robo_interfaces', 'cmake_prefix_path')
[1.497s] INFO:colcon.colcon_core.shell:Creating environment hook '/home/entity014/roboInno_ws/install/robo_interfaces/share/robo_interfaces/hook/cmake_prefix_path.ps1'
[1.498s] INFO:colcon.colcon_core.shell:Creating environment descriptor '/home/entity014/roboInno_ws/install/robo_interfaces/share/robo_interfaces/hook/cmake_prefix_path.dsv'
[1.498s] INFO:colcon.colcon_core.shell:Creating environment hook '/home/entity014/roboInno_ws/install/robo_interfaces/share/robo_interfaces/hook/cmake_prefix_path.sh'
[1.499s] Level 1:colcon.colcon_core.environment:checking '/home/entity014/roboInno_ws/install/robo_interfaces/lib'
[1.499s] Level 1:colcon.colcon_core.shell:create_environment_hook('robo_interfaces', 'ld_library_path_lib')
[1.502s] INFO:colcon.colcon_core.shell:Creating environment hook '/home/entity014/roboInno_ws/install/robo_interfaces/share/robo_interfaces/hook/ld_library_path_lib.ps1'
[1.502s] INFO:colcon.colcon_core.shell:Creating environment descriptor '/home/entity014/roboInno_ws/install/robo_interfaces/share/robo_interfaces/hook/ld_library_path_lib.dsv'
[1.503s] INFO:colcon.colcon_core.shell:Creating environment hook '/home/entity014/roboInno_ws/install/robo_interfaces/share/robo_interfaces/hook/ld_library_path_lib.sh'
[1.503s] Level 1:colcon.colcon_core.environment:checking '/home/entity014/roboInno_ws/install/robo_interfaces/bin'
[1.503s] Level 1:colcon.colcon_core.environment:checking '/home/entity014/roboInno_ws/install/robo_interfaces/lib/pkgconfig/robo_interfaces.pc'
[1.503s] Level 1:colcon.colcon_core.environment:checking '/home/entity014/roboInno_ws/install/robo_interfaces/lib/python3.8/site-packages'
[1.504s] Level 1:colcon.colcon_core.shell:create_environment_hook('robo_interfaces', 'pythonpath')
[1.506s] INFO:colcon.colcon_core.shell:Creating environment hook '/home/entity014/roboInno_ws/install/robo_interfaces/share/robo_interfaces/hook/pythonpath.ps1'
[1.506s] INFO:colcon.colcon_core.shell:Creating environment descriptor '/home/entity014/roboInno_ws/install/robo_interfaces/share/robo_interfaces/hook/pythonpath.dsv'
[1.507s] INFO:colcon.colcon_core.shell:Creating environment hook '/home/entity014/roboInno_ws/install/robo_interfaces/share/robo_interfaces/hook/pythonpath.sh'
[1.507s] Level 1:colcon.colcon_core.environment:checking '/home/entity014/roboInno_ws/install/robo_interfaces/bin'
[1.510s] INFO:colcon.colcon_core.shell:Creating package script '/home/entity014/roboInno_ws/install/robo_interfaces/share/robo_interfaces/package.ps1'
[1.510s] INFO:colcon.colcon_core.shell:Creating package descriptor '/home/entity014/roboInno_ws/install/robo_interfaces/share/robo_interfaces/package.dsv'
[1.511s] INFO:colcon.colcon_core.shell:Creating package script '/home/entity014/roboInno_ws/install/robo_interfaces/share/robo_interfaces/package.sh'
[1.512s] INFO:colcon.colcon_core.shell:Creating package script '/home/entity014/roboInno_ws/install/robo_interfaces/share/robo_interfaces/package.bash'
[1.512s] INFO:colcon.colcon_core.shell:Creating package script '/home/entity014/roboInno_ws/install/robo_interfaces/share/robo_interfaces/package.zsh'
[1.512s] Level 1:colcon.colcon_core.environment:create_file_with_runtime_dependencies(/home/entity014/roboInno_ws/install/robo_interfaces/share/colcon-core/packages/robo_interfaces)
[1.641s] Level 1:colcon.colcon_core.environment:create_environment_scripts_only(robo_interfaces)
[1.644s] Level 1:colcon.colcon_core.environment:checking '/home/entity014/roboInno_ws/install/robo_interfaces' for CMake module files
[1.645s] Level 1:colcon.colcon_core.environment:checking '/home/entity014/roboInno_ws/install/robo_interfaces' for CMake config files
[1.646s] Level 1:colcon.colcon_core.shell:create_environment_hook('robo_interfaces', 'cmake_prefix_path')
[1.648s] INFO:colcon.colcon_core.shell:Creating environment hook '/home/entity014/roboInno_ws/install/robo_interfaces/share/robo_interfaces/hook/cmake_prefix_path.ps1'
[1.649s] INFO:colcon.colcon_core.shell:Creating environment descriptor '/home/entity014/roboInno_ws/install/robo_interfaces/share/robo_interfaces/hook/cmake_prefix_path.dsv'
[1.650s] INFO:colcon.colcon_core.shell:Creating environment hook '/home/entity014/roboInno_ws/install/robo_interfaces/share/robo_interfaces/hook/cmake_prefix_path.sh'
[1.650s] Level 1:colcon.colcon_core.environment:checking '/home/entity014/roboInno_ws/install/robo_interfaces/lib'
[1.651s] Level 1:colcon.colcon_core.shell:create_environment_hook('robo_interfaces', 'ld_library_path_lib')
[1.653s] INFO:colcon.colcon_core.shell:Creating environment hook '/home/entity014/roboInno_ws/install/robo_interfaces/share/robo_interfaces/hook/ld_library_path_lib.ps1'
[1.653s] INFO:colcon.colcon_core.shell:Creating environment descriptor '/home/entity014/roboInno_ws/install/robo_interfaces/share/robo_interfaces/hook/ld_library_path_lib.dsv'
[1.654s] INFO:colcon.colcon_core.shell:Creating environment hook '/home/entity014/roboInno_ws/install/robo_interfaces/share/robo_interfaces/hook/ld_library_path_lib.sh'
[1.654s] Level 1:colcon.colcon_core.environment:checking '/home/entity014/roboInno_ws/install/robo_interfaces/bin'
[1.654s] Level 1:colcon.colcon_core.environment:checking '/home/entity014/roboInno_ws/install/robo_interfaces/lib/pkgconfig/robo_interfaces.pc'
[1.655s] Level 1:colcon.colcon_core.environment:checking '/home/entity014/roboInno_ws/install/robo_interfaces/lib/python3.8/site-packages'
[1.655s] Level 1:colcon.colcon_core.shell:create_environment_hook('robo_interfaces', 'pythonpath')
[1.657s] INFO:colcon.colcon_core.shell:Creating environment hook '/home/entity014/roboInno_ws/install/robo_interfaces/share/robo_interfaces/hook/pythonpath.ps1'
[1.658s] INFO:colcon.colcon_core.shell:Creating environment descriptor '/home/entity014/roboInno_ws/install/robo_interfaces/share/robo_interfaces/hook/pythonpath.dsv'
[1.658s] INFO:colcon.colcon_core.shell:Creating environment hook '/home/entity014/roboInno_ws/install/robo_interfaces/share/robo_interfaces/hook/pythonpath.sh'
[1.659s] Level 1:colcon.colcon_core.environment:checking '/home/entity014/roboInno_ws/install/robo_interfaces/bin'
[1.661s] INFO:colcon.colcon_core.shell:Creating package script '/home/entity014/roboInno_ws/install/robo_interfaces/share/robo_interfaces/package.ps1'
[1.662s] INFO:colcon.colcon_core.shell:Creating package descriptor '/home/entity014/roboInno_ws/install/robo_interfaces/share/robo_interfaces/package.dsv'
[1.663s] INFO:colcon.colcon_core.shell:Creating package script '/home/entity014/roboInno_ws/install/robo_interfaces/share/robo_interfaces/package.sh'
[1.663s] INFO:colcon.colcon_core.shell:Creating package script '/home/entity014/roboInno_ws/install/robo_interfaces/share/robo_interfaces/package.bash'
[1.664s] INFO:colcon.colcon_core.shell:Creating package script '/home/entity014/roboInno_ws/install/robo_interfaces/share/robo_interfaces/package.zsh'
[1.665s] Level 1:colcon.colcon_core.environment:create_file_with_runtime_dependencies(/home/entity014/roboInno_ws/install/robo_interfaces/share/colcon-core/packages/robo_interfaces)
[1.665s] INFO:colcon.colcon_ros.task.ament_python.build:Building ROS package in '/home/entity014/roboInno_ws/src/robo_core' with build type 'ament_python'
[1.666s] Level 1:colcon.colcon_core.shell:create_environment_hook('robo_core', 'ament_prefix_path')
[1.670s] INFO:colcon.colcon_core.shell:Creating environment hook '/home/entity014/roboInno_ws/install/robo_core/share/robo_core/hook/ament_prefix_path.ps1'
[1.671s] INFO:colcon.colcon_core.shell:Creating environment descriptor '/home/entity014/roboInno_ws/install/robo_core/share/robo_core/hook/ament_prefix_path.dsv'
[1.672s] INFO:colcon.colcon_core.shell:Creating environment hook '/home/entity014/roboInno_ws/install/robo_core/share/robo_core/hook/ament_prefix_path.sh'
[1.675s] INFO:colcon.colcon_core.shell:Skip shell extension 'powershell' for command environment: Not usable outside of PowerShell
[1.675s] DEBUG:colcon.colcon_core.shell:Skip shell extension 'dsv' for command environment
[2.185s] INFO:colcon.colcon_core.task.python.build:Building Python package in '/home/entity014/roboInno_ws/src/robo_core'
[2.188s] INFO:colcon.colcon_core.shell:Skip shell extension 'powershell' for command environment: Not usable outside of PowerShell
[2.188s] DEBUG:colcon.colcon_core.shell:Skip shell extension 'dsv' for command environment
[2.912s] DEBUG:colcon.colcon_core.event_handler.log_command:Invoking command in '/home/entity014/roboInno_ws/src/robo_core': PYTHONPATH=/home/entity014/roboInno_ws/build/robo_core/prefix_override:/home/entity014/roboInno_ws/install/robo_core/lib/python3.8/site-packages:/home/entity014/roboInno_ws/install/robo_interfaces/lib/python3.8/site-packages:/home/entity014/roboInno_ws/install/robo_core/lib/python3.8/site-packages:/home/entity014/ros2_ws/build/swap_pillar:/home/entity014/ros2_ws/install/swap_pillar/lib/python3.8/site-packages:/home/entity014/ros2_ws/install/micro_ros_msgs/lib/python3.8/site-packages:/home/entity014/ros2_ws/install/drive_base_msgs/lib/python3.8/site-packages:/opt/ros/foxy/lib/python3.8/site-packages /usr/bin/python3 setup.py egg_info --egg-base ../../build/robo_core build --build-base /home/entity014/roboInno_ws/build/robo_core/build install --record /home/entity014/roboInno_ws/build/robo_core/install.log --install-scripts $base/lib/robo_core --single-version-externally-managed
[3.497s] Level 1:colcon.colcon_core.environment:checking '/home/entity014/roboInno_ws/install/robo_core' for CMake module files
[3.499s] DEBUG:colcon.colcon_core.event_handler.log_command:Invoked command in '/home/entity014/roboInno_ws/src/robo_core' returned '0': PYTHONPATH=/home/entity014/roboInno_ws/build/robo_core/prefix_override:/home/entity014/roboInno_ws/install/robo_core/lib/python3.8/site-packages:/home/entity014/roboInno_ws/install/robo_interfaces/lib/python3.8/site-packages:/home/entity014/roboInno_ws/install/robo_core/lib/python3.8/site-packages:/home/entity014/ros2_ws/build/swap_pillar:/home/entity014/ros2_ws/install/swap_pillar/lib/python3.8/site-packages:/home/entity014/ros2_ws/install/micro_ros_msgs/lib/python3.8/site-packages:/home/entity014/ros2_ws/install/drive_base_msgs/lib/python3.8/site-packages:/opt/ros/foxy/lib/python3.8/site-packages /usr/bin/python3 setup.py egg_info --egg-base ../../build/robo_core build --build-base /home/entity014/roboInno_ws/build/robo_core/build install --record /home/entity014/roboInno_ws/build/robo_core/install.log --install-scripts $base/lib/robo_core --single-version-externally-managed
[3.499s] Level 1:colcon.colcon_core.environment:checking '/home/entity014/roboInno_ws/install/robo_core' for CMake config files
[3.500s] Level 1:colcon.colcon_core.environment:checking '/home/entity014/roboInno_ws/install/robo_core/lib'
[3.501s] Level 1:colcon.colcon_core.environment:checking '/home/entity014/roboInno_ws/install/robo_core/bin'
[3.501s] Level 1:colcon.colcon_core.environment:checking '/home/entity014/roboInno_ws/install/robo_core/lib/pkgconfig/robo_core.pc'
[3.501s] Level 1:colcon.colcon_core.environment:checking '/home/entity014/roboInno_ws/install/robo_core/lib/python3.8/site-packages'
[3.501s] Level 1:colcon.colcon_core.shell:create_environment_hook('robo_core', 'pythonpath')
[3.503s] INFO:colcon.colcon_core.shell:Creating environment hook '/home/entity014/roboInno_ws/install/robo_core/share/robo_core/hook/pythonpath.ps1'
[3.504s] INFO:colcon.colcon_core.shell:Creating environment descriptor '/home/entity014/roboInno_ws/install/robo_core/share/robo_core/hook/pythonpath.dsv'
[3.505s] INFO:colcon.colcon_core.shell:Creating environment hook '/home/entity014/roboInno_ws/install/robo_core/share/robo_core/hook/pythonpath.sh'
[3.505s] Level 1:colcon.colcon_core.environment:checking '/home/entity014/roboInno_ws/install/robo_core/bin'
[3.505s] Level 1:colcon.colcon_core.environment:create_environment_scripts_only(robo_core)
[3.508s] INFO:colcon.colcon_core.shell:Creating package script '/home/entity014/roboInno_ws/install/robo_core/share/robo_core/package.ps1'
[3.508s] INFO:colcon.colcon_core.shell:Creating package descriptor '/home/entity014/roboInno_ws/install/robo_core/share/robo_core/package.dsv'
[3.509s] INFO:colcon.colcon_core.shell:Creating package script '/home/entity014/roboInno_ws/install/robo_core/share/robo_core/package.sh'
[3.510s] INFO:colcon.colcon_core.shell:Creating package script '/home/entity014/roboInno_ws/install/robo_core/share/robo_core/package.bash'
[3.510s] INFO:colcon.colcon_core.shell:Creating package script '/home/entity014/roboInno_ws/install/robo_core/share/robo_core/package.zsh'
[3.510s] Level 1:colcon.colcon_core.environment:create_file_with_runtime_dependencies(/home/entity014/roboInno_ws/install/robo_core/share/colcon-core/packages/robo_core)
[3.511s] DEBUG:colcon.colcon_parallel_executor.executor.parallel:closing loop
[3.511s] DEBUG:colcon.colcon_parallel_executor.executor.parallel:loop closed
[3.511s] DEBUG:colcon.colcon_parallel_executor.executor.parallel:run_until_complete finished with '0'
[3.511s] DEBUG:colcon.colcon_core.event_reactor:joining thread
[3.520s] INFO:colcon.colcon_core.plugin_system:Skipping extension 'colcon_notification.desktop_notification.terminal_notifier': Not used on non-Darwin systems
[3.520s] INFO:colcon.colcon_core.plugin_system:Skipping extension 'colcon_notification.desktop_notification.win32': Not used on non-Windows systems
[3.520s] INFO:colcon.colcon_notification.desktop_notification:Sending desktop notification using 'notify2'
[3.546s] DEBUG:colcon.colcon_core.event_reactor:joined thread
[3.550s] INFO:colcon.colcon_core.shell:Creating prefix script '/home/entity014/roboInno_ws/install/local_setup.ps1'
[3.552s] INFO:colcon.colcon_core.shell:Creating prefix util module '/home/entity014/roboInno_ws/install/_local_setup_util_ps1.py'
[3.555s] INFO:colcon.colcon_core.shell:Creating prefix chain script '/home/entity014/roboInno_ws/install/setup.ps1'
[3.559s] INFO:colcon.colcon_core.shell:Creating prefix script '/home/entity014/roboInno_ws/install/local_setup.sh'
[3.559s] INFO:colcon.colcon_core.shell:Creating prefix util module '/home/entity014/roboInno_ws/install/_local_setup_util_sh.py'
[3.560s] INFO:colcon.colcon_core.shell:Creating prefix chain script '/home/entity014/roboInno_ws/install/setup.sh'
[3.564s] INFO:colcon.colcon_core.shell:Creating prefix script '/home/entity014/roboInno_ws/install/local_setup.bash'
[3.565s] INFO:colcon.colcon_core.shell:Creating prefix chain script '/home/entity014/roboInno_ws/install/setup.bash'
[3.569s] INFO:colcon.colcon_core.shell:Creating prefix script '/home/entity014/roboInno_ws/install/local_setup.zsh'
[3.570s] INFO:colcon.colcon_core.shell:Creating prefix chain script '/home/entity014/roboInno_ws/install/setup.zsh'
