[1.548s] DEBUG:colcon:Command line arguments: ['/usr/bin/colcon', 'build']
[1.548s] DEBUG:colcon:Parsed command line arguments: Namespace(allow_overriding=[], ament_cmake_args=None, base_paths=['.'], build_base='build', catkin_cmake_args=None, catkin_skip_building_tests=False, cmake_args=None, cmake_clean_cache=False, cmake_clean_first=False, cmake_force_configure=False, cmake_target=None, cmake_target_skip_unavailable=False, continue_on_error=False, event_handlers=None, executor='parallel', ignore_user_meta=False, install_base='install', log_base=None, log_level=None, main=<bound method BuildVerb.main of <colcon_core.verb.build.BuildVerb object at 0x7fade5035580>>, merge_install=False, metas=['./colcon.meta'], packages_above=None, packages_above_and_dependencies=None, packages_above_depth=None, packages_end=None, packages_ignore=None, packages_ignore_regex=None, packages_select=None, packages_select_build_failed=False, packages_select_by_dep=None, packages_select_regex=None, packages_select_test_failures=False, packages_skip=None, packages_skip_build_finished=False, packages_skip_by_dep=None, packages_skip_regex=None, packages_skip_test_passed=False, packages_skip_up_to=None, packages_start=None, packages_up_to=None, packages_up_to_regex=None, parallel_workers=8, paths=None, symlink_install=False, test_result_base=None, verb_extension=<colcon_core.verb.build.BuildVerb object at 0x7fade5035580>, verb_name='build', verb_parser=<colcon_defaults.argument_parser.defaults.DefaultArgumentsDecorator object at 0x7fade5035ac0>)
[1.671s] Level 1:colcon.colcon_core.package_discovery:discover_packages(colcon_meta) check parameters
[1.671s] Level 1:colcon.colcon_core.package_discovery:discover_packages(recursive) check parameters
[1.671s] Level 1:colcon.colcon_core.package_discovery:discover_packages(ignore) check parameters
[1.671s] Level 1:colcon.colcon_core.package_discovery:discover_packages(path) check parameters
[1.671s] Level 1:colcon.colcon_core.package_discovery:discover_packages(colcon_meta) discover
[1.671s] Level 1:colcon.colcon_core.package_discovery:discover_packages(recursive) discover
[1.672s] INFO:colcon.colcon_core.package_discovery:Crawling recursively for packages in '/home/entity014/roboInno_ws'
[1.672s] Level 1:colcon.colcon_core.package_identification:_identify(.) by extensions ['ignore', 'ignore_ament_install']
[1.672s] Level 1:colcon.colcon_core.package_identification:_identify(.) by extension 'ignore'
[1.672s] Level 1:colcon.colcon_core.package_identification:_identify(.) by extension 'ignore_ament_install'
[1.672s] Level 1:colcon.colcon_core.package_identification:_identify(.) by extensions ['colcon_pkg']
[1.672s] Level 1:colcon.colcon_core.package_identification:_identify(.) by extension 'colcon_pkg'
[1.673s] Level 1:colcon.colcon_core.package_identification:_identify(.) by extensions ['colcon_meta']
[1.673s] Level 1:colcon.colcon_core.package_identification:_identify(.) by extension 'colcon_meta'
[1.673s] Level 1:colcon.colcon_core.package_identification:_identify(.) by extensions ['ros']
[1.673s] Level 1:colcon.colcon_core.package_identification:_identify(.) by extension 'ros'
[1.732s] Level 1:colcon.colcon_core.package_identification:_identify(.) by extensions ['cmake', 'python']
[1.733s] Level 1:colcon.colcon_core.package_identification:_identify(.) by extension 'cmake'
[1.733s] Level 1:colcon.colcon_core.package_identification:_identify(.) by extension 'python'
[1.733s] Level 1:colcon.colcon_core.package_identification:_identify(.) by extensions ['python_setup_py']
[1.733s] Level 1:colcon.colcon_core.package_identification:_identify(.) by extension 'python_setup_py'
[1.733s] Level 1:colcon.colcon_core.package_identification:_identify(build) by extensions ['ignore', 'ignore_ament_install']
[1.733s] Level 1:colcon.colcon_core.package_identification:_identify(build) by extension 'ignore'
[1.734s] Level 1:colcon.colcon_core.package_identification:_identify(build) ignored
[1.734s] Level 1:colcon.colcon_core.package_identification:_identify(extension) by extensions ['ignore', 'ignore_ament_install']
[1.734s] Level 1:colcon.colcon_core.package_identification:_identify(extension) by extension 'ignore'
[1.734s] Level 1:colcon.colcon_core.package_identification:_identify(extension) by extension 'ignore_ament_install'
[1.734s] Level 1:colcon.colcon_core.package_identification:_identify(extension) by extensions ['colcon_pkg']
[1.734s] Level 1:colcon.colcon_core.package_identification:_identify(extension) by extension 'colcon_pkg'
[1.734s] Level 1:colcon.colcon_core.package_identification:_identify(extension) by extensions ['colcon_meta']
[1.734s] Level 1:colcon.colcon_core.package_identification:_identify(extension) by extension 'colcon_meta'
[1.735s] Level 1:colcon.colcon_core.package_identification:_identify(extension) by extensions ['ros']
[1.735s] Level 1:colcon.colcon_core.package_identification:_identify(extension) by extension 'ros'
[1.735s] Level 1:colcon.colcon_core.package_identification:_identify(extension) by extensions ['cmake', 'python']
[1.735s] Level 1:colcon.colcon_core.package_identification:_identify(extension) by extension 'cmake'
[1.735s] Level 1:colcon.colcon_core.package_identification:_identify(extension) by extension 'python'
[1.735s] Level 1:colcon.colcon_core.package_identification:_identify(extension) by extensions ['python_setup_py']
[1.735s] Level 1:colcon.colcon_core.package_identification:_identify(extension) by extension 'python_setup_py'
[1.736s] Level 1:colcon.colcon_core.package_identification:_identify(install) by extensions ['ignore', 'ignore_ament_install']
[1.736s] Level 1:colcon.colcon_core.package_identification:_identify(install) by extension 'ignore'
[1.736s] Level 1:colcon.colcon_core.package_identification:_identify(install) ignored
[1.736s] Level 1:colcon.colcon_core.package_identification:_identify(log) by extensions ['ignore', 'ignore_ament_install']
[1.736s] Level 1:colcon.colcon_core.package_identification:_identify(log) by extension 'ignore'
[1.736s] Level 1:colcon.colcon_core.package_identification:_identify(log) ignored
[1.737s] Level 1:colcon.colcon_core.package_identification:_identify(robo_hardware) by extensions ['ignore', 'ignore_ament_install']
[1.737s] Level 1:colcon.colcon_core.package_identification:_identify(robo_hardware) by extension 'ignore'
[1.737s] Level 1:colcon.colcon_core.package_identification:_identify(robo_hardware) by extension 'ignore_ament_install'
[1.737s] Level 1:colcon.colcon_core.package_identification:_identify(robo_hardware) by extensions ['colcon_pkg']
[1.737s] Level 1:colcon.colcon_core.package_identification:_identify(robo_hardware) by extension 'colcon_pkg'
[1.737s] Level 1:colcon.colcon_core.package_identification:_identify(robo_hardware) by extensions ['colcon_meta']
[1.737s] Level 1:colcon.colcon_core.package_identification:_identify(robo_hardware) by extension 'colcon_meta'
[1.737s] Level 1:colcon.colcon_core.package_identification:_identify(robo_hardware) by extensions ['ros']
[1.737s] Level 1:colcon.colcon_core.package_identification:_identify(robo_hardware) by extension 'ros'
[1.738s] Level 1:colcon.colcon_core.package_identification:_identify(robo_hardware) by extensions ['cmake', 'python']
[1.738s] Level 1:colcon.colcon_core.package_identification:_identify(robo_hardware) by extension 'cmake'
[1.738s] Level 1:colcon.colcon_core.package_identification:_identify(robo_hardware) by extension 'python'
[1.738s] Level 1:colcon.colcon_core.package_identification:_identify(robo_hardware) by extensions ['python_setup_py']
[1.738s] Level 1:colcon.colcon_core.package_identification:_identify(robo_hardware) by extension 'python_setup_py'
[1.738s] Level 1:colcon.colcon_core.package_identification:_identify(robo_hardware/roboCore) by extensions ['ignore', 'ignore_ament_install']
[1.738s] Level 1:colcon.colcon_core.package_identification:_identify(robo_hardware/roboCore) by extension 'ignore'
[1.738s] Level 1:colcon.colcon_core.package_identification:_identify(robo_hardware/roboCore) by extension 'ignore_ament_install'
[1.738s] Level 1:colcon.colcon_core.package_identification:_identify(robo_hardware/roboCore) by extensions ['colcon_pkg']
[1.739s] Level 1:colcon.colcon_core.package_identification:_identify(robo_hardware/roboCore) by extension 'colcon_pkg'
[1.739s] Level 1:colcon.colcon_core.package_identification:_identify(robo_hardware/roboCore) by extensions ['colcon_meta']
[1.739s] Level 1:colcon.colcon_core.package_identification:_identify(robo_hardware/roboCore) by extension 'colcon_meta'
[1.739s] Level 1:colcon.colcon_core.package_identification:_identify(robo_hardware/roboCore) by extensions ['ros']
[1.739s] Level 1:colcon.colcon_core.package_identification:_identify(robo_hardware/roboCore) by extension 'ros'
[1.740s] Level 1:colcon.colcon_core.package_identification:_identify(robo_hardware/roboCore) by extensions ['cmake', 'python']
[1.740s] Level 1:colcon.colcon_core.package_identification:_identify(robo_hardware/roboCore) by extension 'cmake'
[1.740s] Level 1:colcon.colcon_core.package_identification:_identify(robo_hardware/roboCore) by extension 'python'
[1.740s] Level 1:colcon.colcon_core.package_identification:_identify(robo_hardware/roboCore) by extensions ['python_setup_py']
[1.740s] Level 1:colcon.colcon_core.package_identification:_identify(robo_hardware/roboCore) by extension 'python_setup_py'
[1.740s] Level 1:colcon.colcon_core.package_identification:_identify(robo_hardware/roboCore/config) by extensions ['ignore', 'ignore_ament_install']
[1.740s] Level 1:colcon.colcon_core.package_identification:_identify(robo_hardware/roboCore/config) by extension 'ignore'
[1.741s] Level 1:colcon.colcon_core.package_identification:_identify(robo_hardware/roboCore/config) by extension 'ignore_ament_install'
[1.741s] Level 1:colcon.colcon_core.package_identification:_identify(robo_hardware/roboCore/config) by extensions ['colcon_pkg']
[1.741s] Level 1:colcon.colcon_core.package_identification:_identify(robo_hardware/roboCore/config) by extension 'colcon_pkg'
[1.741s] Level 1:colcon.colcon_core.package_identification:_identify(robo_hardware/roboCore/config) by extensions ['colcon_meta']
[1.741s] Level 1:colcon.colcon_core.package_identification:_identify(robo_hardware/roboCore/config) by extension 'colcon_meta'
[1.741s] Level 1:colcon.colcon_core.package_identification:_identify(robo_hardware/roboCore/config) by extensions ['ros']
[1.741s] Level 1:colcon.colcon_core.package_identification:_identify(robo_hardware/roboCore/config) by extension 'ros'
[1.741s] Level 1:colcon.colcon_core.package_identification:_identify(robo_hardware/roboCore/config) by extensions ['cmake', 'python']
[1.741s] Level 1:colcon.colcon_core.package_identification:_identify(robo_hardware/roboCore/config) by extension 'cmake'
[1.741s] Level 1:colcon.colcon_core.package_identification:_identify(robo_hardware/roboCore/config) by extension 'python'
[1.741s] Level 1:colcon.colcon_core.package_identification:_identify(robo_hardware/roboCore/config) by extensions ['python_setup_py']
[1.741s] Level 1:colcon.colcon_core.package_identification:_identify(robo_hardware/roboCore/config) by extension 'python_setup_py'
[1.742s] Level 1:colcon.colcon_core.package_identification:_identify(src) by extensions ['ignore', 'ignore_ament_install']
[1.742s] Level 1:colcon.colcon_core.package_identification:_identify(src) by extension 'ignore'
[1.742s] Level 1:colcon.colcon_core.package_identification:_identify(src) by extension 'ignore_ament_install'
[1.742s] Level 1:colcon.colcon_core.package_identification:_identify(src) by extensions ['colcon_pkg']
[1.742s] Level 1:colcon.colcon_core.package_identification:_identify(src) by extension 'colcon_pkg'
[1.742s] Level 1:colcon.colcon_core.package_identification:_identify(src) by extensions ['colcon_meta']
[1.742s] Level 1:colcon.colcon_core.package_identification:_identify(src) by extension 'colcon_meta'
[1.742s] Level 1:colcon.colcon_core.package_identification:_identify(src) by extensions ['ros']
[1.742s] Level 1:colcon.colcon_core.package_identification:_identify(src) by extension 'ros'
[1.743s] Level 1:colcon.colcon_core.package_identification:_identify(src) by extensions ['cmake', 'python']
[1.743s] Level 1:colcon.colcon_core.package_identification:_identify(src) by extension 'cmake'
[1.743s] Level 1:colcon.colcon_core.package_identification:_identify(src) by extension 'python'
[1.743s] Level 1:colcon.colcon_core.package_identification:_identify(src) by extensions ['python_setup_py']
[1.743s] Level 1:colcon.colcon_core.package_identification:_identify(src) by extension 'python_setup_py'
[1.743s] Level 1:colcon.colcon_core.package_identification:_identify(src/robo_core) by extensions ['ignore', 'ignore_ament_install']
[1.744s] Level 1:colcon.colcon_core.package_identification:_identify(src/robo_core) by extension 'ignore'
[1.744s] Level 1:colcon.colcon_core.package_identification:_identify(src/robo_core) by extension 'ignore_ament_install'
[1.744s] Level 1:colcon.colcon_core.package_identification:_identify(src/robo_core) by extensions ['colcon_pkg']
[1.744s] Level 1:colcon.colcon_core.package_identification:_identify(src/robo_core) by extension 'colcon_pkg'
[1.744s] Level 1:colcon.colcon_core.package_identification:_identify(src/robo_core) by extensions ['colcon_meta']
[1.744s] Level 1:colcon.colcon_core.package_identification:_identify(src/robo_core) by extension 'colcon_meta'
[1.744s] Level 1:colcon.colcon_core.package_identification:_identify(src/robo_core) by extensions ['ros']
[1.744s] Level 1:colcon.colcon_core.package_identification:_identify(src/robo_core) by extension 'ros'
[1.749s] DEBUG:colcon.colcon_core.package_identification:Package 'src/robo_core' with type 'ros.ament_python' and name 'robo_core'
[1.750s] Level 1:colcon.colcon_core.package_identification:_identify(src/robo_description) by extensions ['ignore', 'ignore_ament_install']
[1.750s] Level 1:colcon.colcon_core.package_identification:_identify(src/robo_description) by extension 'ignore'
[1.750s] Level 1:colcon.colcon_core.package_identification:_identify(src/robo_description) by extension 'ignore_ament_install'
[1.750s] Level 1:colcon.colcon_core.package_identification:_identify(src/robo_description) by extensions ['colcon_pkg']
[1.751s] Level 1:colcon.colcon_core.package_identification:_identify(src/robo_description) by extension 'colcon_pkg'
[1.751s] Level 1:colcon.colcon_core.package_identification:_identify(src/robo_description) by extensions ['colcon_meta']
[1.751s] Level 1:colcon.colcon_core.package_identification:_identify(src/robo_description) by extension 'colcon_meta'
[1.751s] Level 1:colcon.colcon_core.package_identification:_identify(src/robo_description) by extensions ['ros']
[1.751s] Level 1:colcon.colcon_core.package_identification:_identify(src/robo_description) by extension 'ros'
[1.753s] DEBUG:colcon.colcon_core.package_identification:Package 'src/robo_description' with type 'ros.ament_cmake' and name 'robo_description'
[1.753s] Level 1:colcon.colcon_core.package_identification:_identify(src/robo_interfaces) by extensions ['ignore', 'ignore_ament_install']
[1.754s] Level 1:colcon.colcon_core.package_identification:_identify(src/robo_interfaces) by extension 'ignore'
[1.754s] Level 1:colcon.colcon_core.package_identification:_identify(src/robo_interfaces) by extension 'ignore_ament_install'
[1.754s] Level 1:colcon.colcon_core.package_identification:_identify(src/robo_interfaces) by extensions ['colcon_pkg']
[1.754s] Level 1:colcon.colcon_core.package_identification:_identify(src/robo_interfaces) by extension 'colcon_pkg'
[1.754s] Level 1:colcon.colcon_core.package_identification:_identify(src/robo_interfaces) by extensions ['colcon_meta']
[1.754s] Level 1:colcon.colcon_core.package_identification:_identify(src/robo_interfaces) by extension 'colcon_meta'
[1.755s] Level 1:colcon.colcon_core.package_identification:_identify(src/robo_interfaces) by extensions ['ros']
[1.755s] Level 1:colcon.colcon_core.package_identification:_identify(src/robo_interfaces) by extension 'ros'
[1.757s] DEBUG:colcon.colcon_core.package_identification:Package 'src/robo_interfaces' with type 'ros.ament_cmake' and name 'robo_interfaces'
[1.757s] Level 1:colcon.colcon_core.package_discovery:discover_packages(recursive) using defaults
[1.757s] Level 1:colcon.colcon_core.package_discovery:discover_packages(ignore) discover
[1.757s] Level 1:colcon.colcon_core.package_discovery:discover_packages(ignore) using defaults
[1.757s] Level 1:colcon.colcon_core.package_discovery:discover_packages(path) discover
[1.757s] Level 1:colcon.colcon_core.package_discovery:discover_packages(path) using defaults
[1.825s] Level 1:colcon.colcon_core.package_discovery:discover_packages(prefix_path) check parameters
[1.825s] Level 1:colcon.colcon_core.package_discovery:discover_packages(prefix_path) discover
[1.832s] DEBUG:colcon.colcon_installed_package_information.package_discovery:Found 3 installed packages in /home/entity014/roboInno_ws/install
[1.835s] DEBUG:colcon.colcon_installed_package_information.package_discovery:Found 6 installed packages in /home/entity014/ros2_ws/install
[1.840s] DEBUG:colcon.colcon_installed_package_information.package_discovery:Found 391 installed packages in /opt/ros/foxy
[1.848s] Level 1:colcon.colcon_core.package_discovery:discover_packages(prefix_path) using defaults
[2.110s] Level 5:colcon.colcon_core.verb:set package 'robo_description' build argument 'cmake_args' from command line to 'None'
[2.110s] Level 5:colcon.colcon_core.verb:set package 'robo_description' build argument 'cmake_target' from command line to 'None'
[2.110s] Level 5:colcon.colcon_core.verb:set package 'robo_description' build argument 'cmake_target_skip_unavailable' from command line to 'False'
[2.111s] Level 5:colcon.colcon_core.verb:set package 'robo_description' build argument 'cmake_clean_cache' from command line to 'False'
[2.111s] Level 5:colcon.colcon_core.verb:set package 'robo_description' build argument 'cmake_clean_first' from command line to 'False'
[2.111s] Level 5:colcon.colcon_core.verb:set package 'robo_description' build argument 'cmake_force_configure' from command line to 'False'
[2.111s] Level 5:colcon.colcon_core.verb:set package 'robo_description' build argument 'ament_cmake_args' from command line to 'None'
[2.111s] Level 5:colcon.colcon_core.verb:set package 'robo_description' build argument 'catkin_cmake_args' from command line to 'None'
[2.111s] Level 5:colcon.colcon_core.verb:set package 'robo_description' build argument 'catkin_skip_building_tests' from command line to 'False'
[2.111s] DEBUG:colcon.colcon_core.verb:Building package 'robo_description' with the following arguments: {'ament_cmake_args': None, 'build_base': '/home/entity014/roboInno_ws/build/robo_description', 'catkin_cmake_args': None, 'catkin_skip_building_tests': False, 'cmake_args': None, 'cmake_clean_cache': False, 'cmake_clean_first': False, 'cmake_force_configure': False, 'cmake_target': None, 'cmake_target_skip_unavailable': False, 'install_base': '/home/entity014/roboInno_ws/install/robo_description', 'merge_install': False, 'path': '/home/entity014/roboInno_ws/src/robo_description', 'symlink_install': False, 'test_result_base': None}
[2.116s] Level 5:colcon.colcon_core.verb:set package 'robo_interfaces' build argument 'cmake_args' from command line to 'None'
[2.116s] Level 5:colcon.colcon_core.verb:set package 'robo_interfaces' build argument 'cmake_target' from command line to 'None'
[2.116s] Level 5:colcon.colcon_core.verb:set package 'robo_interfaces' build argument 'cmake_target_skip_unavailable' from command line to 'False'
[2.116s] Level 5:colcon.colcon_core.verb:set package 'robo_interfaces' build argument 'cmake_clean_cache' from command line to 'False'
[2.116s] Level 5:colcon.colcon_core.verb:set package 'robo_interfaces' build argument 'cmake_clean_first' from command line to 'False'
[2.116s] Level 5:colcon.colcon_core.verb:set package 'robo_interfaces' build argument 'cmake_force_configure' from command line to 'False'
[2.116s] Level 5:colcon.colcon_core.verb:set package 'robo_interfaces' build argument 'ament_cmake_args' from command line to 'None'
[2.116s] Level 5:colcon.colcon_core.verb:set package 'robo_interfaces' build argument 'catkin_cmake_args' from command line to 'None'
[2.116s] Level 5:colcon.colcon_core.verb:set package 'robo_interfaces' build argument 'catkin_skip_building_tests' from command line to 'False'
[2.116s] DEBUG:colcon.colcon_core.verb:Building package 'robo_interfaces' with the following arguments: {'ament_cmake_args': None, 'build_base': '/home/entity014/roboInno_ws/build/robo_interfaces', 'catkin_cmake_args': None, 'catkin_skip_building_tests': False, 'cmake_args': None, 'cmake_clean_cache': False, 'cmake_clean_first': False, 'cmake_force_configure': False, 'cmake_target': None, 'cmake_target_skip_unavailable': False, 'install_base': '/home/entity014/roboInno_ws/install/robo_interfaces', 'merge_install': False, 'path': '/home/entity014/roboInno_ws/src/robo_interfaces', 'symlink_install': False, 'test_result_base': None}
[2.121s] Level 5:colcon.colcon_core.verb:set package 'robo_core' build argument 'cmake_args' from command line to 'None'
[2.122s] Level 5:colcon.colcon_core.verb:set package 'robo_core' build argument 'cmake_target' from command line to 'None'
[2.122s] Level 5:colcon.colcon_core.verb:set package 'robo_core' build argument 'cmake_target_skip_unavailable' from command line to 'False'
[2.122s] Level 5:colcon.colcon_core.verb:set package 'robo_core' build argument 'cmake_clean_cache' from command line to 'False'
[2.122s] Level 5:colcon.colcon_core.verb:set package 'robo_core' build argument 'cmake_clean_first' from command line to 'False'
[2.122s] Level 5:colcon.colcon_core.verb:set package 'robo_core' build argument 'cmake_force_configure' from command line to 'False'
[2.122s] Level 5:colcon.colcon_core.verb:set package 'robo_core' build argument 'ament_cmake_args' from command line to 'None'
[2.122s] Level 5:colcon.colcon_core.verb:set package 'robo_core' build argument 'catkin_cmake_args' from command line to 'None'
[2.122s] Level 5:colcon.colcon_core.verb:set package 'robo_core' build argument 'catkin_skip_building_tests' from command line to 'False'
[2.122s] DEBUG:colcon.colcon_core.verb:Building package 'robo_core' with the following arguments: {'ament_cmake_args': None, 'build_base': '/home/entity014/roboInno_ws/build/robo_core', 'catkin_cmake_args': None, 'catkin_skip_building_tests': False, 'cmake_args': None, 'cmake_clean_cache': False, 'cmake_clean_first': False, 'cmake_force_configure': False, 'cmake_target': None, 'cmake_target_skip_unavailable': False, 'install_base': '/home/entity014/roboInno_ws/install/robo_core', 'merge_install': False, 'path': '/home/entity014/roboInno_ws/src/robo_core', 'symlink_install': False, 'test_result_base': None}
[2.126s] INFO:colcon.colcon_core.executor:Executing jobs using 'parallel' executor
[2.141s] DEBUG:colcon.colcon_parallel_executor.executor.parallel:run_until_complete
[2.142s] INFO:colcon.colcon_ros.task.ament_cmake.build:Building ROS package in '/home/entity014/roboInno_ws/src/robo_interfaces' with build type 'ament_cmake'
[2.142s] INFO:colcon.colcon_cmake.task.cmake.build:Building CMake package in '/home/entity014/roboInno_ws/src/robo_interfaces'
[2.157s] INFO:colcon.colcon_core.plugin_system:Skipping extension 'colcon_core.shell.bat': Not used on non-Windows systems
[2.158s] INFO:colcon.colcon_core.shell:Skip shell extension 'powershell' for command environment: Not usable outside of PowerShell
[2.158s] DEBUG:colcon.colcon_core.shell:Skip shell extension 'dsv' for command environment
[2.191s] INFO:colcon.colcon_ros.task.ament_cmake.build:Building ROS package in '/home/entity014/roboInno_ws/src/robo_description' with build type 'ament_cmake'
[2.192s] INFO:colcon.colcon_cmake.task.cmake.build:Building CMake package in '/home/entity014/roboInno_ws/src/robo_description'
[2.198s] INFO:colcon.colcon_core.shell:Skip shell extension 'powershell' for command environment: Not usable outside of PowerShell
[2.199s] DEBUG:colcon.colcon_core.shell:Skip shell extension 'dsv' for command environment
[2.262s] DEBUG:colcon.colcon_core.event_handler.log_command:Invoking command in '/home/entity014/roboInno_ws/build/robo_interfaces': CMAKE_PREFIX_PATH=${CMAKE_PREFIX_PATH}:/home/entity014/roboInno_ws/install/robo_core:/home/entity014/ros2_ws/install/swap_pillar:/opt/ros/foxy /home/entity014/.local/bin/cmake --build /home/entity014/roboInno_ws/build/robo_interfaces -- -j8 -l8
[2.306s] DEBUG:colcon.colcon_core.event_handler.log_command:Invoking command in '/home/entity014/roboInno_ws/build/robo_description': CMAKE_PREFIX_PATH=${CMAKE_PREFIX_PATH}:/home/entity014/roboInno_ws/install/robo_core:/home/entity014/ros2_ws/install/swap_pillar:/opt/ros/foxy /home/entity014/.local/bin/cmake --build /home/entity014/roboInno_ws/build/robo_description -- -j8 -l8
[2.527s] DEBUG:colcon.colcon_core.event_handler.log_command:Invoked command in '/home/entity014/roboInno_ws/build/robo_description' returned '0': CMAKE_PREFIX_PATH=${CMAKE_PREFIX_PATH}:/home/entity014/roboInno_ws/install/robo_core:/home/entity014/ros2_ws/install/swap_pillar:/opt/ros/foxy /home/entity014/.local/bin/cmake --build /home/entity014/roboInno_ws/build/robo_description -- -j8 -l8
[2.856s] DEBUG:colcon.colcon_core.event_handler.log_command:Invoking command in '/home/entity014/roboInno_ws/build/robo_description': CMAKE_PREFIX_PATH=${CMAKE_PREFIX_PATH}:/home/entity014/roboInno_ws/install/robo_core:/home/entity014/ros2_ws/install/swap_pillar:/opt/ros/foxy /home/entity014/.local/bin/cmake --install /home/entity014/roboInno_ws/build/robo_description
[2.863s] DEBUG:colcon.colcon_core.event_handler.log_command:Invoked command in '/home/entity014/roboInno_ws/build/robo_interfaces' returned '0': CMAKE_PREFIX_PATH=${CMAKE_PREFIX_PATH}:/home/entity014/roboInno_ws/install/robo_core:/home/entity014/ros2_ws/install/swap_pillar:/opt/ros/foxy /home/entity014/.local/bin/cmake --build /home/entity014/roboInno_ws/build/robo_interfaces -- -j8 -l8
[2.986s] Level 1:colcon.colcon_core.environment:create_environment_scripts_only(robo_description)
[2.989s] DEBUG:colcon.colcon_core.event_handler.log_command:Invoked command in '/home/entity014/roboInno_ws/build/robo_description' returned '0': CMAKE_PREFIX_PATH=${CMAKE_PREFIX_PATH}:/home/entity014/roboInno_ws/install/robo_core:/home/entity014/ros2_ws/install/swap_pillar:/opt/ros/foxy /home/entity014/.local/bin/cmake --install /home/entity014/roboInno_ws/build/robo_description
[3.009s] Level 1:colcon.colcon_core.environment:checking '/home/entity014/roboInno_ws/install/robo_description' for CMake module files
[3.011s] Level 1:colcon.colcon_core.environment:checking '/home/entity014/roboInno_ws/install/robo_description' for CMake config files
[3.012s] Level 1:colcon.colcon_core.shell:create_environment_hook('robo_description', 'cmake_prefix_path')
[3.018s] INFO:colcon.colcon_core.shell:Creating environment hook '/home/entity014/roboInno_ws/install/robo_description/share/robo_description/hook/cmake_prefix_path.ps1'
[3.020s] INFO:colcon.colcon_core.shell:Creating environment descriptor '/home/entity014/roboInno_ws/install/robo_description/share/robo_description/hook/cmake_prefix_path.dsv'
[3.021s] INFO:colcon.colcon_core.shell:Creating environment hook '/home/entity014/roboInno_ws/install/robo_description/share/robo_description/hook/cmake_prefix_path.sh'
[3.024s] Level 1:colcon.colcon_core.environment:checking '/home/entity014/roboInno_ws/install/robo_description/bin'
[3.025s] Level 1:colcon.colcon_core.environment:checking '/home/entity014/roboInno_ws/install/robo_description/lib/pkgconfig/robo_description.pc'
[3.026s] Level 1:colcon.colcon_core.environment:checking '/home/entity014/roboInno_ws/install/robo_description/lib/python3.8/site-packages'
[3.026s] Level 1:colcon.colcon_core.environment:checking '/home/entity014/roboInno_ws/install/robo_description/bin'
[3.033s] INFO:colcon.colcon_core.shell:Creating package script '/home/entity014/roboInno_ws/install/robo_description/share/robo_description/package.ps1'
[3.036s] INFO:colcon.colcon_core.shell:Creating package descriptor '/home/entity014/roboInno_ws/install/robo_description/share/robo_description/package.dsv'
[3.038s] INFO:colcon.colcon_core.shell:Creating package script '/home/entity014/roboInno_ws/install/robo_description/share/robo_description/package.sh'
[3.041s] INFO:colcon.colcon_core.shell:Creating package script '/home/entity014/roboInno_ws/install/robo_description/share/robo_description/package.bash'
[3.043s] INFO:colcon.colcon_core.shell:Creating package script '/home/entity014/roboInno_ws/install/robo_description/share/robo_description/package.zsh'
[3.045s] Level 1:colcon.colcon_core.environment:create_file_with_runtime_dependencies(/home/entity014/roboInno_ws/install/robo_description/share/colcon-core/packages/robo_description)
[3.133s] DEBUG:colcon.colcon_core.event_handler.log_command:Invoking command in '/home/entity014/roboInno_ws/build/robo_interfaces': CMAKE_PREFIX_PATH=${CMAKE_PREFIX_PATH}:/home/entity014/roboInno_ws/install/robo_core:/home/entity014/ros2_ws/install/swap_pillar:/opt/ros/foxy /home/entity014/.local/bin/cmake --install /home/entity014/roboInno_ws/build/robo_interfaces
[3.252s] Level 1:colcon.colcon_core.environment:create_environment_scripts_only(robo_description)
[3.277s] Level 1:colcon.colcon_core.environment:checking '/home/entity014/roboInno_ws/install/robo_description' for CMake module files
[3.287s] Level 1:colcon.colcon_core.environment:checking '/home/entity014/roboInno_ws/install/robo_description' for CMake config files
[3.288s] Level 1:colcon.colcon_core.shell:create_environment_hook('robo_description', 'cmake_prefix_path')
[3.296s] INFO:colcon.colcon_core.shell:Creating environment hook '/home/entity014/roboInno_ws/install/robo_description/share/robo_description/hook/cmake_prefix_path.ps1'
[3.304s] INFO:colcon.colcon_core.shell:Creating environment descriptor '/home/entity014/roboInno_ws/install/robo_description/share/robo_description/hook/cmake_prefix_path.dsv'
[3.305s] INFO:colcon.colcon_core.shell:Creating environment hook '/home/entity014/roboInno_ws/install/robo_description/share/robo_description/hook/cmake_prefix_path.sh'
[3.308s] Level 1:colcon.colcon_core.environment:checking '/home/entity014/roboInno_ws/install/robo_description/bin'
[3.308s] Level 1:colcon.colcon_core.environment:checking '/home/entity014/roboInno_ws/install/robo_description/lib/pkgconfig/robo_description.pc'
[3.309s] Level 1:colcon.colcon_core.environment:checking '/home/entity014/roboInno_ws/install/robo_description/lib/python3.8/site-packages'
[3.310s] Level 1:colcon.colcon_core.environment:checking '/home/entity014/roboInno_ws/install/robo_description/bin'
[3.318s] INFO:colcon.colcon_core.shell:Creating package script '/home/entity014/roboInno_ws/install/robo_description/share/robo_description/package.ps1'
[3.325s] INFO:colcon.colcon_core.shell:Creating package descriptor '/home/entity014/roboInno_ws/install/robo_description/share/robo_description/package.dsv'
[3.327s] INFO:colcon.colcon_core.shell:Creating package script '/home/entity014/roboInno_ws/install/robo_description/share/robo_description/package.sh'
[3.329s] INFO:colcon.colcon_core.shell:Creating package script '/home/entity014/roboInno_ws/install/robo_description/share/robo_description/package.bash'
[3.330s] INFO:colcon.colcon_core.shell:Creating package script '/home/entity014/roboInno_ws/install/robo_description/share/robo_description/package.zsh'
[3.332s] Level 1:colcon.colcon_core.environment:create_file_with_runtime_dependencies(/home/entity014/roboInno_ws/install/robo_description/share/colcon-core/packages/robo_description)
[3.453s] Level 1:colcon.colcon_core.environment:create_environment_scripts_only(robo_interfaces)
[3.461s] Level 1:colcon.colcon_core.environment:checking '/home/entity014/roboInno_ws/install/robo_interfaces' for CMake module files
[3.463s] DEBUG:colcon.colcon_core.event_handler.log_command:Invoked command in '/home/entity014/roboInno_ws/build/robo_interfaces' returned '0': CMAKE_PREFIX_PATH=${CMAKE_PREFIX_PATH}:/home/entity014/roboInno_ws/install/robo_core:/home/entity014/ros2_ws/install/swap_pillar:/opt/ros/foxy /home/entity014/.local/bin/cmake --install /home/entity014/roboInno_ws/build/robo_interfaces
[3.465s] Level 1:colcon.colcon_core.environment:checking '/home/entity014/roboInno_ws/install/robo_interfaces' for CMake config files
[3.466s] Level 1:colcon.colcon_core.shell:create_environment_hook('robo_interfaces', 'cmake_prefix_path')
[3.474s] INFO:colcon.colcon_core.shell:Creating environment hook '/home/entity014/roboInno_ws/install/robo_interfaces/share/robo_interfaces/hook/cmake_prefix_path.ps1'
[3.476s] INFO:colcon.colcon_core.shell:Creating environment descriptor '/home/entity014/roboInno_ws/install/robo_interfaces/share/robo_interfaces/hook/cmake_prefix_path.dsv'
[3.478s] INFO:colcon.colcon_core.shell:Creating environment hook '/home/entity014/roboInno_ws/install/robo_interfaces/share/robo_interfaces/hook/cmake_prefix_path.sh'
[3.479s] Level 1:colcon.colcon_core.environment:checking '/home/entity014/roboInno_ws/install/robo_interfaces/lib'
[3.480s] Level 1:colcon.colcon_core.shell:create_environment_hook('robo_interfaces', 'ld_library_path_lib')
[3.486s] INFO:colcon.colcon_core.shell:Creating environment hook '/home/entity014/roboInno_ws/install/robo_interfaces/share/robo_interfaces/hook/ld_library_path_lib.ps1'
[3.487s] INFO:colcon.colcon_core.shell:Creating environment descriptor '/home/entity014/roboInno_ws/install/robo_interfaces/share/robo_interfaces/hook/ld_library_path_lib.dsv'
[3.488s] INFO:colcon.colcon_core.shell:Creating environment hook '/home/entity014/roboInno_ws/install/robo_interfaces/share/robo_interfaces/hook/ld_library_path_lib.sh'
[3.489s] Level 1:colcon.colcon_core.environment:checking '/home/entity014/roboInno_ws/install/robo_interfaces/bin'
[3.489s] Level 1:colcon.colcon_core.environment:checking '/home/entity014/roboInno_ws/install/robo_interfaces/lib/pkgconfig/robo_interfaces.pc'
[3.490s] Level 1:colcon.colcon_core.environment:checking '/home/entity014/roboInno_ws/install/robo_interfaces/lib/python3.8/site-packages'
[3.490s] Level 1:colcon.colcon_core.shell:create_environment_hook('robo_interfaces', 'pythonpath')
[3.495s] INFO:colcon.colcon_core.shell:Creating environment hook '/home/entity014/roboInno_ws/install/robo_interfaces/share/robo_interfaces/hook/pythonpath.ps1'
[3.496s] INFO:colcon.colcon_core.shell:Creating environment descriptor '/home/entity014/roboInno_ws/install/robo_interfaces/share/robo_interfaces/hook/pythonpath.dsv'
[3.497s] INFO:colcon.colcon_core.shell:Creating environment hook '/home/entity014/roboInno_ws/install/robo_interfaces/share/robo_interfaces/hook/pythonpath.sh'
[3.499s] Level 1:colcon.colcon_core.environment:checking '/home/entity014/roboInno_ws/install/robo_interfaces/bin'
[3.505s] INFO:colcon.colcon_core.shell:Creating package script '/home/entity014/roboInno_ws/install/robo_interfaces/share/robo_interfaces/package.ps1'
[3.507s] INFO:colcon.colcon_core.shell:Creating package descriptor '/home/entity014/roboInno_ws/install/robo_interfaces/share/robo_interfaces/package.dsv'
[3.508s] INFO:colcon.colcon_core.shell:Creating package script '/home/entity014/roboInno_ws/install/robo_interfaces/share/robo_interfaces/package.sh'
[3.509s] INFO:colcon.colcon_core.shell:Creating package script '/home/entity014/roboInno_ws/install/robo_interfaces/share/robo_interfaces/package.bash'
[3.510s] INFO:colcon.colcon_core.shell:Creating package script '/home/entity014/roboInno_ws/install/robo_interfaces/share/robo_interfaces/package.zsh'
[3.511s] Level 1:colcon.colcon_core.environment:create_file_with_runtime_dependencies(/home/entity014/roboInno_ws/install/robo_interfaces/share/colcon-core/packages/robo_interfaces)
[3.788s] Level 1:colcon.colcon_core.environment:create_environment_scripts_only(robo_interfaces)
[3.798s] Level 1:colcon.colcon_core.environment:checking '/home/entity014/roboInno_ws/install/robo_interfaces' for CMake module files
[3.800s] Level 1:colcon.colcon_core.environment:checking '/home/entity014/roboInno_ws/install/robo_interfaces' for CMake config files
[3.803s] Level 1:colcon.colcon_core.shell:create_environment_hook('robo_interfaces', 'cmake_prefix_path')
[3.809s] INFO:colcon.colcon_core.shell:Creating environment hook '/home/entity014/roboInno_ws/install/robo_interfaces/share/robo_interfaces/hook/cmake_prefix_path.ps1'
[3.810s] INFO:colcon.colcon_core.shell:Creating environment descriptor '/home/entity014/roboInno_ws/install/robo_interfaces/share/robo_interfaces/hook/cmake_prefix_path.dsv'
[3.812s] INFO:colcon.colcon_core.shell:Creating environment hook '/home/entity014/roboInno_ws/install/robo_interfaces/share/robo_interfaces/hook/cmake_prefix_path.sh'
[3.814s] Level 1:colcon.colcon_core.environment:checking '/home/entity014/roboInno_ws/install/robo_interfaces/lib'
[3.815s] Level 1:colcon.colcon_core.shell:create_environment_hook('robo_interfaces', 'ld_library_path_lib')
[3.822s] INFO:colcon.colcon_core.shell:Creating environment hook '/home/entity014/roboInno_ws/install/robo_interfaces/share/robo_interfaces/hook/ld_library_path_lib.ps1'
[3.823s] INFO:colcon.colcon_core.shell:Creating environment descriptor '/home/entity014/roboInno_ws/install/robo_interfaces/share/robo_interfaces/hook/ld_library_path_lib.dsv'
[3.824s] INFO:colcon.colcon_core.shell:Creating environment hook '/home/entity014/roboInno_ws/install/robo_interfaces/share/robo_interfaces/hook/ld_library_path_lib.sh'
[3.825s] Level 1:colcon.colcon_core.environment:checking '/home/entity014/roboInno_ws/install/robo_interfaces/bin'
[3.826s] Level 1:colcon.colcon_core.environment:checking '/home/entity014/roboInno_ws/install/robo_interfaces/lib/pkgconfig/robo_interfaces.pc'
[3.827s] Level 1:colcon.colcon_core.environment:checking '/home/entity014/roboInno_ws/install/robo_interfaces/lib/python3.8/site-packages'
[3.827s] Level 1:colcon.colcon_core.shell:create_environment_hook('robo_interfaces', 'pythonpath')
[3.834s] INFO:colcon.colcon_core.shell:Creating environment hook '/home/entity014/roboInno_ws/install/robo_interfaces/share/robo_interfaces/hook/pythonpath.ps1'
[3.835s] INFO:colcon.colcon_core.shell:Creating environment descriptor '/home/entity014/roboInno_ws/install/robo_interfaces/share/robo_interfaces/hook/pythonpath.dsv'
[3.837s] INFO:colcon.colcon_core.shell:Creating environment hook '/home/entity014/roboInno_ws/install/robo_interfaces/share/robo_interfaces/hook/pythonpath.sh'
[3.839s] Level 1:colcon.colcon_core.environment:checking '/home/entity014/roboInno_ws/install/robo_interfaces/bin'
[3.846s] INFO:colcon.colcon_core.shell:Creating package script '/home/entity014/roboInno_ws/install/robo_interfaces/share/robo_interfaces/package.ps1'
[3.849s] INFO:colcon.colcon_core.shell:Creating package descriptor '/home/entity014/roboInno_ws/install/robo_interfaces/share/robo_interfaces/package.dsv'
[3.851s] INFO:colcon.colcon_core.shell:Creating package script '/home/entity014/roboInno_ws/install/robo_interfaces/share/robo_interfaces/package.sh'
[3.853s] INFO:colcon.colcon_core.shell:Creating package script '/home/entity014/roboInno_ws/install/robo_interfaces/share/robo_interfaces/package.bash'
[3.854s] INFO:colcon.colcon_core.shell:Creating package script '/home/entity014/roboInno_ws/install/robo_interfaces/share/robo_interfaces/package.zsh'
[3.856s] Level 1:colcon.colcon_core.environment:create_file_with_runtime_dependencies(/home/entity014/roboInno_ws/install/robo_interfaces/share/colcon-core/packages/robo_interfaces)
[3.857s] INFO:colcon.colcon_ros.task.ament_python.build:Building ROS package in '/home/entity014/roboInno_ws/src/robo_core' with build type 'ament_python'
[3.858s] Level 1:colcon.colcon_core.shell:create_environment_hook('robo_core', 'ament_prefix_path')
[3.864s] INFO:colcon.colcon_core.shell:Creating environment hook '/home/entity014/roboInno_ws/install/robo_core/share/robo_core/hook/ament_prefix_path.ps1'
[3.866s] INFO:colcon.colcon_core.shell:Creating environment descriptor '/home/entity014/roboInno_ws/install/robo_core/share/robo_core/hook/ament_prefix_path.dsv'
[3.867s] INFO:colcon.colcon_core.shell:Creating environment hook '/home/entity014/roboInno_ws/install/robo_core/share/robo_core/hook/ament_prefix_path.sh'
[3.873s] INFO:colcon.colcon_core.shell:Skip shell extension 'powershell' for command environment: Not usable outside of PowerShell
[3.873s] DEBUG:colcon.colcon_core.shell:Skip shell extension 'dsv' for command environment
[5.038s] INFO:colcon.colcon_core.task.python.build:Building Python package in '/home/entity014/roboInno_ws/src/robo_core'
[5.048s] INFO:colcon.colcon_core.shell:Skip shell extension 'powershell' for command environment: Not usable outside of PowerShell
[5.048s] DEBUG:colcon.colcon_core.shell:Skip shell extension 'dsv' for command environment
[7.069s] DEBUG:colcon.colcon_core.event_handler.log_command:Invoking command in '/home/entity014/roboInno_ws/src/robo_core': PYTHONPATH=/home/entity014/roboInno_ws/build/robo_core/prefix_override:/home/entity014/roboInno_ws/install/robo_core/lib/python3.8/site-packages:/home/entity014/roboInno_ws/install/robo_interfaces/lib/python3.8/site-packages:/home/entity014/roboInno_ws/install/robo_core/lib/python3.8/site-packages:/home/entity014/ros2_ws/build/swap_pillar:/home/entity014/ros2_ws/install/swap_pillar/lib/python3.8/site-packages:/home/entity014/ros2_ws/install/micro_ros_msgs/lib/python3.8/site-packages:/home/entity014/ros2_ws/install/drive_base_msgs/lib/python3.8/site-packages:/opt/ros/foxy/lib/python3.8/site-packages /usr/bin/python3 setup.py egg_info --egg-base ../../build/robo_core build --build-base /home/entity014/roboInno_ws/build/robo_core/build install --record /home/entity014/roboInno_ws/build/robo_core/install.log --install-scripts $base/lib/robo_core --single-version-externally-managed
[8.609s] Level 1:colcon.colcon_core.environment:checking '/home/entity014/roboInno_ws/install/robo_core' for CMake module files
[8.611s] DEBUG:colcon.colcon_core.event_handler.log_command:Invoked command in '/home/entity014/roboInno_ws/src/robo_core' returned '0': PYTHONPATH=/home/entity014/roboInno_ws/build/robo_core/prefix_override:/home/entity014/roboInno_ws/install/robo_core/lib/python3.8/site-packages:/home/entity014/roboInno_ws/install/robo_interfaces/lib/python3.8/site-packages:/home/entity014/roboInno_ws/install/robo_core/lib/python3.8/site-packages:/home/entity014/ros2_ws/build/swap_pillar:/home/entity014/ros2_ws/install/swap_pillar/lib/python3.8/site-packages:/home/entity014/ros2_ws/install/micro_ros_msgs/lib/python3.8/site-packages:/home/entity014/ros2_ws/install/drive_base_msgs/lib/python3.8/site-packages:/opt/ros/foxy/lib/python3.8/site-packages /usr/bin/python3 setup.py egg_info --egg-base ../../build/robo_core build --build-base /home/entity014/roboInno_ws/build/robo_core/build install --record /home/entity014/roboInno_ws/build/robo_core/install.log --install-scripts $base/lib/robo_core --single-version-externally-managed
[8.613s] Level 1:colcon.colcon_core.environment:checking '/home/entity014/roboInno_ws/install/robo_core' for CMake config files
[8.616s] Level 1:colcon.colcon_core.environment:checking '/home/entity014/roboInno_ws/install/robo_core/lib'
[8.616s] Level 1:colcon.colcon_core.environment:checking '/home/entity014/roboInno_ws/install/robo_core/bin'
[8.616s] Level 1:colcon.colcon_core.environment:checking '/home/entity014/roboInno_ws/install/robo_core/lib/pkgconfig/robo_core.pc'
[8.617s] Level 1:colcon.colcon_core.environment:checking '/home/entity014/roboInno_ws/install/robo_core/lib/python3.8/site-packages'
[8.618s] Level 1:colcon.colcon_core.shell:create_environment_hook('robo_core', 'pythonpath')
[8.624s] INFO:colcon.colcon_core.shell:Creating environment hook '/home/entity014/roboInno_ws/install/robo_core/share/robo_core/hook/pythonpath.ps1'
[8.626s] INFO:colcon.colcon_core.shell:Creating environment descriptor '/home/entity014/roboInno_ws/install/robo_core/share/robo_core/hook/pythonpath.dsv'
[8.628s] INFO:colcon.colcon_core.shell:Creating environment hook '/home/entity014/roboInno_ws/install/robo_core/share/robo_core/hook/pythonpath.sh'
[8.630s] Level 1:colcon.colcon_core.environment:checking '/home/entity014/roboInno_ws/install/robo_core/bin'
[8.630s] Level 1:colcon.colcon_core.environment:create_environment_scripts_only(robo_core)
[8.641s] INFO:colcon.colcon_core.shell:Creating package script '/home/entity014/roboInno_ws/install/robo_core/share/robo_core/package.ps1'
[8.644s] INFO:colcon.colcon_core.shell:Creating package descriptor '/home/entity014/roboInno_ws/install/robo_core/share/robo_core/package.dsv'
[8.646s] INFO:colcon.colcon_core.shell:Creating package script '/home/entity014/roboInno_ws/install/robo_core/share/robo_core/package.sh'
[8.650s] INFO:colcon.colcon_core.shell:Creating package script '/home/entity014/roboInno_ws/install/robo_core/share/robo_core/package.bash'
[8.651s] INFO:colcon.colcon_core.shell:Creating package script '/home/entity014/roboInno_ws/install/robo_core/share/robo_core/package.zsh'
[8.653s] Level 1:colcon.colcon_core.environment:create_file_with_runtime_dependencies(/home/entity014/roboInno_ws/install/robo_core/share/colcon-core/packages/robo_core)
[8.654s] DEBUG:colcon.colcon_parallel_executor.executor.parallel:closing loop
[8.655s] DEBUG:colcon.colcon_parallel_executor.executor.parallel:loop closed
[8.656s] DEBUG:colcon.colcon_parallel_executor.executor.parallel:run_until_complete finished with '0'
[8.656s] DEBUG:colcon.colcon_core.event_reactor:joining thread
[8.677s] INFO:colcon.colcon_core.plugin_system:Skipping extension 'colcon_notification.desktop_notification.terminal_notifier': Not used on non-Darwin systems
[8.678s] INFO:colcon.colcon_core.plugin_system:Skipping extension 'colcon_notification.desktop_notification.win32': Not used on non-Windows systems
[8.678s] INFO:colcon.colcon_notification.desktop_notification:Sending desktop notification using 'notify2'
[8.737s] DEBUG:colcon.colcon_core.event_reactor:joined thread
[8.745s] INFO:colcon.colcon_core.shell:Creating prefix script '/home/entity014/roboInno_ws/install/local_setup.ps1'
[8.748s] INFO:colcon.colcon_core.shell:Creating prefix util module '/home/entity014/roboInno_ws/install/_local_setup_util_ps1.py'
[8.755s] INFO:colcon.colcon_core.shell:Creating prefix chain script '/home/entity014/roboInno_ws/install/setup.ps1'
[8.764s] INFO:colcon.colcon_core.shell:Creating prefix script '/home/entity014/roboInno_ws/install/local_setup.sh'
[8.767s] INFO:colcon.colcon_core.shell:Creating prefix util module '/home/entity014/roboInno_ws/install/_local_setup_util_sh.py'
[8.769s] INFO:colcon.colcon_core.shell:Creating prefix chain script '/home/entity014/roboInno_ws/install/setup.sh'
[8.777s] INFO:colcon.colcon_core.shell:Creating prefix script '/home/entity014/roboInno_ws/install/local_setup.bash'
[8.780s] INFO:colcon.colcon_core.shell:Creating prefix chain script '/home/entity014/roboInno_ws/install/setup.bash'
[8.788s] INFO:colcon.colcon_core.shell:Creating prefix script '/home/entity014/roboInno_ws/install/local_setup.zsh'
[8.790s] INFO:colcon.colcon_core.shell:Creating prefix chain script '/home/entity014/roboInno_ws/install/setup.zsh'
