[0.099s] Invoking command in '/home/entity014/roboInno_ws/build/robo_description': CMAKE_PREFIX_PATH=${CMAKE_PREFIX_PATH}:/home/entity014/roboInno_ws/install/robo_core:/home/entity014/ros2_ws/install/swap_pillar:/opt/ros/foxy /home/entity014/.local/bin/cmake --build /home/entity014/roboInno_ws/build/robo_description -- -j8 -l8
[0.479s] Invoked command in '/home/entity014/roboInno_ws/build/robo_description' returned '0': CMAKE_PREFIX_PATH=${CMAKE_PREFIX_PATH}:/home/entity014/roboInno_ws/install/robo_core:/home/entity014/ros2_ws/install/swap_pillar:/opt/ros/foxy /home/entity014/.local/bin/cmake --build /home/entity014/roboInno_ws/build/robo_description -- -j8 -l8
[0.861s] Invoking command in '/home/entity014/roboInno_ws/build/robo_description': CMAKE_PREFIX_PATH=${CMAKE_PREFIX_PATH}:/home/entity014/roboInno_ws/install/robo_core:/home/entity014/ros2_ws/install/swap_pillar:/opt/ros/foxy /home/entity014/.local/bin/cmake --install /home/entity014/roboInno_ws/build/robo_description
[0.984s] -- Install configuration: ""
[0.985s] -- Up-to-date: /home/entity014/roboInno_ws/install/robo_description/share/robo_description/src
[0.988s] -- Up-to-date: /home/entity014/roboInno_ws/install/robo_description/share/robo_description/src/description
[0.988s] -- Up-to-date: /home/entity014/roboInno_ws/install/robo_description/share/robo_description/src/description/robo_description.urdf
[0.989s] -- Up-to-date: /home/entity014/roboInno_ws/install/robo_description/share/robo_description/launch
[0.989s] -- Up-to-date: /home/entity014/roboInno_ws/install/robo_description/share/robo_description/launch/display.launch.py
[0.990s] -- Up-to-date: /home/entity014/roboInno_ws/install/robo_description/share/robo_description/rviz
[0.990s] -- Up-to-date: /home/entity014/roboInno_ws/install/robo_description/share/robo_description/rviz/urdf_config.rviz
[0.991s] -- Up-to-date: /home/entity014/roboInno_ws/install/robo_description/share/robo_description/src
[0.991s] -- Up-to-date: /home/entity014/roboInno_ws/install/robo_description/share/robo_description/src/description
[0.991s] -- Up-to-date: /home/entity014/roboInno_ws/install/robo_description/share/robo_description/src/description/robo_description.urdf
[0.991s] -- Up-to-date: /home/entity014/roboInno_ws/install/robo_description/share/robo_description/launch
[0.992s] -- Up-to-date: /home/entity014/roboInno_ws/install/robo_description/share/robo_description/launch/display.launch.py
[0.992s] -- Up-to-date: /home/entity014/roboInno_ws/install/robo_description/share/robo_description/rviz
[0.993s] -- Up-to-date: /home/entity014/roboInno_ws/install/robo_description/share/robo_description/rviz/urdf_config.rviz
[0.993s] -- Up-to-date: /home/entity014/roboInno_ws/install/robo_description/share/robo_description/config
[0.993s] -- Up-to-date: /home/entity014/roboInno_ws/install/robo_description/share/robo_description/config/ekf.yaml
[0.993s] -- Up-to-date: /home/entity014/roboInno_ws/install/robo_description/share/robo_description/src
[0.994s] -- Up-to-date: /home/entity014/roboInno_ws/install/robo_description/share/robo_description/src/description
[0.994s] -- Up-to-date: /home/entity014/roboInno_ws/install/robo_description/share/robo_description/src/description/robo_description.urdf
[0.994s] -- Up-to-date: /home/entity014/roboInno_ws/install/robo_description/share/robo_description/launch
[0.994s] -- Up-to-date: /home/entity014/roboInno_ws/install/robo_description/share/robo_description/launch/display.launch.py
[0.995s] -- Up-to-date: /home/entity014/roboInno_ws/install/robo_description/share/robo_description/rviz
[0.995s] -- Up-to-date: /home/entity014/roboInno_ws/install/robo_description/share/robo_description/rviz/urdf_config.rviz
[0.995s] -- Up-to-date: /home/entity014/roboInno_ws/install/robo_description/share/robo_description/config
[0.995s] -- Up-to-date: /home/entity014/roboInno_ws/install/robo_description/share/robo_description/config/ekf.yaml
[0.995s] -- Up-to-date: /home/entity014/roboInno_ws/install/robo_description/share/robo_description/world
[0.996s] -- Up-to-date: /home/entity014/roboInno_ws/install/robo_description/share/robo_description/world/my_world.sdf
[0.996s] -- Up-to-date: /home/entity014/roboInno_ws/install/robo_description/share/ament_index/resource_index/package_run_dependencies/robo_description
[0.996s] -- Up-to-date: /home/entity014/roboInno_ws/install/robo_description/share/ament_index/resource_index/parent_prefix_path/robo_description
[0.996s] -- Up-to-date: /home/entity014/roboInno_ws/install/robo_description/share/robo_description/environment/ament_prefix_path.sh
[0.997s] -- Up-to-date: /home/entity014/roboInno_ws/install/robo_description/share/robo_description/environment/ament_prefix_path.dsv
[0.997s] -- Up-to-date: /home/entity014/roboInno_ws/install/robo_description/share/robo_description/environment/path.sh
[0.998s] -- Up-to-date: /home/entity014/roboInno_ws/install/robo_description/share/robo_description/environment/path.dsv
[0.998s] -- Up-to-date: /home/entity014/roboInno_ws/install/robo_description/share/robo_description/local_setup.bash
[0.998s] -- Up-to-date: /home/entity014/roboInno_ws/install/robo_description/share/robo_description/local_setup.sh
[0.999s] -- Up-to-date: /home/entity014/roboInno_ws/install/robo_description/share/robo_description/local_setup.zsh
[0.999s] -- Up-to-date: /home/entity014/roboInno_ws/install/robo_description/share/robo_description/local_setup.dsv
[0.999s] -- Installing: /home/entity014/roboInno_ws/install/robo_description/share/robo_description/package.dsv
[0.999s] -- Up-to-date: /home/entity014/roboInno_ws/install/robo_description/share/ament_index/resource_index/packages/robo_description
[1.000s] -- Up-to-date: /home/entity014/roboInno_ws/install/robo_description/share/robo_description/cmake/robo_descriptionConfig.cmake
[1.001s] -- Up-to-date: /home/entity014/roboInno_ws/install/robo_description/share/robo_description/cmake/robo_descriptionConfig-version.cmake
[1.001s] -- Up-to-date: /home/entity014/roboInno_ws/install/robo_description/share/robo_description/package.xml
[1.025s] Invoked command in '/home/entity014/roboInno_ws/build/robo_description' returned '0': CMAKE_PREFIX_PATH=${CMAKE_PREFIX_PATH}:/home/entity014/roboInno_ws/install/robo_core:/home/entity014/ros2_ws/install/swap_pillar:/opt/ros/foxy /home/entity014/.local/bin/cmake --install /home/entity014/roboInno_ws/build/robo_description
