[0.806s] DEBUG:colcon:Command line arguments: ['/usr/bin/colcon', 'build']
[0.807s] DEBUG:colcon:Parsed command line arguments: Namespace(allow_overriding=[], ament_cmake_args=None, base_paths=['.'], build_base='build', catkin_cmake_args=None, catkin_skip_building_tests=False, cmake_args=None, cmake_clean_cache=False, cmake_clean_first=False, cmake_force_configure=False, cmake_target=None, cmake_target_skip_unavailable=False, continue_on_error=False, event_handlers=None, executor='parallel', ignore_user_meta=False, install_base='install', log_base=None, log_level=None, main=<bound method BuildVerb.main of <colcon_core.verb.build.BuildVerb object at 0x7f64e0714640>>, merge_install=False, metas=['./colcon.meta'], packages_above=None, packages_above_and_dependencies=None, packages_above_depth=None, packages_end=None, packages_ignore=None, packages_ignore_regex=None, packages_select=None, packages_select_build_failed=False, packages_select_by_dep=None, packages_select_regex=None, packages_select_test_failures=False, packages_skip=None, packages_skip_build_finished=False, packages_skip_by_dep=None, packages_skip_regex=None, packages_skip_test_passed=False, packages_skip_up_to=None, packages_start=None, packages_up_to=None, packages_up_to_regex=None, parallel_workers=8, paths=None, symlink_install=False, test_result_base=None, verb_extension=<colcon_core.verb.build.BuildVerb object at 0x7f64e0714640>, verb_name='build', verb_parser=<colcon_defaults.argument_parser.defaults.DefaultArgumentsDecorator object at 0x7f64e0714b80>)
[0.883s] Level 1:colcon.colcon_core.package_discovery:discover_packages(colcon_meta) check parameters
[0.884s] Level 1:colcon.colcon_core.package_discovery:discover_packages(recursive) check parameters
[0.884s] Level 1:colcon.colcon_core.package_discovery:discover_packages(ignore) check parameters
[0.884s] Level 1:colcon.colcon_core.package_discovery:discover_packages(path) check parameters
[0.884s] Level 1:colcon.colcon_core.package_discovery:discover_packages(colcon_meta) discover
[0.884s] Level 1:colcon.colcon_core.package_discovery:discover_packages(recursive) discover
[0.885s] INFO:colcon.colcon_core.package_discovery:Crawling recursively for packages in '/home/entity014/roboInno_ws'
[0.885s] Level 1:colcon.colcon_core.package_identification:_identify(.) by extensions ['ignore', 'ignore_ament_install']
[0.885s] Level 1:colcon.colcon_core.package_identification:_identify(.) by extension 'ignore'
[0.885s] Level 1:colcon.colcon_core.package_identification:_identify(.) by extension 'ignore_ament_install'
[0.885s] Level 1:colcon.colcon_core.package_identification:_identify(.) by extensions ['colcon_pkg']
[0.886s] Level 1:colcon.colcon_core.package_identification:_identify(.) by extension 'colcon_pkg'
[0.886s] Level 1:colcon.colcon_core.package_identification:_identify(.) by extensions ['colcon_meta']
[0.886s] Level 1:colcon.colcon_core.package_identification:_identify(.) by extension 'colcon_meta'
[0.886s] Level 1:colcon.colcon_core.package_identification:_identify(.) by extensions ['ros']
[0.886s] Level 1:colcon.colcon_core.package_identification:_identify(.) by extension 'ros'
[0.940s] Level 1:colcon.colcon_core.package_identification:_identify(.) by extensions ['cmake', 'python']
[0.940s] Level 1:colcon.colcon_core.package_identification:_identify(.) by extension 'cmake'
[0.940s] Level 1:colcon.colcon_core.package_identification:_identify(.) by extension 'python'
[0.940s] Level 1:colcon.colcon_core.package_identification:_identify(.) by extensions ['python_setup_py']
[0.940s] Level 1:colcon.colcon_core.package_identification:_identify(.) by extension 'python_setup_py'
[0.941s] Level 1:colcon.colcon_core.package_identification:_identify(build) by extensions ['ignore', 'ignore_ament_install']
[0.941s] Level 1:colcon.colcon_core.package_identification:_identify(build) by extension 'ignore'
[0.941s] Level 1:colcon.colcon_core.package_identification:_identify(build) ignored
[0.941s] Level 1:colcon.colcon_core.package_identification:_identify(extension) by extensions ['ignore', 'ignore_ament_install']
[0.942s] Level 1:colcon.colcon_core.package_identification:_identify(extension) by extension 'ignore'
[0.942s] Level 1:colcon.colcon_core.package_identification:_identify(extension) by extension 'ignore_ament_install'
[0.942s] Level 1:colcon.colcon_core.package_identification:_identify(extension) by extensions ['colcon_pkg']
[0.942s] Level 1:colcon.colcon_core.package_identification:_identify(extension) by extension 'colcon_pkg'
[0.942s] Level 1:colcon.colcon_core.package_identification:_identify(extension) by extensions ['colcon_meta']
[0.942s] Level 1:colcon.colcon_core.package_identification:_identify(extension) by extension 'colcon_meta'
[0.942s] Level 1:colcon.colcon_core.package_identification:_identify(extension) by extensions ['ros']
[0.942s] Level 1:colcon.colcon_core.package_identification:_identify(extension) by extension 'ros'
[0.943s] Level 1:colcon.colcon_core.package_identification:_identify(extension) by extensions ['cmake', 'python']
[0.943s] Level 1:colcon.colcon_core.package_identification:_identify(extension) by extension 'cmake'
[0.943s] Level 1:colcon.colcon_core.package_identification:_identify(extension) by extension 'python'
[0.943s] Level 1:colcon.colcon_core.package_identification:_identify(extension) by extensions ['python_setup_py']
[0.943s] Level 1:colcon.colcon_core.package_identification:_identify(extension) by extension 'python_setup_py'
[0.943s] Level 1:colcon.colcon_core.package_identification:_identify(install) by extensions ['ignore', 'ignore_ament_install']
[0.944s] Level 1:colcon.colcon_core.package_identification:_identify(install) by extension 'ignore'
[0.944s] Level 1:colcon.colcon_core.package_identification:_identify(install) ignored
[0.944s] Level 1:colcon.colcon_core.package_identification:_identify(log) by extensions ['ignore', 'ignore_ament_install']
[0.944s] Level 1:colcon.colcon_core.package_identification:_identify(log) by extension 'ignore'
[0.945s] Level 1:colcon.colcon_core.package_identification:_identify(log) ignored
[0.945s] Level 1:colcon.colcon_core.package_identification:_identify(robo_hardware) by extensions ['ignore', 'ignore_ament_install']
[0.945s] Level 1:colcon.colcon_core.package_identification:_identify(robo_hardware) by extension 'ignore'
[0.945s] Level 1:colcon.colcon_core.package_identification:_identify(robo_hardware) by extension 'ignore_ament_install'
[0.945s] Level 1:colcon.colcon_core.package_identification:_identify(robo_hardware) by extensions ['colcon_pkg']
[0.946s] Level 1:colcon.colcon_core.package_identification:_identify(robo_hardware) by extension 'colcon_pkg'
[0.946s] Level 1:colcon.colcon_core.package_identification:_identify(robo_hardware) by extensions ['colcon_meta']
[0.946s] Level 1:colcon.colcon_core.package_identification:_identify(robo_hardware) by extension 'colcon_meta'
[0.946s] Level 1:colcon.colcon_core.package_identification:_identify(robo_hardware) by extensions ['ros']
[0.946s] Level 1:colcon.colcon_core.package_identification:_identify(robo_hardware) by extension 'ros'
[0.946s] Level 1:colcon.colcon_core.package_identification:_identify(robo_hardware) by extensions ['cmake', 'python']
[0.946s] Level 1:colcon.colcon_core.package_identification:_identify(robo_hardware) by extension 'cmake'
[0.946s] Level 1:colcon.colcon_core.package_identification:_identify(robo_hardware) by extension 'python'
[0.947s] Level 1:colcon.colcon_core.package_identification:_identify(robo_hardware) by extensions ['python_setup_py']
[0.947s] Level 1:colcon.colcon_core.package_identification:_identify(robo_hardware) by extension 'python_setup_py'
[0.947s] Level 1:colcon.colcon_core.package_identification:_identify(robo_hardware/roboCore) by extensions ['ignore', 'ignore_ament_install']
[0.947s] Level 1:colcon.colcon_core.package_identification:_identify(robo_hardware/roboCore) by extension 'ignore'
[0.947s] Level 1:colcon.colcon_core.package_identification:_identify(robo_hardware/roboCore) by extension 'ignore_ament_install'
[0.947s] Level 1:colcon.colcon_core.package_identification:_identify(robo_hardware/roboCore) by extensions ['colcon_pkg']
[0.948s] Level 1:colcon.colcon_core.package_identification:_identify(robo_hardware/roboCore) by extension 'colcon_pkg'
[0.948s] Level 1:colcon.colcon_core.package_identification:_identify(robo_hardware/roboCore) by extensions ['colcon_meta']
[0.948s] Level 1:colcon.colcon_core.package_identification:_identify(robo_hardware/roboCore) by extension 'colcon_meta'
[0.948s] Level 1:colcon.colcon_core.package_identification:_identify(robo_hardware/roboCore) by extensions ['ros']
[0.948s] Level 1:colcon.colcon_core.package_identification:_identify(robo_hardware/roboCore) by extension 'ros'
[0.948s] Level 1:colcon.colcon_core.package_identification:_identify(robo_hardware/roboCore) by extensions ['cmake', 'python']
[0.948s] Level 1:colcon.colcon_core.package_identification:_identify(robo_hardware/roboCore) by extension 'cmake'
[0.949s] Level 1:colcon.colcon_core.package_identification:_identify(robo_hardware/roboCore) by extension 'python'
[0.949s] Level 1:colcon.colcon_core.package_identification:_identify(robo_hardware/roboCore) by extensions ['python_setup_py']
[0.949s] Level 1:colcon.colcon_core.package_identification:_identify(robo_hardware/roboCore) by extension 'python_setup_py'
[0.949s] Level 1:colcon.colcon_core.package_identification:_identify(robo_hardware/roboCore/config) by extensions ['ignore', 'ignore_ament_install']
[0.949s] Level 1:colcon.colcon_core.package_identification:_identify(robo_hardware/roboCore/config) by extension 'ignore'
[0.949s] Level 1:colcon.colcon_core.package_identification:_identify(robo_hardware/roboCore/config) by extension 'ignore_ament_install'
[0.950s] Level 1:colcon.colcon_core.package_identification:_identify(robo_hardware/roboCore/config) by extensions ['colcon_pkg']
[0.950s] Level 1:colcon.colcon_core.package_identification:_identify(robo_hardware/roboCore/config) by extension 'colcon_pkg'
[0.950s] Level 1:colcon.colcon_core.package_identification:_identify(robo_hardware/roboCore/config) by extensions ['colcon_meta']
[0.950s] Level 1:colcon.colcon_core.package_identification:_identify(robo_hardware/roboCore/config) by extension 'colcon_meta'
[0.950s] Level 1:colcon.colcon_core.package_identification:_identify(robo_hardware/roboCore/config) by extensions ['ros']
[0.950s] Level 1:colcon.colcon_core.package_identification:_identify(robo_hardware/roboCore/config) by extension 'ros'
[0.950s] Level 1:colcon.colcon_core.package_identification:_identify(robo_hardware/roboCore/config) by extensions ['cmake', 'python']
[0.950s] Level 1:colcon.colcon_core.package_identification:_identify(robo_hardware/roboCore/config) by extension 'cmake'
[0.951s] Level 1:colcon.colcon_core.package_identification:_identify(robo_hardware/roboCore/config) by extension 'python'
[0.951s] Level 1:colcon.colcon_core.package_identification:_identify(robo_hardware/roboCore/config) by extensions ['python_setup_py']
[0.951s] Level 1:colcon.colcon_core.package_identification:_identify(robo_hardware/roboCore/config) by extension 'python_setup_py'
[0.951s] Level 1:colcon.colcon_core.package_identification:_identify(src) by extensions ['ignore', 'ignore_ament_install']
[0.951s] Level 1:colcon.colcon_core.package_identification:_identify(src) by extension 'ignore'
[0.951s] Level 1:colcon.colcon_core.package_identification:_identify(src) by extension 'ignore_ament_install'
[0.952s] Level 1:colcon.colcon_core.package_identification:_identify(src) by extensions ['colcon_pkg']
[0.952s] Level 1:colcon.colcon_core.package_identification:_identify(src) by extension 'colcon_pkg'
[0.952s] Level 1:colcon.colcon_core.package_identification:_identify(src) by extensions ['colcon_meta']
[0.952s] Level 1:colcon.colcon_core.package_identification:_identify(src) by extension 'colcon_meta'
[0.952s] Level 1:colcon.colcon_core.package_identification:_identify(src) by extensions ['ros']
[0.952s] Level 1:colcon.colcon_core.package_identification:_identify(src) by extension 'ros'
[0.952s] Level 1:colcon.colcon_core.package_identification:_identify(src) by extensions ['cmake', 'python']
[0.952s] Level 1:colcon.colcon_core.package_identification:_identify(src) by extension 'cmake'
[0.953s] Level 1:colcon.colcon_core.package_identification:_identify(src) by extension 'python'
[0.953s] Level 1:colcon.colcon_core.package_identification:_identify(src) by extensions ['python_setup_py']
[0.953s] Level 1:colcon.colcon_core.package_identification:_identify(src) by extension 'python_setup_py'
[0.953s] Level 1:colcon.colcon_core.package_identification:_identify(src/robo_core) by extensions ['ignore', 'ignore_ament_install']
[0.953s] Level 1:colcon.colcon_core.package_identification:_identify(src/robo_core) by extension 'ignore'
[0.954s] Level 1:colcon.colcon_core.package_identification:_identify(src/robo_core) by extension 'ignore_ament_install'
[0.954s] Level 1:colcon.colcon_core.package_identification:_identify(src/robo_core) by extensions ['colcon_pkg']
[0.954s] Level 1:colcon.colcon_core.package_identification:_identify(src/robo_core) by extension 'colcon_pkg'
[0.954s] Level 1:colcon.colcon_core.package_identification:_identify(src/robo_core) by extensions ['colcon_meta']
[0.954s] Level 1:colcon.colcon_core.package_identification:_identify(src/robo_core) by extension 'colcon_meta'
[0.954s] Level 1:colcon.colcon_core.package_identification:_identify(src/robo_core) by extensions ['ros']
[0.954s] Level 1:colcon.colcon_core.package_identification:_identify(src/robo_core) by extension 'ros'
[0.961s] DEBUG:colcon.colcon_core.package_identification:Package 'src/robo_core' with type 'ros.ament_python' and name 'robo_core'
[0.961s] Level 1:colcon.colcon_core.package_identification:_identify(src/robo_description) by extensions ['ignore', 'ignore_ament_install']
[0.962s] Level 1:colcon.colcon_core.package_identification:_identify(src/robo_description) by extension 'ignore'
[0.962s] Level 1:colcon.colcon_core.package_identification:_identify(src/robo_description) by extension 'ignore_ament_install'
[0.962s] Level 1:colcon.colcon_core.package_identification:_identify(src/robo_description) by extensions ['colcon_pkg']
[0.962s] Level 1:colcon.colcon_core.package_identification:_identify(src/robo_description) by extension 'colcon_pkg'
[0.962s] Level 1:colcon.colcon_core.package_identification:_identify(src/robo_description) by extensions ['colcon_meta']
[0.962s] Level 1:colcon.colcon_core.package_identification:_identify(src/robo_description) by extension 'colcon_meta'
[0.963s] Level 1:colcon.colcon_core.package_identification:_identify(src/robo_description) by extensions ['ros']
[0.963s] Level 1:colcon.colcon_core.package_identification:_identify(src/robo_description) by extension 'ros'
[0.964s] DEBUG:colcon.colcon_core.package_identification:Package 'src/robo_description' with type 'ros.ament_cmake' and name 'robo_description'
[0.964s] Level 1:colcon.colcon_core.package_identification:_identify(src/robo_interfaces) by extensions ['ignore', 'ignore_ament_install']
[0.965s] Level 1:colcon.colcon_core.package_identification:_identify(src/robo_interfaces) by extension 'ignore'
[0.965s] Level 1:colcon.colcon_core.package_identification:_identify(src/robo_interfaces) by extension 'ignore_ament_install'
[0.965s] Level 1:colcon.colcon_core.package_identification:_identify(src/robo_interfaces) by extensions ['colcon_pkg']
[0.965s] Level 1:colcon.colcon_core.package_identification:_identify(src/robo_interfaces) by extension 'colcon_pkg'
[0.965s] Level 1:colcon.colcon_core.package_identification:_identify(src/robo_interfaces) by extensions ['colcon_meta']
[0.965s] Level 1:colcon.colcon_core.package_identification:_identify(src/robo_interfaces) by extension 'colcon_meta'
[0.966s] Level 1:colcon.colcon_core.package_identification:_identify(src/robo_interfaces) by extensions ['ros']
[0.966s] Level 1:colcon.colcon_core.package_identification:_identify(src/robo_interfaces) by extension 'ros'
[0.967s] DEBUG:colcon.colcon_core.package_identification:Package 'src/robo_interfaces' with type 'ros.ament_cmake' and name 'robo_interfaces'
[0.967s] Level 1:colcon.colcon_core.package_discovery:discover_packages(recursive) using defaults
[0.967s] Level 1:colcon.colcon_core.package_discovery:discover_packages(ignore) discover
[0.968s] Level 1:colcon.colcon_core.package_discovery:discover_packages(ignore) using defaults
[0.968s] Level 1:colcon.colcon_core.package_discovery:discover_packages(path) discover
[0.968s] Level 1:colcon.colcon_core.package_discovery:discover_packages(path) using defaults
[1.019s] Level 1:colcon.colcon_core.package_discovery:discover_packages(prefix_path) check parameters
[1.019s] Level 1:colcon.colcon_core.package_discovery:discover_packages(prefix_path) discover
[1.027s] DEBUG:colcon.colcon_installed_package_information.package_discovery:Found 3 installed packages in /home/entity014/roboInno_ws/install
[1.029s] DEBUG:colcon.colcon_installed_package_information.package_discovery:Found 6 installed packages in /home/entity014/ros2_ws/install
[1.035s] DEBUG:colcon.colcon_installed_package_information.package_discovery:Found 391 installed packages in /opt/ros/foxy
[1.041s] Level 1:colcon.colcon_core.package_discovery:discover_packages(prefix_path) using defaults
[1.243s] Level 5:colcon.colcon_core.verb:set package 'robo_description' build argument 'cmake_args' from command line to 'None'
[1.243s] Level 5:colcon.colcon_core.verb:set package 'robo_description' build argument 'cmake_target' from command line to 'None'
[1.243s] Level 5:colcon.colcon_core.verb:set package 'robo_description' build argument 'cmake_target_skip_unavailable' from command line to 'False'
[1.243s] Level 5:colcon.colcon_core.verb:set package 'robo_description' build argument 'cmake_clean_cache' from command line to 'False'
[1.243s] Level 5:colcon.colcon_core.verb:set package 'robo_description' build argument 'cmake_clean_first' from command line to 'False'
[1.243s] Level 5:colcon.colcon_core.verb:set package 'robo_description' build argument 'cmake_force_configure' from command line to 'False'
[1.243s] Level 5:colcon.colcon_core.verb:set package 'robo_description' build argument 'ament_cmake_args' from command line to 'None'
[1.243s] Level 5:colcon.colcon_core.verb:set package 'robo_description' build argument 'catkin_cmake_args' from command line to 'None'
[1.243s] Level 5:colcon.colcon_core.verb:set package 'robo_description' build argument 'catkin_skip_building_tests' from command line to 'False'
[1.243s] DEBUG:colcon.colcon_core.verb:Building package 'robo_description' with the following arguments: {'ament_cmake_args': None, 'build_base': '/home/entity014/roboInno_ws/build/robo_description', 'catkin_cmake_args': None, 'catkin_skip_building_tests': False, 'cmake_args': None, 'cmake_clean_cache': False, 'cmake_clean_first': False, 'cmake_force_configure': False, 'cmake_target': None, 'cmake_target_skip_unavailable': False, 'install_base': '/home/entity014/roboInno_ws/install/robo_description', 'merge_install': False, 'path': '/home/entity014/roboInno_ws/src/robo_description', 'symlink_install': False, 'test_result_base': None}
[1.245s] Level 5:colcon.colcon_core.verb:set package 'robo_interfaces' build argument 'cmake_args' from command line to 'None'
[1.245s] Level 5:colcon.colcon_core.verb:set package 'robo_interfaces' build argument 'cmake_target' from command line to 'None'
[1.246s] Level 5:colcon.colcon_core.verb:set package 'robo_interfaces' build argument 'cmake_target_skip_unavailable' from command line to 'False'
[1.246s] Level 5:colcon.colcon_core.verb:set package 'robo_interfaces' build argument 'cmake_clean_cache' from command line to 'False'
[1.246s] Level 5:colcon.colcon_core.verb:set package 'robo_interfaces' build argument 'cmake_clean_first' from command line to 'False'
[1.246s] Level 5:colcon.colcon_core.verb:set package 'robo_interfaces' build argument 'cmake_force_configure' from command line to 'False'
[1.246s] Level 5:colcon.colcon_core.verb:set package 'robo_interfaces' build argument 'ament_cmake_args' from command line to 'None'
[1.246s] Level 5:colcon.colcon_core.verb:set package 'robo_interfaces' build argument 'catkin_cmake_args' from command line to 'None'
[1.246s] Level 5:colcon.colcon_core.verb:set package 'robo_interfaces' build argument 'catkin_skip_building_tests' from command line to 'False'
[1.246s] DEBUG:colcon.colcon_core.verb:Building package 'robo_interfaces' with the following arguments: {'ament_cmake_args': None, 'build_base': '/home/entity014/roboInno_ws/build/robo_interfaces', 'catkin_cmake_args': None, 'catkin_skip_building_tests': False, 'cmake_args': None, 'cmake_clean_cache': False, 'cmake_clean_first': False, 'cmake_force_configure': False, 'cmake_target': None, 'cmake_target_skip_unavailable': False, 'install_base': '/home/entity014/roboInno_ws/install/robo_interfaces', 'merge_install': False, 'path': '/home/entity014/roboInno_ws/src/robo_interfaces', 'symlink_install': False, 'test_result_base': None}
[1.248s] Level 5:colcon.colcon_core.verb:set package 'robo_core' build argument 'cmake_args' from command line to 'None'
[1.248s] Level 5:colcon.colcon_core.verb:set package 'robo_core' build argument 'cmake_target' from command line to 'None'
[1.248s] Level 5:colcon.colcon_core.verb:set package 'robo_core' build argument 'cmake_target_skip_unavailable' from command line to 'False'
[1.248s] Level 5:colcon.colcon_core.verb:set package 'robo_core' build argument 'cmake_clean_cache' from command line to 'False'
[1.248s] Level 5:colcon.colcon_core.verb:set package 'robo_core' build argument 'cmake_clean_first' from command line to 'False'
[1.248s] Level 5:colcon.colcon_core.verb:set package 'robo_core' build argument 'cmake_force_configure' from command line to 'False'
[1.248s] Level 5:colcon.colcon_core.verb:set package 'robo_core' build argument 'ament_cmake_args' from command line to 'None'
[1.248s] Level 5:colcon.colcon_core.verb:set package 'robo_core' build argument 'catkin_cmake_args' from command line to 'None'
[1.248s] Level 5:colcon.colcon_core.verb:set package 'robo_core' build argument 'catkin_skip_building_tests' from command line to 'False'
[1.248s] DEBUG:colcon.colcon_core.verb:Building package 'robo_core' with the following arguments: {'ament_cmake_args': None, 'build_base': '/home/entity014/roboInno_ws/build/robo_core', 'catkin_cmake_args': None, 'catkin_skip_building_tests': False, 'cmake_args': None, 'cmake_clean_cache': False, 'cmake_clean_first': False, 'cmake_force_configure': False, 'cmake_target': None, 'cmake_target_skip_unavailable': False, 'install_base': '/home/entity014/roboInno_ws/install/robo_core', 'merge_install': False, 'path': '/home/entity014/roboInno_ws/src/robo_core', 'symlink_install': False, 'test_result_base': None}
[1.251s] INFO:colcon.colcon_core.executor:Executing jobs using 'parallel' executor
[1.261s] DEBUG:colcon.colcon_parallel_executor.executor.parallel:run_until_complete
[1.262s] INFO:colcon.colcon_ros.task.ament_cmake.build:Building ROS package in '/home/entity014/roboInno_ws/src/robo_interfaces' with build type 'ament_cmake'
[1.262s] INFO:colcon.colcon_cmake.task.cmake.build:Building CMake package in '/home/entity014/roboInno_ws/src/robo_interfaces'
[1.272s] INFO:colcon.colcon_core.plugin_system:Skipping extension 'colcon_core.shell.bat': Not used on non-Windows systems
[1.272s] INFO:colcon.colcon_core.shell:Skip shell extension 'powershell' for command environment: Not usable outside of PowerShell
[1.273s] DEBUG:colcon.colcon_core.shell:Skip shell extension 'dsv' for command environment
[1.293s] INFO:colcon.colcon_ros.task.ament_cmake.build:Building ROS package in '/home/entity014/roboInno_ws/src/robo_description' with build type 'ament_cmake'
[1.294s] INFO:colcon.colcon_cmake.task.cmake.build:Building CMake package in '/home/entity014/roboInno_ws/src/robo_description'
[1.299s] INFO:colcon.colcon_core.shell:Skip shell extension 'powershell' for command environment: Not usable outside of PowerShell
[1.299s] DEBUG:colcon.colcon_core.shell:Skip shell extension 'dsv' for command environment
[1.337s] DEBUG:colcon.colcon_core.event_handler.log_command:Invoking command in '/home/entity014/roboInno_ws/build/robo_interfaces': CMAKE_PREFIX_PATH=${CMAKE_PREFIX_PATH}:/home/entity014/roboInno_ws/install/robo_core:/home/entity014/ros2_ws/install/swap_pillar:/opt/ros/foxy /home/entity014/.local/bin/cmake --build /home/entity014/roboInno_ws/build/robo_interfaces -- -j8 -l8
[1.354s] DEBUG:colcon.colcon_core.event_handler.log_command:Invoking command in '/home/entity014/roboInno_ws/build/robo_description': CMAKE_PREFIX_PATH=${CMAKE_PREFIX_PATH}:/home/entity014/roboInno_ws/install/robo_core:/home/entity014/ros2_ws/install/swap_pillar:/opt/ros/foxy /home/entity014/.local/bin/cmake --build /home/entity014/roboInno_ws/build/robo_description -- -j8 -l8
[1.500s] DEBUG:colcon.colcon_core.event_handler.log_command:Invoked command in '/home/entity014/roboInno_ws/build/robo_description' returned '0': CMAKE_PREFIX_PATH=${CMAKE_PREFIX_PATH}:/home/entity014/roboInno_ws/install/robo_core:/home/entity014/ros2_ws/install/swap_pillar:/opt/ros/foxy /home/entity014/.local/bin/cmake --build /home/entity014/roboInno_ws/build/robo_description -- -j8 -l8
[1.724s] DEBUG:colcon.colcon_core.event_handler.log_command:Invoking command in '/home/entity014/roboInno_ws/build/robo_description': CMAKE_PREFIX_PATH=${CMAKE_PREFIX_PATH}:/home/entity014/roboInno_ws/install/robo_core:/home/entity014/ros2_ws/install/swap_pillar:/opt/ros/foxy /home/entity014/.local/bin/cmake --install /home/entity014/roboInno_ws/build/robo_description
[1.727s] DEBUG:colcon.colcon_core.event_handler.log_command:Invoked command in '/home/entity014/roboInno_ws/build/robo_interfaces' returned '0': CMAKE_PREFIX_PATH=${CMAKE_PREFIX_PATH}:/home/entity014/roboInno_ws/install/robo_core:/home/entity014/ros2_ws/install/swap_pillar:/opt/ros/foxy /home/entity014/.local/bin/cmake --build /home/entity014/roboInno_ws/build/robo_interfaces -- -j8 -l8
[1.810s] Level 1:colcon.colcon_core.environment:create_environment_scripts_only(robo_description)
[1.825s] Level 1:colcon.colcon_core.environment:checking '/home/entity014/roboInno_ws/install/robo_description' for CMake module files
[1.826s] Level 1:colcon.colcon_core.environment:checking '/home/entity014/roboInno_ws/install/robo_description' for CMake config files
[1.827s] Level 1:colcon.colcon_core.shell:create_environment_hook('robo_description', 'cmake_prefix_path')
[1.831s] INFO:colcon.colcon_core.shell:Creating environment hook '/home/entity014/roboInno_ws/install/robo_description/share/robo_description/hook/cmake_prefix_path.ps1'
[1.833s] INFO:colcon.colcon_core.shell:Creating environment descriptor '/home/entity014/roboInno_ws/install/robo_description/share/robo_description/hook/cmake_prefix_path.dsv'
[1.834s] INFO:colcon.colcon_core.shell:Creating environment hook '/home/entity014/roboInno_ws/install/robo_description/share/robo_description/hook/cmake_prefix_path.sh'
[1.836s] DEBUG:colcon.colcon_core.event_handler.log_command:Invoked command in '/home/entity014/roboInno_ws/build/robo_description' returned '0': CMAKE_PREFIX_PATH=${CMAKE_PREFIX_PATH}:/home/entity014/roboInno_ws/install/robo_core:/home/entity014/ros2_ws/install/swap_pillar:/opt/ros/foxy /home/entity014/.local/bin/cmake --install /home/entity014/roboInno_ws/build/robo_description
[1.837s] Level 1:colcon.colcon_core.environment:checking '/home/entity014/roboInno_ws/install/robo_description/bin'
[1.837s] Level 1:colcon.colcon_core.environment:checking '/home/entity014/roboInno_ws/install/robo_description/lib/pkgconfig/robo_description.pc'
[1.838s] Level 1:colcon.colcon_core.environment:checking '/home/entity014/roboInno_ws/install/robo_description/lib/python3.8/site-packages'
[1.838s] Level 1:colcon.colcon_core.environment:checking '/home/entity014/roboInno_ws/install/robo_description/bin'
[1.843s] INFO:colcon.colcon_core.shell:Creating package script '/home/entity014/roboInno_ws/install/robo_description/share/robo_description/package.ps1'
[1.845s] INFO:colcon.colcon_core.shell:Creating package descriptor '/home/entity014/roboInno_ws/install/robo_description/share/robo_description/package.dsv'
[1.846s] INFO:colcon.colcon_core.shell:Creating package script '/home/entity014/roboInno_ws/install/robo_description/share/robo_description/package.sh'
[1.848s] INFO:colcon.colcon_core.shell:Creating package script '/home/entity014/roboInno_ws/install/robo_description/share/robo_description/package.bash'
[1.849s] INFO:colcon.colcon_core.shell:Creating package script '/home/entity014/roboInno_ws/install/robo_description/share/robo_description/package.zsh'
[1.851s] Level 1:colcon.colcon_core.environment:create_file_with_runtime_dependencies(/home/entity014/roboInno_ws/install/robo_description/share/colcon-core/packages/robo_description)
[1.918s] DEBUG:colcon.colcon_core.event_handler.log_command:Invoking command in '/home/entity014/roboInno_ws/build/robo_interfaces': CMAKE_PREFIX_PATH=${CMAKE_PREFIX_PATH}:/home/entity014/roboInno_ws/install/robo_core:/home/entity014/ros2_ws/install/swap_pillar:/opt/ros/foxy /home/entity014/.local/bin/cmake --install /home/entity014/roboInno_ws/build/robo_interfaces
[1.965s] Level 1:colcon.colcon_core.environment:create_environment_scripts_only(robo_description)
[1.972s] Level 1:colcon.colcon_core.environment:checking '/home/entity014/roboInno_ws/install/robo_description' for CMake module files
[1.973s] Level 1:colcon.colcon_core.environment:checking '/home/entity014/roboInno_ws/install/robo_description' for CMake config files
[1.974s] Level 1:colcon.colcon_core.shell:create_environment_hook('robo_description', 'cmake_prefix_path')
[1.979s] INFO:colcon.colcon_core.shell:Creating environment hook '/home/entity014/roboInno_ws/install/robo_description/share/robo_description/hook/cmake_prefix_path.ps1'
[1.981s] INFO:colcon.colcon_core.shell:Creating environment descriptor '/home/entity014/roboInno_ws/install/robo_description/share/robo_description/hook/cmake_prefix_path.dsv'
[1.982s] INFO:colcon.colcon_core.shell:Creating environment hook '/home/entity014/roboInno_ws/install/robo_description/share/robo_description/hook/cmake_prefix_path.sh'
[1.984s] Level 1:colcon.colcon_core.environment:checking '/home/entity014/roboInno_ws/install/robo_description/bin'
[1.984s] Level 1:colcon.colcon_core.environment:checking '/home/entity014/roboInno_ws/install/robo_description/lib/pkgconfig/robo_description.pc'
[1.985s] Level 1:colcon.colcon_core.environment:checking '/home/entity014/roboInno_ws/install/robo_description/lib/python3.8/site-packages'
[1.985s] Level 1:colcon.colcon_core.environment:checking '/home/entity014/roboInno_ws/install/robo_description/bin'
[1.991s] INFO:colcon.colcon_core.shell:Creating package script '/home/entity014/roboInno_ws/install/robo_description/share/robo_description/package.ps1'
[1.993s] INFO:colcon.colcon_core.shell:Creating package descriptor '/home/entity014/roboInno_ws/install/robo_description/share/robo_description/package.dsv'
[1.995s] INFO:colcon.colcon_core.shell:Creating package script '/home/entity014/roboInno_ws/install/robo_description/share/robo_description/package.sh'
[1.996s] INFO:colcon.colcon_core.shell:Creating package script '/home/entity014/roboInno_ws/install/robo_description/share/robo_description/package.bash'
[1.997s] INFO:colcon.colcon_core.shell:Creating package script '/home/entity014/roboInno_ws/install/robo_description/share/robo_description/package.zsh'
[1.998s] Level 1:colcon.colcon_core.environment:create_file_with_runtime_dependencies(/home/entity014/roboInno_ws/install/robo_description/share/colcon-core/packages/robo_description)
[2.122s] Level 1:colcon.colcon_core.environment:create_environment_scripts_only(robo_interfaces)
[2.129s] Level 1:colcon.colcon_core.environment:checking '/home/entity014/roboInno_ws/install/robo_interfaces' for CMake module files
[2.130s] DEBUG:colcon.colcon_core.event_handler.log_command:Invoked command in '/home/entity014/roboInno_ws/build/robo_interfaces' returned '0': CMAKE_PREFIX_PATH=${CMAKE_PREFIX_PATH}:/home/entity014/roboInno_ws/install/robo_core:/home/entity014/ros2_ws/install/swap_pillar:/opt/ros/foxy /home/entity014/.local/bin/cmake --install /home/entity014/roboInno_ws/build/robo_interfaces
[2.131s] Level 1:colcon.colcon_core.environment:checking '/home/entity014/roboInno_ws/install/robo_interfaces' for CMake config files
[2.133s] Level 1:colcon.colcon_core.shell:create_environment_hook('robo_interfaces', 'cmake_prefix_path')
[2.137s] INFO:colcon.colcon_core.shell:Creating environment hook '/home/entity014/roboInno_ws/install/robo_interfaces/share/robo_interfaces/hook/cmake_prefix_path.ps1'
[2.138s] INFO:colcon.colcon_core.shell:Creating environment descriptor '/home/entity014/roboInno_ws/install/robo_interfaces/share/robo_interfaces/hook/cmake_prefix_path.dsv'
[2.139s] INFO:colcon.colcon_core.shell:Creating environment hook '/home/entity014/roboInno_ws/install/robo_interfaces/share/robo_interfaces/hook/cmake_prefix_path.sh'
[2.140s] Level 1:colcon.colcon_core.environment:checking '/home/entity014/roboInno_ws/install/robo_interfaces/lib'
[2.141s] Level 1:colcon.colcon_core.shell:create_environment_hook('robo_interfaces', 'ld_library_path_lib')
[2.145s] INFO:colcon.colcon_core.shell:Creating environment hook '/home/entity014/roboInno_ws/install/robo_interfaces/share/robo_interfaces/hook/ld_library_path_lib.ps1'
[2.146s] INFO:colcon.colcon_core.shell:Creating environment descriptor '/home/entity014/roboInno_ws/install/robo_interfaces/share/robo_interfaces/hook/ld_library_path_lib.dsv'
[2.147s] INFO:colcon.colcon_core.shell:Creating environment hook '/home/entity014/roboInno_ws/install/robo_interfaces/share/robo_interfaces/hook/ld_library_path_lib.sh'
[2.147s] Level 1:colcon.colcon_core.environment:checking '/home/entity014/roboInno_ws/install/robo_interfaces/bin'
[2.148s] Level 1:colcon.colcon_core.environment:checking '/home/entity014/roboInno_ws/install/robo_interfaces/lib/pkgconfig/robo_interfaces.pc'
[2.148s] Level 1:colcon.colcon_core.environment:checking '/home/entity014/roboInno_ws/install/robo_interfaces/lib/python3.8/site-packages'
[2.148s] Level 1:colcon.colcon_core.shell:create_environment_hook('robo_interfaces', 'pythonpath')
[2.152s] INFO:colcon.colcon_core.shell:Creating environment hook '/home/entity014/roboInno_ws/install/robo_interfaces/share/robo_interfaces/hook/pythonpath.ps1'
[2.153s] INFO:colcon.colcon_core.shell:Creating environment descriptor '/home/entity014/roboInno_ws/install/robo_interfaces/share/robo_interfaces/hook/pythonpath.dsv'
[2.154s] INFO:colcon.colcon_core.shell:Creating environment hook '/home/entity014/roboInno_ws/install/robo_interfaces/share/robo_interfaces/hook/pythonpath.sh'
[2.155s] Level 1:colcon.colcon_core.environment:checking '/home/entity014/roboInno_ws/install/robo_interfaces/bin'
[2.159s] INFO:colcon.colcon_core.shell:Creating package script '/home/entity014/roboInno_ws/install/robo_interfaces/share/robo_interfaces/package.ps1'
[2.160s] INFO:colcon.colcon_core.shell:Creating package descriptor '/home/entity014/roboInno_ws/install/robo_interfaces/share/robo_interfaces/package.dsv'
[2.161s] INFO:colcon.colcon_core.shell:Creating package script '/home/entity014/roboInno_ws/install/robo_interfaces/share/robo_interfaces/package.sh'
[2.162s] INFO:colcon.colcon_core.shell:Creating package script '/home/entity014/roboInno_ws/install/robo_interfaces/share/robo_interfaces/package.bash'
[2.162s] INFO:colcon.colcon_core.shell:Creating package script '/home/entity014/roboInno_ws/install/robo_interfaces/share/robo_interfaces/package.zsh'
[2.163s] Level 1:colcon.colcon_core.environment:create_file_with_runtime_dependencies(/home/entity014/roboInno_ws/install/robo_interfaces/share/colcon-core/packages/robo_interfaces)
[2.340s] Level 1:colcon.colcon_core.environment:create_environment_scripts_only(robo_interfaces)
[2.344s] Level 1:colcon.colcon_core.environment:checking '/home/entity014/roboInno_ws/install/robo_interfaces' for CMake module files
[2.345s] Level 1:colcon.colcon_core.environment:checking '/home/entity014/roboInno_ws/install/robo_interfaces' for CMake config files
[2.347s] Level 1:colcon.colcon_core.shell:create_environment_hook('robo_interfaces', 'cmake_prefix_path')
[2.349s] INFO:colcon.colcon_core.shell:Creating environment hook '/home/entity014/roboInno_ws/install/robo_interfaces/share/robo_interfaces/hook/cmake_prefix_path.ps1'
[2.350s] INFO:colcon.colcon_core.shell:Creating environment descriptor '/home/entity014/roboInno_ws/install/robo_interfaces/share/robo_interfaces/hook/cmake_prefix_path.dsv'
[2.351s] INFO:colcon.colcon_core.shell:Creating environment hook '/home/entity014/roboInno_ws/install/robo_interfaces/share/robo_interfaces/hook/cmake_prefix_path.sh'
[2.352s] Level 1:colcon.colcon_core.environment:checking '/home/entity014/roboInno_ws/install/robo_interfaces/lib'
[2.352s] Level 1:colcon.colcon_core.shell:create_environment_hook('robo_interfaces', 'ld_library_path_lib')
[2.355s] INFO:colcon.colcon_core.shell:Creating environment hook '/home/entity014/roboInno_ws/install/robo_interfaces/share/robo_interfaces/hook/ld_library_path_lib.ps1'
[2.356s] INFO:colcon.colcon_core.shell:Creating environment descriptor '/home/entity014/roboInno_ws/install/robo_interfaces/share/robo_interfaces/hook/ld_library_path_lib.dsv'
[2.357s] INFO:colcon.colcon_core.shell:Creating environment hook '/home/entity014/roboInno_ws/install/robo_interfaces/share/robo_interfaces/hook/ld_library_path_lib.sh'
[2.358s] Level 1:colcon.colcon_core.environment:checking '/home/entity014/roboInno_ws/install/robo_interfaces/bin'
[2.358s] Level 1:colcon.colcon_core.environment:checking '/home/entity014/roboInno_ws/install/robo_interfaces/lib/pkgconfig/robo_interfaces.pc'
[2.358s] Level 1:colcon.colcon_core.environment:checking '/home/entity014/roboInno_ws/install/robo_interfaces/lib/python3.8/site-packages'
[2.359s] Level 1:colcon.colcon_core.shell:create_environment_hook('robo_interfaces', 'pythonpath')
[2.363s] INFO:colcon.colcon_core.shell:Creating environment hook '/home/entity014/roboInno_ws/install/robo_interfaces/share/robo_interfaces/hook/pythonpath.ps1'
[2.364s] INFO:colcon.colcon_core.shell:Creating environment descriptor '/home/entity014/roboInno_ws/install/robo_interfaces/share/robo_interfaces/hook/pythonpath.dsv'
[2.365s] INFO:colcon.colcon_core.shell:Creating environment hook '/home/entity014/roboInno_ws/install/robo_interfaces/share/robo_interfaces/hook/pythonpath.sh'
[2.366s] Level 1:colcon.colcon_core.environment:checking '/home/entity014/roboInno_ws/install/robo_interfaces/bin'
[2.371s] INFO:colcon.colcon_core.shell:Creating package script '/home/entity014/roboInno_ws/install/robo_interfaces/share/robo_interfaces/package.ps1'
[2.373s] INFO:colcon.colcon_core.shell:Creating package descriptor '/home/entity014/roboInno_ws/install/robo_interfaces/share/robo_interfaces/package.dsv'
[2.375s] INFO:colcon.colcon_core.shell:Creating package script '/home/entity014/roboInno_ws/install/robo_interfaces/share/robo_interfaces/package.sh'
[2.376s] INFO:colcon.colcon_core.shell:Creating package script '/home/entity014/roboInno_ws/install/robo_interfaces/share/robo_interfaces/package.bash'
[2.377s] INFO:colcon.colcon_core.shell:Creating package script '/home/entity014/roboInno_ws/install/robo_interfaces/share/robo_interfaces/package.zsh'
[2.378s] Level 1:colcon.colcon_core.environment:create_file_with_runtime_dependencies(/home/entity014/roboInno_ws/install/robo_interfaces/share/colcon-core/packages/robo_interfaces)
[2.379s] INFO:colcon.colcon_ros.task.ament_python.build:Building ROS package in '/home/entity014/roboInno_ws/src/robo_core' with build type 'ament_python'
[2.380s] Level 1:colcon.colcon_core.shell:create_environment_hook('robo_core', 'ament_prefix_path')
[2.383s] INFO:colcon.colcon_core.shell:Creating environment hook '/home/entity014/roboInno_ws/install/robo_core/share/robo_core/hook/ament_prefix_path.ps1'
[2.384s] INFO:colcon.colcon_core.shell:Creating environment descriptor '/home/entity014/roboInno_ws/install/robo_core/share/robo_core/hook/ament_prefix_path.dsv'
[2.385s] INFO:colcon.colcon_core.shell:Creating environment hook '/home/entity014/roboInno_ws/install/robo_core/share/robo_core/hook/ament_prefix_path.sh'
[2.388s] INFO:colcon.colcon_core.shell:Skip shell extension 'powershell' for command environment: Not usable outside of PowerShell
[2.388s] DEBUG:colcon.colcon_core.shell:Skip shell extension 'dsv' for command environment
[3.124s] INFO:colcon.colcon_core.task.python.build:Building Python package in '/home/entity014/roboInno_ws/src/robo_core'
[3.128s] INFO:colcon.colcon_core.shell:Skip shell extension 'powershell' for command environment: Not usable outside of PowerShell
[3.128s] DEBUG:colcon.colcon_core.shell:Skip shell extension 'dsv' for command environment
[4.304s] DEBUG:colcon.colcon_core.event_handler.log_command:Invoking command in '/home/entity014/roboInno_ws/src/robo_core': PYTHONPATH=/home/entity014/roboInno_ws/build/robo_core/prefix_override:/home/entity014/roboInno_ws/install/robo_core/lib/python3.8/site-packages:/home/entity014/roboInno_ws/install/robo_interfaces/lib/python3.8/site-packages:/home/entity014/roboInno_ws/install/robo_core/lib/python3.8/site-packages:/home/entity014/ros2_ws/build/swap_pillar:/home/entity014/ros2_ws/install/swap_pillar/lib/python3.8/site-packages:/home/entity014/ros2_ws/install/micro_ros_msgs/lib/python3.8/site-packages:/home/entity014/ros2_ws/install/drive_base_msgs/lib/python3.8/site-packages:/opt/ros/foxy/lib/python3.8/site-packages /usr/bin/python3 setup.py egg_info --egg-base ../../build/robo_core build --build-base /home/entity014/roboInno_ws/build/robo_core/build install --record /home/entity014/roboInno_ws/build/robo_core/install.log --install-scripts $base/lib/robo_core --single-version-externally-managed
[5.261s] Level 1:colcon.colcon_core.environment:checking '/home/entity014/roboInno_ws/install/robo_core' for CMake module files
[5.264s] Level 1:colcon.colcon_core.environment:checking '/home/entity014/roboInno_ws/install/robo_core' for CMake config files
[5.266s] Level 1:colcon.colcon_core.environment:checking '/home/entity014/roboInno_ws/install/robo_core/lib'
[5.266s] Level 1:colcon.colcon_core.environment:checking '/home/entity014/roboInno_ws/install/robo_core/bin'
[5.266s] Level 1:colcon.colcon_core.environment:checking '/home/entity014/roboInno_ws/install/robo_core/lib/pkgconfig/robo_core.pc'
[5.267s] Level 1:colcon.colcon_core.environment:checking '/home/entity014/roboInno_ws/install/robo_core/lib/python3.8/site-packages'
[5.267s] Level 1:colcon.colcon_core.shell:create_environment_hook('robo_core', 'pythonpath')
[5.272s] INFO:colcon.colcon_core.shell:Creating environment hook '/home/entity014/roboInno_ws/install/robo_core/share/robo_core/hook/pythonpath.ps1'
[5.273s] INFO:colcon.colcon_core.shell:Creating environment descriptor '/home/entity014/roboInno_ws/install/robo_core/share/robo_core/hook/pythonpath.dsv'
[5.263s] DEBUG:colcon.colcon_core.event_handler.log_command:Invoked command in '/home/entity014/roboInno_ws/src/robo_core' returned '0': PYTHONPATH=/home/entity014/roboInno_ws/build/robo_core/prefix_override:/home/entity014/roboInno_ws/install/robo_core/lib/python3.8/site-packages:/home/entity014/roboInno_ws/install/robo_interfaces/lib/python3.8/site-packages:/home/entity014/roboInno_ws/install/robo_core/lib/python3.8/site-packages:/home/entity014/ros2_ws/build/swap_pillar:/home/entity014/ros2_ws/install/swap_pillar/lib/python3.8/site-packages:/home/entity014/ros2_ws/install/micro_ros_msgs/lib/python3.8/site-packages:/home/entity014/ros2_ws/install/drive_base_msgs/lib/python3.8/site-packages:/opt/ros/foxy/lib/python3.8/site-packages /usr/bin/python3 setup.py egg_info --egg-base ../../build/robo_core build --build-base /home/entity014/roboInno_ws/build/robo_core/build install --record /home/entity014/roboInno_ws/build/robo_core/install.log --install-scripts $base/lib/robo_core --single-version-externally-managed
[5.276s] INFO:colcon.colcon_core.shell:Creating environment hook '/home/entity014/roboInno_ws/install/robo_core/share/robo_core/hook/pythonpath.sh'
[5.277s] Level 1:colcon.colcon_core.environment:checking '/home/entity014/roboInno_ws/install/robo_core/bin'
[5.278s] Level 1:colcon.colcon_core.environment:create_environment_scripts_only(robo_core)
[5.283s] INFO:colcon.colcon_core.shell:Creating package script '/home/entity014/roboInno_ws/install/robo_core/share/robo_core/package.ps1'
[5.284s] INFO:colcon.colcon_core.shell:Creating package descriptor '/home/entity014/roboInno_ws/install/robo_core/share/robo_core/package.dsv'
[5.286s] INFO:colcon.colcon_core.shell:Creating package script '/home/entity014/roboInno_ws/install/robo_core/share/robo_core/package.sh'
[5.287s] INFO:colcon.colcon_core.shell:Creating package script '/home/entity014/roboInno_ws/install/robo_core/share/robo_core/package.bash'
[5.289s] INFO:colcon.colcon_core.shell:Creating package script '/home/entity014/roboInno_ws/install/robo_core/share/robo_core/package.zsh'
[5.290s] Level 1:colcon.colcon_core.environment:create_file_with_runtime_dependencies(/home/entity014/roboInno_ws/install/robo_core/share/colcon-core/packages/robo_core)
[5.292s] DEBUG:colcon.colcon_parallel_executor.executor.parallel:closing loop
[5.292s] DEBUG:colcon.colcon_parallel_executor.executor.parallel:loop closed
[5.292s] DEBUG:colcon.colcon_parallel_executor.executor.parallel:run_until_complete finished with '0'
[5.293s] DEBUG:colcon.colcon_core.event_reactor:joining thread
[5.315s] INFO:colcon.colcon_core.plugin_system:Skipping extension 'colcon_notification.desktop_notification.terminal_notifier': Not used on non-Darwin systems
[5.315s] INFO:colcon.colcon_core.plugin_system:Skipping extension 'colcon_notification.desktop_notification.win32': Not used on non-Windows systems
[5.315s] INFO:colcon.colcon_notification.desktop_notification:Sending desktop notification using 'notify2'
[5.346s] DEBUG:colcon.colcon_core.event_reactor:joined thread
[5.351s] INFO:colcon.colcon_core.shell:Creating prefix script '/home/entity014/roboInno_ws/install/local_setup.ps1'
[5.354s] INFO:colcon.colcon_core.shell:Creating prefix util module '/home/entity014/roboInno_ws/install/_local_setup_util_ps1.py'
[5.357s] INFO:colcon.colcon_core.shell:Creating prefix chain script '/home/entity014/roboInno_ws/install/setup.ps1'
[5.360s] INFO:colcon.colcon_core.shell:Creating prefix script '/home/entity014/roboInno_ws/install/local_setup.sh'
[5.361s] INFO:colcon.colcon_core.shell:Creating prefix util module '/home/entity014/roboInno_ws/install/_local_setup_util_sh.py'
[5.362s] INFO:colcon.colcon_core.shell:Creating prefix chain script '/home/entity014/roboInno_ws/install/setup.sh'
[5.367s] INFO:colcon.colcon_core.shell:Creating prefix script '/home/entity014/roboInno_ws/install/local_setup.bash'
[5.368s] INFO:colcon.colcon_core.shell:Creating prefix chain script '/home/entity014/roboInno_ws/install/setup.bash'
[5.373s] INFO:colcon.colcon_core.shell:Creating prefix script '/home/entity014/roboInno_ws/install/local_setup.zsh'
[5.375s] INFO:colcon.colcon_core.shell:Creating prefix chain script '/home/entity014/roboInno_ws/install/setup.zsh'
