[1.218s] Invoking command in '/home/entity014/roboInno_ws/src/robo_core': PYTHONPATH=/home/entity014/roboInno_ws/build/robo_core/prefix_override:/home/entity014/roboInno_ws/install/robo_core/lib/python3.8/site-packages:/home/entity014/roboInno_ws/install/robo_interfaces/lib/python3.8/site-packages:/home/entity014/roboInno_ws/install/robo_core/lib/python3.8/site-packages:/home/entity014/ros2_ws/build/swap_pillar:/home/entity014/ros2_ws/install/swap_pillar/lib/python3.8/site-packages:/home/entity014/ros2_ws/install/micro_ros_msgs/lib/python3.8/site-packages:/home/entity014/ros2_ws/install/drive_base_msgs/lib/python3.8/site-packages:/opt/ros/foxy/lib/python3.8/site-packages /usr/bin/python3 setup.py egg_info --egg-base ../../build/robo_core build --build-base /home/entity014/roboInno_ws/build/robo_core/build install --record /home/entity014/roboInno_ws/build/robo_core/install.log --install-scripts $base/lib/robo_core --single-version-externally-managed
[1.635s] running egg_info
[1.636s] writing ../../build/robo_core/robo_core.egg-info/PKG-INFO
[1.636s] writing dependency_links to ../../build/robo_core/robo_core.egg-info/dependency_links.txt
[1.636s] writing entry points to ../../build/robo_core/robo_core.egg-info/entry_points.txt
[1.637s] writing requirements to ../../build/robo_core/robo_core.egg-info/requires.txt
[1.637s] writing top-level names to ../../build/robo_core/robo_core.egg-info/top_level.txt
[1.720s] reading manifest file '../../build/robo_core/robo_core.egg-info/SOURCES.txt'
[1.723s] writing manifest file '../../build/robo_core/robo_core.egg-info/SOURCES.txt'
[1.723s] running build
[1.724s] running build_py
[1.725s] running install
[1.727s] running install_lib
[1.730s] running install_data
[1.732s] copying launch/robo.launch.py -> /home/entity014/roboInno_ws/install/robo_core/share/robo_core
[1.733s] running install_egg_info
[1.735s] removing '/home/entity014/roboInno_ws/install/robo_core/lib/python3.8/site-packages/robo_core-0.0.0-py3.8.egg-info' (and everything under it)
[1.736s] Copying ../../build/robo_core/robo_core.egg-info to /home/entity014/roboInno_ws/install/robo_core/lib/python3.8/site-packages/robo_core-0.0.0-py3.8.egg-info
[1.737s] running install_scripts
[1.761s] Installing command_node script to /home/entity014/roboInno_ws/install/robo_core/lib/robo_core
[1.762s] Installing controller_node script to /home/entity014/roboInno_ws/install/robo_core/lib/robo_core
[1.762s] Installing drive_node script to /home/entity014/roboInno_ws/install/robo_core/lib/robo_core
[1.762s] Installing pub_odom_node script to /home/entity014/roboInno_ws/install/robo_core/lib/robo_core
[1.762s] writing list of installed files to '/home/entity014/roboInno_ws/build/robo_core/install.log'
[1.793s] Invoked command in '/home/entity014/roboInno_ws/src/robo_core' returned '0': PYTHONPATH=/home/entity014/roboInno_ws/build/robo_core/prefix_override:/home/entity014/roboInno_ws/install/robo_core/lib/python3.8/site-packages:/home/entity014/roboInno_ws/install/robo_interfaces/lib/python3.8/site-packages:/home/entity014/roboInno_ws/install/robo_core/lib/python3.8/site-packages:/home/entity014/ros2_ws/build/swap_pillar:/home/entity014/ros2_ws/install/swap_pillar/lib/python3.8/site-packages:/home/entity014/ros2_ws/install/micro_ros_msgs/lib/python3.8/site-packages:/home/entity014/ros2_ws/install/drive_base_msgs/lib/python3.8/site-packages:/opt/ros/foxy/lib/python3.8/site-packages /usr/bin/python3 setup.py egg_info --egg-base ../../build/robo_core build --build-base /home/entity014/roboInno_ws/build/robo_core/build install --record /home/entity014/roboInno_ws/build/robo_core/install.log --install-scripts $base/lib/robo_core --single-version-externally-managed
