[0.051s] Invoking command in '/home/entity014/roboInno_ws/build/robo_description': CMAKE_PREFIX_PATH=${CMAKE_PREFIX_PATH}:/home/entity014/roboInno_ws/install/robo_core:/home/entity014/ros2_ws/install/swap_pillar:/opt/ros/foxy /home/entity014/.local/bin/cmake /home/entity014/roboInno_ws/src/robo_description -DCMAKE_INSTALL_PREFIX=/home/entity014/roboInno_ws/install/robo_description
[0.320s] -- The C compiler identification is GNU 9.4.0
[0.490s] -- The CXX compiler identification is GNU 9.4.0
[0.512s] -- Detecting C compiler ABI info
[0.622s] -- Detecting C compiler ABI info - done
[0.648s] -- Check for working C compiler: /usr/bin/cc - skipped
[0.649s] -- Detecting C compile features
[0.649s] -- Detecting C compile features - done
[0.656s] -- Detecting CXX compiler ABI info
[0.816s] -- Detecting CXX compiler ABI info - done
[0.847s] -- Check for working CXX compiler: /usr/bin/c++ - skipped
[0.848s] -- Detecting CXX compile features
[0.849s] -- Detecting CXX compile features - done
[0.857s] -- Found ament_cmake: 0.9.12 (/opt/ros/foxy/share/ament_cmake/cmake)
[0.933s] -- Found PythonInterp: /usr/bin/python3 (found suitable version "3.8.10", minimum required is "3") 
[0.933s] -- Using PYTHON_EXECUTABLE: /usr/bin/python3
[1.583s] -- Found ament_lint_auto: 0.9.8 (/opt/ros/foxy/share/ament_lint_auto/cmake)
[1.842s] -- Added test 'copyright' to check source files copyright and LICENSE
[1.851s] -- Added test 'flake8' to check Python code syntax and style conventions
[1.854s] -- Added test 'lint_cmake' to check CMake code style
[1.858s] -- Added test 'pep257' to check Python code against some of the style conventions in PEP 257
[1.864s] -- Added test 'xmllint' to check XML markup files
[1.870s] -- Configuring done (1.7s)
[1.875s] -- Generating done (0.0s)
[1.878s] -- Build files have been written to: /home/entity014/roboInno_ws/build/robo_description
[1.895s] Invoked command in '/home/entity014/roboInno_ws/build/robo_description' returned '0': CMAKE_PREFIX_PATH=${CMAKE_PREFIX_PATH}:/home/entity014/roboInno_ws/install/robo_core:/home/entity014/ros2_ws/install/swap_pillar:/opt/ros/foxy /home/entity014/.local/bin/cmake /home/entity014/roboInno_ws/src/robo_description -DCMAKE_INSTALL_PREFIX=/home/entity014/roboInno_ws/install/robo_description
[1.903s] Invoking command in '/home/entity014/roboInno_ws/build/robo_description': CMAKE_PREFIX_PATH=${CMAKE_PREFIX_PATH}:/home/entity014/roboInno_ws/install/robo_core:/home/entity014/ros2_ws/install/swap_pillar:/opt/ros/foxy /home/entity014/.local/bin/cmake --build /home/entity014/roboInno_ws/build/robo_description -- -j8 -l8
[2.012s] Invoked command in '/home/entity014/roboInno_ws/build/robo_description' returned '0': CMAKE_PREFIX_PATH=${CMAKE_PREFIX_PATH}:/home/entity014/roboInno_ws/install/robo_core:/home/entity014/ros2_ws/install/swap_pillar:/opt/ros/foxy /home/entity014/.local/bin/cmake --build /home/entity014/roboInno_ws/build/robo_description -- -j8 -l8
[2.167s] Invoking command in '/home/entity014/roboInno_ws/build/robo_description': CMAKE_PREFIX_PATH=${CMAKE_PREFIX_PATH}:/home/entity014/roboInno_ws/install/robo_core:/home/entity014/ros2_ws/install/swap_pillar:/opt/ros/foxy /home/entity014/.local/bin/cmake --install /home/entity014/roboInno_ws/build/robo_description
[2.225s] -- Install configuration: ""
[2.225s] -- Installing: /home/entity014/roboInno_ws/install/robo_description/share/robo_description/src
[2.225s] -- Installing: /home/entity014/roboInno_ws/install/robo_description/share/robo_description/src/description
[2.225s] -- Installing: /home/entity014/roboInno_ws/install/robo_description/share/robo_description/src/description/robo_description.urdf
[2.226s] -- Installing: /home/entity014/roboInno_ws/install/robo_description/share/robo_description/launch
[2.227s] -- Installing: /home/entity014/roboInno_ws/install/robo_description/share/robo_description/launch/display.launch.py
[2.227s] -- Installing: /home/entity014/roboInno_ws/install/robo_description/share/robo_description/rviz
[2.227s] -- Installing: /home/entity014/roboInno_ws/install/robo_description/share/robo_description/rviz/urdf_config.rviz
[2.228s] -- Up-to-date: /home/entity014/roboInno_ws/install/robo_description/share/robo_description/src
[2.228s] -- Up-to-date: /home/entity014/roboInno_ws/install/robo_description/share/robo_description/src/description
[2.228s] -- Up-to-date: /home/entity014/roboInno_ws/install/robo_description/share/robo_description/src/description/robo_description.urdf
[2.228s] -- Up-to-date: /home/entity014/roboInno_ws/install/robo_description/share/robo_description/launch
[2.229s] -- Up-to-date: /home/entity014/roboInno_ws/install/robo_description/share/robo_description/launch/display.launch.py
[2.229s] -- Up-to-date: /home/entity014/roboInno_ws/install/robo_description/share/robo_description/rviz
[2.229s] -- Up-to-date: /home/entity014/roboInno_ws/install/robo_description/share/robo_description/rviz/urdf_config.rviz
[2.229s] -- Installing: /home/entity014/roboInno_ws/install/robo_description/share/robo_description/config
[2.229s] -- Installing: /home/entity014/roboInno_ws/install/robo_description/share/robo_description/config/ekf.yaml
[2.230s] -- Up-to-date: /home/entity014/roboInno_ws/install/robo_description/share/robo_description/src
[2.230s] -- Up-to-date: /home/entity014/roboInno_ws/install/robo_description/share/robo_description/src/description
[2.230s] -- Up-to-date: /home/entity014/roboInno_ws/install/robo_description/share/robo_description/src/description/robo_description.urdf
[2.230s] -- Up-to-date: /home/entity014/roboInno_ws/install/robo_description/share/robo_description/launch
[2.230s] -- Up-to-date: /home/entity014/roboInno_ws/install/robo_description/share/robo_description/launch/display.launch.py
[2.230s] -- Up-to-date: /home/entity014/roboInno_ws/install/robo_description/share/robo_description/rviz
[2.230s] -- Up-to-date: /home/entity014/roboInno_ws/install/robo_description/share/robo_description/rviz/urdf_config.rviz
[2.231s] -- Up-to-date: /home/entity014/roboInno_ws/install/robo_description/share/robo_description/config
[2.231s] -- Up-to-date: /home/entity014/roboInno_ws/install/robo_description/share/robo_description/config/ekf.yaml
[2.231s] -- Installing: /home/entity014/roboInno_ws/install/robo_description/share/robo_description/world
[2.231s] -- Installing: /home/entity014/roboInno_ws/install/robo_description/share/robo_description/world/my_world.sdf
[2.231s] -- Installing: /home/entity014/roboInno_ws/install/robo_description/share/ament_index/resource_index/package_run_dependencies/robo_description
[2.232s] -- Installing: /home/entity014/roboInno_ws/install/robo_description/share/ament_index/resource_index/parent_prefix_path/robo_description
[2.232s] -- Installing: /home/entity014/roboInno_ws/install/robo_description/share/robo_description/environment/ament_prefix_path.sh
[2.232s] -- Installing: /home/entity014/roboInno_ws/install/robo_description/share/robo_description/environment/ament_prefix_path.dsv
[2.233s] -- Installing: /home/entity014/roboInno_ws/install/robo_description/share/robo_description/environment/path.sh
[2.233s] -- Installing: /home/entity014/roboInno_ws/install/robo_description/share/robo_description/environment/path.dsv
[2.233s] -- Installing: /home/entity014/roboInno_ws/install/robo_description/share/robo_description/local_setup.bash
[2.233s] -- Installing: /home/entity014/roboInno_ws/install/robo_description/share/robo_description/local_setup.sh
[2.233s] -- Installing: /home/entity014/roboInno_ws/install/robo_description/share/robo_description/local_setup.zsh
[2.234s] -- Installing: /home/entity014/roboInno_ws/install/robo_description/share/robo_description/local_setup.dsv
[2.234s] -- Installing: /home/entity014/roboInno_ws/install/robo_description/share/robo_description/package.dsv
[2.234s] -- Installing: /home/entity014/roboInno_ws/install/robo_description/share/ament_index/resource_index/packages/robo_description
[2.235s] -- Installing: /home/entity014/roboInno_ws/install/robo_description/share/robo_description/cmake/robo_descriptionConfig.cmake
[2.235s] -- Installing: /home/entity014/roboInno_ws/install/robo_description/share/robo_description/cmake/robo_descriptionConfig-version.cmake
[2.235s] -- Installing: /home/entity014/roboInno_ws/install/robo_description/share/robo_description/package.xml
[2.245s] Invoked command in '/home/entity014/roboInno_ws/build/robo_description' returned '0': CMAKE_PREFIX_PATH=${CMAKE_PREFIX_PATH}:/home/entity014/roboInno_ws/install/robo_core:/home/entity014/ros2_ws/install/swap_pillar:/opt/ros/foxy /home/entity014/.local/bin/cmake --install /home/entity014/roboInno_ws/build/robo_description
