[0.063s] Invoking command in '/home/entity014/roboInno_ws/build/robo_description': CMAKE_PREFIX_PATH=${CMAKE_PREFIX_PATH}:/home/entity014/roboInno_ws/install/robo_core:/home/entity014/ros2_ws/install/swap_pillar:/opt/ros/foxy /home/entity014/.local/bin/cmake --build /home/entity014/roboInno_ws/build/robo_description -- -j8 -l8
[0.201s] Invoked command in '/home/entity014/roboInno_ws/build/robo_description' returned '0': CMAKE_PREFIX_PATH=${CMAKE_PREFIX_PATH}:/home/entity014/roboInno_ws/install/robo_core:/home/entity014/ros2_ws/install/swap_pillar:/opt/ros/foxy /home/entity014/.local/bin/cmake --build /home/entity014/roboInno_ws/build/robo_description -- -j8 -l8
[0.510s] Invoking command in '/home/entity014/roboInno_ws/build/robo_description': CMAKE_PREFIX_PATH=${CMAKE_PREFIX_PATH}:/home/entity014/roboInno_ws/install/robo_core:/home/entity014/ros2_ws/install/swap_pillar:/opt/ros/foxy /home/entity014/.local/bin/cmake --install /home/entity014/roboInno_ws/build/robo_description
[0.599s] -- Install configuration: ""
[0.599s] -- Up-to-date: /home/entity014/roboInno_ws/install/robo_description/share/robo_description/src
[0.600s] -- Up-to-date: /home/entity014/roboInno_ws/install/robo_description/share/robo_description/src/description
[0.601s] -- Up-to-date: /home/entity014/roboInno_ws/install/robo_description/share/robo_description/src/description/robo_description.urdf
[0.601s] -- Up-to-date: /home/entity014/roboInno_ws/install/robo_description/share/robo_description/launch
[0.601s] -- Up-to-date: /home/entity014/roboInno_ws/install/robo_description/share/robo_description/launch/display.launch.py
[0.602s] -- Up-to-date: /home/entity014/roboInno_ws/install/robo_description/share/robo_description/rviz
[0.602s] -- Up-to-date: /home/entity014/roboInno_ws/install/robo_description/share/robo_description/rviz/urdf_config.rviz
[0.602s] -- Up-to-date: /home/entity014/roboInno_ws/install/robo_description/share/robo_description/src
[0.602s] -- Up-to-date: /home/entity014/roboInno_ws/install/robo_description/share/robo_description/src/description
[0.603s] -- Up-to-date: /home/entity014/roboInno_ws/install/robo_description/share/robo_description/src/description/robo_description.urdf
[0.603s] -- Up-to-date: /home/entity014/roboInno_ws/install/robo_description/share/robo_description/launch
[0.603s] -- Up-to-date: /home/entity014/roboInno_ws/install/robo_description/share/robo_description/launch/display.launch.py
[0.603s] -- Up-to-date: /home/entity014/roboInno_ws/install/robo_description/share/robo_description/rviz
[0.603s] -- Up-to-date: /home/entity014/roboInno_ws/install/robo_description/share/robo_description/rviz/urdf_config.rviz
[0.604s] -- Up-to-date: /home/entity014/roboInno_ws/install/robo_description/share/robo_description/config
[0.604s] -- Up-to-date: /home/entity014/roboInno_ws/install/robo_description/share/robo_description/config/ekf.yaml
[0.604s] -- Up-to-date: /home/entity014/roboInno_ws/install/robo_description/share/robo_description/src
[0.604s] -- Up-to-date: /home/entity014/roboInno_ws/install/robo_description/share/robo_description/src/description
[0.604s] -- Up-to-date: /home/entity014/roboInno_ws/install/robo_description/share/robo_description/src/description/robo_description.urdf
[0.605s] -- Up-to-date: /home/entity014/roboInno_ws/install/robo_description/share/robo_description/launch
[0.605s] -- Up-to-date: /home/entity014/roboInno_ws/install/robo_description/share/robo_description/launch/display.launch.py
[0.605s] -- Up-to-date: /home/entity014/roboInno_ws/install/robo_description/share/robo_description/rviz
[0.605s] -- Up-to-date: /home/entity014/roboInno_ws/install/robo_description/share/robo_description/rviz/urdf_config.rviz
[0.605s] -- Up-to-date: /home/entity014/roboInno_ws/install/robo_description/share/robo_description/config
[0.605s] -- Up-to-date: /home/entity014/roboInno_ws/install/robo_description/share/robo_description/config/ekf.yaml
[0.605s] -- Up-to-date: /home/entity014/roboInno_ws/install/robo_description/share/robo_description/world
[0.606s] -- Up-to-date: /home/entity014/roboInno_ws/install/robo_description/share/robo_description/world/my_world.sdf
[0.606s] -- Up-to-date: /home/entity014/roboInno_ws/install/robo_description/share/ament_index/resource_index/package_run_dependencies/robo_description
[0.606s] -- Up-to-date: /home/entity014/roboInno_ws/install/robo_description/share/ament_index/resource_index/parent_prefix_path/robo_description
[0.606s] -- Up-to-date: /home/entity014/roboInno_ws/install/robo_description/share/robo_description/environment/ament_prefix_path.sh
[0.606s] -- Up-to-date: /home/entity014/roboInno_ws/install/robo_description/share/robo_description/environment/ament_prefix_path.dsv
[0.607s] -- Up-to-date: /home/entity014/roboInno_ws/install/robo_description/share/robo_description/environment/path.sh
[0.607s] -- Up-to-date: /home/entity014/roboInno_ws/install/robo_description/share/robo_description/environment/path.dsv
[0.607s] -- Up-to-date: /home/entity014/roboInno_ws/install/robo_description/share/robo_description/local_setup.bash
[0.607s] -- Up-to-date: /home/entity014/roboInno_ws/install/robo_description/share/robo_description/local_setup.sh
[0.607s] -- Up-to-date: /home/entity014/roboInno_ws/install/robo_description/share/robo_description/local_setup.zsh
[0.607s] -- Up-to-date: /home/entity014/roboInno_ws/install/robo_description/share/robo_description/local_setup.dsv
[0.608s] -- Installing: /home/entity014/roboInno_ws/install/robo_description/share/robo_description/package.dsv
[0.608s] -- Up-to-date: /home/entity014/roboInno_ws/install/robo_description/share/ament_index/resource_index/packages/robo_description
[0.608s] -- Up-to-date: /home/entity014/roboInno_ws/install/robo_description/share/robo_description/cmake/robo_descriptionConfig.cmake
[0.608s] -- Up-to-date: /home/entity014/roboInno_ws/install/robo_description/share/robo_description/cmake/robo_descriptionConfig-version.cmake
[0.609s] -- Up-to-date: /home/entity014/roboInno_ws/install/robo_description/share/robo_description/package.xml
[0.617s] Invoked command in '/home/entity014/roboInno_ws/build/robo_description' returned '0': CMAKE_PREFIX_PATH=${CMAKE_PREFIX_PATH}:/home/entity014/roboInno_ws/install/robo_core:/home/entity014/ros2_ws/install/swap_pillar:/opt/ros/foxy /home/entity014/.local/bin/cmake --install /home/entity014/roboInno_ws/build/robo_description
