[1.235s] Invoking command in '/home/entity014/roboInno_ws/src/robo_core': PYTHONPATH=/home/entity014/roboInno_ws/build/robo_core/prefix_override:/home/entity014/roboInno_ws/install/robo_core/lib/python3.8/site-packages:/home/entity014/roboInno_ws/install/robo_interfaces/lib/python3.8/site-packages:/home/entity014/roboInno_ws/install/robo_core/lib/python3.8/site-packages:/home/entity014/ros2_ws/build/swap_pillar:/home/entity014/ros2_ws/install/swap_pillar/lib/python3.8/site-packages:/home/entity014/ros2_ws/install/micro_ros_msgs/lib/python3.8/site-packages:/home/entity014/ros2_ws/install/drive_base_msgs/lib/python3.8/site-packages:/opt/ros/foxy/lib/python3.8/site-packages /usr/bin/python3 setup.py egg_info --egg-base ../../build/robo_core build --build-base /home/entity014/roboInno_ws/build/robo_core/build install --record /home/entity014/roboInno_ws/build/robo_core/install.log --install-scripts $base/lib/robo_core --single-version-externally-managed
[1.678s] running egg_info
[1.679s] writing ../../build/robo_core/robo_core.egg-info/PKG-INFO
[1.679s] writing dependency_links to ../../build/robo_core/robo_core.egg-info/dependency_links.txt
[1.680s] writing entry points to ../../build/robo_core/robo_core.egg-info/entry_points.txt
[1.680s] writing requirements to ../../build/robo_core/robo_core.egg-info/requires.txt
[1.680s] writing top-level names to ../../build/robo_core/robo_core.egg-info/top_level.txt
[1.754s] reading manifest file '../../build/robo_core/robo_core.egg-info/SOURCES.txt'
[1.755s] writing manifest file '../../build/robo_core/robo_core.egg-info/SOURCES.txt'
[1.755s] running build
[1.755s] running build_py
[1.756s] running install
[1.757s] running install_lib
[1.760s] running install_data
[1.761s] creating /home/entity014/roboInno_ws/install/robo_core/share/robo_core/map
[1.761s] copying map/my_map_save_2.yaml -> /home/entity014/roboInno_ws/install/robo_core/share/robo_core/map
[1.761s] copying map/my_map_save_2.pgm -> /home/entity014/roboInno_ws/install/robo_core/share/robo_core/map
[1.761s] running install_egg_info
[1.763s] removing '/home/entity014/roboInno_ws/install/robo_core/lib/python3.8/site-packages/robo_core-0.0.0-py3.8.egg-info' (and everything under it)
[1.764s] Copying ../../build/robo_core/robo_core.egg-info to /home/entity014/roboInno_ws/install/robo_core/lib/python3.8/site-packages/robo_core-0.0.0-py3.8.egg-info
[1.765s] running install_scripts
[1.790s] Installing command_node script to /home/entity014/roboInno_ws/install/robo_core/lib/robo_core
[1.790s] Installing controller_node script to /home/entity014/roboInno_ws/install/robo_core/lib/robo_core
[1.790s] Installing drive_node script to /home/entity014/roboInno_ws/install/robo_core/lib/robo_core
[1.791s] Installing pub_odom_node script to /home/entity014/roboInno_ws/install/robo_core/lib/robo_core
[1.791s] writing list of installed files to '/home/entity014/roboInno_ws/build/robo_core/install.log'
[1.822s] Invoked command in '/home/entity014/roboInno_ws/src/robo_core' returned '0': PYTHONPATH=/home/entity014/roboInno_ws/build/robo_core/prefix_override:/home/entity014/roboInno_ws/install/robo_core/lib/python3.8/site-packages:/home/entity014/roboInno_ws/install/robo_interfaces/lib/python3.8/site-packages:/home/entity014/roboInno_ws/install/robo_core/lib/python3.8/site-packages:/home/entity014/ros2_ws/build/swap_pillar:/home/entity014/ros2_ws/install/swap_pillar/lib/python3.8/site-packages:/home/entity014/ros2_ws/install/micro_ros_msgs/lib/python3.8/site-packages:/home/entity014/ros2_ws/install/drive_base_msgs/lib/python3.8/site-packages:/opt/ros/foxy/lib/python3.8/site-packages /usr/bin/python3 setup.py egg_info --egg-base ../../build/robo_core build --build-base /home/entity014/roboInno_ws/build/robo_core/build install --record /home/entity014/roboInno_ws/build/robo_core/install.log --install-scripts $base/lib/robo_core --single-version-externally-managed
