/home/entity014/roboInno_ws/install/robo_core/lib/python3.8/site-packages/robo_core/command.py
/home/entity014/roboInno_ws/install/robo_core/lib/python3.8/site-packages/robo_core/robot_navigator.py
/home/entity014/roboInno_ws/install/robo_core/lib/python3.8/site-packages/robo_core/drive.py
/home/entity014/roboInno_ws/install/robo_core/lib/python3.8/site-packages/robo_core/camera.py
/home/entity014/roboInno_ws/install/robo_core/lib/python3.8/site-packages/robo_core/controller.py
/home/entity014/roboInno_ws/install/robo_core/lib/python3.8/site-packages/robo_core/node_goto-point.py
/home/entity014/roboInno_ws/install/robo_core/lib/python3.8/site-packages/robo_core/pub_odom.py
/home/entity014/roboInno_ws/install/robo_core/lib/python3.8/site-packages/robo_core/__init__.py
/home/entity014/roboInno_ws/install/robo_core/lib/python3.8/site-packages/robo_core/__pycache__/command.cpython-38.pyc
/home/entity014/roboInno_ws/install/robo_core/lib/python3.8/site-packages/robo_core/__pycache__/robot_navigator.cpython-38.pyc
/home/entity014/roboInno_ws/install/robo_core/lib/python3.8/site-packages/robo_core/__pycache__/drive.cpython-38.pyc
/home/entity014/roboInno_ws/install/robo_core/lib/python3.8/site-packages/robo_core/__pycache__/camera.cpython-38.pyc
/home/entity014/roboInno_ws/install/robo_core/lib/python3.8/site-packages/robo_core/__pycache__/controller.cpython-38.pyc
/home/entity014/roboInno_ws/install/robo_core/lib/python3.8/site-packages/robo_core/__pycache__/node_goto-point.cpython-38.pyc
/home/entity014/roboInno_ws/install/robo_core/lib/python3.8/site-packages/robo_core/__pycache__/pub_odom.cpython-38.pyc
/home/entity014/roboInno_ws/install/robo_core/lib/python3.8/site-packages/robo_core/__pycache__/__init__.cpython-38.pyc
/home/entity014/roboInno_ws/install/robo_core/share/ament_index/resource_index/packages/robo_core
/home/entity014/roboInno_ws/install/robo_core/share/robo_core/package.xml
/home/entity014/roboInno_ws/install/robo_core/share/robo_core/robo.launch.py
/home/entity014/roboInno_ws/install/robo_core/share/robo_core/nav2.launch.py
/home/entity014/roboInno_ws/install/robo_core/share/robo_core/online_async_launch.py
/home/entity014/roboInno_ws/install/robo_core/share/robo_core/config/params.yaml
/home/entity014/roboInno_ws/install/robo_core/share/robo_core/config/mapper_params_online_async.yaml
/home/entity014/roboInno_ws/install/robo_core/share/robo_core/config/my_map.yaml
/home/entity014/roboInno_ws/install/robo_core/share/robo_core/config/nav2_params.yaml
/home/entity014/roboInno_ws/install/robo_core/share/robo_core/map/my_map_save_2.yaml
/home/entity014/roboInno_ws/install/robo_core/share/robo_core/map/my_map_save_2.pgm
/home/entity014/roboInno_ws/install/robo_core/lib/python3.8/site-packages/robo_core-0.0.0-py3.8.egg-info/top_level.txt
/home/entity014/roboInno_ws/install/robo_core/lib/python3.8/site-packages/robo_core-0.0.0-py3.8.egg-info/entry_points.txt
/home/entity014/roboInno_ws/install/robo_core/lib/python3.8/site-packages/robo_core-0.0.0-py3.8.egg-info/requires.txt
/home/entity014/roboInno_ws/install/robo_core/lib/python3.8/site-packages/robo_core-0.0.0-py3.8.egg-info/SOURCES.txt
/home/entity014/roboInno_ws/install/robo_core/lib/python3.8/site-packages/robo_core-0.0.0-py3.8.egg-info/PKG-INFO
/home/entity014/roboInno_ws/install/robo_core/lib/python3.8/site-packages/robo_core-0.0.0-py3.8.egg-info/zip-safe
/home/entity014/roboInno_ws/install/robo_core/lib/python3.8/site-packages/robo_core-0.0.0-py3.8.egg-info/dependency_links.txt
/home/entity014/roboInno_ws/install/robo_core/lib/robo_core/command_node
/home/entity014/roboInno_ws/install/robo_core/lib/robo_core/controller_node
/home/entity014/roboInno_ws/install/robo_core/lib/robo_core/drive_node
/home/entity014/roboInno_ws/install/robo_core/lib/robo_core/pub_odom_node
