[2.246s] Invoking command in '/home/entity014/roboInno_ws/src/robo_core': PYTHONPATH=/home/entity014/roboInno_ws/build/robo_core/prefix_override:/home/entity014/roboInno_ws/install/robo_core/lib/python3.8/site-packages:/home/entity014/roboInno_ws/install/robo_interfaces/lib/python3.8/site-packages:/home/entity014/roboInno_ws/install/robo_core/lib/python3.8/site-packages:/home/entity014/ros2_ws/build/swap_pillar:/home/entity014/ros2_ws/install/swap_pillar/lib/python3.8/site-packages:/home/entity014/ros2_ws/install/micro_ros_msgs/lib/python3.8/site-packages:/home/entity014/ros2_ws/install/drive_base_msgs/lib/python3.8/site-packages:/opt/ros/foxy/lib/python3.8/site-packages /usr/bin/python3 setup.py egg_info --egg-base ../../build/robo_core build --build-base /home/entity014/roboInno_ws/build/robo_core/build install --record /home/entity014/roboInno_ws/build/robo_core/install.log --install-scripts $base/lib/robo_core --single-version-externally-managed
[3.100s] running egg_info
[3.102s] writing ../../build/robo_core/robo_core.egg-info/PKG-INFO
[3.103s] writing dependency_links to ../../build/robo_core/robo_core.egg-info/dependency_links.txt
[3.103s] writing entry points to ../../build/robo_core/robo_core.egg-info/entry_points.txt
[3.104s] writing requirements to ../../build/robo_core/robo_core.egg-info/requires.txt
[3.104s] writing top-level names to ../../build/robo_core/robo_core.egg-info/top_level.txt
[3.192s] reading manifest file '../../build/robo_core/robo_core.egg-info/SOURCES.txt'
[3.195s] writing manifest file '../../build/robo_core/robo_core.egg-info/SOURCES.txt'
[3.196s] running build
[3.196s] running build_py
[3.197s] running install
[3.200s] running install_lib
[3.202s] running install_data
[3.204s] copying launch/robo.launch.py -> /home/entity014/roboInno_ws/install/robo_core/share/robo_core
[3.205s] copying launch/provide_map.launch.py -> /home/entity014/roboInno_ws/install/robo_core/share/robo_core
[3.205s] copying config/my_map.yaml -> /home/entity014/roboInno_ws/install/robo_core/share/robo_core/config
[3.205s] running install_egg_info
[3.210s] removing '/home/entity014/roboInno_ws/install/robo_core/lib/python3.8/site-packages/robo_core-0.0.0-py3.8.egg-info' (and everything under it)
[3.211s] Copying ../../build/robo_core/robo_core.egg-info to /home/entity014/roboInno_ws/install/robo_core/lib/python3.8/site-packages/robo_core-0.0.0-py3.8.egg-info
[3.213s] running install_scripts
[3.257s] Installing command_node script to /home/entity014/roboInno_ws/install/robo_core/lib/robo_core
[3.258s] Installing controller_node script to /home/entity014/roboInno_ws/install/robo_core/lib/robo_core
[3.258s] Installing drive_node script to /home/entity014/roboInno_ws/install/robo_core/lib/robo_core
[3.258s] Installing pub_odom_node script to /home/entity014/roboInno_ws/install/robo_core/lib/robo_core
[3.259s] writing list of installed files to '/home/entity014/roboInno_ws/build/robo_core/install.log'
[3.341s] Invoked command in '/home/entity014/roboInno_ws/src/robo_core' returned '0': PYTHONPATH=/home/entity014/roboInno_ws/build/robo_core/prefix_override:/home/entity014/roboInno_ws/install/robo_core/lib/python3.8/site-packages:/home/entity014/roboInno_ws/install/robo_interfaces/lib/python3.8/site-packages:/home/entity014/roboInno_ws/install/robo_core/lib/python3.8/site-packages:/home/entity014/ros2_ws/build/swap_pillar:/home/entity014/ros2_ws/install/swap_pillar/lib/python3.8/site-packages:/home/entity014/ros2_ws/install/micro_ros_msgs/lib/python3.8/site-packages:/home/entity014/ros2_ws/install/drive_base_msgs/lib/python3.8/site-packages:/opt/ros/foxy/lib/python3.8/site-packages /usr/bin/python3 setup.py egg_info --egg-base ../../build/robo_core build --build-base /home/entity014/roboInno_ws/build/robo_core/build install --record /home/entity014/roboInno_ws/build/robo_core/install.log --install-scripts $base/lib/robo_core --single-version-externally-managed
