[2.517s] Invoking command in '/home/entity014/roboInno_ws/src/robo_core': PYTHONPATH=/home/entity014/roboInno_ws/build/robo_core/prefix_override:/home/entity014/roboInno_ws/install/robo_core/lib/python3.8/site-packages:/home/entity014/roboInno_ws/install/robo_interfaces/lib/python3.8/site-packages:/home/entity014/roboInno_ws/install/robo_core/lib/python3.8/site-packages:/home/entity014/ros2_ws/build/swap_pillar:/home/entity014/ros2_ws/install/swap_pillar/lib/python3.8/site-packages:/home/entity014/ros2_ws/install/micro_ros_msgs/lib/python3.8/site-packages:/home/entity014/ros2_ws/install/drive_base_msgs/lib/python3.8/site-packages:/opt/ros/foxy/lib/python3.8/site-packages /usr/bin/python3 setup.py egg_info --egg-base ../../build/robo_core build --build-base /home/entity014/roboInno_ws/build/robo_core/build install --record /home/entity014/roboInno_ws/build/robo_core/install.log --install-scripts $base/lib/robo_core --single-version-externally-managed
[3.501s] running egg_info
[3.503s] writing ../../build/robo_core/robo_core.egg-info/PKG-INFO
[3.504s] writing dependency_links to ../../build/robo_core/robo_core.egg-info/dependency_links.txt
[3.504s] writing entry points to ../../build/robo_core/robo_core.egg-info/entry_points.txt
[3.505s] writing requirements to ../../build/robo_core/robo_core.egg-info/requires.txt
[3.505s] writing top-level names to ../../build/robo_core/robo_core.egg-info/top_level.txt
[3.616s] reading manifest file '../../build/robo_core/robo_core.egg-info/SOURCES.txt'
[3.619s] writing manifest file '../../build/robo_core/robo_core.egg-info/SOURCES.txt'
[3.620s] running build
[3.620s] running build_py
[3.620s] copying robo_core/drive.py -> /home/entity014/roboInno_ws/build/robo_core/build/lib/robo_core
[3.622s] running install
[3.623s] running install_lib
[3.627s] copying /home/entity014/roboInno_ws/build/robo_core/build/lib/robo_core/drive.py -> /home/entity014/roboInno_ws/install/robo_core/lib/python3.8/site-packages/robo_core
[3.630s] byte-compiling /home/entity014/roboInno_ws/install/robo_core/lib/python3.8/site-packages/robo_core/drive.py to drive.cpython-38.pyc
[3.636s] running install_data
[3.639s] running install_egg_info
[3.644s] removing '/home/entity014/roboInno_ws/install/robo_core/lib/python3.8/site-packages/robo_core-0.0.0-py3.8.egg-info' (and everything under it)
[3.645s] Copying ../../build/robo_core/robo_core.egg-info to /home/entity014/roboInno_ws/install/robo_core/lib/python3.8/site-packages/robo_core-0.0.0-py3.8.egg-info
[3.647s] running install_scripts
[3.711s] Installing command_node script to /home/entity014/roboInno_ws/install/robo_core/lib/robo_core
[3.712s] Installing controller_node script to /home/entity014/roboInno_ws/install/robo_core/lib/robo_core
[3.712s] Installing drive_node script to /home/entity014/roboInno_ws/install/robo_core/lib/robo_core
[3.713s] Installing pub_odom_node script to /home/entity014/roboInno_ws/install/robo_core/lib/robo_core
[3.714s] writing list of installed files to '/home/entity014/roboInno_ws/build/robo_core/install.log'
[3.829s] Invoked command in '/home/entity014/roboInno_ws/src/robo_core' returned '0': PYTHONPATH=/home/entity014/roboInno_ws/build/robo_core/prefix_override:/home/entity014/roboInno_ws/install/robo_core/lib/python3.8/site-packages:/home/entity014/roboInno_ws/install/robo_interfaces/lib/python3.8/site-packages:/home/entity014/roboInno_ws/install/robo_core/lib/python3.8/site-packages:/home/entity014/ros2_ws/build/swap_pillar:/home/entity014/ros2_ws/install/swap_pillar/lib/python3.8/site-packages:/home/entity014/ros2_ws/install/micro_ros_msgs/lib/python3.8/site-packages:/home/entity014/ros2_ws/install/drive_base_msgs/lib/python3.8/site-packages:/opt/ros/foxy/lib/python3.8/site-packages /usr/bin/python3 setup.py egg_info --egg-base ../../build/robo_core build --build-base /home/entity014/roboInno_ws/build/robo_core/build install --record /home/entity014/roboInno_ws/build/robo_core/install.log --install-scripts $base/lib/robo_core --single-version-externally-managed
