[0.073s] Invoking command in '/home/entity014/roboInno_ws/build/robo_interfaces': CMAKE_PREFIX_PATH=${CMAKE_PREFIX_PATH}:/home/entity014/roboInno_ws/install/robo_core:/home/entity014/ros2_ws/install/swap_pillar:/opt/ros/foxy /home/entity014/.local/bin/cmake --build /home/entity014/roboInno_ws/build/robo_interfaces -- -j8 -l8
[0.215s] [  3%] Built target robo_interfaces__cpp
[0.240s] [ 12%] Built target robo_interfaces__rosidl_generator_c
[0.281s] [ 22%] Built target robo_interfaces__rosidl_typesupport_introspection_cpp
[0.316s] [ 32%] Built target robo_interfaces__rosidl_typesupport_c
[0.353s] [ 41%] Built target robo_interfaces__rosidl_typesupport_introspection_c
[0.401s] [ 51%] Built target robo_interfaces__rosidl_typesupport_fastrtps_cpp
[0.434s] [ 61%] Built target robo_interfaces__rosidl_typesupport_cpp
[0.476s] [ 70%] Built target robo_interfaces__rosidl_typesupport_fastrtps_c
[0.500s] [ 70%] Built target robo_interfaces
[0.525s] [ 74%] Built target robo_interfaces__py
[0.561s] [ 80%] Built target robo_interfaces__python
[0.588s] [ 87%] Built target robo_interfaces__rosidl_typesupport_fastrtps_c__pyext
[0.627s] [ 93%] Built target robo_interfaces__rosidl_typesupport_c__pyext
[0.663s] [100%] Built target robo_interfaces__rosidl_typesupport_introspection_c__pyext
[0.741s] Invoked command in '/home/entity014/roboInno_ws/build/robo_interfaces' returned '0': CMAKE_PREFIX_PATH=${CMAKE_PREFIX_PATH}:/home/entity014/roboInno_ws/install/robo_core:/home/entity014/ros2_ws/install/swap_pillar:/opt/ros/foxy /home/entity014/.local/bin/cmake --build /home/entity014/roboInno_ws/build/robo_interfaces -- -j8 -l8
[0.978s] Invoking command in '/home/entity014/roboInno_ws/build/robo_interfaces': CMAKE_PREFIX_PATH=${CMAKE_PREFIX_PATH}:/home/entity014/roboInno_ws/install/robo_core:/home/entity014/ros2_ws/install/swap_pillar:/opt/ros/foxy /home/entity014/.local/bin/cmake --install /home/entity014/roboInno_ws/build/robo_interfaces
[1.065s] -- Install configuration: ""
[1.066s] -- Up-to-date: /home/entity014/roboInno_ws/install/robo_interfaces/share/ament_index/resource_index/rosidl_interfaces/robo_interfaces
[1.066s] -- Up-to-date: /home/entity014/roboInno_ws/install/robo_interfaces/include/robo_interfaces
[1.067s] -- Up-to-date: /home/entity014/roboInno_ws/install/robo_interfaces/include/robo_interfaces/msg
[1.067s] -- Up-to-date: /home/entity014/roboInno_ws/install/robo_interfaces/include/robo_interfaces/msg/dict.h
[1.067s] -- Up-to-date: /home/entity014/roboInno_ws/install/robo_interfaces/include/robo_interfaces/msg/detail
[1.068s] -- Up-to-date: /home/entity014/roboInno_ws/install/robo_interfaces/include/robo_interfaces/msg/detail/dict__struct.h
[1.068s] -- Up-to-date: /home/entity014/roboInno_ws/install/robo_interfaces/include/robo_interfaces/msg/detail/dict__functions.h
[1.068s] -- Up-to-date: /home/entity014/roboInno_ws/install/robo_interfaces/include/robo_interfaces/msg/detail/dict__type_support.h
[1.068s] -- Up-to-date: /home/entity014/roboInno_ws/install/robo_interfaces/include/robo_interfaces/msg/detail/dict__functions.c
[1.068s] -- Up-to-date: /home/entity014/roboInno_ws/install/robo_interfaces/include/robo_interfaces/msg/rosidl_generator_c__visibility_control.h
[1.069s] -- Up-to-date: /home/entity014/roboInno_ws/install/robo_interfaces/share/robo_interfaces/environment/library_path.sh
[1.069s] -- Up-to-date: /home/entity014/roboInno_ws/install/robo_interfaces/share/robo_interfaces/environment/library_path.dsv
[1.069s] -- Up-to-date: /home/entity014/roboInno_ws/install/robo_interfaces/lib/librobo_interfaces__rosidl_generator_c.so
[1.069s] -- Up-to-date: /home/entity014/roboInno_ws/install/robo_interfaces/include/robo_interfaces
[1.070s] -- Up-to-date: /home/entity014/roboInno_ws/install/robo_interfaces/include/robo_interfaces/msg
[1.070s] -- Up-to-date: /home/entity014/roboInno_ws/install/robo_interfaces/include/robo_interfaces/msg/rosidl_typesupport_fastrtps_c__visibility_control.h
[1.070s] -- Up-to-date: /home/entity014/roboInno_ws/install/robo_interfaces/include/robo_interfaces/msg/detail
[1.071s] -- Up-to-date: /home/entity014/roboInno_ws/install/robo_interfaces/include/robo_interfaces/msg/detail/dict__rosidl_typesupport_fastrtps_c.h
[1.071s] -- Up-to-date: /home/entity014/roboInno_ws/install/robo_interfaces/lib/librobo_interfaces__rosidl_typesupport_fastrtps_c.so
[1.072s] -- Up-to-date: /home/entity014/roboInno_ws/install/robo_interfaces/include/robo_interfaces
[1.072s] -- Up-to-date: /home/entity014/roboInno_ws/install/robo_interfaces/include/robo_interfaces/msg
[1.072s] -- Up-to-date: /home/entity014/roboInno_ws/install/robo_interfaces/include/robo_interfaces/msg/rosidl_typesupport_fastrtps_cpp__visibility_control.h
[1.072s] -- Up-to-date: /home/entity014/roboInno_ws/install/robo_interfaces/include/robo_interfaces/msg/detail
[1.072s] -- Up-to-date: /home/entity014/roboInno_ws/install/robo_interfaces/include/robo_interfaces/msg/detail/dds_fastrtps
[1.073s] -- Up-to-date: /home/entity014/roboInno_ws/install/robo_interfaces/include/robo_interfaces/msg/detail/dict__rosidl_typesupport_fastrtps_cpp.hpp
[1.073s] -- Up-to-date: /home/entity014/roboInno_ws/install/robo_interfaces/lib/librobo_interfaces__rosidl_typesupport_fastrtps_cpp.so
[1.073s] -- Up-to-date: /home/entity014/roboInno_ws/install/robo_interfaces/include/robo_interfaces
[1.073s] -- Up-to-date: /home/entity014/roboInno_ws/install/robo_interfaces/include/robo_interfaces/msg
[1.074s] -- Up-to-date: /home/entity014/roboInno_ws/install/robo_interfaces/include/robo_interfaces/msg/rosidl_typesupport_introspection_c__visibility_control.h
[1.074s] -- Up-to-date: /home/entity014/roboInno_ws/install/robo_interfaces/include/robo_interfaces/msg/detail
[1.074s] -- Up-to-date: /home/entity014/roboInno_ws/install/robo_interfaces/include/robo_interfaces/msg/detail/dict__type_support.c
[1.074s] -- Up-to-date: /home/entity014/roboInno_ws/install/robo_interfaces/include/robo_interfaces/msg/detail/dict__rosidl_typesupport_introspection_c.h
[1.074s] -- Up-to-date: /home/entity014/roboInno_ws/install/robo_interfaces/lib/librobo_interfaces__rosidl_typesupport_introspection_c.so
[1.075s] -- Up-to-date: /home/entity014/roboInno_ws/install/robo_interfaces/lib/librobo_interfaces__rosidl_typesupport_c.so
[1.075s] -- Up-to-date: /home/entity014/roboInno_ws/install/robo_interfaces/include/robo_interfaces
[1.075s] -- Up-to-date: /home/entity014/roboInno_ws/install/robo_interfaces/include/robo_interfaces/msg
[1.075s] -- Up-to-date: /home/entity014/roboInno_ws/install/robo_interfaces/include/robo_interfaces/msg/dict.hpp
[1.075s] -- Up-to-date: /home/entity014/roboInno_ws/install/robo_interfaces/include/robo_interfaces/msg/rosidl_generator_cpp__visibility_control.hpp
[1.076s] -- Up-to-date: /home/entity014/roboInno_ws/install/robo_interfaces/include/robo_interfaces/msg/detail
[1.076s] -- Up-to-date: /home/entity014/roboInno_ws/install/robo_interfaces/include/robo_interfaces/msg/detail/dict__builder.hpp
[1.076s] -- Up-to-date: /home/entity014/roboInno_ws/install/robo_interfaces/include/robo_interfaces/msg/detail/dict__struct.hpp
[1.077s] -- Up-to-date: /home/entity014/roboInno_ws/install/robo_interfaces/include/robo_interfaces/msg/detail/dict__traits.hpp
[1.077s] -- Up-to-date: /home/entity014/roboInno_ws/install/robo_interfaces/include/robo_interfaces/msg/detail/dict__type_support.hpp
[1.077s] -- Up-to-date: /home/entity014/roboInno_ws/install/robo_interfaces/include/robo_interfaces
[1.077s] -- Up-to-date: /home/entity014/roboInno_ws/install/robo_interfaces/include/robo_interfaces/msg
[1.078s] -- Up-to-date: /home/entity014/roboInno_ws/install/robo_interfaces/include/robo_interfaces/msg/detail
[1.078s] -- Up-to-date: /home/entity014/roboInno_ws/install/robo_interfaces/include/robo_interfaces/msg/detail/dict__rosidl_typesupport_introspection_cpp.hpp
[1.078s] -- Up-to-date: /home/entity014/roboInno_ws/install/robo_interfaces/include/robo_interfaces/msg/detail/dict__type_support.cpp
[1.079s] -- Up-to-date: /home/entity014/roboInno_ws/install/robo_interfaces/lib/librobo_interfaces__rosidl_typesupport_introspection_cpp.so
[1.079s] -- Up-to-date: /home/entity014/roboInno_ws/install/robo_interfaces/lib/librobo_interfaces__rosidl_typesupport_cpp.so
[1.079s] -- Up-to-date: /home/entity014/roboInno_ws/install/robo_interfaces/share/robo_interfaces/environment/pythonpath.sh
[1.079s] -- Up-to-date: /home/entity014/roboInno_ws/install/robo_interfaces/share/robo_interfaces/environment/pythonpath.dsv
[1.079s] -- Up-to-date: /home/entity014/roboInno_ws/install/robo_interfaces/lib/python3.8/site-packages/robo_interfaces/__init__.py
[1.167s] -- Up-to-date: /home/entity014/roboInno_ws/install/robo_interfaces/lib/python3.8/site-packages/robo_interfaces/msg
[1.167s] -- Up-to-date: /home/entity014/roboInno_ws/install/robo_interfaces/lib/python3.8/site-packages/robo_interfaces/msg/_dict.py
[1.168s] -- Up-to-date: /home/entity014/roboInno_ws/install/robo_interfaces/lib/python3.8/site-packages/robo_interfaces/msg/_dict_s.c
[1.168s] -- Up-to-date: /home/entity014/roboInno_ws/install/robo_interfaces/lib/python3.8/site-packages/robo_interfaces/msg/__init__.py
[1.169s] -- Up-to-date: /home/entity014/roboInno_ws/install/robo_interfaces/lib/python3.8/site-packages/robo_interfaces/robo_interfaces_s__rosidl_typesupport_fastrtps_c.cpython-38-x86_64-linux-gnu.so
[1.169s] -- Up-to-date: /home/entity014/roboInno_ws/install/robo_interfaces/lib/python3.8/site-packages/robo_interfaces/robo_interfaces_s__rosidl_typesupport_introspection_c.cpython-38-x86_64-linux-gnu.so
[1.169s] -- Up-to-date: /home/entity014/roboInno_ws/install/robo_interfaces/lib/python3.8/site-packages/robo_interfaces/robo_interfaces_s__rosidl_typesupport_c.cpython-38-x86_64-linux-gnu.so
[1.170s] -- Up-to-date: /home/entity014/roboInno_ws/install/robo_interfaces/lib/librobo_interfaces__python.so
[1.171s] -- Up-to-date: /home/entity014/roboInno_ws/install/robo_interfaces/share/robo_interfaces/msg/Dict.idl
[1.172s] -- Up-to-date: /home/entity014/roboInno_ws/install/robo_interfaces/share/robo_interfaces/msg/Dict.msg
[1.172s] -- Up-to-date: /home/entity014/roboInno_ws/install/robo_interfaces/share/ament_index/resource_index/package_run_dependencies/robo_interfaces
[1.172s] -- Up-to-date: /home/entity014/roboInno_ws/install/robo_interfaces/share/ament_index/resource_index/parent_prefix_path/robo_interfaces
[1.172s] -- Up-to-date: /home/entity014/roboInno_ws/install/robo_interfaces/share/robo_interfaces/environment/ament_prefix_path.sh
[1.173s] -- Up-to-date: /home/entity014/roboInno_ws/install/robo_interfaces/share/robo_interfaces/environment/ament_prefix_path.dsv
[1.173s] -- Up-to-date: /home/entity014/roboInno_ws/install/robo_interfaces/share/robo_interfaces/environment/path.sh
[1.173s] -- Up-to-date: /home/entity014/roboInno_ws/install/robo_interfaces/share/robo_interfaces/environment/path.dsv
[1.173s] -- Up-to-date: /home/entity014/roboInno_ws/install/robo_interfaces/share/robo_interfaces/local_setup.bash
[1.174s] -- Up-to-date: /home/entity014/roboInno_ws/install/robo_interfaces/share/robo_interfaces/local_setup.sh
[1.174s] -- Up-to-date: /home/entity014/roboInno_ws/install/robo_interfaces/share/robo_interfaces/local_setup.zsh
[1.174s] -- Up-to-date: /home/entity014/roboInno_ws/install/robo_interfaces/share/robo_interfaces/local_setup.dsv
[1.175s] -- Installing: /home/entity014/roboInno_ws/install/robo_interfaces/share/robo_interfaces/package.dsv
[1.175s] -- Up-to-date: /home/entity014/roboInno_ws/install/robo_interfaces/share/ament_index/resource_index/packages/robo_interfaces
[1.175s] -- Up-to-date: /home/entity014/roboInno_ws/install/robo_interfaces/share/robo_interfaces/cmake/robo_interfaces__rosidl_generator_cExport.cmake
[1.175s] -- Up-to-date: /home/entity014/roboInno_ws/install/robo_interfaces/share/robo_interfaces/cmake/robo_interfaces__rosidl_generator_cExport-noconfig.cmake
[1.175s] -- Up-to-date: /home/entity014/roboInno_ws/install/robo_interfaces/share/robo_interfaces/cmake/robo_interfaces__rosidl_typesupport_introspection_cExport.cmake
[1.176s] -- Up-to-date: /home/entity014/roboInno_ws/install/robo_interfaces/share/robo_interfaces/cmake/robo_interfaces__rosidl_typesupport_introspection_cExport-noconfig.cmake
[1.176s] -- Up-to-date: /home/entity014/roboInno_ws/install/robo_interfaces/share/robo_interfaces/cmake/robo_interfaces__rosidl_typesupport_cExport.cmake
[1.176s] -- Up-to-date: /home/entity014/roboInno_ws/install/robo_interfaces/share/robo_interfaces/cmake/robo_interfaces__rosidl_typesupport_cExport-noconfig.cmake
[1.176s] -- Up-to-date: /home/entity014/roboInno_ws/install/robo_interfaces/share/robo_interfaces/cmake/robo_interfaces__rosidl_generator_cppExport.cmake
[1.177s] -- Up-to-date: /home/entity014/roboInno_ws/install/robo_interfaces/share/robo_interfaces/cmake/robo_interfaces__rosidl_typesupport_introspection_cppExport.cmake
[1.178s] -- Up-to-date: /home/entity014/roboInno_ws/install/robo_interfaces/share/robo_interfaces/cmake/robo_interfaces__rosidl_typesupport_introspection_cppExport-noconfig.cmake
[1.179s] -- Up-to-date: /home/entity014/roboInno_ws/install/robo_interfaces/share/robo_interfaces/cmake/robo_interfaces__rosidl_typesupport_cppExport.cmake
[1.179s] -- Up-to-date: /home/entity014/roboInno_ws/install/robo_interfaces/share/robo_interfaces/cmake/robo_interfaces__rosidl_typesupport_cppExport-noconfig.cmake
[1.179s] -- Up-to-date: /home/entity014/roboInno_ws/install/robo_interfaces/share/robo_interfaces/cmake/rosidl_cmake-extras.cmake
[1.179s] -- Up-to-date: /home/entity014/roboInno_ws/install/robo_interfaces/share/robo_interfaces/cmake/ament_cmake_export_dependencies-extras.cmake
[1.179s] -- Up-to-date: /home/entity014/roboInno_ws/install/robo_interfaces/share/robo_interfaces/cmake/ament_cmake_export_libraries-extras.cmake
[1.180s] -- Up-to-date: /home/entity014/roboInno_ws/install/robo_interfaces/share/robo_interfaces/cmake/ament_cmake_export_targets-extras.cmake
[1.180s] -- Up-to-date: /home/entity014/roboInno_ws/install/robo_interfaces/share/robo_interfaces/cmake/ament_cmake_export_include_directories-extras.cmake
[1.180s] -- Up-to-date: /home/entity014/roboInno_ws/install/robo_interfaces/share/robo_interfaces/cmake/rosidl_cmake_export_typesupport_libraries-extras.cmake
[1.180s] -- Up-to-date: /home/entity014/roboInno_ws/install/robo_interfaces/share/robo_interfaces/cmake/rosidl_cmake_export_typesupport_targets-extras.cmake
[1.181s] -- Up-to-date: /home/entity014/roboInno_ws/install/robo_interfaces/share/robo_interfaces/cmake/robo_interfacesConfig.cmake
[1.181s] -- Up-to-date: /home/entity014/roboInno_ws/install/robo_interfaces/share/robo_interfaces/cmake/robo_interfacesConfig-version.cmake
[1.181s] -- Up-to-date: /home/entity014/roboInno_ws/install/robo_interfaces/share/robo_interfaces/package.xml
[1.209s] Invoked command in '/home/entity014/roboInno_ws/build/robo_interfaces' returned '0': CMAKE_PREFIX_PATH=${CMAKE_PREFIX_PATH}:/home/entity014/roboInno_ws/install/robo_core:/home/entity014/ros2_ws/install/swap_pillar:/opt/ros/foxy /home/entity014/.local/bin/cmake --install /home/entity014/roboInno_ws/build/robo_interfaces
