running egg_info
writing ../../build/robo_core/robo_core.egg-info/PKG-INFO
writing dependency_links to ../../build/robo_core/robo_core.egg-info/dependency_links.txt
writing entry points to ../../build/robo_core/robo_core.egg-info/entry_points.txt
writing requirements to ../../build/robo_core/robo_core.egg-info/requires.txt
writing top-level names to ../../build/robo_core/robo_core.egg-info/top_level.txt
reading manifest file '../../build/robo_core/robo_core.egg-info/SOURCES.txt'
writing manifest file '../../build/robo_core/robo_core.egg-info/SOURCES.txt'
running build
running build_py
running install
running install_lib
running install_data
copying launch/robo.launch.py -> /home/entity014/roboInno_ws/install/robo_core/share/robo_core
running install_egg_info
removing '/home/entity014/roboInno_ws/install/robo_core/lib/python3.8/site-packages/robo_core-0.0.0-py3.8.egg-info' (and everything under it)
Copying ../../build/robo_core/robo_core.egg-info to /home/entity014/roboInno_ws/install/robo_core/lib/python3.8/site-packages/robo_core-0.0.0-py3.8.egg-info
running install_scripts
Installing command_node script to /home/entity014/roboInno_ws/install/robo_core/lib/robo_core
Installing controller_node script to /home/entity014/roboInno_ws/install/robo_core/lib/robo_core
Installing drive_node script to /home/entity014/roboInno_ws/install/robo_core/lib/robo_core
Installing pub_odom_node script to /home/entity014/roboInno_ws/install/robo_core/lib/robo_core
writing list of installed files to '/home/entity014/roboInno_ws/build/robo_core/install.log'
