[1.249s] Invoking command in '/home/entity014/roboInno_ws/src/robo_core': PYTHONPATH=/home/entity014/roboInno_ws/build/robo_core/prefix_override:/home/entity014/roboInno_ws/install/robo_core/lib/python3.8/site-packages:/home/entity014/roboInno_ws/install/robo_interfaces/lib/python3.8/site-packages:/home/entity014/roboInno_ws/install/robo_core/lib/python3.8/site-packages:/home/entity014/ros2_ws/build/swap_pillar:/home/entity014/ros2_ws/install/swap_pillar/lib/python3.8/site-packages:/home/entity014/ros2_ws/install/micro_ros_msgs/lib/python3.8/site-packages:/home/entity014/ros2_ws/install/drive_base_msgs/lib/python3.8/site-packages:/opt/ros/foxy/lib/python3.8/site-packages /usr/bin/python3 setup.py egg_info --egg-base ../../build/robo_core build --build-base /home/entity014/roboInno_ws/build/robo_core/build install --record /home/entity014/roboInno_ws/build/robo_core/install.log --install-scripts $base/lib/robo_core --single-version-externally-managed
[1.659s] running egg_info
[1.660s] writing ../../build/robo_core/robo_core.egg-info/PKG-INFO
[1.660s] writing dependency_links to ../../build/robo_core/robo_core.egg-info/dependency_links.txt
[1.661s] writing entry points to ../../build/robo_core/robo_core.egg-info/entry_points.txt
[1.661s] writing requirements to ../../build/robo_core/robo_core.egg-info/requires.txt
[1.661s] writing top-level names to ../../build/robo_core/robo_core.egg-info/top_level.txt
[1.715s] reading manifest file '../../build/robo_core/robo_core.egg-info/SOURCES.txt'
[1.716s] writing manifest file '../../build/robo_core/robo_core.egg-info/SOURCES.txt'
[1.716s] running build
[1.716s] running build_py
[1.717s] running install
[1.718s] running install_lib
[1.721s] running install_data
[1.721s] copying launch/robo.launch.py -> /home/entity014/roboInno_ws/install/robo_core/share/robo_core
[1.722s] running install_egg_info
[1.725s] removing '/home/entity014/roboInno_ws/install/robo_core/lib/python3.8/site-packages/robo_core-0.0.0-py3.8.egg-info' (and everything under it)
[1.725s] Copying ../../build/robo_core/robo_core.egg-info to /home/entity014/roboInno_ws/install/robo_core/lib/python3.8/site-packages/robo_core-0.0.0-py3.8.egg-info
[1.726s] running install_scripts
[1.751s] Installing command_node script to /home/entity014/roboInno_ws/install/robo_core/lib/robo_core
[1.751s] Installing controller_node script to /home/entity014/roboInno_ws/install/robo_core/lib/robo_core
[1.752s] Installing drive_node script to /home/entity014/roboInno_ws/install/robo_core/lib/robo_core
[1.752s] Installing pub_odom_node script to /home/entity014/roboInno_ws/install/robo_core/lib/robo_core
[1.752s] writing list of installed files to '/home/entity014/roboInno_ws/build/robo_core/install.log'
[1.785s] Invoked command in '/home/entity014/roboInno_ws/src/robo_core' returned '0': PYTHONPATH=/home/entity014/roboInno_ws/build/robo_core/prefix_override:/home/entity014/roboInno_ws/install/robo_core/lib/python3.8/site-packages:/home/entity014/roboInno_ws/install/robo_interfaces/lib/python3.8/site-packages:/home/entity014/roboInno_ws/install/robo_core/lib/python3.8/site-packages:/home/entity014/ros2_ws/build/swap_pillar:/home/entity014/ros2_ws/install/swap_pillar/lib/python3.8/site-packages:/home/entity014/ros2_ws/install/micro_ros_msgs/lib/python3.8/site-packages:/home/entity014/ros2_ws/install/drive_base_msgs/lib/python3.8/site-packages:/opt/ros/foxy/lib/python3.8/site-packages /usr/bin/python3 setup.py egg_info --egg-base ../../build/robo_core build --build-base /home/entity014/roboInno_ws/build/robo_core/build install --record /home/entity014/roboInno_ws/build/robo_core/install.log --install-scripts $base/lib/robo_core --single-version-externally-managed
