[2.257s] Invoking command in '/home/entity014/roboInno_ws/src/robo_core': PYTHONPATH=/home/entity014/roboInno_ws/build/robo_core/prefix_override:/home/entity014/roboInno_ws/install/robo_core/lib/python3.8/site-packages:/home/entity014/roboInno_ws/install/robo_interfaces/lib/python3.8/site-packages:/home/entity014/roboInno_ws/install/robo_core/lib/python3.8/site-packages:/home/entity014/ros2_ws/build/swap_pillar:/home/entity014/ros2_ws/install/swap_pillar/lib/python3.8/site-packages:/home/entity014/ros2_ws/install/micro_ros_msgs/lib/python3.8/site-packages:/home/entity014/ros2_ws/install/drive_base_msgs/lib/python3.8/site-packages:/opt/ros/foxy/lib/python3.8/site-packages /usr/bin/python3 setup.py egg_info --egg-base ../../build/robo_core build --build-base /home/entity014/roboInno_ws/build/robo_core/build install --record /home/entity014/roboInno_ws/build/robo_core/install.log --install-scripts $base/lib/robo_core --single-version-externally-managed
[3.058s] running egg_info
[3.061s] writing ../../build/robo_core/robo_core.egg-info/PKG-INFO
[3.061s] writing dependency_links to ../../build/robo_core/robo_core.egg-info/dependency_links.txt
[3.062s] writing entry points to ../../build/robo_core/robo_core.egg-info/entry_points.txt
[3.062s] writing requirements to ../../build/robo_core/robo_core.egg-info/requires.txt
[3.063s] writing top-level names to ../../build/robo_core/robo_core.egg-info/top_level.txt
[3.153s] reading manifest file '../../build/robo_core/robo_core.egg-info/SOURCES.txt'
[3.156s] writing manifest file '../../build/robo_core/robo_core.egg-info/SOURCES.txt'
[3.159s] running build
[3.160s] running build_py
[3.160s] copying robo_core/command.py -> /home/entity014/roboInno_ws/build/robo_core/build/lib/robo_core
[3.160s] copying robo_core/drive.py -> /home/entity014/roboInno_ws/build/robo_core/build/lib/robo_core
[3.161s] running install
[3.162s] running install_lib
[3.163s] copying /home/entity014/roboInno_ws/build/robo_core/build/lib/robo_core/command.py -> /home/entity014/roboInno_ws/install/robo_core/lib/python3.8/site-packages/robo_core
[3.164s] copying /home/entity014/roboInno_ws/build/robo_core/build/lib/robo_core/drive.py -> /home/entity014/roboInno_ws/install/robo_core/lib/python3.8/site-packages/robo_core
[3.166s] byte-compiling /home/entity014/roboInno_ws/install/robo_core/lib/python3.8/site-packages/robo_core/command.py to command.cpython-38.pyc
[3.175s] byte-compiling /home/entity014/roboInno_ws/install/robo_core/lib/python3.8/site-packages/robo_core/drive.py to drive.cpython-38.pyc
[3.176s] running install_data
[3.178s] running install_egg_info
[3.182s] removing '/home/entity014/roboInno_ws/install/robo_core/lib/python3.8/site-packages/robo_core-0.0.0-py3.8.egg-info' (and everything under it)
[3.183s] Copying ../../build/robo_core/robo_core.egg-info to /home/entity014/roboInno_ws/install/robo_core/lib/python3.8/site-packages/robo_core-0.0.0-py3.8.egg-info
[3.185s] running install_scripts
[3.241s] Installing command_node script to /home/entity014/roboInno_ws/install/robo_core/lib/robo_core
[3.241s] Installing controller_node script to /home/entity014/roboInno_ws/install/robo_core/lib/robo_core
[3.241s] Installing drive_node script to /home/entity014/roboInno_ws/install/robo_core/lib/robo_core
[3.242s] Installing pub_odom_node script to /home/entity014/roboInno_ws/install/robo_core/lib/robo_core
[3.243s] writing list of installed files to '/home/entity014/roboInno_ws/build/robo_core/install.log'
[3.317s] Invoked command in '/home/entity014/roboInno_ws/src/robo_core' returned '0': PYTHONPATH=/home/entity014/roboInno_ws/build/robo_core/prefix_override:/home/entity014/roboInno_ws/install/robo_core/lib/python3.8/site-packages:/home/entity014/roboInno_ws/install/robo_interfaces/lib/python3.8/site-packages:/home/entity014/roboInno_ws/install/robo_core/lib/python3.8/site-packages:/home/entity014/ros2_ws/build/swap_pillar:/home/entity014/ros2_ws/install/swap_pillar/lib/python3.8/site-packages:/home/entity014/ros2_ws/install/micro_ros_msgs/lib/python3.8/site-packages:/home/entity014/ros2_ws/install/drive_base_msgs/lib/python3.8/site-packages:/opt/ros/foxy/lib/python3.8/site-packages /usr/bin/python3 setup.py egg_info --egg-base ../../build/robo_core build --build-base /home/entity014/roboInno_ws/build/robo_core/build install --record /home/entity014/roboInno_ws/build/robo_core/install.log --install-scripts $base/lib/robo_core --single-version-externally-managed
