[1.332s] Invoking command in '/home/entity014/roboInno_ws/src/robo_core': PYTHONPATH=/home/entity014/roboInno_ws/build/robo_core/prefix_override:/home/entity014/roboInno_ws/install/robo_core/lib/python3.8/site-packages:/home/entity014/roboInno_ws/install/robo_interfaces/lib/python3.8/site-packages:/home/entity014/roboInno_ws/install/robo_core/lib/python3.8/site-packages:/home/entity014/ros2_ws/build/swap_pillar:/home/entity014/ros2_ws/install/swap_pillar/lib/python3.8/site-packages:/home/entity014/ros2_ws/install/micro_ros_msgs/lib/python3.8/site-packages:/home/entity014/ros2_ws/install/drive_base_msgs/lib/python3.8/site-packages:/opt/ros/foxy/lib/python3.8/site-packages /usr/bin/python3 setup.py egg_info --egg-base ../../build/robo_core build --build-base /home/entity014/roboInno_ws/build/robo_core/build install --record /home/entity014/roboInno_ws/build/robo_core/install.log --install-scripts $base/lib/robo_core --single-version-externally-managed
[1.736s] running egg_info
[1.736s] creating ../../build/robo_core/robo_core.egg-info
[1.737s] writing ../../build/robo_core/robo_core.egg-info/PKG-INFO
[1.737s] writing dependency_links to ../../build/robo_core/robo_core.egg-info/dependency_links.txt
[1.737s] writing entry points to ../../build/robo_core/robo_core.egg-info/entry_points.txt
[1.738s] writing requirements to ../../build/robo_core/robo_core.egg-info/requires.txt
[1.738s] writing top-level names to ../../build/robo_core/robo_core.egg-info/top_level.txt
[1.740s] writing manifest file '../../build/robo_core/robo_core.egg-info/SOURCES.txt'
[1.791s] reading manifest file '../../build/robo_core/robo_core.egg-info/SOURCES.txt'
[1.792s] writing manifest file '../../build/robo_core/robo_core.egg-info/SOURCES.txt'
[1.792s] running build
[1.793s] running build_py
[1.793s] creating /home/entity014/roboInno_ws/build/robo_core/build
[1.793s] creating /home/entity014/roboInno_ws/build/robo_core/build/lib
[1.793s] creating /home/entity014/roboInno_ws/build/robo_core/build/lib/robo_core
[1.793s] copying robo_core/command.py -> /home/entity014/roboInno_ws/build/robo_core/build/lib/robo_core
[1.794s] copying robo_core/drive.py -> /home/entity014/roboInno_ws/build/robo_core/build/lib/robo_core
[1.794s] copying robo_core/camera.py -> /home/entity014/roboInno_ws/build/robo_core/build/lib/robo_core
[1.794s] copying robo_core/controller.py -> /home/entity014/roboInno_ws/build/robo_core/build/lib/robo_core
[1.794s] copying robo_core/pub_odom.py -> /home/entity014/roboInno_ws/build/robo_core/build/lib/robo_core
[1.794s] copying robo_core/__init__.py -> /home/entity014/roboInno_ws/build/robo_core/build/lib/robo_core
[1.794s] running install
[1.796s] running install_lib
[1.798s] creating /home/entity014/roboInno_ws/install/robo_core/lib/python3.8/site-packages/robo_core
[1.798s] copying /home/entity014/roboInno_ws/build/robo_core/build/lib/robo_core/command.py -> /home/entity014/roboInno_ws/install/robo_core/lib/python3.8/site-packages/robo_core
[1.798s] copying /home/entity014/roboInno_ws/build/robo_core/build/lib/robo_core/drive.py -> /home/entity014/roboInno_ws/install/robo_core/lib/python3.8/site-packages/robo_core
[1.798s] copying /home/entity014/roboInno_ws/build/robo_core/build/lib/robo_core/camera.py -> /home/entity014/roboInno_ws/install/robo_core/lib/python3.8/site-packages/robo_core
[1.799s] copying /home/entity014/roboInno_ws/build/robo_core/build/lib/robo_core/controller.py -> /home/entity014/roboInno_ws/install/robo_core/lib/python3.8/site-packages/robo_core
[1.799s] copying /home/entity014/roboInno_ws/build/robo_core/build/lib/robo_core/pub_odom.py -> /home/entity014/roboInno_ws/install/robo_core/lib/python3.8/site-packages/robo_core
[1.799s] copying /home/entity014/roboInno_ws/build/robo_core/build/lib/robo_core/__init__.py -> /home/entity014/roboInno_ws/install/robo_core/lib/python3.8/site-packages/robo_core
[1.799s] byte-compiling /home/entity014/roboInno_ws/install/robo_core/lib/python3.8/site-packages/robo_core/command.py to command.cpython-38.pyc
[1.803s] byte-compiling /home/entity014/roboInno_ws/install/robo_core/lib/python3.8/site-packages/robo_core/drive.py to drive.cpython-38.pyc
[1.804s] byte-compiling /home/entity014/roboInno_ws/install/robo_core/lib/python3.8/site-packages/robo_core/camera.py to camera.cpython-38.pyc
[1.804s] byte-compiling /home/entity014/roboInno_ws/install/robo_core/lib/python3.8/site-packages/robo_core/controller.py to controller.cpython-38.pyc
[1.805s] byte-compiling /home/entity014/roboInno_ws/install/robo_core/lib/python3.8/site-packages/robo_core/pub_odom.py to pub_odom.cpython-38.pyc
[1.806s] byte-compiling /home/entity014/roboInno_ws/install/robo_core/lib/python3.8/site-packages/robo_core/__init__.py to __init__.cpython-38.pyc
[1.806s] running install_data
[1.807s] creating /home/entity014/roboInno_ws/install/robo_core/share/ament_index
[1.808s] creating /home/entity014/roboInno_ws/install/robo_core/share/ament_index/resource_index
[1.808s] creating /home/entity014/roboInno_ws/install/robo_core/share/ament_index/resource_index/packages
[1.808s] copying resource/robo_core -> /home/entity014/roboInno_ws/install/robo_core/share/ament_index/resource_index/packages
[1.808s] copying package.xml -> /home/entity014/roboInno_ws/install/robo_core/share/robo_core
[1.809s] copying launch/robo.launch.py -> /home/entity014/roboInno_ws/install/robo_core/share/robo_core
[1.809s] copying launch/online_async_launch.py -> /home/entity014/roboInno_ws/install/robo_core/share/robo_core
[1.809s] creating /home/entity014/roboInno_ws/install/robo_core/share/robo_core/config
[1.809s] copying config/params.yaml -> /home/entity014/roboInno_ws/install/robo_core/share/robo_core/config
[1.809s] copying config/mapper_params_online_async.yaml -> /home/entity014/roboInno_ws/install/robo_core/share/robo_core/config
[1.810s] running install_egg_info
[1.813s] Copying ../../build/robo_core/robo_core.egg-info to /home/entity014/roboInno_ws/install/robo_core/lib/python3.8/site-packages/robo_core-0.0.0-py3.8.egg-info
[1.814s] running install_scripts
[1.843s] Installing command_node script to /home/entity014/roboInno_ws/install/robo_core/lib/robo_core
[1.844s] Installing controller_node script to /home/entity014/roboInno_ws/install/robo_core/lib/robo_core
[1.844s] Installing drive_node script to /home/entity014/roboInno_ws/install/robo_core/lib/robo_core
[1.844s] Installing pub_odom_node script to /home/entity014/roboInno_ws/install/robo_core/lib/robo_core
[1.844s] writing list of installed files to '/home/entity014/roboInno_ws/build/robo_core/install.log'
[1.876s] Invoked command in '/home/entity014/roboInno_ws/src/robo_core' returned '0': PYTHONPATH=/home/entity014/roboInno_ws/build/robo_core/prefix_override:/home/entity014/roboInno_ws/install/robo_core/lib/python3.8/site-packages:/home/entity014/roboInno_ws/install/robo_interfaces/lib/python3.8/site-packages:/home/entity014/roboInno_ws/install/robo_core/lib/python3.8/site-packages:/home/entity014/ros2_ws/build/swap_pillar:/home/entity014/ros2_ws/install/swap_pillar/lib/python3.8/site-packages:/home/entity014/ros2_ws/install/micro_ros_msgs/lib/python3.8/site-packages:/home/entity014/ros2_ws/install/drive_base_msgs/lib/python3.8/site-packages:/opt/ros/foxy/lib/python3.8/site-packages /usr/bin/python3 setup.py egg_info --egg-base ../../build/robo_core build --build-base /home/entity014/roboInno_ws/build/robo_core/build install --record /home/entity014/roboInno_ws/build/robo_core/install.log --install-scripts $base/lib/robo_core --single-version-externally-managed
