[0.046s] Invoking command in '/home/entity014/roboInno_ws/build/robo_description': CMAKE_PREFIX_PATH=${CMAKE_PREFIX_PATH}:/home/entity014/roboInno_ws/install/robo_core:/home/entity014/ros2_ws/install/swap_pillar:/opt/ros/foxy /home/entity014/.local/bin/cmake --build /home/entity014/roboInno_ws/build/robo_description -- -j8 -l8
[0.161s] Invoked command in '/home/entity014/roboInno_ws/build/robo_description' returned '0': CMAKE_PREFIX_PATH=${CMAKE_PREFIX_PATH}:/home/entity014/roboInno_ws/install/robo_core:/home/entity014/ros2_ws/install/swap_pillar:/opt/ros/foxy /home/entity014/.local/bin/cmake --build /home/entity014/roboInno_ws/build/robo_description -- -j8 -l8
[0.391s] Invoking command in '/home/entity014/roboInno_ws/build/robo_description': CMAKE_PREFIX_PATH=${CMAKE_PREFIX_PATH}:/home/entity014/roboInno_ws/install/robo_core:/home/entity014/ros2_ws/install/swap_pillar:/opt/ros/foxy /home/entity014/.local/bin/cmake --install /home/entity014/roboInno_ws/build/robo_description
[0.457s] -- Install configuration: ""
[0.457s] -- Up-to-date: /home/entity014/roboInno_ws/install/robo_description/share/robo_description/src
[0.458s] -- Up-to-date: /home/entity014/roboInno_ws/install/robo_description/share/robo_description/src/description
[0.458s] -- Up-to-date: /home/entity014/roboInno_ws/install/robo_description/share/robo_description/src/description/robo_description.urdf
[0.458s] -- Up-to-date: /home/entity014/roboInno_ws/install/robo_description/share/robo_description/launch
[0.459s] -- Up-to-date: /home/entity014/roboInno_ws/install/robo_description/share/robo_description/launch/display.launch.py
[0.459s] -- Up-to-date: /home/entity014/roboInno_ws/install/robo_description/share/robo_description/rviz
[0.459s] -- Up-to-date: /home/entity014/roboInno_ws/install/robo_description/share/robo_description/rviz/urdf_config.rviz
[0.460s] -- Up-to-date: /home/entity014/roboInno_ws/install/robo_description/share/robo_description/src
[0.460s] -- Up-to-date: /home/entity014/roboInno_ws/install/robo_description/share/robo_description/src/description
[0.460s] -- Up-to-date: /home/entity014/roboInno_ws/install/robo_description/share/robo_description/src/description/robo_description.urdf
[0.461s] -- Up-to-date: /home/entity014/roboInno_ws/install/robo_description/share/robo_description/launch
[0.461s] -- Up-to-date: /home/entity014/roboInno_ws/install/robo_description/share/robo_description/launch/display.launch.py
[0.461s] -- Up-to-date: /home/entity014/roboInno_ws/install/robo_description/share/robo_description/rviz
[0.461s] -- Up-to-date: /home/entity014/roboInno_ws/install/robo_description/share/robo_description/rviz/urdf_config.rviz
[0.461s] -- Up-to-date: /home/entity014/roboInno_ws/install/robo_description/share/robo_description/config
[0.462s] -- Up-to-date: /home/entity014/roboInno_ws/install/robo_description/share/robo_description/config/ekf.yaml
[0.462s] -- Up-to-date: /home/entity014/roboInno_ws/install/robo_description/share/robo_description/src
[0.462s] -- Up-to-date: /home/entity014/roboInno_ws/install/robo_description/share/robo_description/src/description
[0.462s] -- Up-to-date: /home/entity014/roboInno_ws/install/robo_description/share/robo_description/src/description/robo_description.urdf
[0.462s] -- Up-to-date: /home/entity014/roboInno_ws/install/robo_description/share/robo_description/launch
[0.463s] -- Up-to-date: /home/entity014/roboInno_ws/install/robo_description/share/robo_description/launch/display.launch.py
[0.463s] -- Up-to-date: /home/entity014/roboInno_ws/install/robo_description/share/robo_description/rviz
[0.463s] -- Up-to-date: /home/entity014/roboInno_ws/install/robo_description/share/robo_description/rviz/urdf_config.rviz
[0.463s] -- Up-to-date: /home/entity014/roboInno_ws/install/robo_description/share/robo_description/config
[0.463s] -- Up-to-date: /home/entity014/roboInno_ws/install/robo_description/share/robo_description/config/ekf.yaml
[0.463s] -- Up-to-date: /home/entity014/roboInno_ws/install/robo_description/share/robo_description/world
[0.464s] -- Up-to-date: /home/entity014/roboInno_ws/install/robo_description/share/robo_description/world/my_world.sdf
[0.464s] -- Up-to-date: /home/entity014/roboInno_ws/install/robo_description/share/ament_index/resource_index/package_run_dependencies/robo_description
[0.464s] -- Up-to-date: /home/entity014/roboInno_ws/install/robo_description/share/ament_index/resource_index/parent_prefix_path/robo_description
[0.464s] -- Up-to-date: /home/entity014/roboInno_ws/install/robo_description/share/robo_description/environment/ament_prefix_path.sh
[0.464s] -- Up-to-date: /home/entity014/roboInno_ws/install/robo_description/share/robo_description/environment/ament_prefix_path.dsv
[0.465s] -- Up-to-date: /home/entity014/roboInno_ws/install/robo_description/share/robo_description/environment/path.sh
[0.465s] -- Up-to-date: /home/entity014/roboInno_ws/install/robo_description/share/robo_description/environment/path.dsv
[0.466s] -- Up-to-date: /home/entity014/roboInno_ws/install/robo_description/share/robo_description/local_setup.bash
[0.466s] -- Up-to-date: /home/entity014/roboInno_ws/install/robo_description/share/robo_description/local_setup.sh
[0.466s] -- Up-to-date: /home/entity014/roboInno_ws/install/robo_description/share/robo_description/local_setup.zsh
[0.466s] -- Up-to-date: /home/entity014/roboInno_ws/install/robo_description/share/robo_description/local_setup.dsv
[0.467s] -- Installing: /home/entity014/roboInno_ws/install/robo_description/share/robo_description/package.dsv
[0.467s] -- Up-to-date: /home/entity014/roboInno_ws/install/robo_description/share/ament_index/resource_index/packages/robo_description
[0.467s] -- Up-to-date: /home/entity014/roboInno_ws/install/robo_description/share/robo_description/cmake/robo_descriptionConfig.cmake
[0.468s] -- Up-to-date: /home/entity014/roboInno_ws/install/robo_description/share/robo_description/cmake/robo_descriptionConfig-version.cmake
[0.468s] -- Up-to-date: /home/entity014/roboInno_ws/install/robo_description/share/robo_description/package.xml
[0.477s] Invoked command in '/home/entity014/roboInno_ws/build/robo_description' returned '0': CMAKE_PREFIX_PATH=${CMAKE_PREFIX_PATH}:/home/entity014/roboInno_ws/install/robo_core:/home/entity014/ros2_ws/install/swap_pillar:/opt/ros/foxy /home/entity014/.local/bin/cmake --install /home/entity014/roboInno_ws/build/robo_description
