[0.109s] Invoking command in '/home/entity014/roboInno_ws/build/robo_interfaces': CMAKE_PREFIX_PATH=${CMAKE_PREFIX_PATH}:/home/entity014/roboInno_ws/install/robo_core:/home/entity014/ros2_ws/install/swap_pillar:/opt/ros/foxy /home/entity014/.local/bin/cmake --build /home/entity014/roboInno_ws/build/robo_interfaces -- -j8 -l8
[0.246s] [  3%] Built target robo_interfaces__cpp
[0.249s] [ 12%] Built target robo_interfaces__rosidl_generator_c
[0.296s] [ 22%] Built target robo_interfaces__rosidl_typesupport_fastrtps_cpp
[0.301s] [ 32%] Built target robo_interfaces__rosidl_typesupport_cpp
[0.343s] [ 41%] Built target robo_interfaces__rosidl_typesupport_introspection_cpp
[0.349s] [ 51%] Built target robo_interfaces__rosidl_typesupport_fastrtps_c
[0.373s] [ 61%] Built target robo_interfaces__rosidl_typesupport_c
[0.381s] [ 70%] Built target robo_interfaces__rosidl_typesupport_introspection_c
[0.412s] [ 70%] Built target robo_interfaces
[0.448s] [ 74%] Built target robo_interfaces__py
[0.506s] [ 80%] Built target robo_interfaces__python
[0.553s] [ 87%] Built target robo_interfaces__rosidl_typesupport_fastrtps_c__pyext
[0.574s] [ 93%] Built target robo_interfaces__rosidl_typesupport_introspection_c__pyext
[0.632s] [100%] Built target robo_interfaces__rosidl_typesupport_c__pyext
[0.664s] Invoked command in '/home/entity014/roboInno_ws/build/robo_interfaces' returned '0': CMAKE_PREFIX_PATH=${CMAKE_PREFIX_PATH}:/home/entity014/roboInno_ws/install/robo_core:/home/entity014/ros2_ws/install/swap_pillar:/opt/ros/foxy /home/entity014/.local/bin/cmake --build /home/entity014/roboInno_ws/build/robo_interfaces -- -j8 -l8
[0.915s] Invoking command in '/home/entity014/roboInno_ws/build/robo_interfaces': CMAKE_PREFIX_PATH=${CMAKE_PREFIX_PATH}:/home/entity014/roboInno_ws/install/robo_core:/home/entity014/ros2_ws/install/swap_pillar:/opt/ros/foxy /home/entity014/.local/bin/cmake --install /home/entity014/roboInno_ws/build/robo_interfaces
[1.024s] -- Install configuration: ""
[1.024s] -- Up-to-date: /home/entity014/roboInno_ws/install/robo_interfaces/share/ament_index/resource_index/rosidl_interfaces/robo_interfaces
[1.024s] -- Up-to-date: /home/entity014/roboInno_ws/install/robo_interfaces/include/robo_interfaces
[1.024s] -- Up-to-date: /home/entity014/roboInno_ws/install/robo_interfaces/include/robo_interfaces/msg
[1.024s] -- Up-to-date: /home/entity014/roboInno_ws/install/robo_interfaces/include/robo_interfaces/msg/dict.h
[1.025s] -- Up-to-date: /home/entity014/roboInno_ws/install/robo_interfaces/include/robo_interfaces/msg/detail
[1.025s] -- Up-to-date: /home/entity014/roboInno_ws/install/robo_interfaces/include/robo_interfaces/msg/detail/dict__struct.h
[1.025s] -- Up-to-date: /home/entity014/roboInno_ws/install/robo_interfaces/include/robo_interfaces/msg/detail/dict__functions.h
[1.025s] -- Up-to-date: /home/entity014/roboInno_ws/install/robo_interfaces/include/robo_interfaces/msg/detail/dict__type_support.h
[1.038s] -- Up-to-date: /home/entity014/roboInno_ws/install/robo_interfaces/include/robo_interfaces/msg/detail/dict__functions.c
[1.039s] -- Up-to-date: /home/entity014/roboInno_ws/install/robo_interfaces/include/robo_interfaces/msg/rosidl_generator_c__visibility_control.h
[1.039s] -- Up-to-date: /home/entity014/roboInno_ws/install/robo_interfaces/share/robo_interfaces/environment/library_path.sh
[1.039s] -- Up-to-date: /home/entity014/roboInno_ws/install/robo_interfaces/share/robo_interfaces/environment/library_path.dsv
[1.040s] -- Up-to-date: /home/entity014/roboInno_ws/install/robo_interfaces/lib/librobo_interfaces__rosidl_generator_c.so
[1.040s] -- Up-to-date: /home/entity014/roboInno_ws/install/robo_interfaces/include/robo_interfaces
[1.040s] -- Up-to-date: /home/entity014/roboInno_ws/install/robo_interfaces/include/robo_interfaces/msg
[1.041s] -- Up-to-date: /home/entity014/roboInno_ws/install/robo_interfaces/include/robo_interfaces/msg/rosidl_typesupport_fastrtps_c__visibility_control.h
[1.041s] -- Up-to-date: /home/entity014/roboInno_ws/install/robo_interfaces/include/robo_interfaces/msg/detail
[1.042s] -- Up-to-date: /home/entity014/roboInno_ws/install/robo_interfaces/include/robo_interfaces/msg/detail/dict__rosidl_typesupport_fastrtps_c.h
[1.042s] -- Up-to-date: /home/entity014/roboInno_ws/install/robo_interfaces/lib/librobo_interfaces__rosidl_typesupport_fastrtps_c.so
[1.042s] -- Up-to-date: /home/entity014/roboInno_ws/install/robo_interfaces/include/robo_interfaces
[1.043s] -- Up-to-date: /home/entity014/roboInno_ws/install/robo_interfaces/include/robo_interfaces/msg
[1.043s] -- Up-to-date: /home/entity014/roboInno_ws/install/robo_interfaces/include/robo_interfaces/msg/rosidl_typesupport_fastrtps_cpp__visibility_control.h
[1.044s] -- Up-to-date: /home/entity014/roboInno_ws/install/robo_interfaces/include/robo_interfaces/msg/detail
[1.044s] -- Up-to-date: /home/entity014/roboInno_ws/install/robo_interfaces/include/robo_interfaces/msg/detail/dds_fastrtps
[1.045s] -- Up-to-date: /home/entity014/roboInno_ws/install/robo_interfaces/include/robo_interfaces/msg/detail/dict__rosidl_typesupport_fastrtps_cpp.hpp
[1.045s] -- Up-to-date: /home/entity014/roboInno_ws/install/robo_interfaces/lib/librobo_interfaces__rosidl_typesupport_fastrtps_cpp.so
[1.045s] -- Up-to-date: /home/entity014/roboInno_ws/install/robo_interfaces/include/robo_interfaces
[1.045s] -- Up-to-date: /home/entity014/roboInno_ws/install/robo_interfaces/include/robo_interfaces/msg
[1.046s] -- Up-to-date: /home/entity014/roboInno_ws/install/robo_interfaces/include/robo_interfaces/msg/rosidl_typesupport_introspection_c__visibility_control.h
[1.046s] -- Up-to-date: /home/entity014/roboInno_ws/install/robo_interfaces/include/robo_interfaces/msg/detail
[1.046s] -- Up-to-date: /home/entity014/roboInno_ws/install/robo_interfaces/include/robo_interfaces/msg/detail/dict__type_support.c
[1.047s] -- Up-to-date: /home/entity014/roboInno_ws/install/robo_interfaces/include/robo_interfaces/msg/detail/dict__rosidl_typesupport_introspection_c.h
[1.047s] -- Up-to-date: /home/entity014/roboInno_ws/install/robo_interfaces/lib/librobo_interfaces__rosidl_typesupport_introspection_c.so
[1.048s] -- Up-to-date: /home/entity014/roboInno_ws/install/robo_interfaces/lib/librobo_interfaces__rosidl_typesupport_c.so
[1.048s] -- Up-to-date: /home/entity014/roboInno_ws/install/robo_interfaces/include/robo_interfaces
[1.048s] -- Up-to-date: /home/entity014/roboInno_ws/install/robo_interfaces/include/robo_interfaces/msg
[1.048s] -- Up-to-date: /home/entity014/roboInno_ws/install/robo_interfaces/include/robo_interfaces/msg/dict.hpp
[1.048s] -- Up-to-date: /home/entity014/roboInno_ws/install/robo_interfaces/include/robo_interfaces/msg/rosidl_generator_cpp__visibility_control.hpp
[1.049s] -- Up-to-date: /home/entity014/roboInno_ws/install/robo_interfaces/include/robo_interfaces/msg/detail
[1.049s] -- Up-to-date: /home/entity014/roboInno_ws/install/robo_interfaces/include/robo_interfaces/msg/detail/dict__builder.hpp
[1.049s] -- Up-to-date: /home/entity014/roboInno_ws/install/robo_interfaces/include/robo_interfaces/msg/detail/dict__struct.hpp
[1.050s] -- Up-to-date: /home/entity014/roboInno_ws/install/robo_interfaces/include/robo_interfaces/msg/detail/dict__traits.hpp
[1.050s] -- Up-to-date: /home/entity014/roboInno_ws/install/robo_interfaces/include/robo_interfaces/msg/detail/dict__type_support.hpp
[1.050s] -- Up-to-date: /home/entity014/roboInno_ws/install/robo_interfaces/include/robo_interfaces
[1.051s] -- Up-to-date: /home/entity014/roboInno_ws/install/robo_interfaces/include/robo_interfaces/msg
[1.051s] -- Up-to-date: /home/entity014/roboInno_ws/install/robo_interfaces/include/robo_interfaces/msg/detail
[1.051s] -- Up-to-date: /home/entity014/roboInno_ws/install/robo_interfaces/include/robo_interfaces/msg/detail/dict__rosidl_typesupport_introspection_cpp.hpp
[1.051s] -- Up-to-date: /home/entity014/roboInno_ws/install/robo_interfaces/include/robo_interfaces/msg/detail/dict__type_support.cpp
[1.051s] -- Up-to-date: /home/entity014/roboInno_ws/install/robo_interfaces/lib/librobo_interfaces__rosidl_typesupport_introspection_cpp.so
[1.052s] -- Up-to-date: /home/entity014/roboInno_ws/install/robo_interfaces/lib/librobo_interfaces__rosidl_typesupport_cpp.so
[1.052s] -- Up-to-date: /home/entity014/roboInno_ws/install/robo_interfaces/share/robo_interfaces/environment/pythonpath.sh
[1.052s] -- Up-to-date: /home/entity014/roboInno_ws/install/robo_interfaces/share/robo_interfaces/environment/pythonpath.dsv
[1.052s] -- Up-to-date: /home/entity014/roboInno_ws/install/robo_interfaces/lib/python3.8/site-packages/robo_interfaces/__init__.py
[1.186s] -- Up-to-date: /home/entity014/roboInno_ws/install/robo_interfaces/lib/python3.8/site-packages/robo_interfaces/msg
[1.186s] -- Up-to-date: /home/entity014/roboInno_ws/install/robo_interfaces/lib/python3.8/site-packages/robo_interfaces/msg/_dict.py
[1.186s] -- Up-to-date: /home/entity014/roboInno_ws/install/robo_interfaces/lib/python3.8/site-packages/robo_interfaces/msg/_dict_s.c
[1.187s] -- Up-to-date: /home/entity014/roboInno_ws/install/robo_interfaces/lib/python3.8/site-packages/robo_interfaces/msg/__init__.py
[1.187s] -- Up-to-date: /home/entity014/roboInno_ws/install/robo_interfaces/lib/python3.8/site-packages/robo_interfaces/robo_interfaces_s__rosidl_typesupport_fastrtps_c.cpython-38-x86_64-linux-gnu.so
[1.188s] -- Up-to-date: /home/entity014/roboInno_ws/install/robo_interfaces/lib/python3.8/site-packages/robo_interfaces/robo_interfaces_s__rosidl_typesupport_introspection_c.cpython-38-x86_64-linux-gnu.so
[1.188s] -- Up-to-date: /home/entity014/roboInno_ws/install/robo_interfaces/lib/python3.8/site-packages/robo_interfaces/robo_interfaces_s__rosidl_typesupport_c.cpython-38-x86_64-linux-gnu.so
[1.188s] -- Up-to-date: /home/entity014/roboInno_ws/install/robo_interfaces/lib/librobo_interfaces__python.so
[1.189s] -- Up-to-date: /home/entity014/roboInno_ws/install/robo_interfaces/share/robo_interfaces/msg/Dict.idl
[1.189s] -- Up-to-date: /home/entity014/roboInno_ws/install/robo_interfaces/share/robo_interfaces/msg/Dict.msg
[1.190s] -- Up-to-date: /home/entity014/roboInno_ws/install/robo_interfaces/share/ament_index/resource_index/package_run_dependencies/robo_interfaces
[1.191s] -- Up-to-date: /home/entity014/roboInno_ws/install/robo_interfaces/share/ament_index/resource_index/parent_prefix_path/robo_interfaces
[1.191s] -- Up-to-date: /home/entity014/roboInno_ws/install/robo_interfaces/share/robo_interfaces/environment/ament_prefix_path.sh
[1.192s] -- Up-to-date: /home/entity014/roboInno_ws/install/robo_interfaces/share/robo_interfaces/environment/ament_prefix_path.dsv
[1.192s] -- Up-to-date: /home/entity014/roboInno_ws/install/robo_interfaces/share/robo_interfaces/environment/path.sh
[1.193s] -- Up-to-date: /home/entity014/roboInno_ws/install/robo_interfaces/share/robo_interfaces/environment/path.dsv
[1.193s] -- Up-to-date: /home/entity014/roboInno_ws/install/robo_interfaces/share/robo_interfaces/local_setup.bash
[1.193s] -- Up-to-date: /home/entity014/roboInno_ws/install/robo_interfaces/share/robo_interfaces/local_setup.sh
[1.193s] -- Up-to-date: /home/entity014/roboInno_ws/install/robo_interfaces/share/robo_interfaces/local_setup.zsh
[1.194s] -- Up-to-date: /home/entity014/roboInno_ws/install/robo_interfaces/share/robo_interfaces/local_setup.dsv
[1.194s] -- Installing: /home/entity014/roboInno_ws/install/robo_interfaces/share/robo_interfaces/package.dsv
[1.196s] -- Up-to-date: /home/entity014/roboInno_ws/install/robo_interfaces/share/ament_index/resource_index/packages/robo_interfaces
[1.197s] -- Up-to-date: /home/entity014/roboInno_ws/install/robo_interfaces/share/robo_interfaces/cmake/robo_interfaces__rosidl_generator_cExport.cmake
[1.197s] -- Up-to-date: /home/entity014/roboInno_ws/install/robo_interfaces/share/robo_interfaces/cmake/robo_interfaces__rosidl_generator_cExport-noconfig.cmake
[1.197s] -- Up-to-date: /home/entity014/roboInno_ws/install/robo_interfaces/share/robo_interfaces/cmake/robo_interfaces__rosidl_typesupport_introspection_cExport.cmake
[1.198s] -- Up-to-date: /home/entity014/roboInno_ws/install/robo_interfaces/share/robo_interfaces/cmake/robo_interfaces__rosidl_typesupport_introspection_cExport-noconfig.cmake
[1.198s] -- Up-to-date: /home/entity014/roboInno_ws/install/robo_interfaces/share/robo_interfaces/cmake/robo_interfaces__rosidl_typesupport_cExport.cmake
[1.198s] -- Up-to-date: /home/entity014/roboInno_ws/install/robo_interfaces/share/robo_interfaces/cmake/robo_interfaces__rosidl_typesupport_cExport-noconfig.cmake
[1.198s] -- Up-to-date: /home/entity014/roboInno_ws/install/robo_interfaces/share/robo_interfaces/cmake/robo_interfaces__rosidl_generator_cppExport.cmake
[1.198s] -- Up-to-date: /home/entity014/roboInno_ws/install/robo_interfaces/share/robo_interfaces/cmake/robo_interfaces__rosidl_typesupport_introspection_cppExport.cmake
[1.199s] -- Up-to-date: /home/entity014/roboInno_ws/install/robo_interfaces/share/robo_interfaces/cmake/robo_interfaces__rosidl_typesupport_introspection_cppExport-noconfig.cmake
[1.199s] -- Up-to-date: /home/entity014/roboInno_ws/install/robo_interfaces/share/robo_interfaces/cmake/robo_interfaces__rosidl_typesupport_cppExport.cmake
[1.199s] -- Up-to-date: /home/entity014/roboInno_ws/install/robo_interfaces/share/robo_interfaces/cmake/robo_interfaces__rosidl_typesupport_cppExport-noconfig.cmake
[1.200s] -- Up-to-date: /home/entity014/roboInno_ws/install/robo_interfaces/share/robo_interfaces/cmake/rosidl_cmake-extras.cmake
[1.200s] -- Up-to-date: /home/entity014/roboInno_ws/install/robo_interfaces/share/robo_interfaces/cmake/ament_cmake_export_dependencies-extras.cmake
[1.200s] -- Up-to-date: /home/entity014/roboInno_ws/install/robo_interfaces/share/robo_interfaces/cmake/ament_cmake_export_libraries-extras.cmake
[1.200s] -- Up-to-date: /home/entity014/roboInno_ws/install/robo_interfaces/share/robo_interfaces/cmake/ament_cmake_export_targets-extras.cmake
[1.201s] -- Up-to-date: /home/entity014/roboInno_ws/install/robo_interfaces/share/robo_interfaces/cmake/ament_cmake_export_include_directories-extras.cmake
[1.201s] -- Up-to-date: /home/entity014/roboInno_ws/install/robo_interfaces/share/robo_interfaces/cmake/rosidl_cmake_export_typesupport_libraries-extras.cmake
[1.201s] -- Up-to-date: /home/entity014/roboInno_ws/install/robo_interfaces/share/robo_interfaces/cmake/rosidl_cmake_export_typesupport_targets-extras.cmake
[1.201s] -- Up-to-date: /home/entity014/roboInno_ws/install/robo_interfaces/share/robo_interfaces/cmake/robo_interfacesConfig.cmake
[1.201s] -- Up-to-date: /home/entity014/roboInno_ws/install/robo_interfaces/share/robo_interfaces/cmake/robo_interfacesConfig-version.cmake
[1.202s] -- Up-to-date: /home/entity014/roboInno_ws/install/robo_interfaces/share/robo_interfaces/package.xml
[1.218s] Invoked command in '/home/entity014/roboInno_ws/build/robo_interfaces' returned '0': CMAKE_PREFIX_PATH=${CMAKE_PREFIX_PATH}:/home/entity014/roboInno_ws/install/robo_core:/home/entity014/ros2_ws/install/swap_pillar:/opt/ros/foxy /home/entity014/.local/bin/cmake --install /home/entity014/roboInno_ws/build/robo_interfaces
