-- Install configuration: ""
-- Up-to-date: /home/entity014/roboInno_ws/install/robo_description/share/robo_description/src
-- Up-to-date: /home/entity014/roboInno_ws/install/robo_description/share/robo_description/src/description
-- Up-to-date: /home/entity014/roboInno_ws/install/robo_description/share/robo_description/src/description/robo_description.urdf
-- Up-to-date: /home/entity014/roboInno_ws/install/robo_description/share/robo_description/launch
-- Up-to-date: /home/entity014/roboInno_ws/install/robo_description/share/robo_description/launch/display.launch.py
-- Up-to-date: /home/entity014/roboInno_ws/install/robo_description/share/robo_description/rviz
-- Up-to-date: /home/entity014/roboInno_ws/install/robo_description/share/robo_description/rviz/urdf_config.rviz
-- Up-to-date: /home/entity014/roboInno_ws/install/robo_description/share/robo_description/src
-- Up-to-date: /home/entity014/roboInno_ws/install/robo_description/share/robo_description/src/description
-- Up-to-date: /home/entity014/roboInno_ws/install/robo_description/share/robo_description/src/description/robo_description.urdf
-- Up-to-date: /home/entity014/roboInno_ws/install/robo_description/share/robo_description/launch
-- Up-to-date: /home/entity014/roboInno_ws/install/robo_description/share/robo_description/launch/display.launch.py
-- Up-to-date: /home/entity014/roboInno_ws/install/robo_description/share/robo_description/rviz
-- Up-to-date: /home/entity014/roboInno_ws/install/robo_description/share/robo_description/rviz/urdf_config.rviz
-- Up-to-date: /home/entity014/roboInno_ws/install/robo_description/share/robo_description/config
-- Up-to-date: /home/entity014/roboInno_ws/install/robo_description/share/robo_description/config/ekf.yaml
-- Up-to-date: /home/entity014/roboInno_ws/install/robo_description/share/robo_description/src
-- Up-to-date: /home/entity014/roboInno_ws/install/robo_description/share/robo_description/src/description
-- Up-to-date: /home/entity014/roboInno_ws/install/robo_description/share/robo_description/src/description/robo_description.urdf
-- Up-to-date: /home/entity014/roboInno_ws/install/robo_description/share/robo_description/launch
-- Up-to-date: /home/entity014/roboInno_ws/install/robo_description/share/robo_description/launch/display.launch.py
-- Up-to-date: /home/entity014/roboInno_ws/install/robo_description/share/robo_description/rviz
-- Up-to-date: /home/entity014/roboInno_ws/install/robo_description/share/robo_description/rviz/urdf_config.rviz
-- Up-to-date: /home/entity014/roboInno_ws/install/robo_description/share/robo_description/config
-- Up-to-date: /home/entity014/roboInno_ws/install/robo_description/share/robo_description/config/ekf.yaml
-- Up-to-date: /home/entity014/roboInno_ws/install/robo_description/share/robo_description/world
-- Up-to-date: /home/entity014/roboInno_ws/install/robo_description/share/robo_description/world/my_world.sdf
-- Up-to-date: /home/entity014/roboInno_ws/install/robo_description/share/ament_index/resource_index/package_run_dependencies/robo_description
-- Up-to-date: /home/entity014/roboInno_ws/install/robo_description/share/ament_index/resource_index/parent_prefix_path/robo_description
-- Up-to-date: /home/entity014/roboInno_ws/install/robo_description/share/robo_description/environment/ament_prefix_path.sh
-- Up-to-date: /home/entity014/roboInno_ws/install/robo_description/share/robo_description/environment/ament_prefix_path.dsv
-- Up-to-date: /home/entity014/roboInno_ws/install/robo_description/share/robo_description/environment/path.sh
-- Up-to-date: /home/entity014/roboInno_ws/install/robo_description/share/robo_description/environment/path.dsv
-- Up-to-date: /home/entity014/roboInno_ws/install/robo_description/share/robo_description/local_setup.bash
-- Up-to-date: /home/entity014/roboInno_ws/install/robo_description/share/robo_description/local_setup.sh
-- Up-to-date: /home/entity014/roboInno_ws/install/robo_description/share/robo_description/local_setup.zsh
-- Up-to-date: /home/entity014/roboInno_ws/install/robo_description/share/robo_description/local_setup.dsv
-- Up-to-date: /home/entity014/roboInno_ws/install/robo_description/share/robo_description/package.dsv
-- Up-to-date: /home/entity014/roboInno_ws/install/robo_description/share/ament_index/resource_index/packages/robo_description
-- Up-to-date: /home/entity014/roboInno_ws/install/robo_description/share/robo_description/cmake/robo_descriptionConfig.cmake
-- Up-to-date: /home/entity014/roboInno_ws/install/robo_description/share/robo_description/cmake/robo_descriptionConfig-version.cmake
-- Up-to-date: /home/entity014/roboInno_ws/install/robo_description/share/robo_description/package.xml
