[0.882s] DEBUG:colcon:Command line arguments: ['/usr/bin/colcon', 'build']
[0.882s] DEBUG:colcon:Parsed command line arguments: Namespace(allow_overriding=[], ament_cmake_args=None, base_paths=['.'], build_base='build', catkin_cmake_args=None, catkin_skip_building_tests=False, cmake_args=None, cmake_clean_cache=False, cmake_clean_first=False, cmake_force_configure=False, cmake_target=None, cmake_target_skip_unavailable=False, continue_on_error=False, event_handlers=None, executor='parallel', ignore_user_meta=False, install_base='install', log_base=None, log_level=None, main=<bound method BuildVerb.main of <colcon_core.verb.build.BuildVerb object at 0x7f72fc112fd0>>, merge_install=False, metas=['./colcon.meta'], packages_above=None, packages_above_and_dependencies=None, packages_above_depth=None, packages_end=None, packages_ignore=None, packages_ignore_regex=None, packages_select=None, packages_select_build_failed=False, packages_select_by_dep=None, packages_select_regex=None, packages_select_test_failures=False, packages_skip=None, packages_skip_build_finished=False, packages_skip_by_dep=None, packages_skip_regex=None, packages_skip_test_passed=False, packages_skip_up_to=None, packages_start=None, packages_up_to=None, packages_up_to_regex=None, parallel_workers=8, paths=None, symlink_install=False, test_result_base=None, verb_extension=<colcon_core.verb.build.BuildVerb object at 0x7f72fc112fd0>, verb_name='build', verb_parser=<colcon_defaults.argument_parser.defaults.DefaultArgumentsDecorator object at 0x7f72fc11e490>)
[0.969s] Level 1:colcon.colcon_core.package_discovery:discover_packages(colcon_meta) check parameters
[0.969s] Level 1:colcon.colcon_core.package_discovery:discover_packages(recursive) check parameters
[0.969s] Level 1:colcon.colcon_core.package_discovery:discover_packages(ignore) check parameters
[0.969s] Level 1:colcon.colcon_core.package_discovery:discover_packages(path) check parameters
[0.969s] Level 1:colcon.colcon_core.package_discovery:discover_packages(colcon_meta) discover
[0.970s] Level 1:colcon.colcon_core.package_discovery:discover_packages(recursive) discover
[0.970s] INFO:colcon.colcon_core.package_discovery:Crawling recursively for packages in '/home/entity014/roboInno_ws'
[0.970s] Level 1:colcon.colcon_core.package_identification:_identify(.) by extensions ['ignore', 'ignore_ament_install']
[0.970s] Level 1:colcon.colcon_core.package_identification:_identify(.) by extension 'ignore'
[0.970s] Level 1:colcon.colcon_core.package_identification:_identify(.) by extension 'ignore_ament_install'
[0.971s] Level 1:colcon.colcon_core.package_identification:_identify(.) by extensions ['colcon_pkg']
[0.971s] Level 1:colcon.colcon_core.package_identification:_identify(.) by extension 'colcon_pkg'
[0.971s] Level 1:colcon.colcon_core.package_identification:_identify(.) by extensions ['colcon_meta']
[0.971s] Level 1:colcon.colcon_core.package_identification:_identify(.) by extension 'colcon_meta'
[0.971s] Level 1:colcon.colcon_core.package_identification:_identify(.) by extensions ['ros']
[0.971s] Level 1:colcon.colcon_core.package_identification:_identify(.) by extension 'ros'
[1.019s] Level 1:colcon.colcon_core.package_identification:_identify(.) by extensions ['cmake', 'python']
[1.020s] Level 1:colcon.colcon_core.package_identification:_identify(.) by extension 'cmake'
[1.020s] Level 1:colcon.colcon_core.package_identification:_identify(.) by extension 'python'
[1.020s] Level 1:colcon.colcon_core.package_identification:_identify(.) by extensions ['python_setup_py']
[1.020s] Level 1:colcon.colcon_core.package_identification:_identify(.) by extension 'python_setup_py'
[1.020s] Level 1:colcon.colcon_core.package_identification:_identify(build) by extensions ['ignore', 'ignore_ament_install']
[1.021s] Level 1:colcon.colcon_core.package_identification:_identify(build) by extension 'ignore'
[1.021s] Level 1:colcon.colcon_core.package_identification:_identify(build) ignored
[1.021s] Level 1:colcon.colcon_core.package_identification:_identify(extension) by extensions ['ignore', 'ignore_ament_install']
[1.021s] Level 1:colcon.colcon_core.package_identification:_identify(extension) by extension 'ignore'
[1.021s] Level 1:colcon.colcon_core.package_identification:_identify(extension) by extension 'ignore_ament_install'
[1.022s] Level 1:colcon.colcon_core.package_identification:_identify(extension) by extensions ['colcon_pkg']
[1.022s] Level 1:colcon.colcon_core.package_identification:_identify(extension) by extension 'colcon_pkg'
[1.022s] Level 1:colcon.colcon_core.package_identification:_identify(extension) by extensions ['colcon_meta']
[1.022s] Level 1:colcon.colcon_core.package_identification:_identify(extension) by extension 'colcon_meta'
[1.022s] Level 1:colcon.colcon_core.package_identification:_identify(extension) by extensions ['ros']
[1.022s] Level 1:colcon.colcon_core.package_identification:_identify(extension) by extension 'ros'
[1.022s] Level 1:colcon.colcon_core.package_identification:_identify(extension) by extensions ['cmake', 'python']
[1.022s] Level 1:colcon.colcon_core.package_identification:_identify(extension) by extension 'cmake'
[1.022s] Level 1:colcon.colcon_core.package_identification:_identify(extension) by extension 'python'
[1.022s] Level 1:colcon.colcon_core.package_identification:_identify(extension) by extensions ['python_setup_py']
[1.023s] Level 1:colcon.colcon_core.package_identification:_identify(extension) by extension 'python_setup_py'
[1.023s] Level 1:colcon.colcon_core.package_identification:_identify(install) by extensions ['ignore', 'ignore_ament_install']
[1.023s] Level 1:colcon.colcon_core.package_identification:_identify(install) by extension 'ignore'
[1.023s] Level 1:colcon.colcon_core.package_identification:_identify(install) ignored
[1.023s] Level 1:colcon.colcon_core.package_identification:_identify(log) by extensions ['ignore', 'ignore_ament_install']
[1.023s] Level 1:colcon.colcon_core.package_identification:_identify(log) by extension 'ignore'
[1.024s] Level 1:colcon.colcon_core.package_identification:_identify(log) ignored
[1.024s] Level 1:colcon.colcon_core.package_identification:_identify(robo_hardware) by extensions ['ignore', 'ignore_ament_install']
[1.024s] Level 1:colcon.colcon_core.package_identification:_identify(robo_hardware) by extension 'ignore'
[1.024s] Level 1:colcon.colcon_core.package_identification:_identify(robo_hardware) by extension 'ignore_ament_install'
[1.024s] Level 1:colcon.colcon_core.package_identification:_identify(robo_hardware) by extensions ['colcon_pkg']
[1.024s] Level 1:colcon.colcon_core.package_identification:_identify(robo_hardware) by extension 'colcon_pkg'
[1.024s] Level 1:colcon.colcon_core.package_identification:_identify(robo_hardware) by extensions ['colcon_meta']
[1.024s] Level 1:colcon.colcon_core.package_identification:_identify(robo_hardware) by extension 'colcon_meta'
[1.024s] Level 1:colcon.colcon_core.package_identification:_identify(robo_hardware) by extensions ['ros']
[1.024s] Level 1:colcon.colcon_core.package_identification:_identify(robo_hardware) by extension 'ros'
[1.025s] Level 1:colcon.colcon_core.package_identification:_identify(robo_hardware) by extensions ['cmake', 'python']
[1.025s] Level 1:colcon.colcon_core.package_identification:_identify(robo_hardware) by extension 'cmake'
[1.025s] Level 1:colcon.colcon_core.package_identification:_identify(robo_hardware) by extension 'python'
[1.025s] Level 1:colcon.colcon_core.package_identification:_identify(robo_hardware) by extensions ['python_setup_py']
[1.025s] Level 1:colcon.colcon_core.package_identification:_identify(robo_hardware) by extension 'python_setup_py'
[1.025s] Level 1:colcon.colcon_core.package_identification:_identify(robo_hardware/roboCore) by extensions ['ignore', 'ignore_ament_install']
[1.026s] Level 1:colcon.colcon_core.package_identification:_identify(robo_hardware/roboCore) by extension 'ignore'
[1.026s] Level 1:colcon.colcon_core.package_identification:_identify(robo_hardware/roboCore) by extension 'ignore_ament_install'
[1.026s] Level 1:colcon.colcon_core.package_identification:_identify(robo_hardware/roboCore) by extensions ['colcon_pkg']
[1.026s] Level 1:colcon.colcon_core.package_identification:_identify(robo_hardware/roboCore) by extension 'colcon_pkg'
[1.026s] Level 1:colcon.colcon_core.package_identification:_identify(robo_hardware/roboCore) by extensions ['colcon_meta']
[1.026s] Level 1:colcon.colcon_core.package_identification:_identify(robo_hardware/roboCore) by extension 'colcon_meta'
[1.026s] Level 1:colcon.colcon_core.package_identification:_identify(robo_hardware/roboCore) by extensions ['ros']
[1.026s] Level 1:colcon.colcon_core.package_identification:_identify(robo_hardware/roboCore) by extension 'ros'
[1.027s] Level 1:colcon.colcon_core.package_identification:_identify(robo_hardware/roboCore) by extensions ['cmake', 'python']
[1.027s] Level 1:colcon.colcon_core.package_identification:_identify(robo_hardware/roboCore) by extension 'cmake'
[1.027s] Level 1:colcon.colcon_core.package_identification:_identify(robo_hardware/roboCore) by extension 'python'
[1.027s] Level 1:colcon.colcon_core.package_identification:_identify(robo_hardware/roboCore) by extensions ['python_setup_py']
[1.027s] Level 1:colcon.colcon_core.package_identification:_identify(robo_hardware/roboCore) by extension 'python_setup_py'
[1.028s] Level 1:colcon.colcon_core.package_identification:_identify(robo_hardware/roboCore/config) by extensions ['ignore', 'ignore_ament_install']
[1.028s] Level 1:colcon.colcon_core.package_identification:_identify(robo_hardware/roboCore/config) by extension 'ignore'
[1.028s] Level 1:colcon.colcon_core.package_identification:_identify(robo_hardware/roboCore/config) by extension 'ignore_ament_install'
[1.028s] Level 1:colcon.colcon_core.package_identification:_identify(robo_hardware/roboCore/config) by extensions ['colcon_pkg']
[1.028s] Level 1:colcon.colcon_core.package_identification:_identify(robo_hardware/roboCore/config) by extension 'colcon_pkg'
[1.029s] Level 1:colcon.colcon_core.package_identification:_identify(robo_hardware/roboCore/config) by extensions ['colcon_meta']
[1.029s] Level 1:colcon.colcon_core.package_identification:_identify(robo_hardware/roboCore/config) by extension 'colcon_meta'
[1.029s] Level 1:colcon.colcon_core.package_identification:_identify(robo_hardware/roboCore/config) by extensions ['ros']
[1.029s] Level 1:colcon.colcon_core.package_identification:_identify(robo_hardware/roboCore/config) by extension 'ros'
[1.029s] Level 1:colcon.colcon_core.package_identification:_identify(robo_hardware/roboCore/config) by extensions ['cmake', 'python']
[1.029s] Level 1:colcon.colcon_core.package_identification:_identify(robo_hardware/roboCore/config) by extension 'cmake'
[1.029s] Level 1:colcon.colcon_core.package_identification:_identify(robo_hardware/roboCore/config) by extension 'python'
[1.029s] Level 1:colcon.colcon_core.package_identification:_identify(robo_hardware/roboCore/config) by extensions ['python_setup_py']
[1.030s] Level 1:colcon.colcon_core.package_identification:_identify(robo_hardware/roboCore/config) by extension 'python_setup_py'
[1.030s] Level 1:colcon.colcon_core.package_identification:_identify(src) by extensions ['ignore', 'ignore_ament_install']
[1.030s] Level 1:colcon.colcon_core.package_identification:_identify(src) by extension 'ignore'
[1.030s] Level 1:colcon.colcon_core.package_identification:_identify(src) by extension 'ignore_ament_install'
[1.030s] Level 1:colcon.colcon_core.package_identification:_identify(src) by extensions ['colcon_pkg']
[1.030s] Level 1:colcon.colcon_core.package_identification:_identify(src) by extension 'colcon_pkg'
[1.031s] Level 1:colcon.colcon_core.package_identification:_identify(src) by extensions ['colcon_meta']
[1.031s] Level 1:colcon.colcon_core.package_identification:_identify(src) by extension 'colcon_meta'
[1.031s] Level 1:colcon.colcon_core.package_identification:_identify(src) by extensions ['ros']
[1.031s] Level 1:colcon.colcon_core.package_identification:_identify(src) by extension 'ros'
[1.031s] Level 1:colcon.colcon_core.package_identification:_identify(src) by extensions ['cmake', 'python']
[1.031s] Level 1:colcon.colcon_core.package_identification:_identify(src) by extension 'cmake'
[1.031s] Level 1:colcon.colcon_core.package_identification:_identify(src) by extension 'python'
[1.031s] Level 1:colcon.colcon_core.package_identification:_identify(src) by extensions ['python_setup_py']
[1.031s] Level 1:colcon.colcon_core.package_identification:_identify(src) by extension 'python_setup_py'
[1.032s] Level 1:colcon.colcon_core.package_identification:_identify(src/robo_core) by extensions ['ignore', 'ignore_ament_install']
[1.032s] Level 1:colcon.colcon_core.package_identification:_identify(src/robo_core) by extension 'ignore'
[1.032s] Level 1:colcon.colcon_core.package_identification:_identify(src/robo_core) by extension 'ignore_ament_install'
[1.032s] Level 1:colcon.colcon_core.package_identification:_identify(src/robo_core) by extensions ['colcon_pkg']
[1.032s] Level 1:colcon.colcon_core.package_identification:_identify(src/robo_core) by extension 'colcon_pkg'
[1.032s] Level 1:colcon.colcon_core.package_identification:_identify(src/robo_core) by extensions ['colcon_meta']
[1.032s] Level 1:colcon.colcon_core.package_identification:_identify(src/robo_core) by extension 'colcon_meta'
[1.033s] Level 1:colcon.colcon_core.package_identification:_identify(src/robo_core) by extensions ['ros']
[1.033s] Level 1:colcon.colcon_core.package_identification:_identify(src/robo_core) by extension 'ros'
[1.040s] DEBUG:colcon.colcon_core.package_identification:Package 'src/robo_core' with type 'ros.ament_python' and name 'robo_core'
[1.040s] Level 1:colcon.colcon_core.package_identification:_identify(src/robo_description) by extensions ['ignore', 'ignore_ament_install']
[1.040s] Level 1:colcon.colcon_core.package_identification:_identify(src/robo_description) by extension 'ignore'
[1.040s] Level 1:colcon.colcon_core.package_identification:_identify(src/robo_description) by extension 'ignore_ament_install'
[1.041s] Level 1:colcon.colcon_core.package_identification:_identify(src/robo_description) by extensions ['colcon_pkg']
[1.041s] Level 1:colcon.colcon_core.package_identification:_identify(src/robo_description) by extension 'colcon_pkg'
[1.041s] Level 1:colcon.colcon_core.package_identification:_identify(src/robo_description) by extensions ['colcon_meta']
[1.041s] Level 1:colcon.colcon_core.package_identification:_identify(src/robo_description) by extension 'colcon_meta'
[1.041s] Level 1:colcon.colcon_core.package_identification:_identify(src/robo_description) by extensions ['ros']
[1.041s] Level 1:colcon.colcon_core.package_identification:_identify(src/robo_description) by extension 'ros'
[1.043s] DEBUG:colcon.colcon_core.package_identification:Package 'src/robo_description' with type 'ros.ament_cmake' and name 'robo_description'
[1.043s] Level 1:colcon.colcon_core.package_identification:_identify(src/robo_interfaces) by extensions ['ignore', 'ignore_ament_install']
[1.044s] Level 1:colcon.colcon_core.package_identification:_identify(src/robo_interfaces) by extension 'ignore'
[1.044s] Level 1:colcon.colcon_core.package_identification:_identify(src/robo_interfaces) by extension 'ignore_ament_install'
[1.044s] Level 1:colcon.colcon_core.package_identification:_identify(src/robo_interfaces) by extensions ['colcon_pkg']
[1.045s] Level 1:colcon.colcon_core.package_identification:_identify(src/robo_interfaces) by extension 'colcon_pkg'
[1.045s] Level 1:colcon.colcon_core.package_identification:_identify(src/robo_interfaces) by extensions ['colcon_meta']
[1.045s] Level 1:colcon.colcon_core.package_identification:_identify(src/robo_interfaces) by extension 'colcon_meta'
[1.045s] Level 1:colcon.colcon_core.package_identification:_identify(src/robo_interfaces) by extensions ['ros']
[1.045s] Level 1:colcon.colcon_core.package_identification:_identify(src/robo_interfaces) by extension 'ros'
[1.046s] DEBUG:colcon.colcon_core.package_identification:Package 'src/robo_interfaces' with type 'ros.ament_cmake' and name 'robo_interfaces'
[1.047s] Level 1:colcon.colcon_core.package_discovery:discover_packages(recursive) using defaults
[1.047s] Level 1:colcon.colcon_core.package_discovery:discover_packages(ignore) discover
[1.047s] Level 1:colcon.colcon_core.package_discovery:discover_packages(ignore) using defaults
[1.047s] Level 1:colcon.colcon_core.package_discovery:discover_packages(path) discover
[1.047s] Level 1:colcon.colcon_core.package_discovery:discover_packages(path) using defaults
[1.103s] Level 1:colcon.colcon_core.package_discovery:discover_packages(prefix_path) check parameters
[1.103s] Level 1:colcon.colcon_core.package_discovery:discover_packages(prefix_path) discover
[1.110s] DEBUG:colcon.colcon_installed_package_information.package_discovery:Found 3 installed packages in /home/entity014/roboInno_ws/install
[1.114s] DEBUG:colcon.colcon_installed_package_information.package_discovery:Found 6 installed packages in /home/entity014/ros2_ws/install
[1.121s] DEBUG:colcon.colcon_installed_package_information.package_discovery:Found 391 installed packages in /opt/ros/foxy
[1.128s] Level 1:colcon.colcon_core.package_discovery:discover_packages(prefix_path) using defaults
[1.477s] Level 5:colcon.colcon_core.verb:set package 'robo_description' build argument 'cmake_args' from command line to 'None'
[1.477s] Level 5:colcon.colcon_core.verb:set package 'robo_description' build argument 'cmake_target' from command line to 'None'
[1.477s] Level 5:colcon.colcon_core.verb:set package 'robo_description' build argument 'cmake_target_skip_unavailable' from command line to 'False'
[1.477s] Level 5:colcon.colcon_core.verb:set package 'robo_description' build argument 'cmake_clean_cache' from command line to 'False'
[1.477s] Level 5:colcon.colcon_core.verb:set package 'robo_description' build argument 'cmake_clean_first' from command line to 'False'
[1.477s] Level 5:colcon.colcon_core.verb:set package 'robo_description' build argument 'cmake_force_configure' from command line to 'False'
[1.477s] Level 5:colcon.colcon_core.verb:set package 'robo_description' build argument 'ament_cmake_args' from command line to 'None'
[1.477s] Level 5:colcon.colcon_core.verb:set package 'robo_description' build argument 'catkin_cmake_args' from command line to 'None'
[1.478s] Level 5:colcon.colcon_core.verb:set package 'robo_description' build argument 'catkin_skip_building_tests' from command line to 'False'
[1.478s] DEBUG:colcon.colcon_core.verb:Building package 'robo_description' with the following arguments: {'ament_cmake_args': None, 'build_base': '/home/entity014/roboInno_ws/build/robo_description', 'catkin_cmake_args': None, 'catkin_skip_building_tests': False, 'cmake_args': None, 'cmake_clean_cache': False, 'cmake_clean_first': False, 'cmake_force_configure': False, 'cmake_target': None, 'cmake_target_skip_unavailable': False, 'install_base': '/home/entity014/roboInno_ws/install/robo_description', 'merge_install': False, 'path': '/home/entity014/roboInno_ws/src/robo_description', 'symlink_install': False, 'test_result_base': None}
[1.482s] Level 5:colcon.colcon_core.verb:set package 'robo_interfaces' build argument 'cmake_args' from command line to 'None'
[1.482s] Level 5:colcon.colcon_core.verb:set package 'robo_interfaces' build argument 'cmake_target' from command line to 'None'
[1.482s] Level 5:colcon.colcon_core.verb:set package 'robo_interfaces' build argument 'cmake_target_skip_unavailable' from command line to 'False'
[1.482s] Level 5:colcon.colcon_core.verb:set package 'robo_interfaces' build argument 'cmake_clean_cache' from command line to 'False'
[1.483s] Level 5:colcon.colcon_core.verb:set package 'robo_interfaces' build argument 'cmake_clean_first' from command line to 'False'
[1.483s] Level 5:colcon.colcon_core.verb:set package 'robo_interfaces' build argument 'cmake_force_configure' from command line to 'False'
[1.483s] Level 5:colcon.colcon_core.verb:set package 'robo_interfaces' build argument 'ament_cmake_args' from command line to 'None'
[1.483s] Level 5:colcon.colcon_core.verb:set package 'robo_interfaces' build argument 'catkin_cmake_args' from command line to 'None'
[1.483s] Level 5:colcon.colcon_core.verb:set package 'robo_interfaces' build argument 'catkin_skip_building_tests' from command line to 'False'
[1.483s] DEBUG:colcon.colcon_core.verb:Building package 'robo_interfaces' with the following arguments: {'ament_cmake_args': None, 'build_base': '/home/entity014/roboInno_ws/build/robo_interfaces', 'catkin_cmake_args': None, 'catkin_skip_building_tests': False, 'cmake_args': None, 'cmake_clean_cache': False, 'cmake_clean_first': False, 'cmake_force_configure': False, 'cmake_target': None, 'cmake_target_skip_unavailable': False, 'install_base': '/home/entity014/roboInno_ws/install/robo_interfaces', 'merge_install': False, 'path': '/home/entity014/roboInno_ws/src/robo_interfaces', 'symlink_install': False, 'test_result_base': None}
[1.486s] Level 5:colcon.colcon_core.verb:set package 'robo_core' build argument 'cmake_args' from command line to 'None'
[1.486s] Level 5:colcon.colcon_core.verb:set package 'robo_core' build argument 'cmake_target' from command line to 'None'
[1.486s] Level 5:colcon.colcon_core.verb:set package 'robo_core' build argument 'cmake_target_skip_unavailable' from command line to 'False'
[1.486s] Level 5:colcon.colcon_core.verb:set package 'robo_core' build argument 'cmake_clean_cache' from command line to 'False'
[1.486s] Level 5:colcon.colcon_core.verb:set package 'robo_core' build argument 'cmake_clean_first' from command line to 'False'
[1.486s] Level 5:colcon.colcon_core.verb:set package 'robo_core' build argument 'cmake_force_configure' from command line to 'False'
[1.486s] Level 5:colcon.colcon_core.verb:set package 'robo_core' build argument 'ament_cmake_args' from command line to 'None'
[1.486s] Level 5:colcon.colcon_core.verb:set package 'robo_core' build argument 'catkin_cmake_args' from command line to 'None'
[1.487s] Level 5:colcon.colcon_core.verb:set package 'robo_core' build argument 'catkin_skip_building_tests' from command line to 'False'
[1.487s] DEBUG:colcon.colcon_core.verb:Building package 'robo_core' with the following arguments: {'ament_cmake_args': None, 'build_base': '/home/entity014/roboInno_ws/build/robo_core', 'catkin_cmake_args': None, 'catkin_skip_building_tests': False, 'cmake_args': None, 'cmake_clean_cache': False, 'cmake_clean_first': False, 'cmake_force_configure': False, 'cmake_target': None, 'cmake_target_skip_unavailable': False, 'install_base': '/home/entity014/roboInno_ws/install/robo_core', 'merge_install': False, 'path': '/home/entity014/roboInno_ws/src/robo_core', 'symlink_install': False, 'test_result_base': None}
[1.489s] INFO:colcon.colcon_core.executor:Executing jobs using 'parallel' executor
[1.502s] DEBUG:colcon.colcon_parallel_executor.executor.parallel:run_until_complete
[1.502s] INFO:colcon.colcon_ros.task.ament_cmake.build:Building ROS package in '/home/entity014/roboInno_ws/src/robo_interfaces' with build type 'ament_cmake'
[1.504s] INFO:colcon.colcon_cmake.task.cmake.build:Building CMake package in '/home/entity014/roboInno_ws/src/robo_interfaces'
[1.520s] INFO:colcon.colcon_core.plugin_system:Skipping extension 'colcon_core.shell.bat': Not used on non-Windows systems
[1.521s] INFO:colcon.colcon_core.shell:Skip shell extension 'powershell' for command environment: Not usable outside of PowerShell
[1.522s] DEBUG:colcon.colcon_core.shell:Skip shell extension 'dsv' for command environment
[1.556s] INFO:colcon.colcon_ros.task.ament_cmake.build:Building ROS package in '/home/entity014/roboInno_ws/src/robo_description' with build type 'ament_cmake'
[1.557s] INFO:colcon.colcon_cmake.task.cmake.build:Building CMake package in '/home/entity014/roboInno_ws/src/robo_description'
[1.563s] INFO:colcon.colcon_core.shell:Skip shell extension 'powershell' for command environment: Not usable outside of PowerShell
[1.566s] DEBUG:colcon.colcon_core.shell:Skip shell extension 'dsv' for command environment
[1.609s] DEBUG:colcon.colcon_core.event_handler.log_command:Invoking command in '/home/entity014/roboInno_ws/build/robo_interfaces': CMAKE_PREFIX_PATH=${CMAKE_PREFIX_PATH}:/home/entity014/roboInno_ws/install/robo_core:/home/entity014/ros2_ws/install/swap_pillar:/opt/ros/foxy /home/entity014/.local/bin/cmake --build /home/entity014/roboInno_ws/build/robo_interfaces -- -j8 -l8
[1.644s] DEBUG:colcon.colcon_core.event_handler.log_command:Invoking command in '/home/entity014/roboInno_ws/build/robo_description': CMAKE_PREFIX_PATH=${CMAKE_PREFIX_PATH}:/home/entity014/roboInno_ws/install/robo_core:/home/entity014/ros2_ws/install/swap_pillar:/opt/ros/foxy /home/entity014/.local/bin/cmake --build /home/entity014/roboInno_ws/build/robo_description -- -j8 -l8
[1.819s] DEBUG:colcon.colcon_core.event_handler.log_command:Invoked command in '/home/entity014/roboInno_ws/build/robo_description' returned '0': CMAKE_PREFIX_PATH=${CMAKE_PREFIX_PATH}:/home/entity014/roboInno_ws/install/robo_core:/home/entity014/ros2_ws/install/swap_pillar:/opt/ros/foxy /home/entity014/.local/bin/cmake --build /home/entity014/roboInno_ws/build/robo_description -- -j8 -l8
[2.102s] DEBUG:colcon.colcon_core.event_handler.log_command:Invoking command in '/home/entity014/roboInno_ws/build/robo_description': CMAKE_PREFIX_PATH=${CMAKE_PREFIX_PATH}:/home/entity014/roboInno_ws/install/robo_core:/home/entity014/ros2_ws/install/swap_pillar:/opt/ros/foxy /home/entity014/.local/bin/cmake --install /home/entity014/roboInno_ws/build/robo_description
[2.108s] DEBUG:colcon.colcon_core.event_handler.log_command:Invoked command in '/home/entity014/roboInno_ws/build/robo_interfaces' returned '0': CMAKE_PREFIX_PATH=${CMAKE_PREFIX_PATH}:/home/entity014/roboInno_ws/install/robo_core:/home/entity014/ros2_ws/install/swap_pillar:/opt/ros/foxy /home/entity014/.local/bin/cmake --build /home/entity014/roboInno_ws/build/robo_interfaces -- -j8 -l8
[2.201s] Level 1:colcon.colcon_core.environment:create_environment_scripts_only(robo_description)
[2.205s] DEBUG:colcon.colcon_core.event_handler.log_command:Invoked command in '/home/entity014/roboInno_ws/build/robo_description' returned '0': CMAKE_PREFIX_PATH=${CMAKE_PREFIX_PATH}:/home/entity014/roboInno_ws/install/robo_core:/home/entity014/ros2_ws/install/swap_pillar:/opt/ros/foxy /home/entity014/.local/bin/cmake --install /home/entity014/roboInno_ws/build/robo_description
[2.218s] Level 1:colcon.colcon_core.environment:checking '/home/entity014/roboInno_ws/install/robo_description' for CMake module files
[2.219s] Level 1:colcon.colcon_core.environment:checking '/home/entity014/roboInno_ws/install/robo_description' for CMake config files
[2.220s] Level 1:colcon.colcon_core.shell:create_environment_hook('robo_description', 'cmake_prefix_path')
[2.224s] INFO:colcon.colcon_core.shell:Creating environment hook '/home/entity014/roboInno_ws/install/robo_description/share/robo_description/hook/cmake_prefix_path.ps1'
[2.225s] INFO:colcon.colcon_core.shell:Creating environment descriptor '/home/entity014/roboInno_ws/install/robo_description/share/robo_description/hook/cmake_prefix_path.dsv'
[2.226s] INFO:colcon.colcon_core.shell:Creating environment hook '/home/entity014/roboInno_ws/install/robo_description/share/robo_description/hook/cmake_prefix_path.sh'
[2.229s] Level 1:colcon.colcon_core.environment:checking '/home/entity014/roboInno_ws/install/robo_description/bin'
[2.229s] Level 1:colcon.colcon_core.environment:checking '/home/entity014/roboInno_ws/install/robo_description/lib/pkgconfig/robo_description.pc'
[2.230s] Level 1:colcon.colcon_core.environment:checking '/home/entity014/roboInno_ws/install/robo_description/lib/python3.8/site-packages'
[2.230s] Level 1:colcon.colcon_core.environment:checking '/home/entity014/roboInno_ws/install/robo_description/bin'
[2.235s] INFO:colcon.colcon_core.shell:Creating package script '/home/entity014/roboInno_ws/install/robo_description/share/robo_description/package.ps1'
[2.237s] INFO:colcon.colcon_core.shell:Creating package descriptor '/home/entity014/roboInno_ws/install/robo_description/share/robo_description/package.dsv'
[2.238s] INFO:colcon.colcon_core.shell:Creating package script '/home/entity014/roboInno_ws/install/robo_description/share/robo_description/package.sh'
[2.240s] INFO:colcon.colcon_core.shell:Creating package script '/home/entity014/roboInno_ws/install/robo_description/share/robo_description/package.bash'
[2.243s] INFO:colcon.colcon_core.shell:Creating package script '/home/entity014/roboInno_ws/install/robo_description/share/robo_description/package.zsh'
[2.245s] Level 1:colcon.colcon_core.environment:create_file_with_runtime_dependencies(/home/entity014/roboInno_ws/install/robo_description/share/colcon-core/packages/robo_description)
[2.328s] DEBUG:colcon.colcon_core.event_handler.log_command:Invoking command in '/home/entity014/roboInno_ws/build/robo_interfaces': CMAKE_PREFIX_PATH=${CMAKE_PREFIX_PATH}:/home/entity014/roboInno_ws/install/robo_core:/home/entity014/ros2_ws/install/swap_pillar:/opt/ros/foxy /home/entity014/.local/bin/cmake --install /home/entity014/roboInno_ws/build/robo_interfaces
[2.369s] Level 1:colcon.colcon_core.environment:create_environment_scripts_only(robo_description)
[2.375s] Level 1:colcon.colcon_core.environment:checking '/home/entity014/roboInno_ws/install/robo_description' for CMake module files
[2.377s] Level 1:colcon.colcon_core.environment:checking '/home/entity014/roboInno_ws/install/robo_description' for CMake config files
[2.378s] Level 1:colcon.colcon_core.shell:create_environment_hook('robo_description', 'cmake_prefix_path')
[2.383s] INFO:colcon.colcon_core.shell:Creating environment hook '/home/entity014/roboInno_ws/install/robo_description/share/robo_description/hook/cmake_prefix_path.ps1'
[2.385s] INFO:colcon.colcon_core.shell:Creating environment descriptor '/home/entity014/roboInno_ws/install/robo_description/share/robo_description/hook/cmake_prefix_path.dsv'
[2.386s] INFO:colcon.colcon_core.shell:Creating environment hook '/home/entity014/roboInno_ws/install/robo_description/share/robo_description/hook/cmake_prefix_path.sh'
[2.387s] Level 1:colcon.colcon_core.environment:checking '/home/entity014/roboInno_ws/install/robo_description/bin'
[2.387s] Level 1:colcon.colcon_core.environment:checking '/home/entity014/roboInno_ws/install/robo_description/lib/pkgconfig/robo_description.pc'
[2.388s] Level 1:colcon.colcon_core.environment:checking '/home/entity014/roboInno_ws/install/robo_description/lib/python3.8/site-packages'
[2.389s] Level 1:colcon.colcon_core.environment:checking '/home/entity014/roboInno_ws/install/robo_description/bin'
[2.393s] INFO:colcon.colcon_core.shell:Creating package script '/home/entity014/roboInno_ws/install/robo_description/share/robo_description/package.ps1'
[2.395s] INFO:colcon.colcon_core.shell:Creating package descriptor '/home/entity014/roboInno_ws/install/robo_description/share/robo_description/package.dsv'
[2.396s] INFO:colcon.colcon_core.shell:Creating package script '/home/entity014/roboInno_ws/install/robo_description/share/robo_description/package.sh'
[2.397s] INFO:colcon.colcon_core.shell:Creating package script '/home/entity014/roboInno_ws/install/robo_description/share/robo_description/package.bash'
[2.398s] INFO:colcon.colcon_core.shell:Creating package script '/home/entity014/roboInno_ws/install/robo_description/share/robo_description/package.zsh'
[2.399s] Level 1:colcon.colcon_core.environment:create_file_with_runtime_dependencies(/home/entity014/roboInno_ws/install/robo_description/share/colcon-core/packages/robo_description)
[2.543s] Level 1:colcon.colcon_core.environment:create_environment_scripts_only(robo_interfaces)
[2.543s] DEBUG:colcon.colcon_core.event_handler.log_command:Invoked command in '/home/entity014/roboInno_ws/build/robo_interfaces' returned '0': CMAKE_PREFIX_PATH=${CMAKE_PREFIX_PATH}:/home/entity014/roboInno_ws/install/robo_core:/home/entity014/ros2_ws/install/swap_pillar:/opt/ros/foxy /home/entity014/.local/bin/cmake --install /home/entity014/roboInno_ws/build/robo_interfaces
[2.549s] Level 1:colcon.colcon_core.environment:checking '/home/entity014/roboInno_ws/install/robo_interfaces' for CMake module files
[2.551s] Level 1:colcon.colcon_core.environment:checking '/home/entity014/roboInno_ws/install/robo_interfaces' for CMake config files
[2.552s] Level 1:colcon.colcon_core.shell:create_environment_hook('robo_interfaces', 'cmake_prefix_path')
[2.556s] INFO:colcon.colcon_core.shell:Creating environment hook '/home/entity014/roboInno_ws/install/robo_interfaces/share/robo_interfaces/hook/cmake_prefix_path.ps1'
[2.557s] INFO:colcon.colcon_core.shell:Creating environment descriptor '/home/entity014/roboInno_ws/install/robo_interfaces/share/robo_interfaces/hook/cmake_prefix_path.dsv'
[2.559s] INFO:colcon.colcon_core.shell:Creating environment hook '/home/entity014/roboInno_ws/install/robo_interfaces/share/robo_interfaces/hook/cmake_prefix_path.sh'
[2.561s] Level 1:colcon.colcon_core.environment:checking '/home/entity014/roboInno_ws/install/robo_interfaces/lib'
[2.562s] Level 1:colcon.colcon_core.shell:create_environment_hook('robo_interfaces', 'ld_library_path_lib')
[2.568s] INFO:colcon.colcon_core.shell:Creating environment hook '/home/entity014/roboInno_ws/install/robo_interfaces/share/robo_interfaces/hook/ld_library_path_lib.ps1'
[2.570s] INFO:colcon.colcon_core.shell:Creating environment descriptor '/home/entity014/roboInno_ws/install/robo_interfaces/share/robo_interfaces/hook/ld_library_path_lib.dsv'
[2.571s] INFO:colcon.colcon_core.shell:Creating environment hook '/home/entity014/roboInno_ws/install/robo_interfaces/share/robo_interfaces/hook/ld_library_path_lib.sh'
[2.572s] Level 1:colcon.colcon_core.environment:checking '/home/entity014/roboInno_ws/install/robo_interfaces/bin'
[2.572s] Level 1:colcon.colcon_core.environment:checking '/home/entity014/roboInno_ws/install/robo_interfaces/lib/pkgconfig/robo_interfaces.pc'
[2.573s] Level 1:colcon.colcon_core.environment:checking '/home/entity014/roboInno_ws/install/robo_interfaces/lib/python3.8/site-packages'
[2.573s] Level 1:colcon.colcon_core.shell:create_environment_hook('robo_interfaces', 'pythonpath')
[2.576s] INFO:colcon.colcon_core.shell:Creating environment hook '/home/entity014/roboInno_ws/install/robo_interfaces/share/robo_interfaces/hook/pythonpath.ps1'
[2.577s] INFO:colcon.colcon_core.shell:Creating environment descriptor '/home/entity014/roboInno_ws/install/robo_interfaces/share/robo_interfaces/hook/pythonpath.dsv'
[2.577s] INFO:colcon.colcon_core.shell:Creating environment hook '/home/entity014/roboInno_ws/install/robo_interfaces/share/robo_interfaces/hook/pythonpath.sh'
[2.578s] Level 1:colcon.colcon_core.environment:checking '/home/entity014/roboInno_ws/install/robo_interfaces/bin'
[2.585s] INFO:colcon.colcon_core.shell:Creating package script '/home/entity014/roboInno_ws/install/robo_interfaces/share/robo_interfaces/package.ps1'
[2.586s] INFO:colcon.colcon_core.shell:Creating package descriptor '/home/entity014/roboInno_ws/install/robo_interfaces/share/robo_interfaces/package.dsv'
[2.587s] INFO:colcon.colcon_core.shell:Creating package script '/home/entity014/roboInno_ws/install/robo_interfaces/share/robo_interfaces/package.sh'
[2.588s] INFO:colcon.colcon_core.shell:Creating package script '/home/entity014/roboInno_ws/install/robo_interfaces/share/robo_interfaces/package.bash'
[2.589s] INFO:colcon.colcon_core.shell:Creating package script '/home/entity014/roboInno_ws/install/robo_interfaces/share/robo_interfaces/package.zsh'
[2.590s] Level 1:colcon.colcon_core.environment:create_file_with_runtime_dependencies(/home/entity014/roboInno_ws/install/robo_interfaces/share/colcon-core/packages/robo_interfaces)
[2.785s] Level 1:colcon.colcon_core.environment:create_environment_scripts_only(robo_interfaces)
[2.791s] Level 1:colcon.colcon_core.environment:checking '/home/entity014/roboInno_ws/install/robo_interfaces' for CMake module files
[2.792s] Level 1:colcon.colcon_core.environment:checking '/home/entity014/roboInno_ws/install/robo_interfaces' for CMake config files
[2.793s] Level 1:colcon.colcon_core.shell:create_environment_hook('robo_interfaces', 'cmake_prefix_path')
[2.796s] INFO:colcon.colcon_core.shell:Creating environment hook '/home/entity014/roboInno_ws/install/robo_interfaces/share/robo_interfaces/hook/cmake_prefix_path.ps1'
[2.797s] INFO:colcon.colcon_core.shell:Creating environment descriptor '/home/entity014/roboInno_ws/install/robo_interfaces/share/robo_interfaces/hook/cmake_prefix_path.dsv'
[2.797s] INFO:colcon.colcon_core.shell:Creating environment hook '/home/entity014/roboInno_ws/install/robo_interfaces/share/robo_interfaces/hook/cmake_prefix_path.sh'
[2.798s] Level 1:colcon.colcon_core.environment:checking '/home/entity014/roboInno_ws/install/robo_interfaces/lib'
[2.799s] Level 1:colcon.colcon_core.shell:create_environment_hook('robo_interfaces', 'ld_library_path_lib')
[2.801s] INFO:colcon.colcon_core.shell:Creating environment hook '/home/entity014/roboInno_ws/install/robo_interfaces/share/robo_interfaces/hook/ld_library_path_lib.ps1'
[2.802s] INFO:colcon.colcon_core.shell:Creating environment descriptor '/home/entity014/roboInno_ws/install/robo_interfaces/share/robo_interfaces/hook/ld_library_path_lib.dsv'
[2.802s] INFO:colcon.colcon_core.shell:Creating environment hook '/home/entity014/roboInno_ws/install/robo_interfaces/share/robo_interfaces/hook/ld_library_path_lib.sh'
[2.803s] Level 1:colcon.colcon_core.environment:checking '/home/entity014/roboInno_ws/install/robo_interfaces/bin'
[2.804s] Level 1:colcon.colcon_core.environment:checking '/home/entity014/roboInno_ws/install/robo_interfaces/lib/pkgconfig/robo_interfaces.pc'
[2.804s] Level 1:colcon.colcon_core.environment:checking '/home/entity014/roboInno_ws/install/robo_interfaces/lib/python3.8/site-packages'
[2.804s] Level 1:colcon.colcon_core.shell:create_environment_hook('robo_interfaces', 'pythonpath')
[2.808s] INFO:colcon.colcon_core.shell:Creating environment hook '/home/entity014/roboInno_ws/install/robo_interfaces/share/robo_interfaces/hook/pythonpath.ps1'
[2.809s] INFO:colcon.colcon_core.shell:Creating environment descriptor '/home/entity014/roboInno_ws/install/robo_interfaces/share/robo_interfaces/hook/pythonpath.dsv'
[2.809s] INFO:colcon.colcon_core.shell:Creating environment hook '/home/entity014/roboInno_ws/install/robo_interfaces/share/robo_interfaces/hook/pythonpath.sh'
[2.810s] Level 1:colcon.colcon_core.environment:checking '/home/entity014/roboInno_ws/install/robo_interfaces/bin'
[2.815s] INFO:colcon.colcon_core.shell:Creating package script '/home/entity014/roboInno_ws/install/robo_interfaces/share/robo_interfaces/package.ps1'
[2.816s] INFO:colcon.colcon_core.shell:Creating package descriptor '/home/entity014/roboInno_ws/install/robo_interfaces/share/robo_interfaces/package.dsv'
[2.817s] INFO:colcon.colcon_core.shell:Creating package script '/home/entity014/roboInno_ws/install/robo_interfaces/share/robo_interfaces/package.sh'
[2.819s] INFO:colcon.colcon_core.shell:Creating package script '/home/entity014/roboInno_ws/install/robo_interfaces/share/robo_interfaces/package.bash'
[2.820s] INFO:colcon.colcon_core.shell:Creating package script '/home/entity014/roboInno_ws/install/robo_interfaces/share/robo_interfaces/package.zsh'
[2.820s] Level 1:colcon.colcon_core.environment:create_file_with_runtime_dependencies(/home/entity014/roboInno_ws/install/robo_interfaces/share/colcon-core/packages/robo_interfaces)
[2.822s] INFO:colcon.colcon_ros.task.ament_python.build:Building ROS package in '/home/entity014/roboInno_ws/src/robo_core' with build type 'ament_python'
[2.822s] Level 1:colcon.colcon_core.shell:create_environment_hook('robo_core', 'ament_prefix_path')
[2.826s] INFO:colcon.colcon_core.shell:Creating environment hook '/home/entity014/roboInno_ws/install/robo_core/share/robo_core/hook/ament_prefix_path.ps1'
[2.827s] INFO:colcon.colcon_core.shell:Creating environment descriptor '/home/entity014/roboInno_ws/install/robo_core/share/robo_core/hook/ament_prefix_path.dsv'
[2.829s] INFO:colcon.colcon_core.shell:Creating environment hook '/home/entity014/roboInno_ws/install/robo_core/share/robo_core/hook/ament_prefix_path.sh'
[2.834s] INFO:colcon.colcon_core.shell:Skip shell extension 'powershell' for command environment: Not usable outside of PowerShell
[2.834s] DEBUG:colcon.colcon_core.shell:Skip shell extension 'dsv' for command environment
[3.521s] INFO:colcon.colcon_core.task.python.build:Building Python package in '/home/entity014/roboInno_ws/src/robo_core'
[3.527s] INFO:colcon.colcon_core.shell:Skip shell extension 'powershell' for command environment: Not usable outside of PowerShell
[3.527s] DEBUG:colcon.colcon_core.shell:Skip shell extension 'dsv' for command environment
[4.686s] DEBUG:colcon.colcon_core.event_handler.log_command:Invoking command in '/home/entity014/roboInno_ws/src/robo_core': PYTHONPATH=/home/entity014/roboInno_ws/build/robo_core/prefix_override:/home/entity014/roboInno_ws/install/robo_core/lib/python3.8/site-packages:/home/entity014/roboInno_ws/install/robo_interfaces/lib/python3.8/site-packages:/home/entity014/roboInno_ws/install/robo_core/lib/python3.8/site-packages:/home/entity014/ros2_ws/build/swap_pillar:/home/entity014/ros2_ws/install/swap_pillar/lib/python3.8/site-packages:/home/entity014/ros2_ws/install/micro_ros_msgs/lib/python3.8/site-packages:/home/entity014/ros2_ws/install/drive_base_msgs/lib/python3.8/site-packages:/opt/ros/foxy/lib/python3.8/site-packages /usr/bin/python3 setup.py egg_info --egg-base ../../build/robo_core build --build-base /home/entity014/roboInno_ws/build/robo_core/build install --record /home/entity014/roboInno_ws/build/robo_core/install.log --install-scripts $base/lib/robo_core --single-version-externally-managed
[5.554s] Level 1:colcon.colcon_core.environment:checking '/home/entity014/roboInno_ws/install/robo_core' for CMake module files
[5.556s] DEBUG:colcon.colcon_core.event_handler.log_command:Invoked command in '/home/entity014/roboInno_ws/src/robo_core' returned '0': PYTHONPATH=/home/entity014/roboInno_ws/build/robo_core/prefix_override:/home/entity014/roboInno_ws/install/robo_core/lib/python3.8/site-packages:/home/entity014/roboInno_ws/install/robo_interfaces/lib/python3.8/site-packages:/home/entity014/roboInno_ws/install/robo_core/lib/python3.8/site-packages:/home/entity014/ros2_ws/build/swap_pillar:/home/entity014/ros2_ws/install/swap_pillar/lib/python3.8/site-packages:/home/entity014/ros2_ws/install/micro_ros_msgs/lib/python3.8/site-packages:/home/entity014/ros2_ws/install/drive_base_msgs/lib/python3.8/site-packages:/opt/ros/foxy/lib/python3.8/site-packages /usr/bin/python3 setup.py egg_info --egg-base ../../build/robo_core build --build-base /home/entity014/roboInno_ws/build/robo_core/build install --record /home/entity014/roboInno_ws/build/robo_core/install.log --install-scripts $base/lib/robo_core --single-version-externally-managed
[5.557s] Level 1:colcon.colcon_core.environment:checking '/home/entity014/roboInno_ws/install/robo_core' for CMake config files
[5.560s] Level 1:colcon.colcon_core.environment:checking '/home/entity014/roboInno_ws/install/robo_core/lib'
[5.560s] Level 1:colcon.colcon_core.environment:checking '/home/entity014/roboInno_ws/install/robo_core/bin'
[5.561s] Level 1:colcon.colcon_core.environment:checking '/home/entity014/roboInno_ws/install/robo_core/lib/pkgconfig/robo_core.pc'
[5.561s] Level 1:colcon.colcon_core.environment:checking '/home/entity014/roboInno_ws/install/robo_core/lib/python3.8/site-packages'
[5.561s] Level 1:colcon.colcon_core.shell:create_environment_hook('robo_core', 'pythonpath')
[5.566s] INFO:colcon.colcon_core.shell:Creating environment hook '/home/entity014/roboInno_ws/install/robo_core/share/robo_core/hook/pythonpath.ps1'
[5.568s] INFO:colcon.colcon_core.shell:Creating environment descriptor '/home/entity014/roboInno_ws/install/robo_core/share/robo_core/hook/pythonpath.dsv'
[5.570s] INFO:colcon.colcon_core.shell:Creating environment hook '/home/entity014/roboInno_ws/install/robo_core/share/robo_core/hook/pythonpath.sh'
[5.572s] Level 1:colcon.colcon_core.environment:checking '/home/entity014/roboInno_ws/install/robo_core/bin'
[5.573s] Level 1:colcon.colcon_core.environment:create_environment_scripts_only(robo_core)
[5.579s] INFO:colcon.colcon_core.shell:Creating package script '/home/entity014/roboInno_ws/install/robo_core/share/robo_core/package.ps1'
[5.581s] INFO:colcon.colcon_core.shell:Creating package descriptor '/home/entity014/roboInno_ws/install/robo_core/share/robo_core/package.dsv'
[5.583s] INFO:colcon.colcon_core.shell:Creating package script '/home/entity014/roboInno_ws/install/robo_core/share/robo_core/package.sh'
[5.584s] INFO:colcon.colcon_core.shell:Creating package script '/home/entity014/roboInno_ws/install/robo_core/share/robo_core/package.bash'
[5.586s] INFO:colcon.colcon_core.shell:Creating package script '/home/entity014/roboInno_ws/install/robo_core/share/robo_core/package.zsh'
[5.587s] Level 1:colcon.colcon_core.environment:create_file_with_runtime_dependencies(/home/entity014/roboInno_ws/install/robo_core/share/colcon-core/packages/robo_core)
[5.587s] DEBUG:colcon.colcon_parallel_executor.executor.parallel:closing loop
[5.588s] DEBUG:colcon.colcon_parallel_executor.executor.parallel:loop closed
[5.588s] DEBUG:colcon.colcon_parallel_executor.executor.parallel:run_until_complete finished with '0'
[5.589s] DEBUG:colcon.colcon_core.event_reactor:joining thread
[5.603s] INFO:colcon.colcon_core.plugin_system:Skipping extension 'colcon_notification.desktop_notification.terminal_notifier': Not used on non-Darwin systems
[5.604s] INFO:colcon.colcon_core.plugin_system:Skipping extension 'colcon_notification.desktop_notification.win32': Not used on non-Windows systems
[5.604s] INFO:colcon.colcon_notification.desktop_notification:Sending desktop notification using 'notify2'
[5.646s] DEBUG:colcon.colcon_core.event_reactor:joined thread
[5.650s] INFO:colcon.colcon_core.shell:Creating prefix script '/home/entity014/roboInno_ws/install/local_setup.ps1'
[5.653s] INFO:colcon.colcon_core.shell:Creating prefix util module '/home/entity014/roboInno_ws/install/_local_setup_util_ps1.py'
[5.658s] INFO:colcon.colcon_core.shell:Creating prefix chain script '/home/entity014/roboInno_ws/install/setup.ps1'
[5.665s] INFO:colcon.colcon_core.shell:Creating prefix script '/home/entity014/roboInno_ws/install/local_setup.sh'
[5.667s] INFO:colcon.colcon_core.shell:Creating prefix util module '/home/entity014/roboInno_ws/install/_local_setup_util_sh.py'
[5.668s] INFO:colcon.colcon_core.shell:Creating prefix chain script '/home/entity014/roboInno_ws/install/setup.sh'
[5.674s] INFO:colcon.colcon_core.shell:Creating prefix script '/home/entity014/roboInno_ws/install/local_setup.bash'
[5.676s] INFO:colcon.colcon_core.shell:Creating prefix chain script '/home/entity014/roboInno_ws/install/setup.bash'
[5.682s] INFO:colcon.colcon_core.shell:Creating prefix script '/home/entity014/roboInno_ws/install/local_setup.zsh'
[5.683s] INFO:colcon.colcon_core.shell:Creating prefix chain script '/home/entity014/roboInno_ws/install/setup.zsh'
