[2.326s] Invoking command in '/home/entity014/roboInno_ws/src/robo_core': PYTHONPATH=/home/entity014/roboInno_ws/build/robo_core/prefix_override:/home/entity014/roboInno_ws/install/robo_core/lib/python3.8/site-packages:/home/entity014/roboInno_ws/install/robo_interfaces/lib/python3.8/site-packages:/home/entity014/roboInno_ws/install/robo_core/lib/python3.8/site-packages:/home/entity014/ros2_ws/build/swap_pillar:/home/entity014/ros2_ws/install/swap_pillar/lib/python3.8/site-packages:/home/entity014/ros2_ws/install/micro_ros_msgs/lib/python3.8/site-packages:/home/entity014/ros2_ws/install/drive_base_msgs/lib/python3.8/site-packages:/opt/ros/foxy/lib/python3.8/site-packages /usr/bin/python3 setup.py egg_info --egg-base ../../build/robo_core build --build-base /home/entity014/roboInno_ws/build/robo_core/build install --record /home/entity014/roboInno_ws/build/robo_core/install.log --install-scripts $base/lib/robo_core --single-version-externally-managed
[3.139s] running egg_info
[3.141s] writing ../../build/robo_core/robo_core.egg-info/PKG-INFO
[3.141s] writing dependency_links to ../../build/robo_core/robo_core.egg-info/dependency_links.txt
[3.141s] writing entry points to ../../build/robo_core/robo_core.egg-info/entry_points.txt
[3.142s] writing requirements to ../../build/robo_core/robo_core.egg-info/requires.txt
[3.142s] writing top-level names to ../../build/robo_core/robo_core.egg-info/top_level.txt
[3.252s] reading manifest file '../../build/robo_core/robo_core.egg-info/SOURCES.txt'
[3.255s] writing manifest file '../../build/robo_core/robo_core.egg-info/SOURCES.txt'
[3.255s] running build
[3.256s] running build_py
[3.256s] copying robo_core/command.py -> /home/entity014/roboInno_ws/build/robo_core/build/lib/robo_core
[3.257s] running install
[3.259s] running install_lib
[3.262s] copying /home/entity014/roboInno_ws/build/robo_core/build/lib/robo_core/command.py -> /home/entity014/roboInno_ws/install/robo_core/lib/python3.8/site-packages/robo_core
[3.264s] byte-compiling /home/entity014/roboInno_ws/install/robo_core/lib/python3.8/site-packages/robo_core/command.py to command.cpython-38.pyc
[3.270s] running install_data
[3.274s] running install_egg_info
[3.279s] removing '/home/entity014/roboInno_ws/install/robo_core/lib/python3.8/site-packages/robo_core-0.0.0-py3.8.egg-info' (and everything under it)
[3.280s] Copying ../../build/robo_core/robo_core.egg-info to /home/entity014/roboInno_ws/install/robo_core/lib/python3.8/site-packages/robo_core-0.0.0-py3.8.egg-info
[3.282s] running install_scripts
[3.336s] Installing command_node script to /home/entity014/roboInno_ws/install/robo_core/lib/robo_core
[3.336s] Installing controller_node script to /home/entity014/roboInno_ws/install/robo_core/lib/robo_core
[3.337s] Installing drive_node script to /home/entity014/roboInno_ws/install/robo_core/lib/robo_core
[3.337s] Installing pub_odom_node script to /home/entity014/roboInno_ws/install/robo_core/lib/robo_core
[3.337s] writing list of installed files to '/home/entity014/roboInno_ws/build/robo_core/install.log'
[3.412s] Invoked command in '/home/entity014/roboInno_ws/src/robo_core' returned '0': PYTHONPATH=/home/entity014/roboInno_ws/build/robo_core/prefix_override:/home/entity014/roboInno_ws/install/robo_core/lib/python3.8/site-packages:/home/entity014/roboInno_ws/install/robo_interfaces/lib/python3.8/site-packages:/home/entity014/roboInno_ws/install/robo_core/lib/python3.8/site-packages:/home/entity014/ros2_ws/build/swap_pillar:/home/entity014/ros2_ws/install/swap_pillar/lib/python3.8/site-packages:/home/entity014/ros2_ws/install/micro_ros_msgs/lib/python3.8/site-packages:/home/entity014/ros2_ws/install/drive_base_msgs/lib/python3.8/site-packages:/opt/ros/foxy/lib/python3.8/site-packages /usr/bin/python3 setup.py egg_info --egg-base ../../build/robo_core build --build-base /home/entity014/roboInno_ws/build/robo_core/build install --record /home/entity014/roboInno_ws/build/robo_core/install.log --install-scripts $base/lib/robo_core --single-version-externally-managed
